01/28/2020 01:20:43 PM
LogName=Security
SourceName=Microsoft Windows security auditing.
EventCode=4672
EventType=0
Type=Information
ComputerName=COREDEV-002
TaskCategory=Special Logon
OpCode=Info
RecordNumber=150799541
Keywords=Audit Success
Message=Special privileges assigned to new logon.
Subject:
	Security ID:		Domain_D\user_k
	Account Name:		user_k
	Account Domain:		Domain_D
	Logon ID:		0xBAC3
Privileges:	SeSecurityPrivilege
			SeTakeOwnershipPrivilege
			SeLoadDriverPrivilege
			SeBackupPrivilege
			SeRestorePrivilege
			SeDebugPrivilege
			SeSystemEnvironmentPrivilege
			SeImpersonatePrivilege

01/28/2020 01:20:43 PM
LogName=Security
SourceName=Microsoft Windows security auditing.
EventCode=4739
EventType=0
Type=Information
ComputerName=HOST-004
TaskCategory=Authentication Policy Change
OpCode=Info
RecordNumber=125660675
Keywords=Audit Success
Message=Domain Policy was changed.

Change Type:		Password Policy modified

Subject:
	Security ID:  Domain_B\user_e
	Account Name:  user_e
	Account Domain:  Domain_B
	Logon ID:  0x0452

Domain:
	Domain Name:		Domain_B
	Domain ID:		Domain_B\

Changed Attributes:
	Min. Password Age:	-
	Max. Password Age:	-
	Force Logoff:		-
	Lockout Threshold:	-
	Lockout Observation Window:	-
	Lockout Duration:	-
	Password Properties:	-
	Min. Password Length:	6
	Password History Length:	23
	Machine Account Quota:	-
	Mixed Domain Mode:	-
	Domain Behavior Version:	-
	OEM Information:	-

Additional Information:
	Privileges:		-

01/28/2020 01:20:43 PM 
LogName=Security 
SourceName=Microsoft Windows security auditing.
EventCode=4740 
EventType=0 
Type=Information
ComputerName=PROD-POS-003 
TaskCategory=User Account Management
OpCode=Info 
RecordNumber=874858869
Keywords=Audit Success
Message=A user account was locked out. 
Subject: 
	Security ID: Domain_C\user_n 
	Account Name: user_n
	Account Domain: Domain_C
	Logon ID: 0x4D76
Account That Was Locked Out: 
	Security ID: Domain_C\user_m 
	Account Name: user_m
Additional Information: 
	Caller Computer Name: PROD-POS-003

01/28/2020 01:20:42 PM
LogName=Security
SourceName=Microsoft-Windows-Eventlog
EventCode=1102
EventType=4
Type=Information
ComputerName=PROD-MFS-004
TaskCategory=Log clear
OpCode=Info
RecordNumber=584778138
Keywords=Audit Success
Message=The audit log was cleared.
Subject:
	Security ID:		Domain_E\user_n
	Account Name:		user_n
	Account Domain:		Domain_E
	Logon ID:		0x4D76

01/28/2020 01:20:42 PM
LogName=Security
SourceName=Microsoft Windows security auditing.
EventCode=4648
EventType=Information
Type=Information
ComputerName=PROD-POS-005
TaskCategory=Authentication Policy Change
OpCode=Info
RecordNumber=677006715
Keywords=Audit Success
Message=A logon was attempted using explicit credentials.

Subject:
	Security ID:		WINDOWS\ADSERVER
	Account Name:		ABCDE
	Account Domain:		TASERVER$
	Logon ID:		0xAAD	Logon GUID:		A19C

Account Whose Credentials Were Used:
	Account Name:		ABCDE
	Account Domain:		TASERVER$
	Logon GUID:		A19C

Target Server:
	Target Server Name:	TASERVER$
	Additional Information:	TASERVER$

Process Information:
	Process ID:		0xAAD	Process Name:		aa\bb\cc\dd\92DA272.exe

Network Information:
	Network Address:	213.111.22.73
	Port:			637

This event is generated when a process attempts to log on an account by explicitly specifying that accounts credentials.  This most commonly occurs in batch-type configurations such as scheduled tasks, or when using the RUNAS command.


01/28/2020 01:20:42 PM
LogName=Security
SourceName=Microsoft Windows security auditing.
EventCode=4720
EventType=0
Type=Information
ComputerName=PROD-POS-002
TaskCategory=User Account Management
OpCode=Info
RecordNumber=759460873
Keywords=Audit Success
Message=A User account was created. 
Subject: 
	Security ID: Domain_D\user_c
	Account Name: user_c
	Account Domain: Domain_D
	Logon ID: 0x5FC9
New Account: 
	Security ID: Domain_D\user_f
	Account Name: user_f
	Account Domain: Domain_D
Attributes: 
	SAM Account Name: user_j
	Display Name: ddd
	User Principal Name: eee@AAA.local
	Home Directory: <value not set>
	Home Drive: <value not set>
	Script Path: \a\g
	Profile Path: <value not set>
	User Workstations: BBB
	Password Last Set: 2020-01-28 13:20:42 PM
	Account Expires: <never>
	Primary Group ID: 643
	Allowed To Delegate To: -
	Old UAC Value: 6C22D63
	New UAC Value: 3FE537D
	User Account Control: WORKSTATION_TRUST_ACCOUNT - Enabled
	User Parameters: <value changed, but not displayed>
	SID History: Domain_b/bbb
	Logon Hours: Tuesday 8:00 PM -Wednesday 10:00 AM
Additional Information:
	Privileges SeTcbPrivilege

01/28/2020 01:20:42 PM
LogName=Security
SourceName=Microsoft Windows security auditing.
EventCode=4673
EventType=0
Type=Information
ComputerName=ACME-001
TaskCategory=Sensitive Privilege Use
OpCode=Info
RecordNumber=574522132
Keywords=Audit Success
Message=A privileged service was called.

Subject:
	Security ID:		Domain_E\user_c
	Account Name:		user_c
	Account Domain:		Domain_E
	Logon ID:		0x5FC9

Service:
	Server:	NT Local Security Authority / Authentication Service
	Service Name:	LsaRegisterLogonProcess()

Process:
	Process ID:	0xA357
	Process Name:	C:\Windows\System32\example_b.exe

Service Request Information:
	Privileges:		SeRestorePrivilege

01/28/2020 01:20:42 PM
LogName=Security
SourceName= Microsoft Windows security auditing.
EventCode=4624
EventType=0
Type=Information
ComputerName=ACME-005
TaskCategory=Logon
OpCode=Info
RecordNumber=833469251
Keywords=Audit Success
Message=An account was successfully logged on.

Subject:
 Security ID:  Domain_D\SYSTEM
 Account Name:  ACME-005
 Account Domain:  Domain_D
 Logon ID:  0x70E4

Logon Information:
 Logon Type:  7
 Restricted Admin Mode: Yes
 Virtual Account:  No
 Elevated Token:  No

Impersonation Level:  Identification

New Logon:
 Security ID:  Domain_D\user_d
 Account Name:  user_d
 Account Domain:  Domain_D
 Logon ID:  0x3EC3
 Linked Logon ID:  94A3
 Network Account Name: user_f
 Network Account Domain: Domain_A
 Logon GUID:  {0887F1E4-39EA-D53C-804F-31D568A06274}

Process Information:
 Process ID:  0xC4ED
 Process Name:  C:\Windows\System32\example_b.exe

Network Information:
 Workstation Name: ACME-005
 Source Network Address: -
 Source Port:  43297

Detailed Authentication Information:
 Logon Process:  Winlogon 
 Authentication Package: Negotiate
 Transited Services: service_D
 Package Name (NTLM only): -
 Key Length:  0

This event is generated when a logon session is created. It is generated on the computer that was accessed.

The subject fields indicate the account on the local system which requested the logon. This is most commonly a service such as the Server service, or a local process such as 3CC1E.exe or 3CC1E.exe.

The logon type field indicates the kind of logon that occurred. The most common types are 2 (interactive) and 3 (network).

The New Logon fields indicate the account for whom the new logon was created, i.e. the account that was logged on.

The network fields indicate where a remote logon request originated. Workstation name is not always available and may be left blank in some cases.

The impersonation level field indicates the extent to which a process in the logon session can impersonate.

The authentication information fields provide detailed information about this specific logon request.
 - Logon GUID is a unique identifier that can be used to correlate this event with a KDC event.
 - Transited services indicate which intermediate services have participated in this logon request.
 - Package name indicates which sub-protocol was used among the NTLM protocols.
 - Key length indicates the length of the generated session key. This will be 0 if no session key was requested.


01/28/2020 01:20:42 PM
LogName=Security
SourceName=Microsoft Windows security auditing.
EventCode=4776
EventType=0
Type=Information
ComputerName=ops-sys-005
TaskCategory=Credential Validation
OpCode=Info
RecordNumber=871942122
Keywords=Audit Success
Message=The computer attempted to validate the credentials for an account.
Authentication Package: MICROSOFT_AUTHENTICATION_PACKAGE_V1_0
Logon Account: user_h
Source Workstation: ops-sys-005
Error Code: 0x0

01/28/2020 01:20:41 PM
LogName=Security
SourceName=Microsoft-Windows-Eventlog
EventCode=1102
EventType=4
Type=Information
ComputerName=BUSDEV-001
TaskCategory=Log clear
OpCode=Info
RecordNumber=293012593
Keywords=Audit Success
Message=The audit log was cleared.
Subject:
	Security ID:		Domain_C\user_m
	Account Name:		user_m
	Account Domain:		Domain_C
	Logon ID:		0x46BA

01/28/2020 01:20:41 PM
LogName=Security
SourceName=Microsoft Windows security auditing.
EventCode=4776
EventType=0
Type=Information
ComputerName=ops-sys-001
TaskCategory=Credential Validation
OpCode=Info
RecordNumber=688227058
Keywords=Failure Audit
Message=The computer attempted to validate the credentials for an account.
Authentication Package: MICROSOFT_AUTHENTICATION_PACKAGE_V1_0
Logon Account: user_i
Source Workstation: ops-sys-001
Error Code: 0xC0000064

01/28/2020 01:20:41 PM
LogName=Security
SourceName=Microsoft Windows security auditing.
EventCode=4726
EventType=0
Type=Information
ComputerName=HOST-001
TaskCategory=User Account Management
OpCode=Info
RecordNumber=895758885
Keywords=Audit Success
Message=A user account was deleted.

Subject:
	Security ID:		Domain_C\user_g
	Account Name:		user_g
	Account Domain:		Domain_C
	Logon ID:		0xEB5F

Target Account:
	Security ID:		Domain_C\user_f
	Account Name:		user_f
	Account Domain:		Domain_C

Additional Information:
	Privileges	SeRestorePrivilege

01/28/2020 01:20:41 PM
LogName=Security
SourceName=Microsoft Windows security auditing.
EventCode=4688
EventType=0
Type=Information
ComputerName=$SPLUNK_HOME/etc/apps/Splunk_TA_windows/samples/hostname.sample
TaskCategory=Process Creation
OpCode=Info
RecordNumber=372583954
Keywords=Audit Success
Message=A new process has been created.
Subject:
	Security ID:		Domain_A\user_d
	Account Name:		user_d
	Account Domain:		Domain_A
	Logon ID:		0x3EC3
Process Information:
	New Process ID:		0xBDB8
	New Process Name:	C:\Windows\System32\example_a.exe
	Token Elevation Type:	TokenElevationTypeDefault (1)
	Creator Process ID:	0x9654
Token Elevation Type indicates the type of token that was assigned to the new process in accordance with User Account Control policy.
Type 1 is a full token with no privileges removed or groups disabled.  A full token is only used if User Account Control is disabled or if the User is the built-in Administrator account or a service account.
Type 2 is an elevated token with no privileges removed or groups disabled.  An elevated token is used when User Account Control is enabled and the User chooses to start the program using Run as administrator.  An elevated token is also used when an application is configured to always require administrative privilege or to always require maximum privilege, and the User is a member of the Administrators group.
Type 3 is a limited token with administrative privileges removed and administrative groups disabled.  The limited token is used when User Account Control is enabled, the application does not require administrative privilege, and the User does not choose to start the program using Run as administrator.

01/28/2020 01:20:41 PM
LogName=Security
SourceName=Microsoft-Windows-Eventlog
EventCode=1102
EventType=4
Type=Information
ComputerName=HOST-001
TaskCategory=Log clear
OpCode=Info
RecordNumber=297245762
Keywords=Audit Success
Message=The audit log was cleared.
Subject:
	Security ID:		Domain_E\user_f
	Account Name:		user_f
	Account Domain:		Domain_E
	Logon ID:		0xA369

01/28/2020 01:20:41 PM
LogName=Security
SourceName=Microsoft Windows security auditing.
EventCode=4624
EventType=Information
Type=Information
ComputerName=COREDEV-003
TaskCategory=Authentication Policy Change
OpCode=Info
RecordNumber=125780965
Keywords=Audit Success
Message=An account was successfully logged on.

Subject:
	Security ID:		WINDOWS\krbtgt
	Account Name:		GUEST
	Account Domain:		abc
	Logon ID:		0x4BD
Logon Information:
	Logon Type:		18
	Restricted Admin Mode:	-
	Virtual Account:		Yes
	Elevated Token:		Yes

Impersonation Level:		Impersonation

New Logon:
	Security ID:		WINDOWS\krbtgt
	Account Name:		GUEST
	Account Domain:		abc
	Logon ID:		0x4BD	Linked Logon ID:		0xF
	Network Account Name:	-
	Network Account Domain:	-
	Logon GUID:		{892CC5E9-A1DB-A1DB-A1DB-F3412B6E3170}

Process Information:
	Process ID:		0x4BD	Process Name:		abc\file\path\4524EAD.exe

Network Information:
	Workstation Name:	-
	Source Network Address:	-
	Source Port:		57416

Detailed Authentication Information:
	Logon Process:		892CC5E9  
	Authentication Package:	Negotiate
	Transited Services:	-
	Package Name (NTLM only):	-
	Key Length:		18

This event is generated when a logon session is created. It is generated on the computer that was accessed.

The subject fields indicate the account on the local system which requested the logon. This is most commonly a service such as the Server service, or a local process such as 4524EAD.exe or 4524EAD.exe.

The logon type field indicates the kind of logon that occurred. The most common types are 2 (interactive) and 3 (network).

The New Logon fields indicate the account for whom the new logon was created, i.e. the account that was logged on.

The network fields indicate where a remote logon request originated. Workstation name is not always available and may be left blank in some cases.

The impersonation level field indicates the extent to which a process in the logon session can impersonate.

The authentication information fields provide detailed information about this specific logon request.
	- Logon GUID is a unique identifier that can be used to correlate this event with a KDC event.
	- Transited services indicate which intermediate services have participated in this logon request.
	- Package name indicates which sub-protocol was used among the NTLM protocols.
	- Key length indicates the length of the generated session key. This will be 0 if no session key was requested.


01/28/2020 01:20:40 PM
LogName=Security
SourceName=Microsoft Windows security auditing.
EventCode=4688
EventType=0
Type=Information
ComputerName=$SPLUNK_HOME/etc/apps/Splunk_TA_windows/samples/hostname.sample
TaskCategory=Process Creation
OpCode=Info
RecordNumber=467611532
Keywords=Audit Success
Message=A new process has been created.
Subject:
	Security ID:		Domain_E\user_m
	Account Name:		user_m
	Account Domain:		Domain_E
	Logon ID:		0x46BA
Process Information:
	New Process ID:		0x8B6D
	New Process Name:	C:\Windows\System32\example_a.exe
	Token Elevation Type:	TokenElevationTypeFull (2)
	Creator Process ID:	0x13A2
Token Elevation Type indicates the type of token that was assigned to the new process in accordance with User Account Control policy.
Type 1 is a full token with no privileges removed or groups disabled.  A full token is only used if User Account Control is disabled or if the User is the built-in Administrator account or a service account.
Type 2 is an elevated token with no privileges removed or groups disabled.  An elevated token is used when User Account Control is enabled and the User chooses to start the program using Run as administrator.  An elevated token is also used when an application is configured to always require administrative privilege or to always require maximum privilege, and the User is a member of the Administrators group.
Type 3 is a limited token with administrative privileges removed and administrative groups disabled.  The limited token is used when User Account Control is enabled, the application does not require administrative privilege, and the User does not choose to start the program using Run as administrator.

01/28/2020 01:20:40 PM
LogName=Security
SourceName=Microsoft Windows security auditing.
EventCode=4724
EventType=0
Type=Information
ComputerName=SE-005
TaskCategory=User Account Management
OpCode=Info
RecordNumber=239265906
Keywords=Audit Success
Message=An attempt was made to reset an account's password.
Subject:
	Security ID:  Domain_B\user_m
	Account Name:  user_m
	Account Domain:  Domain_B
	Logon ID:  0x46BA
Target Account:
	Security ID:  Domain_B\user_j
	Account Name:  user_j
	Account Domain:  Domain_B

01/28/2020 01:20:40 PM
LogName=Security
SourceName=Microsoft Windows security auditing.
EventCode=4743
EventType=0
Type=Information
ComputerName=COREDEV-006
TaskCategory=Computer Account Management
OpCode=Info
RecordNumber=848468664
Keywords=Audit Success
Message=A computer account was deleted.

Subject:
	Security ID:		Domain_D\user_n
	Account Name:		user_n
	Account Domain:		Domain_D
	Logon ID:		0x4D76

Target Computer:
	Security ID:		Domain_D\user_l
	Account Name:		user_l
	Account Domain:		Domain_D

Additional Information:
	Privileges:	SeRestorePrivilege

01/28/2020 01:20:39 PM 
LogName=Security 
SourceName=Microsoft Windows security auditing.
EventCode=4740 
EventType=0 
Type=Information
ComputerName=SE-002 
TaskCategory=User Account Management
OpCode=Info 
RecordNumber=328824333
Keywords=Audit Success
Message=A user account was locked out. 
Subject: 
	Security ID: Domain_E\user_l 
	Account Name: user_l
	Account Domain: Domain_E
	Logon ID: 0xAB37
Account That Was Locked Out: 
	Security ID: Domain_E\user_c 
	Account Name: user_c
Additional Information: 
	Caller Computer Name: SE-002

01/28/2020 01:20:39 PM
LogName=Security
SourceName=Microsoft Windows security auditing.
EventCode=4743
EventType=0
Type=Information
ComputerName=ops-sys-001
TaskCategory=Computer Account Management
OpCode=Info
RecordNumber=134806583
Keywords=Audit Success
Message=A computer account was deleted.

Subject:
	Security ID:		Domain_E\user_i
	Account Name:		user_i
	Account Domain:		Domain_E
	Logon ID:		0x5F25

Target Computer:
	Security ID:		Domain_E\user_c
	Account Name:		user_c
	Account Domain:		Domain_E

Additional Information:
	Privileges:	-

01/28/2020 01:20:39 PM
LogName=Security
SourceName=Microsoft Windows security auditing.
EventCode=4798
EventType=Information
Type=Information
ComputerName=COREDEV-005
TaskCategory=Authentication Policy Change
OpCode=Info
RecordNumber=244562697
Keywords=Audit Success
Message=A User's local group membership was enumerated.

Subject:
	Security ID:		WINDOWS\krbtgt
	Account Name:		GUEST
	Account Domain:		WINDOWS
	Logon ID:		0x486
User:
	Security ID:		WINDOWS\krbtgt
	Account Name:		GUEST
	Account Domain:		WINDOWS

Process Information:
	Process ID:		0x16c4
	Process Name:		win\directory\directory2\54C57D8.exe


01/28/2020 01:20:39 PM
LogName=Security
SourceName= Microsoft Windows security auditing.
EventCode=4624
EventType=0
Type=Information
ComputerName=HOST-005
TaskCategory=Logon
OpCode=Info
RecordNumber=558836208
Keywords=Audit Success
Message=An account was successfully logged on.

Subject:
 Security ID:  Domain_A\SYSTEM
 Account Name:  HOST-005
 Account Domain:  Domain_A
 Logon ID:  0x70E4

Logon Information:
 Logon Type:  7
 Restricted Admin Mode: Yes
 Virtual Account:  No
 Elevated Token:  Yes

Impersonation Level:  Delegation

New Logon:
 Security ID:  Domain_A\user_j
 Account Name:  user_j
 Account Domain:  Domain_A
 Logon ID:  0xB111
 Linked Logon ID:  DB3E
 Network Account Name: -
 Network Account Domain: -
 Logon GUID:  {0887F1E4-39EA-D53C-804F-31D568A06274}

Process Information:
 Process ID:  0xE4C9
 Process Name:  C:\Windows\System32\example_f.exe

Network Information:
 Workstation Name: HOST-005
 Source Network Address: 241.25.246.91
 Source Port:  41178

Detailed Authentication Information:
 Logon Process:  Winlogon 
 Authentication Package: Negotiate
 Transited Services: service_D
 Package Name (NTLM only): -
 Key Length:  0

This event is generated when a logon session is created. It is generated on the computer that was accessed.

The subject fields indicate the account on the local system which requested the logon. This is most commonly a service such as the Server service, or a local process such as 5B7AE.exe or 5B7AE.exe.

The logon type field indicates the kind of logon that occurred. The most common types are 2 (interactive) and 3 (network).

The New Logon fields indicate the account for whom the new logon was created, i.e. the account that was logged on.

The network fields indicate where a remote logon request originated. Workstation name is not always available and may be left blank in some cases.

The impersonation level field indicates the extent to which a process in the logon session can impersonate.

The authentication information fields provide detailed information about this specific logon request.
 - Logon GUID is a unique identifier that can be used to correlate this event with a KDC event.
 - Transited services indicate which intermediate services have participated in this logon request.
 - Package name indicates which sub-protocol was used among the NTLM protocols.
 - Key length indicates the length of the generated session key. This will be 0 if no session key was requested.


01/28/2020 01:20:39 PM 
LogName=Security 
SourceName=Microsoft Windows security auditing.
EventCode=4740 
EventType=0 
Type=Information
ComputerName=SE-003 
TaskCategory=User Account Management
OpCode=Info 
RecordNumber=92672461
Keywords=Audit Success
Message=A user account was locked out. 
Subject: 
	Security ID: Domain_B\user_m 
	Account Name: user_m
	Account Domain: Domain_B
	Logon ID: 0x46BA
Account That Was Locked Out: 
	Security ID: Domain_B\user_n 
	Account Name: user_n
Additional Information: 
	Caller Computer Name: SE-003

01/28/2020 01:20:39 PM
LogName=Security
SourceName=Microsoft Windows security auditing.
EventCode=4717
EventType=0
Type=Information
ComputerName=HOST-006
TaskCategory=Authentication Policy Change
OpCode=Info
RecordNumber=137360499
Keywords=Audit Success
Message=System security access was granted to an account.

Subject:
	Security ID:		Domain_E\SYSTEM
	Account Name:		HOST-006
	Account Domain:		Domain_E
	Logon ID:		0xA369

Account Modified:
	Account Name:		Domain_E\user_f

Access Granted:
	Access Right:		SeRemoteInteractiveLogonRight

01/28/2020 01:20:39 PM 
LogName=Security 
SourceName=Microsoft Windows security auditing.
EventCode=4740 
EventType=0 
Type=Information
ComputerName=PROD-POS-004 
TaskCategory=User Account Management
OpCode=Info 
RecordNumber=917255652
Keywords=Audit Success
Message=A user account was locked out. 
Subject: 
	Security ID: Domain_B\user_b 
	Account Name: user_b
	Account Domain: Domain_B
	Logon ID: 0x3A81
Account That Was Locked Out: 
	Security ID: Domain_B\user_m 
	Account Name: user_m
Additional Information: 
	Caller Computer Name: PROD-POS-004

01/28/2020 01:20:38 PM
LogName=Security
SourceName=Microsoft Windows security auditing.
EventCode=4743
EventType=0
Type=Information
ComputerName=BUSDEV-006
TaskCategory=Computer Account Management
OpCode=Info
RecordNumber=654757227
Keywords=Audit Success
Message=A computer account was deleted.

Subject:
	Security ID:		Domain_A\user_m
	Account Name:		user_m
	Account Domain:		Domain_A
	Logon ID:		0x46BA

Target Computer:
	Security ID:		Domain_A\user_f
	Account Name:		user_f
	Account Domain:		Domain_A

Additional Information:
	Privileges:	-

01/28/2020 01:20:38 PM
LogName=Security
SourceName=Microsoft Windows security auditing.
EventCode=4689
EventType=0
Type=Information
ComputerName=HOST-002
TaskCategory=Process Termination
OpCode=Info
RecordNumber=648400004
Keywords=Audit Success
Message=A process has exited.

Subject:
	Security ID:		Domain_E\user_f
	Account Name:		user_f
	Account Domain:		Domain_E
	Logon ID:		0xA369

Process Information:
	Process ID:	0x75EC
	Process Name:	C:\Windows\System32\example_c.exe
	Exit Status:	0x97D7B4

01/28/2020 01:20:38 PM
LogName=Security
SourceName=Microsoft Windows security auditing.
EventCode=5058
EventType=Information
Type=Information
ComputerName=ops-sys-006
TaskCategory=Authentication Policy Change
OpCode=Info
RecordNumber=947506328
Keywords=Audit Success
Message=Key file operation.

Subject:
	Security ID:		WINDOWS\ADSERVER
	Account Name:		ADMINISTRATOR
	Account Domain:		SERVER2012R2$
	Logon ID:		0x5C7
Cryptographic Parameters:
	Provider Name:	Microsoft Software Key Storage Provider
	Algorithm Name:	UNKNOWN
	Key Name:	B6454AF5-739F-739F-739F-26948D6B15DC
	Key Type: User key.

Key File Operation Information:
	File Path:	win\directory\directory2\F4BA85DA6E0C1E31257C36768FD32B18_B6454AF5-739F-739F-739F-26948D6B15DC
	Operation:	Read persisted key from file.
	Return Code:	0x9


01/28/2020 01:20:38 PM
LogName=Security
SourceName=Microsoft Windows security auditing.
EventCode=4724
EventType=0
Type=Information
ComputerName=PROD-MFS-002
TaskCategory=User Account Management
OpCode=Info
RecordNumber=865736642
Keywords=Audit Success
Message=An attempt was made to reset an account's password.
Subject:
	Security ID:  Domain_E\user_l
	Account Name:  user_l
	Account Domain:  Domain_E
	Logon ID:  0xAB37
Target Account:
	Security ID:  Domain_E\user_e
	Account Name:  user_e
	Account Domain:  Domain_E

01/28/2020 01:20:38 PM
LogName=Security
SourceName=Microsoft Windows security auditing.
EventCode=4739
EventType=0
Type=Information
ComputerName=ops-sys-005
TaskCategory=Authentication Policy Change
OpCode=Info
RecordNumber=191585102
Keywords=Audit Success
Message=Domain Policy was changed.

Change Type:		Password Policy modified

Subject:
	Security ID:  Domain_E\user_l
	Account Name:  user_l
	Account Domain:  Domain_E
	Logon ID:  0xAB37

Domain:
	Domain Name:		Domain_E
	Domain ID:		Domain_E\

Changed Attributes:
	Min. Password Age:	-
	Max. Password Age:	-
	Force Logoff:		-
	Lockout Threshold:	-
	Lockout Observation Window:	-
	Lockout Duration:	-
	Password Properties:	-
	Min. Password Length:	6
	Password History Length:	23
	Machine Account Quota:	-
	Mixed Domain Mode:	-
	Domain Behavior Version:	-
	OEM Information:	-

Additional Information:
	Privileges:		-

01/28/2020 01:20:38 PM
LogName=Security
SourceName=Microsoft Windows security auditing.
EventCode=4738
EventType=0
Type=Information
ComputerName=ACME-004
TaskCategory=User Account Management
OpCode=Info
RecordNumber=998198015
Keywords=Audit Success
Message=A User account was changed.

Subject:
 Security ID:  Domain_A\user_n
 Account Name:  user_n
 Account Domain:  Domain_A
 Logon ID:  0x4D76

Target Account:
 Security ID:  Domain_A\user_i
 Account Name:  user_i
 Account Domain:  Domain_A

Changed Attributes:
 SAM Account Name: user_i
 Display Name:  aaa
 User Principal Name: ddd@BBB.local
 Home Directory:  <value not set>
 Home Drive:  F:
 Script Path:  \a\e
 Profile Path:  \a\e
 User Workstations: EEE
 Password Last Set: 2020-01-28 13:20:38 PM
 Account Expires:  <never>
 Primary Group ID: 180
 AllowedToDelegateTo: server_1/coumputer_a
 Old UAC Value:  66C6645
 New UAC Value:  B389EC7
 User Account Control: SERVER_TRUST_ACCOUNT - Enabled
 User Parameters: <value not set>
 SID History:  -
 Logon Hours:  All

Additional Information:
 Privileges:  -

01/28/2020 01:20:38 PM
LogName=Security
SourceName=Microsoft Windows security auditing.
EventCode=4726
EventType=0
Type=Information
ComputerName=ops-sys-006
TaskCategory=User Account Management
OpCode=Info
RecordNumber=455944225
Keywords=Audit Success
Message=A user account was deleted.

Subject:
	Security ID:		Domain_A\user_h
	Account Name:		user_h
	Account Domain:		Domain_A
	Logon ID:		0xA19C

Target Account:
	Security ID:		Domain_A\user_f
	Account Name:		user_f
	Account Domain:		Domain_A

Additional Information:
	Privileges	SeTcbPrivilege

01/28/2020 01:20:38 PM
LogName=Security
SourceName=Microsoft Windows security auditing.
EventCode=4648
EventType=0
Type=Information
ComputerName=ops-sys-002
TaskCategory=Logon
OpCode=Info
RecordNumber=78564098
Keywords=Audit Success
Message=A logon was attempted using explicit credentials.
Subject:
	Security ID:  Domain_B\SYSTEM
	Account Name:  ops-sys-002
	Account Domain:  Domain_B
	Logon ID:  0x70E4
	Logon GUID:		{0887F1E4-39EA-D53C-804F-31D568A06274}
Account Whose Credentials Were Used:
	Account Name:		youngnay113
	Account Domain:		Domain_B
	Logon GUID:		{00000000-0000-0000-0000-000000000000}
Target Server:
	Target Server Name:	Server_D.com
	Additional Information:	Server_D.com
Process Information:
	Process ID:		0B87
	Process Name:		C:\Windows\System32\example_g.exe
Network Information:
	Network Address:	-
	Port:			2294
This event is generated when a process attempts to log on an account by explicitly specifying that account's credentials. This most commonly occurs in batch-type configurations such as scheduled tasks, or when using the RUNAS command.

01/28/2020 01:20:37 PM
LogName=Security
SourceName=Microsoft Windows security auditing.
EventCode=4776
EventType=0
Type=Information
ComputerName=COREDEV-001
TaskCategory=Credential Validation
OpCode=Info
RecordNumber=197582727
Keywords=Audit Success
Message=The computer attempted to validate the credentials for an account.
Authentication Package: MICROSOFT_AUTHENTICATION_PACKAGE_V1_0
Logon Account: user_b
Source Workstation: COREDEV-001
Error Code: 0x0

01/28/2020 01:20:37 PM
LogName=Security
SourceName=Microsoft Windows security auditing.
EventCode=4739
EventType=0
Type=Information
ComputerName=SE-003
TaskCategory=Authentication Policy Change
OpCode=Info
RecordNumber=454407120
Keywords=Audit Success
Message=Domain Policy was changed.

Change Type:		Password Policy modified

Subject:
	Security ID:  Domain_E\user_m
	Account Name:  user_m
	Account Domain:  Domain_E
	Logon ID:  0x46BA

Domain:
	Domain Name:		Domain_E
	Domain ID:		Domain_E\

Changed Attributes:
	Min. Password Age:	-
	Max. Password Age:	-
	Force Logoff:		-
	Lockout Threshold:	-
	Lockout Observation Window:	-
	Lockout Duration:	-
	Password Properties:	-
	Min. Password Length:	6
	Password History Length:	23
	Machine Account Quota:	-
	Mixed Domain Mode:	-
	Domain Behavior Version:	-
	OEM Information:	-

Additional Information:
	Privileges:		-

01/28/2020 01:20:37 PM
LogName=Security
SourceName=Microsoft Windows security auditing.
EventCode=4739
EventType=0
Type=Information
ComputerName=BUSDEV-007
TaskCategory=Authentication Policy Change
OpCode=Info
RecordNumber=1675677
Keywords=Audit Success
Message=Domain Policy was changed.

Change Type:		Password Policy modified

Subject:
	Security ID:  Domain_E\user_e
	Account Name:  user_e
	Account Domain:  Domain_E
	Logon ID:  0x0452

Domain:
	Domain Name:		Domain_E
	Domain ID:		Domain_E\

Changed Attributes:
	Min. Password Age:	-
	Max. Password Age:	-
	Force Logoff:		-
	Lockout Threshold:	-
	Lockout Observation Window:	-
	Lockout Duration:	-
	Password Properties:	-
	Min. Password Length:	6
	Password History Length:	23
	Machine Account Quota:	-
	Mixed Domain Mode:	-
	Domain Behavior Version:	-
	OEM Information:	-

Additional Information:
	Privileges:		-

01/28/2020 01:20:37 PM
LogName=Security
SourceName=Microsoft Windows security auditing.
EventCode=4776
EventType=0
Type=Information
ComputerName=SE-002
TaskCategory=Credential Validation
OpCode=Info
RecordNumber=905552037
Keywords=Failure Audit
Message=The computer attempted to validate the credentials for an account.
Authentication Package: MICROSOFT_AUTHENTICATION_PACKAGE_V1_0
Logon Account: user_e
Source Workstation: SE-002
Error Code: 0xC000006A

01/28/2020 01:20:37 PM
LogName=Security
SourceName=Microsoft Windows security auditing.
EventCode=4718
EventType=0
Type=Information
ComputerName=HOST-002
TaskCategory=Authentication Policy Change
OpCode=Info
RecordNumber=613895416
Keywords=Audit Success
Message=System security access was removed from an account.

Subject:
	Security ID:		Domain_A\SYSTEM
	Account Name:		HOST-002
	Account Domain:		Domain_A
	Logon ID:		0x5F25

Account Modified:
	Account Name:		Domain_A\user_i

Access Removed:
	Access Right:		SeNetworkLogonRight

01/28/2020 01:20:37 PM
LogName=Security
SourceName=Microsoft Windows security auditing.
EventCode=4672
EventType=0
Type=Information
ComputerName=ops-sys-003
TaskCategory=Special Logon
OpCode=Info
RecordNumber=516026222
Keywords=Audit Success
Message=Special privileges assigned to new logon.
Subject:
	Security ID:		Domain_C\user_a
	Account Name:		user_a
	Account Domain:		Domain_C
	Logon ID:		0x6C10
Privileges:	SeSecurityPrivilege
			SeTakeOwnershipPrivilege
			SeLoadDriverPrivilege
			SeBackupPrivilege
			SeRestorePrivilege
			SeDebugPrivilege
			SeSystemEnvironmentPrivilege
			SeImpersonatePrivilege

01/28/2020 01:20:36 PM 
LogName=Security 
SourceName=Microsoft Windows security auditing.
EventCode=4740 
EventType=0 
Type=Information
ComputerName=COREDEV-004 
TaskCategory=User Account Management
OpCode=Info 
RecordNumber=735291077
Keywords=Audit Success
Message=A user account was locked out. 
Subject: 
	Security ID: Domain_D\user_i 
	Account Name: user_i
	Account Domain: Domain_D
	Logon ID: 0x5F25
Account That Was Locked Out: 
	Security ID: Domain_D\user_e 
	Account Name: user_e
Additional Information: 
	Caller Computer Name: COREDEV-004

01/28/2020 01:20:36 PM
LogName=Security
SourceName=Microsoft Windows security auditing.
EventCode=4720
EventType=0
Type=Information
ComputerName=BUSDEV-001
TaskCategory=User Account Management
OpCode=Info
RecordNumber=485944292
Keywords=Audit Success
Message=A User account was created. 
Subject: 
	Security ID: Domain_E\user_i
	Account Name: user_i
	Account Domain: Domain_E
	Logon ID: 0x5F25
New Account: 
	Security ID: Domain_E\user_c
	Account Name: user_c
	Account Domain: Domain_E
Attributes: 
	SAM Account Name: user_c
	Display Name: <value not set>
	User Principal Name: eee@AAA.local
	Home Directory: \f
	Home Drive: F:
	Script Path: \a\b
	Profile Path: <value not set>
	User Workstations: AAA
	Password Last Set: <never>
	Account Expires: <never>
	Primary Group ID: 433
	Allowed To Delegate To: server_2/computer_b
	Old UAC Value: 8FA7784
	New UAC Value: 06D5C0E
	User Account Control: SCRIPT - Enabled
	User Parameters: <value changed, but not displayed>
	SID History: Domain_a/aaa
	Logon Hours: Monday 2:00 PM -Tuesday 6:00 PM
Additional Information:
	Privileges -

01/28/2020 01:20:36 PM
LogName=Security
SourceName=Microsoft Windows security auditing.
EventCode=4724
EventType=0
Type=Information
ComputerName=ACME-003
TaskCategory=User Account Management
OpCode=Info
RecordNumber=399204216
Keywords=Audit Success
Message=An attempt was made to reset an account's password.
Subject:
	Security ID:  Domain_C\user_n
	Account Name:  user_n
	Account Domain:  Domain_C
	Logon ID:  0x4D76
Target Account:
	Security ID:  Domain_C\user_c
	Account Name:  user_c
	Account Domain:  Domain_C

01/28/2020 01:20:36 PM
LogName=Security
SourceName=Microsoft-Windows-Eventlog
EventCode=1102
EventType=4
Type=Information
ComputerName=PROD-POS-005
TaskCategory=Log clear
OpCode=Info
RecordNumber=39288518
Keywords=Audit Success
Message=The audit log was cleared.
Subject:
	Security ID:		Domain_E\user_a
	Account Name:		user_a
	Account Domain:		Domain_E
	Logon ID:		0x6C10

01/28/2020 01:20:36 PM
LogName=Security
SourceName=Microsoft Windows security auditing.
EventCode=4724
EventType=0
Type=Information
ComputerName=COREDEV-003
TaskCategory=User Account Management
OpCode=Info
RecordNumber=407941317
Keywords=Audit Failure
Message=An attempt was made to reset an account's password.
Subject:
	Security ID:  Domain_E\user_e
	Account Name:  user_e
	Account Domain:  Domain_E
	Logon ID:  0x0452
Target Account:
	Security ID:  Domain_E\user_n
	Account Name:  user_n
	Account Domain:  Domain_E

01/28/2020 01:20:36 PM
LogName=Security
SourceName=Microsoft Windows security auditing.
EventCode=4720
EventType=0
Type=Information
ComputerName=HOST-002
TaskCategory=User Account Management
OpCode=Info
RecordNumber=301637982
Keywords=Audit Success
Message=A User account was created. 
Subject: 
	Security ID: Domain_C\user_j
	Account Name: user_j
	Account Domain: Domain_C
	Logon ID: 0xB111
New Account: 
	Security ID: Domain_C\user_i
	Account Name: user_i
	Account Domain: Domain_C
Attributes: 
	SAM Account Name: user_a
	Display Name: ccc
	User Principal Name: ccc@AAA.local
	Home Directory: \a
	Home Drive: <value not set>
	Script Path: <value not set>
	Profile Path: \a
	User Workstations: <value not set>
	Password Last Set: 2020-01-28 13:20:36 PM
	Account Expires: <never>
	Primary Group ID: 884
	Allowed To Delegate To: server_1/coumputer_a
	Old UAC Value: 1D83B6D
	New UAC Value: C92EC3F
	User Account Control: TRUSTED_FOR_DELEGATION - Disabled
	User Parameters: <value changed, but not displayed>
	SID History: Domain_a/aaa
	Logon Hours: All
Additional Information:
	Privileges -

01/28/2020 01:20:36 PM
LogName=Security
SourceName=Microsoft Windows security auditing.
EventCode=4688
EventType=0
Type=Information
ComputerName=$SPLUNK_HOME/etc/apps/Splunk_TA_windows/samples/hostname.sample
TaskCategory=Process Creation
OpCode=Info
RecordNumber=603472874
Keywords=Audit Success
Message=A new process has been created.
Subject:
	Security ID:		Domain_E\user_l
	Account Name:		user_l
	Account Domain:		Domain_E
	Logon ID:		0xAB37
Process Information:
	New Process ID:		0x8E8B
	New Process Name:	C:\Windows\System32\example_a.exe
	Token Elevation Type:	TokenElevationTypeDefault (1)
	Creator Process ID:	0x5155
Token Elevation Type indicates the type of token that was assigned to the new process in accordance with User Account Control policy.
Type 1 is a full token with no privileges removed or groups disabled.  A full token is only used if User Account Control is disabled or if the User is the built-in Administrator account or a service account.
Type 2 is an elevated token with no privileges removed or groups disabled.  An elevated token is used when User Account Control is enabled and the User chooses to start the program using Run as administrator.  An elevated token is also used when an application is configured to always require administrative privilege or to always require maximum privilege, and the User is a member of the Administrators group.
Type 3 is a limited token with administrative privileges removed and administrative groups disabled.  The limited token is used when User Account Control is enabled, the application does not require administrative privilege, and the User does not choose to start the program using Run as administrator.

01/28/2020 01:20:35 PM 
LogName=Security 
SourceName=Microsoft Windows security auditing.
EventCode=4740 
EventType=0 
Type=Information
ComputerName=ops-sys-001 
TaskCategory=User Account Management
OpCode=Info 
RecordNumber=3018295
Keywords=Audit Success
Message=A user account was locked out. 
Subject: 
	Security ID: Domain_C\user_g 
	Account Name: user_g
	Account Domain: Domain_C
	Logon ID: 0xEB5F
Account That Was Locked Out: 
	Security ID: Domain_C\user_a 
	Account Name: user_a
Additional Information: 
	Caller Computer Name: ops-sys-001

01/28/2020 01:20:35 PM
LogName=Security
SourceName=Microsoft Windows security auditing.
EventCode=4743
EventType=0
Type=Information
ComputerName=PROD-MFS-001
TaskCategory=Computer Account Management
OpCode=Info
RecordNumber=630409701
Keywords=Audit Success
Message=A computer account was deleted.

Subject:
	Security ID:		Domain_D\user_i
	Account Name:		user_i
	Account Domain:		Domain_D
	Logon ID:		0x5F25

Target Computer:
	Security ID:		Domain_D\user_k
	Account Name:		user_k
	Account Domain:		Domain_D

Additional Information:
	Privileges:	-

01/28/2020 01:20:35 PM
LogName=Security
SourceName=Microsoft Windows security auditing.
EventCode=4726
EventType=0
Type=Information
ComputerName=COREDEV-002
TaskCategory=User Account Management
OpCode=Info
RecordNumber=452672437
Keywords=Audit Success
Message=A user account was deleted.

Subject:
	Security ID:		Domain_D\user_n
	Account Name:		user_n
	Account Domain:		Domain_D
	Logon ID:		0x4D76

Target Account:
	Security ID:		Domain_D\user_m
	Account Name:		user_m
	Account Domain:		Domain_D

Additional Information:
	Privileges	-

01/28/2020 01:20:35 PM
LogName=Security
SourceName=Microsoft Windows security auditing.
EventCode=4724
EventType=0
Type=Information
ComputerName=COREDEV-003
TaskCategory=User Account Management
OpCode=Info
RecordNumber=1316445
Keywords=Audit Failure
Message=An attempt was made to reset an account's password.
Subject:
	Security ID:  Domain_E\user_h
	Account Name:  user_h
	Account Domain:  Domain_E
	Logon ID:  0xA19C
Target Account:
	Security ID:  Domain_E\user_n
	Account Name:  user_n
	Account Domain:  Domain_E

01/28/2020 01:20:35 PM
LogName=Security
SourceName=Microsoft Windows security auditing.
EventCode=4688
EventType=0
Type=Information
ComputerName=$SPLUNK_HOME/etc/apps/Splunk_TA_windows/samples/hostname.sample
TaskCategory=Process Creation
OpCode=Info
RecordNumber=192362994
Keywords=Audit Success
Message=A new process has been created.
Subject:
	Security ID:		Domain_B\user_m
	Account Name:		user_m
	Account Domain:		Domain_B
	Logon ID:		0x46BA
Process Information:
	New Process ID:		0x3EAD
	New Process Name:	C:\Windows\System32\example_f.exe
	Token Elevation Type:	TokenElevationTypeDefault (1)
	Creator Process ID:	0x8EFC
Token Elevation Type indicates the type of token that was assigned to the new process in accordance with User Account Control policy.
Type 1 is a full token with no privileges removed or groups disabled.  A full token is only used if User Account Control is disabled or if the User is the built-in Administrator account or a service account.
Type 2 is an elevated token with no privileges removed or groups disabled.  An elevated token is used when User Account Control is enabled and the User chooses to start the program using Run as administrator.  An elevated token is also used when an application is configured to always require administrative privilege or to always require maximum privilege, and the User is a member of the Administrators group.
Type 3 is a limited token with administrative privileges removed and administrative groups disabled.  The limited token is used when User Account Control is enabled, the application does not require administrative privilege, and the User does not choose to start the program using Run as administrator.

01/28/2020 01:20:35 PM
LogName=Security
SourceName=Microsoft Windows security auditing.
EventCode=4689
EventType=0
Type=Information
ComputerName=HOST-005
TaskCategory=Process Termination
OpCode=Info
RecordNumber=887486441
Keywords=Audit Success
Message=A process has exited.

Subject:
	Security ID:		Domain_A\user_c
	Account Name:		user_c
	Account Domain:		Domain_A
	Logon ID:		0x5FC9

Process Information:
	Process ID:	0x9CB1
	Process Name:	C:\Windows\System32\example_g.exe
	Exit Status:	0xA008DA

01/28/2020 01:20:34 PM
LogName=Security
SourceName=Microsoft Windows security auditing.
EventCode=4648
EventType=0
Type=Information
ComputerName=ACME-006
TaskCategory=Logon
OpCode=Info
RecordNumber=899171661
Keywords=Audit Success
Message=A logon was attempted using explicit credentials.
Subject:
	Security ID:  Domain_A\SYSTEM
	Account Name:  ACME-006
	Account Domain:  Domain_A
	Logon ID:  0x70E4
	Logon GUID:		{0887F1E4-39EA-D53C-804F-31D568A06274}
Account Whose Credentials Were Used:
	Account Name:		nildajcbonanno
	Account Domain:		Domain_A
	Logon GUID:		{0887F1E4-39EA-D53C-804F-31D568A06274}
Target Server:
	Target Server Name:	Server_C.com
	Additional Information:	Server_C.com
Process Information:
	Process ID:		A30B
	Process Name:		C:\Windows\System32\example_a.exe
Network Information:
	Network Address:	-
	Port:			11913
This event is generated when a process attempts to log on an account by explicitly specifying that account's credentials. This most commonly occurs in batch-type configurations such as scheduled tasks, or when using the RUNAS command.

01/28/2020 01:20:34 PM
LogName=Security
SourceName=Microsoft Windows security auditing.
EventCode=4673
EventType=0
Type=Information
ComputerName=ops-sys-002
TaskCategory=Sensitive Privilege Use
OpCode=Info
RecordNumber=525747957
Keywords=Audit Success
Message=A privileged service was called.

Subject:
	Security ID:		Domain_A\user_e
	Account Name:		user_e
	Account Domain:		Domain_A
	Logon ID:		0x0452

Service:
	Server:	NT Local Security Authority / Authentication Service
	Service Name:	LsaRegisterLogonProcess()

Process:
	Process ID:	0x87FD
	Process Name:	C:\Windows\System32\example_b.exe

Service Request Information:
	Privileges:		SeDebugPrivilege

01/28/2020 01:20:34 PM
LogName=Security
SourceName=Microsoft Windows security auditing.
EventCode=4673
EventType=0
Type=Information
ComputerName=BUSDEV-004
TaskCategory=Sensitive Privilege Use
OpCode=Info
RecordNumber=55359800
Keywords=Audit Success
Message=A privileged service was called.

Subject:
	Security ID:		Domain_D\user_a
	Account Name:		user_a
	Account Domain:		Domain_D
	Logon ID:		0x6C10

Service:
	Server:	NT Local Security Authority / Authentication Service
	Service Name:	LsaRegisterLogonProcess()

Process:
	Process ID:	0x548A
	Process Name:	C:\Windows\System32\example_f.exe

Service Request Information:
	Privileges:		SeTcbPrivilege

01/28/2020 01:20:34 PM
LogName=Security
SourceName=Microsoft Windows security auditing.
EventCode=4739
EventType=0
Type=Information
ComputerName=HOST-003
TaskCategory=Authentication Policy Change
OpCode=Info
RecordNumber=518193955
Keywords=Audit Success
Message=Domain Policy was changed.

Change Type:		Password Policy modified

Subject:
	Security ID:  Domain_B\user_h
	Account Name:  user_h
	Account Domain:  Domain_B
	Logon ID:  0xA19C

Domain:
	Domain Name:		Domain_B
	Domain ID:		Domain_B\

Changed Attributes:
	Min. Password Age:	-
	Max. Password Age:	-
	Force Logoff:		-
	Lockout Threshold:	-
	Lockout Observation Window:	-
	Lockout Duration:	-
	Password Properties:	-
	Min. Password Length:	6
	Password History Length:	23
	Machine Account Quota:	-
	Mixed Domain Mode:	-
	Domain Behavior Version:	-
	OEM Information:	-

Additional Information:
	Privileges:		-

01/28/2020 01:20:34 PM
LogName=Security
SourceName=Microsoft Windows security auditing.
EventCode=4738
EventType=0
Type=Information
ComputerName=PROD-POS-002
TaskCategory=User Account Management
OpCode=Info
RecordNumber=707853513
Keywords=Audit Success
Message=A User account was changed.

Subject:
 Security ID:  Domain_D\user_d
 Account Name:  user_d
 Account Domain:  Domain_D
 Logon ID:  0x3EC3

Target Account:
 Security ID:  Domain_D\user_k
 Account Name:  user_k
 Account Domain:  Domain_D

Changed Attributes:
 SAM Account Name: user_c
 Display Name:  bbb
 User Principal Name: eee@AAA.local
 Home Directory:  \a
 Home Drive:  E:
 Script Path:  \a\b\c
 Profile Path:  \a\g
 User Workstations: EEE
 Password Last Set: 2020-01-28 13:20:34 PM
 Account Expires:  2020-01-28 13:20:34 PM
 Primary Group ID: 735
 AllowedToDelegateTo: server_2/computer_b
 Old UAC Value:  A97FE3E
 New UAC Value:  C7E3688
 User Account Control: TRUSTED_FOR_DELEGATION - Disabled
 User Parameters: <value not set>
 SID History:  Domain_a/aaa
 Logon Hours:  Tuesday 8:00 PM -Wednesday 10:00 AM

Additional Information:
 Privileges:  -

01/28/2020 01:20:34 PM
LogName=Security
SourceName=Microsoft Windows security auditing.
EventCode=4673
EventType=0
Type=Information
ComputerName=COREDEV-003
TaskCategory=Sensitive Privilege Use
OpCode=Info
RecordNumber=381016177
Keywords=Audit Success
Message=A privileged service was called.

Subject:
	Security ID:		Domain_E\user_c
	Account Name:		user_c
	Account Domain:		Domain_E
	Logon ID:		0x5FC9

Service:
	Server:	NT Local Security Authority / Authentication Service
	Service Name:	LsaRegisterLogonProcess()

Process:
	Process ID:	0x39A5
	Process Name:	C:\Windows\System32\example_g.exe

Service Request Information:
	Privileges:		SeAssignPrimaryTokenPrivilege

01/28/2020 01:20:33 PM
LogName=Security
SourceName=Microsoft Windows security auditing.
EventCode=4718
EventType=0
Type=Information
ComputerName=ops-sys-006
TaskCategory=Authentication Policy Change
OpCode=Info
RecordNumber=317348769
Keywords=Audit Success
Message=System security access was removed from an account.

Subject:
	Security ID:		Domain_D\SYSTEM
	Account Name:		ops-sys-006
	Account Domain:		Domain_D
	Logon ID:		0x0452

Account Modified:
	Account Name:		Domain_D\user_e

Access Removed:
	Access Right:		SeNetworkLogonRight

01/28/2020 01:20:33 PM
LogName=Security
SourceName=Microsoft Windows security auditing.
EventCode=4717
EventType=0
Type=Information
ComputerName=PROD-POS-003
TaskCategory=Authentication Policy Change
OpCode=Info
RecordNumber=872167623
Keywords=Audit Success
Message=System security access was granted to an account.

Subject:
	Security ID:		Domain_B\SYSTEM
	Account Name:		PROD-POS-003
	Account Domain:		Domain_B
	Logon ID:		0xA369

Account Modified:
	Account Name:		Domain_B\user_f

Access Granted:
	Access Right:		SeBatchLogonRight

01/28/2020 01:20:33 PM
LogName=Security
SourceName=Microsoft Windows security auditing.
EventCode=4672
EventType=0
Type=Information
ComputerName=BUSDEV-001
TaskCategory=Special Logon
OpCode=Info
RecordNumber=305258001
Keywords=Audit Success
Message=Special privileges assigned to new logon.
Subject:
	Security ID:		Domain_D\user_f
	Account Name:		user_f
	Account Domain:		Domain_D
	Logon ID:		0xA369
Privileges:	SeSecurityPrivilege
			SeTakeOwnershipPrivilege
			SeLoadDriverPrivilege
			SeBackupPrivilege
			SeRestorePrivilege
			SeDebugPrivilege
			SeSystemEnvironmentPrivilege
			SeImpersonatePrivilege

01/28/2020 01:20:33 PM
LogName=Security
SourceName=Microsoft Windows security auditing.
EventCode=4717
EventType=0
Type=Information
ComputerName=PROD-MFS-001
TaskCategory=Authentication Policy Change
OpCode=Info
RecordNumber=783186068
Keywords=Audit Success
Message=System security access was granted to an account.

Subject:
	Security ID:		Domain_C\SYSTEM
	Account Name:		PROD-MFS-001
	Account Domain:		Domain_C
	Logon ID:		0xB111

Account Modified:
	Account Name:		Domain_C\user_j

Access Granted:
	Access Right:		SeBatchLogonRight

