01/28/2020 01:20:24 PM
LogName=Security
SourceName=Microsoft Windows security auditing.
EventCode=4739
EventType=0
Type=Information
ComputerName=SE-006
TaskCategory=Authentication Policy Change
OpCode=Info
RecordNumber=261454089
Keywords=Audit Success
Message=Domain Policy was changed.

Change Type:		Password Policy modified

Subject:
	Security ID:  Domain_C\user_k
	Account Name:  user_k
	Account Domain:  Domain_C
	Logon ID:  0xBAC3

Domain:
	Domain Name:		Domain_C
	Domain ID:		Domain_C\

Changed Attributes:
	Min. Password Age:	-
	Max. Password Age:	-
	Force Logoff:		-
	Lockout Threshold:	-
	Lockout Observation Window:	-
	Lockout Duration:	-
	Password Properties:	-
	Min. Password Length:	6
	Password History Length:	23
	Machine Account Quota:	-
	Mixed Domain Mode:	-
	Domain Behavior Version:	-
	OEM Information:	-

Additional Information:
	Privileges:		-

01/28/2020 01:20:24 PM
LogName=Security
SourceName=Microsoft Windows security auditing.
EventCode=4739
EventType=0
Type=Information
ComputerName=HOST-006
TaskCategory=Authentication Policy Change
OpCode=Info
RecordNumber=966992360
Keywords=Audit Success
Message=Domain Policy was changed.

Change Type:		Password Policy modified

Subject:
	Security ID:  Domain_B\user_k
	Account Name:  user_k
	Account Domain:  Domain_B
	Logon ID:  0xBAC3

Domain:
	Domain Name:		Domain_B
	Domain ID:		Domain_B\

Changed Attributes:
	Min. Password Age:	-
	Max. Password Age:	-
	Force Logoff:		-
	Lockout Threshold:	-
	Lockout Observation Window:	-
	Lockout Duration:	-
	Password Properties:	-
	Min. Password Length:	6
	Password History Length:	23
	Machine Account Quota:	-
	Mixed Domain Mode:	-
	Domain Behavior Version:	-
	OEM Information:	-

Additional Information:
	Privileges:		-

01/28/2020 01:20:24 PM
LogName=Security
SourceName=Microsoft Windows security auditing.
EventCode=4776
EventType=0
Type=Information
ComputerName=ACME-001
TaskCategory=Credential Validation
OpCode=Info
RecordNumber=473823812
Keywords=Failure Audit
Message=The computer attempted to validate the credentials for an account.
Authentication Package: MICROSOFT_AUTHENTICATION_PACKAGE_V1_0
Logon Account: user_f
Source Workstation: ACME-001
Error Code: 0xC0000064

01/28/2020 01:20:24 PM
LogName=Security
SourceName=Microsoft Windows security auditing.
EventCode=4739
EventType=0
Type=Information
ComputerName=BUSDEV-001
TaskCategory=Authentication Policy Change
OpCode=Info
RecordNumber=361461339
Keywords=Audit Success
Message=Domain Policy was changed.

Change Type:		Password Policy modified

Subject:
	Security ID:  Domain_B\user_n
	Account Name:  user_n
	Account Domain:  Domain_B
	Logon ID:  0x4D76

Domain:
	Domain Name:		Domain_B
	Domain ID:		Domain_B\

Changed Attributes:
	Min. Password Age:	-
	Max. Password Age:	-
	Force Logoff:		-
	Lockout Threshold:	-
	Lockout Observation Window:	-
	Lockout Duration:	-
	Password Properties:	-
	Min. Password Length:	6
	Password History Length:	23
	Machine Account Quota:	-
	Mixed Domain Mode:	-
	Domain Behavior Version:	-
	OEM Information:	-

Additional Information:
	Privileges:		-

01/28/2020 01:20:24 PM
LogName=Security
SourceName=Microsoft Windows security auditing.
EventCode=4776
EventType=0
Type=Information
ComputerName=ACME-002
TaskCategory=Credential Validation
OpCode=Info
RecordNumber=654956886
Keywords=Failure Audit
Message=The computer attempted to validate the credentials for an account.
Authentication Package: MICROSOFT_AUTHENTICATION_PACKAGE_V1_0
Logon Account: user_m
Source Workstation: ACME-002
Error Code: 0xC0000234

01/28/2020 01:20:24 PM
LogName=Security
SourceName= Microsoft Windows security auditing.
EventCode=4624
EventType=0
Type=Information
ComputerName=PROD-POS-001
TaskCategory=Logon
OpCode=Info
RecordNumber=716759213
Keywords=Audit Success
Message=An account was successfully logged on.

Subject:
 Security ID:  Domain_D\SYSTEM
 Account Name:  PROD-POS-001
 Account Domain:  Domain_D
 Logon ID:  0x70E4

Logon Information:
 Logon Type:  9
 Restricted Admin Mode: No
 Virtual Account:  No
 Elevated Token:  No

Impersonation Level:  Delegation

New Logon:
 Security ID:  Domain_D\user_l
 Account Name:  user_l
 Account Domain:  Domain_D
 Logon ID:  0xAB37
 Linked Logon ID:  19B6
 Network Account Name: user_l
 Network Account Domain: -
 Logon GUID:  {00000000-0000-0000-0000-000000000000}

Process Information:
 Process ID:  0xE7F7
 Process Name:  C:\Windows\System32\example_f.exe

Network Information:
 Workstation Name: PROD-POS-001
 Source Network Address: 172.37.27.87
 Source Port:  8192

Detailed Authentication Information:
 Logon Process:  Winlogon 
 Authentication Package: Kerberos
 Transited Services: service_B
 Package Name (NTLM only): -
 Key Length:  0

This event is generated when a logon session is created. It is generated on the computer that was accessed.

The subject fields indicate the account on the local system which requested the logon. This is most commonly a service such as the Server service, or a local process such as 8264A.exe or 8264A.exe.

The logon type field indicates the kind of logon that occurred. The most common types are 2 (interactive) and 3 (network).

The New Logon fields indicate the account for whom the new logon was created, i.e. the account that was logged on.

The network fields indicate where a remote logon request originated. Workstation name is not always available and may be left blank in some cases.

The impersonation level field indicates the extent to which a process in the logon session can impersonate.

The authentication information fields provide detailed information about this specific logon request.
 - Logon GUID is a unique identifier that can be used to correlate this event with a KDC event.
 - Transited services indicate which intermediate services have participated in this logon request.
 - Package name indicates which sub-protocol was used among the NTLM protocols.
 - Key length indicates the length of the generated session key. This will be 0 if no session key was requested.


01/28/2020 01:20:23 PM
LogName=Security
SourceName=Microsoft Windows security auditing.
EventCode=4724
EventType=0
Type=Information
ComputerName=COREDEV-006
TaskCategory=User Account Management
OpCode=Info
RecordNumber=85429596
Keywords=Audit Success
Message=An attempt was made to reset an account's password.
Subject:
	Security ID:  Domain_A\user_c
	Account Name:  user_c
	Account Domain:  Domain_A
	Logon ID:  0x5FC9
Target Account:
	Security ID:  Domain_A\user_c
	Account Name:  user_c
	Account Domain:  Domain_A

01/28/2020 01:20:23 PM
LogName=Security
SourceName=Microsoft Windows security auditing.
EventCode=4689
EventType=0
Type=Information
ComputerName=ACME-006
TaskCategory=Process Termination
OpCode=Info
RecordNumber=567425088
Keywords=Audit Success
Message=A process has exited.

Subject:
	Security ID:		Domain_D\user_f
	Account Name:		user_f
	Account Domain:		Domain_D
	Logon ID:		0xA369

Process Information:
	Process ID:	0x8C45
	Process Name:	C:\Windows\System32\example_b.exe
	Exit Status:	0xBAE392

01/28/2020 01:20:23 PM
LogName=Security
SourceName=Microsoft Windows security auditing.
EventCode=5061
EventType=Information
Type=Information
ComputerName=COREDEV-003
TaskCategory=Authentication Policy Change
OpCode=Info
RecordNumber=139388832
Keywords=Audit Success
Message=Cryptographic operation.

Subject:
	Security ID:		WINDOWS\krbtgt
	Account Name:		ABCDE
	Account Domain:		TASERVER$
	Logon ID:		0x3B2
Cryptographic Parameters:
	Provider Name: 1852DC8C6B1A	
	Algorithm Name:	
	Key Name:	332fe7e7-d709-e3d8-af9e-7236c48f4c55
	Key Type: User key.

Cryptographic Operation:
	Operation:	Open Key.
	Return Code:	0xD


01/28/2020 01:20:23 PM
LogName=Security
SourceName=Microsoft Windows security auditing.
EventCode=4739
EventType=0
Type=Information
ComputerName=HOST-001
TaskCategory=Authentication Policy Change
OpCode=Info
RecordNumber=776657840
Keywords=Audit Success
Message=Domain Policy was changed.

Change Type:		Password Policy modified

Subject:
	Security ID:  Domain_D\user_a
	Account Name:  user_a
	Account Domain:  Domain_D
	Logon ID:  0x6C10

Domain:
	Domain Name:		Domain_D
	Domain ID:		Domain_D\

Changed Attributes:
	Min. Password Age:	-
	Max. Password Age:	-
	Force Logoff:		-
	Lockout Threshold:	-
	Lockout Observation Window:	-
	Lockout Duration:	-
	Password Properties:	-
	Min. Password Length:	6
	Password History Length:	23
	Machine Account Quota:	-
	Mixed Domain Mode:	-
	Domain Behavior Version:	-
	OEM Information:	-

Additional Information:
	Privileges:		-

01/28/2020 01:20:23 PM
LogName=Security
SourceName=Microsoft Windows security auditing.
EventCode=4720
EventType=0
Type=Information
ComputerName=ACME-001
TaskCategory=User Account Management
OpCode=Info
RecordNumber=823358608
Keywords=Audit Success
Message=A User account was created. 
Subject: 
	Security ID: Domain_A\user_c
	Account Name: user_c
	Account Domain: Domain_A
	Logon ID: 0x5FC9
New Account: 
	Security ID: Domain_A\user_e
	Account Name: user_e
	Account Domain: Domain_A
Attributes: 
	SAM Account Name: user_k
	Display Name: ddd
	User Principal Name: bbb@BBB.local
	Home Directory: <value not set>
	Home Drive: E:
	Script Path: \a\b
	Profile Path: \a\b
	User Workstations: DDD
	Password Last Set: <never>
	Account Expires: <never>
	Primary Group ID: 56
	Allowed To Delegate To: server_1/coumputer_a
	Old UAC Value: EBCA688
	New UAC Value: F301191
	User Account Control: PARTIAL_SECRETS_ACCOUNT - Enabled
	User Parameters: <value changed, but not displayed>
	SID History: -
	Logon Hours: Tuesday 8:00 PM -Wednesday 10:00 AM
Additional Information:
	Privileges -

01/28/2020 01:20:23 PM
LogName=Security
SourceName=Microsoft Windows security auditing.
EventCode=4717
EventType=0
Type=Information
ComputerName=ops-sys-004
TaskCategory=Authentication Policy Change
OpCode=Info
RecordNumber=239252879
Keywords=Audit Success
Message=System security access was granted to an account.

Subject:
	Security ID:		Domain_C\SYSTEM
	Account Name:		ops-sys-004
	Account Domain:		Domain_C
	Logon ID:		0x5FC9

Account Modified:
	Account Name:		Domain_C\user_c

Access Granted:
	Access Right:		SeBatchLogonRight

01/28/2020 01:20:23 PM
LogName=Security
SourceName=Microsoft Windows security auditing.
EventCode=4738
EventType=0
Type=Information
ComputerName=ops-sys-003
TaskCategory=User Account Management
OpCode=Info
RecordNumber=363442261
Keywords=Audit Success
Message=A User account was changed.

Subject:
 Security ID:  Domain_E\user_i
 Account Name:  user_i
 Account Domain:  Domain_E
 Logon ID:  0x5F25

Target Account:
 Security ID:  Domain_E\user_f
 Account Name:  user_f
 Account Domain:  Domain_E

Changed Attributes:
 SAM Account Name: user_c
 Display Name:  aaa
 User Principal Name: eee@AAA.local
 Home Directory:  \a
 Home Drive:  E:
 Script Path:  \a
 Profile Path:  \f
 User Workstations: EEE
 Password Last Set: 2020-01-28 13:20:23 PM
 Account Expires:  <never>
 Primary Group ID: 713
 AllowedToDelegateTo: server_1/coumputer_a
 Old UAC Value:  DB22E67
 New UAC Value:  AB8DAB0
 User Account Control: LOCKOUT - Enabled
 User Parameters: <value not set>
 SID History:  -
 Logon Hours:  Tuesday 8:00 PM -Wednesday 10:00 AM

Additional Information:
 Privileges:  -

01/28/2020 01:20:23 PM
LogName=Security
SourceName=Microsoft Windows security auditing.
EventCode=4672
EventType=0
Type=Information
ComputerName=SE-003
TaskCategory=Special Logon
OpCode=Info
RecordNumber=701804592
Keywords=Audit Success
Message=Special privileges assigned to new logon.
Subject:
	Security ID:		Domain_C\user_l
	Account Name:		user_l
	Account Domain:		Domain_C
	Logon ID:		0xAB37
Privileges:	SeSecurityPrivilege
			SeTakeOwnershipPrivilege
			SeLoadDriverPrivilege
			SeBackupPrivilege
			SeRestorePrivilege
			SeDebugPrivilege
			SeSystemEnvironmentPrivilege
			SeImpersonatePrivilege

01/28/2020 01:20:23 PM
LogName=Security
SourceName=Microsoft Windows security auditing.
EventCode=4726
EventType=0
Type=Information
ComputerName=BUSDEV-007
TaskCategory=User Account Management
OpCode=Info
RecordNumber=924303659
Keywords=Audit Success
Message=A user account was deleted.

Subject:
	Security ID:		Domain_C\user_m
	Account Name:		user_m
	Account Domain:		Domain_C
	Logon ID:		0x46BA

Target Account:
	Security ID:		Domain_C\user_j
	Account Name:		user_j
	Account Domain:		Domain_C

Additional Information:
	Privileges	-

01/28/2020 01:20:23 PM
LogName=Security
SourceName=Microsoft Windows security auditing.
EventCode=4720
EventType=0
Type=Information
ComputerName=BUSDEV-001
TaskCategory=User Account Management
OpCode=Info
RecordNumber=710814900
Keywords=Audit Success
Message=A User account was created. 
Subject: 
	Security ID: Domain_B\user_k
	Account Name: user_k
	Account Domain: Domain_B
	Logon ID: 0xBAC3
New Account: 
	Security ID: Domain_B\user_l
	Account Name: user_l
	Account Domain: Domain_B
Attributes: 
	SAM Account Name: user_n
	Display Name: fff
	User Principal Name: bbb@BBB.local
	Home Directory: <value not set>
	Home Drive: A:
	Script Path: \a\b
	Profile Path: <value not set>
	User Workstations: BBB
	Password Last Set: <never>
	Account Expires: 2020-01-28 13:20:23 PM
	Primary Group ID: 152
	Allowed To Delegate To: server_1/coumputer_a
	Old UAC Value: 3AE0F19
	New UAC Value: FC9142C
	User Account Control: TRUSTED_TO_AUTH_FOR_DELEGATION - Enabled
	User Parameters: <value changed, but not displayed>
	SID History: -
	Logon Hours: All
Additional Information:
	Privileges -

01/28/2020 01:20:22 PM
LogName=Security
SourceName=Microsoft Windows security auditing.
EventCode=4672
EventType=Information
Type=Information
ComputerName=BUSDEV-006
TaskCategory=Authentication Policy Change
OpCode=Info
RecordNumber=516359752
Keywords=Audit Success
Message=Special privileges assigned to new logon.

Subject:
	Security ID:		NT AUTHORITY\SYSTEM
	Account Name:		ABCDE
	Account Domain:		Backup Operators
	Logon ID:		0x67A
Privileges:		SeAssignPrimaryTokenPrivilege
			SeTcbPrivilege
			SeSecurityPrivilege
			SeTakeOwnershipPrivilege
			SeLoadDriverPrivilege
			SeBackupPrivilege
			SeRestorePrivilege
			SeDebugPrivilege
			SeAuditPrivilege
			SeSystemEnvironmentPrivilege
			SeImpersonatePrivilege
			SeDelegateSessionUserImpersonatePrivilege


01/28/2020 01:20:22 PM
LogName=Security
SourceName=Microsoft-Windows-Eventlog
EventCode=1102
EventType=4
Type=Information
ComputerName=HOST-003
TaskCategory=Log clear
OpCode=Info
RecordNumber=460495751
Keywords=Audit Success
Message=The audit log was cleared.
Subject:
	Security ID:		Domain_C\user_a
	Account Name:		user_a
	Account Domain:		Domain_C
	Logon ID:		0x6C10

01/28/2020 01:20:22 PM 
LogName=Security 
SourceName=Microsoft Windows security auditing.
EventCode=4740 
EventType=0 
Type=Information
ComputerName=PROD-MFS-006 
TaskCategory=User Account Management
OpCode=Info 
RecordNumber=401233084
Keywords=Audit Success
Message=A user account was locked out. 
Subject: 
	Security ID: Domain_B\user_b 
	Account Name: user_b
	Account Domain: Domain_B
	Logon ID: 0x3A81
Account That Was Locked Out: 
	Security ID: Domain_B\user_l 
	Account Name: user_l
Additional Information: 
	Caller Computer Name: PROD-MFS-006

01/28/2020 01:20:22 PM
LogName=Security
SourceName=Microsoft Windows security auditing.
EventCode=4688
EventType=0
Type=Information
ComputerName=$SPLUNK_HOME/etc/apps/Splunk_TA_windows/samples/hostname.sample
TaskCategory=Process Creation
OpCode=Info
RecordNumber=751816672
Keywords=Audit Success
Message=A new process has been created.
Subject:
	Security ID:		Domain_A\user_f
	Account Name:		user_f
	Account Domain:		Domain_A
	Logon ID:		0xA369
Process Information:
	New Process ID:		0x79AD
	New Process Name:	C:\Windows\System32\example_b.exe
	Token Elevation Type:	TokenElevationTypeDefault (1)
	Creator Process ID:	0x90F7
Token Elevation Type indicates the type of token that was assigned to the new process in accordance with User Account Control policy.
Type 1 is a full token with no privileges removed or groups disabled.  A full token is only used if User Account Control is disabled or if the User is the built-in Administrator account or a service account.
Type 2 is an elevated token with no privileges removed or groups disabled.  An elevated token is used when User Account Control is enabled and the User chooses to start the program using Run as administrator.  An elevated token is also used when an application is configured to always require administrative privilege or to always require maximum privilege, and the User is a member of the Administrators group.
Type 3 is a limited token with administrative privileges removed and administrative groups disabled.  The limited token is used when User Account Control is enabled, the application does not require administrative privilege, and the User does not choose to start the program using Run as administrator.

01/28/2020 01:20:22 PM
LogName=Security
SourceName=Microsoft Windows security auditing.
EventCode=4625
EventType=Information
Type=Information
ComputerName=BUSDEV-002
TaskCategory=Authentication Policy Change
OpCode=Info
RecordNumber=397204333
Keywords=Audit Success
Message=An account failed to log on.

Subject:
	Security ID:		abc\def
	Account Name:		ABCDE
	Account Domain:		WIN81$
	Logon ID:		0xD

Logon Type:		2

Account For Which Logon Failed:
	Security ID:		abc\def
	Account Name:		ABCDE
	Account Domain:		WIN81$

Failure Information:
	Failure Reason:		Unknown User name or bad password.
	Status:			0xA4E87933
	Sub Status:		0xA4E87933

Process Information:
	Caller Process ID:	0xD
	Caller Process Name:	-

Network Information:
	Workstation Name:	-
	Source Network Address:	253.120.142.110
	Source Port:		45773

Detailed Authentication Information:
	Logon Process:		A4E87933 
	Authentication Package:	NTLM
	Transited Services:	-
	Package Name (NTLM only):	-
	Key Length:		2

This event is generated when a logon request fails. It is generated on the computer where access was attempted.

The Subject fields indicate the account on the local system which requested the logon. This is most commonly a service such as the Server service, or a local process such as 7FA71FD.exe or 7FA71FD.exe.

The Logon Type field indicates the kind of logon that was requested. The most common types are 2 (interactive) and 3 (network).

The Process Information fields indicate which account and process on the system requested the logon.

The Network Information fields indicate where a remote logon request originated. Workstation name is not always available and may be left blank in some cases.

The authentication information fields provide detailed information about this specific logon request.
	- Transited services indicate which intermediate services have participated in this logon request.
	- Package name indicates which sub-protocol was used among the NTLM protocols.
	- Key length indicates the length of the generated session key. This will be 0 if no session key was requested.


01/28/2020 01:20:22 PM 
LogName=Security 
SourceName=Microsoft Windows security auditing.
EventCode=4740 
EventType=0 
Type=Information
ComputerName=PROD-POS-006 
TaskCategory=User Account Management
OpCode=Info 
RecordNumber=984879178
Keywords=Audit Success
Message=A user account was locked out. 
Subject: 
	Security ID: Domain_B\user_m 
	Account Name: user_m
	Account Domain: Domain_B
	Logon ID: 0x46BA
Account That Was Locked Out: 
	Security ID: Domain_B\user_l 
	Account Name: user_l
Additional Information: 
	Caller Computer Name: PROD-POS-006

01/28/2020 01:20:22 PM
LogName=Security
SourceName=Microsoft Windows security auditing.
EventCode=4726
EventType=0
Type=Information
ComputerName=PROD-MFS-004
TaskCategory=User Account Management
OpCode=Info
RecordNumber=882127045
Keywords=Audit Success
Message=A user account was deleted.

Subject:
	Security ID:		Domain_D\user_b
	Account Name:		user_b
	Account Domain:		Domain_D
	Logon ID:		0x3A81

Target Account:
	Security ID:		Domain_D\user_l
	Account Name:		user_l
	Account Domain:		Domain_D

Additional Information:
	Privileges	-

01/28/2020 01:20:22 PM
LogName=Security
SourceName=Microsoft-Windows-Eventlog
EventCode=1102
EventType=4
Type=Information
ComputerName=PROD-POS-002
TaskCategory=Log clear
OpCode=Info
RecordNumber=166339226
Keywords=Audit Success
Message=The audit log was cleared.
Subject:
	Security ID:		Domain_A\user_j
	Account Name:		user_j
	Account Domain:		Domain_A
	Logon ID:		0xB111

01/28/2020 01:20:21 PM
LogName=Security
SourceName=Microsoft Windows security auditing.
EventCode=4688
EventType=0
Type=Information
ComputerName=$SPLUNK_HOME/etc/apps/Splunk_TA_windows/samples/hostname.sample
TaskCategory=Process Creation
OpCode=Info
RecordNumber=416804473
Keywords=Audit Success
Message=A new process has been created.
Subject:
	Security ID:		Domain_C\user_h
	Account Name:		user_h
	Account Domain:		Domain_C
	Logon ID:		0xA19C
Process Information:
	New Process ID:		0x9FD0
	New Process Name:	C:\Windows\System32\example_e.exe
	Token Elevation Type:	TokenElevationTypeDefault (1)
	Creator Process ID:	0x5F0A
Token Elevation Type indicates the type of token that was assigned to the new process in accordance with User Account Control policy.
Type 1 is a full token with no privileges removed or groups disabled.  A full token is only used if User Account Control is disabled or if the User is the built-in Administrator account or a service account.
Type 2 is an elevated token with no privileges removed or groups disabled.  An elevated token is used when User Account Control is enabled and the User chooses to start the program using Run as administrator.  An elevated token is also used when an application is configured to always require administrative privilege or to always require maximum privilege, and the User is a member of the Administrators group.
Type 3 is a limited token with administrative privileges removed and administrative groups disabled.  The limited token is used when User Account Control is enabled, the application does not require administrative privilege, and the User does not choose to start the program using Run as administrator.

01/28/2020 01:20:21 PM
LogName=Security
SourceName=Microsoft Windows security auditing.
EventCode=4688
EventType=0
Type=Information
ComputerName=$SPLUNK_HOME/etc/apps/Splunk_TA_windows/samples/hostname.sample
TaskCategory=Process Creation
OpCode=Info
RecordNumber=978306995
Keywords=Audit Success
Message=A new process has been created.
Subject:
	Security ID:		Domain_D\user_g
	Account Name:		user_g
	Account Domain:		Domain_D
	Logon ID:		0xEB5F
Process Information:
	New Process ID:		0xC61E
	New Process Name:	C:\Windows\System32\example_d.exe
	Token Elevation Type:	TokenElevationTypeDefault (1)
	Creator Process ID:	0x7E1E
Token Elevation Type indicates the type of token that was assigned to the new process in accordance with User Account Control policy.
Type 1 is a full token with no privileges removed or groups disabled.  A full token is only used if User Account Control is disabled or if the User is the built-in Administrator account or a service account.
Type 2 is an elevated token with no privileges removed or groups disabled.  An elevated token is used when User Account Control is enabled and the User chooses to start the program using Run as administrator.  An elevated token is also used when an application is configured to always require administrative privilege or to always require maximum privilege, and the User is a member of the Administrators group.
Type 3 is a limited token with administrative privileges removed and administrative groups disabled.  The limited token is used when User Account Control is enabled, the application does not require administrative privilege, and the User does not choose to start the program using Run as administrator.

01/28/2020 01:20:21 PM
LogName=Security
SourceName=Microsoft Windows security auditing.
EventCode=4738
EventType=0
Type=Information
ComputerName=HOST-005
TaskCategory=User Account Management
OpCode=Info
RecordNumber=613857394
Keywords=Audit Success
Message=A User account was changed.

Subject:
 Security ID:  Domain_C\user_m
 Account Name:  user_m
 Account Domain:  Domain_C
 Logon ID:  0x46BA

Target Account:
 Security ID:  Domain_C\user_j
 Account Name:  user_j
 Account Domain:  Domain_C

Changed Attributes:
 SAM Account Name: user_d
 Display Name:  eee
 User Principal Name: ddd@BBB.local
 Home Directory:  \a\b\c
 Home Drive:  B:
 Script Path:  \f
 Profile Path:  \a
 User Workstations: DDD
 Password Last Set: 2020-01-28 13:20:21 PM
 Account Expires:  <never>
 Primary Group ID: 55
 AllowedToDelegateTo: server_2/computer_b
 Old UAC Value:  992342E
 New UAC Value:  7C1E592
 User Account Control: ACCOUNTDISABLE - Enabled
 User Parameters: <value changed, but not displayed>
 SID History:  Domain_a/aaa
 Logon Hours:  Tuesday 8:00 PM -Wednesday 10:00 AM

Additional Information:
 Privileges:  SeRestorePrivilege

01/28/2020 01:20:20 PM
LogName=Security
SourceName=Microsoft Windows security auditing.
EventCode=4743
EventType=0
Type=Information
ComputerName=PROD-POS-005
TaskCategory=Computer Account Management
OpCode=Info
RecordNumber=36353767
Keywords=Audit Success
Message=A computer account was deleted.

Subject:
	Security ID:		Domain_E\user_f
	Account Name:		user_f
	Account Domain:		Domain_E
	Logon ID:		0xA369

Target Computer:
	Security ID:		Domain_E\user_h
	Account Name:		user_h
	Account Domain:		Domain_E

Additional Information:
	Privileges:	SeDebugPrivilege

01/28/2020 01:20:20 PM
LogName=Security
SourceName=Microsoft Windows security auditing.
EventCode=4776
EventType=0
Type=Information
ComputerName=ops-sys-002
TaskCategory=Credential Validation
OpCode=Info
RecordNumber=149316202
Keywords=Audit Success
Message=The computer attempted to validate the credentials for an account.
Authentication Package: MICROSOFT_AUTHENTICATION_PACKAGE_V1_0
Logon Account: user_c
Source Workstation: ops-sys-002
Error Code: 0x0

01/28/2020 01:20:20 PM
LogName=Security
SourceName=Microsoft Windows security auditing.
EventCode=4743
EventType=0
Type=Information
ComputerName=ops-sys-006
TaskCategory=Computer Account Management
OpCode=Info
RecordNumber=750527345
Keywords=Audit Success
Message=A computer account was deleted.

Subject:
	Security ID:		Domain_B\user_c
	Account Name:		user_c
	Account Domain:		Domain_B
	Logon ID:		0x5FC9

Target Computer:
	Security ID:		Domain_B\user_d
	Account Name:		user_d
	Account Domain:		Domain_B

Additional Information:
	Privileges:	-

01/28/2020 01:20:20 PM
LogName=Security
SourceName=Microsoft Windows security auditing.
EventCode=4672
EventType=0
Type=Information
ComputerName=BUSDEV-002
TaskCategory=Special Logon
OpCode=Info
RecordNumber=969612114
Keywords=Audit Success
Message=Special privileges assigned to new logon.
Subject:
	Security ID:		Domain_D\user_d
	Account Name:		user_d
	Account Domain:		Domain_D
	Logon ID:		0x3EC3
Privileges:	SeSecurityPrivilege
			SeTakeOwnershipPrivilege
			SeLoadDriverPrivilege
			SeBackupPrivilege
			SeRestorePrivilege
			SeDebugPrivilege
			SeSystemEnvironmentPrivilege
			SeImpersonatePrivilege

01/28/2020 01:20:20 PM
LogName=Security
SourceName=Microsoft Windows security auditing.
EventCode=4738
EventType=0
Type=Information
ComputerName=PROD-POS-003
TaskCategory=User Account Management
OpCode=Info
RecordNumber=160282364
Keywords=Audit Success
Message=A User account was changed.

Subject:
 Security ID:  Domain_E\user_b
 Account Name:  user_b
 Account Domain:  Domain_E
 Logon ID:  0x3A81

Target Account:
 Security ID:  Domain_E\user_b
 Account Name:  user_b
 Account Domain:  Domain_E

Changed Attributes:
 SAM Account Name: user_b
 Display Name:  eee
 User Principal Name: eee@AAA.local
 Home Directory:  <value not set>
 Home Drive:  B:
 Script Path:  <value not set>
 Profile Path:  \a\g
 User Workstations: AAA
 Password Last Set: 2020-01-28 13:20:20 PM
 Account Expires:  <never>
 Primary Group ID: 406
 AllowedToDelegateTo: server_1/coumputer_a
 Old UAC Value:  AEB6C7B
 New UAC Value:  1128DB8
 User Account Control: SCRIPT - Enabled
 User Parameters: <value not set>
 SID History:  Domain_a/aaa
 Logon Hours:  Monday 2:00 PM -Tuesday 6:00 PM

Additional Information:
 Privileges:  SeSecurityPrivilege

01/28/2020 01:20:20 PM
LogName=Security
SourceName=Microsoft Windows security auditing.
EventCode=4776
EventType=0
Type=Information
ComputerName=ACME-002
TaskCategory=Credential Validation
OpCode=Info
RecordNumber=211933773
Keywords=Failure Audit
Message=The computer attempted to validate the credentials for an account.
Authentication Package: MICROSOFT_AUTHENTICATION_PACKAGE_V1_0
Logon Account: user_h
Source Workstation: ACME-002
Error Code: 0xC000006A

01/28/2020 01:20:20 PM
LogName=Security
SourceName=Microsoft Windows security auditing.
EventCode=4776
EventType=0
Type=Information
ComputerName=BUSDEV-007
TaskCategory=Credential Validation
OpCode=Info
RecordNumber=642747845
Keywords=Failure Audit
Message=The computer attempted to validate the credentials for an account.
Authentication Package: MICROSOFT_AUTHENTICATION_PACKAGE_V1_0
Logon Account: user_a
Source Workstation: BUSDEV-007
Error Code: 0xC0000064

01/28/2020 01:20:19 PM
LogName=Security
SourceName=Microsoft Windows security auditing.
EventCode=4738
EventType=0
Type=Information
ComputerName=PROD-MFS-003
TaskCategory=User Account Management
OpCode=Info
RecordNumber=822178391
Keywords=Audit Success
Message=A User account was changed.

Subject:
 Security ID:  Domain_C\user_n
 Account Name:  user_n
 Account Domain:  Domain_C
 Logon ID:  0x4D76

Target Account:
 Security ID:  Domain_C\user_i
 Account Name:  user_i
 Account Domain:  Domain_C

Changed Attributes:
 SAM Account Name: user_g
 Display Name:  bbb
 User Principal Name: bbb@BBB.local
 Home Directory:  \a
 Home Drive:  D:
 Script Path:  \a\e
 Profile Path:  <value not set>
 User Workstations: EEE
 Password Last Set: 2020-01-28 13:20:19 PM
 Account Expires:  <never>
 Primary Group ID: 250
 AllowedToDelegateTo: server_2/computer_b
 Old UAC Value:  22EC111
 New UAC Value:  1A913AC
 User Account Control: HOMEDIR_REQUIRED - Disabled
 User Parameters: <value changed, but not displayed>
 SID History:  Domain_b/bbb
 Logon Hours:  Monday 2:00 PM -Tuesday 6:00 PM

Additional Information:
 Privileges:  SeImpersonatePrivilege

01/28/2020 01:20:19 PM
LogName=Security
SourceName= Microsoft Windows security auditing.
EventCode=4624
EventType=0
Type=Information
ComputerName=PROD-MFS-001
TaskCategory=Logon
OpCode=Info
RecordNumber=830171850
Keywords=Audit Success
Message=An account was successfully logged on.

Subject:
 Security ID:  Domain_A\SYSTEM
 Account Name:  PROD-MFS-001
 Account Domain:  Domain_A
 Logon ID:  0x70E4

Logon Information:
 Logon Type:  4
 Restricted Admin Mode: -
 Virtual Account:  No
 Elevated Token:  Yes

Impersonation Level:  Delegation

New Logon:
 Security ID:  Domain_A\user_k
 Account Name:  user_k
 Account Domain:  Domain_A
 Logon ID:  0xBAC3
 Linked Logon ID:  484F
 Network Account Name: user_f
 Network Account Domain: -
 Logon GUID:  {27C4A2F2-13CA-AA25-E903-D31268740239}

Process Information:
 Process ID:  0xF668
 Process Name:  C:\Windows\System32\example_a.exe

Network Information:
 Workstation Name: PROD-MFS-001
 Source Network Address: 24.147.63.69
 Source Port:  62553

Detailed Authentication Information:
 Logon Process:  logonProcess1 
 Authentication Package: Kerberos
 Transited Services: service_B
 Package Name (NTLM only): -
 Key Length:  0

This event is generated when a logon session is created. It is generated on the computer that was accessed.

The subject fields indicate the account on the local system which requested the logon. This is most commonly a service such as the Server service, or a local process such as A1276.exe or A1276.exe.

The logon type field indicates the kind of logon that occurred. The most common types are 2 (interactive) and 3 (network).

The New Logon fields indicate the account for whom the new logon was created, i.e. the account that was logged on.

The network fields indicate where a remote logon request originated. Workstation name is not always available and may be left blank in some cases.

The impersonation level field indicates the extent to which a process in the logon session can impersonate.

The authentication information fields provide detailed information about this specific logon request.
 - Logon GUID is a unique identifier that can be used to correlate this event with a KDC event.
 - Transited services indicate which intermediate services have participated in this logon request.
 - Package name indicates which sub-protocol was used among the NTLM protocols.
 - Key length indicates the length of the generated session key. This will be 0 if no session key was requested.


01/28/2020 01:20:19 PM
LogName=Security
SourceName=Microsoft Windows security auditing.
EventCode=4724
EventType=0
Type=Information
ComputerName=SE-003
TaskCategory=User Account Management
OpCode=Info
RecordNumber=586045418
Keywords=Audit Failure
Message=An attempt was made to reset an account's password.
Subject:
	Security ID:  Domain_E\user_m
	Account Name:  user_m
	Account Domain:  Domain_E
	Logon ID:  0x46BA
Target Account:
	Security ID:  Domain_E\user_m
	Account Name:  user_m
	Account Domain:  Domain_E

01/28/2020 01:20:19 PM
LogName=Security
SourceName=Microsoft Windows security auditing.
EventCode=4720
EventType=0
Type=Information
ComputerName=SE-001
TaskCategory=User Account Management
OpCode=Info
RecordNumber=845264999
Keywords=Audit Success
Message=A User account was created. 
Subject: 
	Security ID: Domain_D\user_e
	Account Name: user_e
	Account Domain: Domain_D
	Logon ID: 0x0452
New Account: 
	Security ID: Domain_D\user_m
	Account Name: user_m
	Account Domain: Domain_D
Attributes: 
	SAM Account Name: user_m
	Display Name: bbb
	User Principal Name: ccc@AAA.local
	Home Directory: \a\g
	Home Drive: <value not set>
	Script Path: \a\e
	Profile Path: \a\g
	User Workstations: BBB
	Password Last Set: <never>
	Account Expires: 2020-01-28 13:20:19 PM
	Primary Group ID: 310
	Allowed To Delegate To: server_1/coumputer_a
	Old UAC Value: 6BCDD75
	New UAC Value: 449ABCA
	User Account Control: WORKSTATION_TRUST_ACCOUNT - Enabled
	User Parameters: <value not set>
	SID History: Domain_b/bbb
	Logon Hours: Tuesday 8:00 PM -Wednesday 10:00 AM
Additional Information:
	Privileges -

01/28/2020 01:20:19 PM
LogName=Security
SourceName=Microsoft-Windows-Eventlog
EventCode=1102
EventType=4
Type=Information
ComputerName=HOST-005
TaskCategory=Log clear
OpCode=Info
RecordNumber=927173680
Keywords=Audit Success
Message=The audit log was cleared.
Subject:
	Security ID:		Domain_A\user_c
	Account Name:		user_c
	Account Domain:		Domain_A
	Logon ID:		0x5FC9

01/28/2020 01:20:19 PM
LogName=Security
SourceName=Microsoft Windows security auditing.
EventCode=4726
EventType=0
Type=Information
ComputerName=COREDEV-005
TaskCategory=User Account Management
OpCode=Info
RecordNumber=159892496
Keywords=Audit Success
Message=A user account was deleted.

Subject:
	Security ID:		Domain_B\user_h
	Account Name:		user_h
	Account Domain:		Domain_B
	Logon ID:		0xA19C

Target Account:
	Security ID:		Domain_B\user_j
	Account Name:		user_j
	Account Domain:		Domain_B

Additional Information:
	Privileges	SeAuditPrivilege

01/28/2020 01:20:19 PM
LogName=Security
SourceName=Microsoft Windows security auditing.
EventCode=4648
EventType=0
Type=Information
ComputerName=BUSDEV-005
TaskCategory=Logon
OpCode=Info
RecordNumber=826206951
Keywords=Audit Success
Message=A logon was attempted using explicit credentials.
Subject:
	Security ID:  Domain_C\SYSTEM
	Account Name:  BUSDEV-005
	Account Domain:  Domain_C
	Logon ID:  0x70E4
	Logon GUID:		{27C4A2F2-13CA-AA25-E903-D31268740239}
Account Whose Credentials Were Used:
	Account Name:		roonixr
	Account Domain:		Domain_C
	Logon GUID:		{00000000-0000-0000-0000-000000000000}
Target Server:
	Target Server Name:	Server_D.com
	Additional Information:	Server_D.com
Process Information:
	Process ID:		629D
	Process Name:		C:\Windows\System32\example_a.exe
Network Information:
	Network Address:	-
	Port:			57887
This event is generated when a process attempts to log on an account by explicitly specifying that account's credentials. This most commonly occurs in batch-type configurations such as scheduled tasks, or when using the RUNAS command.

01/28/2020 01:20:19 PM
LogName=Security
SourceName=Microsoft Windows security auditing.
EventCode=4717
EventType=0
Type=Information
ComputerName=COREDEV-002
TaskCategory=Authentication Policy Change
OpCode=Info
RecordNumber=774449298
Keywords=Audit Success
Message=System security access was granted to an account.

Subject:
	Security ID:		Domain_E\SYSTEM
	Account Name:		COREDEV-002
	Account Domain:		Domain_E
	Logon ID:		0x46BA

Account Modified:
	Account Name:		Domain_E\user_m

Access Granted:
	Access Right:		SeServiceLogonRight

01/28/2020 01:20:19 PM
LogName=Security
SourceName=Microsoft Windows security auditing.
EventCode=4624
EventType=Information
Type=Information
ComputerName=PROD-POS-004
TaskCategory=Authentication Policy Change
OpCode=Info
RecordNumber=445234141
Keywords=Audit Success
Message=An account was successfully logged on.

Subject:
	Security ID:		NT AUTHORITY\SYSTEM
	Account Name:		ADMINISTRATOR
	Account Domain:		abc
	Logon ID:		0x8FC
Logon Information:
	Logon Type:		7
	Restricted Admin Mode:	-
	Virtual Account:		Yes
	Elevated Token:		Yes

Impersonation Level:		Impersonation

New Logon:
	Security ID:		NT AUTHORITY\SYSTEM
	Account Name:		ADMINISTRATOR
	Account Domain:		abc
	Logon ID:		0x8FC	Linked Logon ID:		0xC
	Network Account Name:	-
	Network Account Domain:	-
	Logon GUID:		{A71FC744-9BD0-9BD0-9BD0-0AB27FA88B06}

Process Information:
	Process ID:		0x8FC	Process Name:		win\directory\directory2\55771C0.exe

Network Information:
	Workstation Name:	-
	Source Network Address:	-
	Source Port:		1788

Detailed Authentication Information:
	Logon Process:		A71FC744  
	Authentication Package:	NTLM
	Transited Services:	-
	Package Name (NTLM only):	-
	Key Length:		7

This event is generated when a logon session is created. It is generated on the computer that was accessed.

The subject fields indicate the account on the local system which requested the logon. This is most commonly a service such as the Server service, or a local process such as 55771C0.exe or 55771C0.exe.

The logon type field indicates the kind of logon that occurred. The most common types are 2 (interactive) and 3 (network).

The New Logon fields indicate the account for whom the new logon was created, i.e. the account that was logged on.

The network fields indicate where a remote logon request originated. Workstation name is not always available and may be left blank in some cases.

The impersonation level field indicates the extent to which a process in the logon session can impersonate.

The authentication information fields provide detailed information about this specific logon request.
	- Logon GUID is a unique identifier that can be used to correlate this event with a KDC event.
	- Transited services indicate which intermediate services have participated in this logon request.
	- Package name indicates which sub-protocol was used among the NTLM protocols.
	- Key length indicates the length of the generated session key. This will be 0 if no session key was requested.


01/28/2020 01:20:18 PM
LogName=Security
SourceName=Microsoft Windows security auditing.
EventCode=4673
EventType=0
Type=Information
ComputerName=PROD-MFS-006
TaskCategory=Sensitive Privilege Use
OpCode=Info
RecordNumber=907881079
Keywords=Audit Success
Message=A privileged service was called.

Subject:
	Security ID:		Domain_A\user_d
	Account Name:		user_d
	Account Domain:		Domain_A
	Logon ID:		0x3EC3

Service:
	Server:	NT Local Security Authority / Authentication Service
	Service Name:	LsaRegisterLogonProcess()

Process:
	Process ID:	0x8E02
	Process Name:	C:\Windows\System32\example_c.exe

Service Request Information:
	Privileges:		SeImpersonatePrivilege

01/28/2020 01:20:18 PM
LogName=Security
SourceName=Microsoft Windows security auditing.
EventCode=4689
EventType=0
Type=Information
ComputerName=BUSDEV-002
TaskCategory=Process Termination
OpCode=Info
RecordNumber=491483585
Keywords=Audit Success
Message=A process has exited.

Subject:
	Security ID:		Domain_A\user_b
	Account Name:		user_b
	Account Domain:		Domain_A
	Logon ID:		0x3A81

Process Information:
	Process ID:	0xBD98
	Process Name:	C:\Windows\System32\example_c.exe
	Exit Status:	0x2C70E1

01/28/2020 01:20:18 PM
LogName=Security
SourceName=Microsoft Windows security auditing.
EventCode=4718
EventType=0
Type=Information
ComputerName=ACME-001
TaskCategory=Authentication Policy Change
OpCode=Info
RecordNumber=70543622
Keywords=Audit Success
Message=System security access was removed from an account.

Subject:
	Security ID:		Domain_C\SYSTEM
	Account Name:		ACME-001
	Account Domain:		Domain_C
	Logon ID:		0x3EC3

Account Modified:
	Account Name:		Domain_C\user_d

Access Removed:
	Access Right:		SeNetworkLogonRight

01/28/2020 01:20:18 PM
LogName=Security
SourceName=Microsoft Windows security auditing.
EventCode=4743
EventType=0
Type=Information
ComputerName=HOST-001
TaskCategory=Computer Account Management
OpCode=Info
RecordNumber=956224796
Keywords=Audit Success
Message=A computer account was deleted.

Subject:
	Security ID:		Domain_D\user_i
	Account Name:		user_i
	Account Domain:		Domain_D
	Logon ID:		0x5F25

Target Computer:
	Security ID:		Domain_D\user_i
	Account Name:		user_i
	Account Domain:		Domain_D

Additional Information:
	Privileges:	-

01/28/2020 01:20:17 PM
LogName=Security
SourceName=Microsoft Windows security auditing.
EventCode=4672
EventType=0
Type=Information
ComputerName=COREDEV-006
TaskCategory=Special Logon
OpCode=Info
RecordNumber=879577340
Keywords=Audit Success
Message=Special privileges assigned to new logon.
Subject:
	Security ID:		Domain_A\user_f
	Account Name:		user_f
	Account Domain:		Domain_A
	Logon ID:		0xA369
Privileges:	SeSecurityPrivilege
			SeTakeOwnershipPrivilege
			SeLoadDriverPrivilege
			SeBackupPrivilege
			SeRestorePrivilege
			SeDebugPrivilege
			SeSystemEnvironmentPrivilege
			SeImpersonatePrivilege

01/28/2020 01:20:17 PM
LogName=Security
SourceName= Microsoft Windows security auditing.
EventCode=4624
EventType=0
Type=Information
ComputerName=PROD-MFS-004
TaskCategory=Logon
OpCode=Info
RecordNumber=750856326
Keywords=Audit Success
Message=An account was successfully logged on.

Subject:
 Security ID:  Domain_A\SYSTEM
 Account Name:  PROD-MFS-004
 Account Domain:  Domain_A
 Logon ID:  0x70E4

Logon Information:
 Logon Type:  6
 Restricted Admin Mode: No
 Virtual Account:  Yes
 Elevated Token:  Yes

Impersonation Level:  Impersonation

New Logon:
 Security ID:  Domain_A\user_n
 Account Name:  user_n
 Account Domain:  Domain_A
 Logon ID:  0x4D76
 Linked Logon ID:  11F8
 Network Account Name: -
 Network Account Domain: Domain_B
 Logon GUID:  {221B21A6-1AE2-3F9A-24EF-22C392AC2A47}

Process Information:
 Process ID:  0x32E5
 Process Name:  C:\Windows\System32\example_e.exe

Network Information:
 Workstation Name: PROD-MFS-004
 Source Network Address: -
 Source Port:  11566

Detailed Authentication Information:
 Logon Process:  User32 
 Authentication Package: Kerberos
 Transited Services: service_A
 Package Name (NTLM only): -
 Key Length:  0

This event is generated when a logon session is created. It is generated on the computer that was accessed.

The subject fields indicate the account on the local system which requested the logon. This is most commonly a service such as the Server service, or a local process such as AB48F.exe or AB48F.exe.

The logon type field indicates the kind of logon that occurred. The most common types are 2 (interactive) and 3 (network).

The New Logon fields indicate the account for whom the new logon was created, i.e. the account that was logged on.

The network fields indicate where a remote logon request originated. Workstation name is not always available and may be left blank in some cases.

The impersonation level field indicates the extent to which a process in the logon session can impersonate.

The authentication information fields provide detailed information about this specific logon request.
 - Logon GUID is a unique identifier that can be used to correlate this event with a KDC event.
 - Transited services indicate which intermediate services have participated in this logon request.
 - Package name indicates which sub-protocol was used among the NTLM protocols.
 - Key length indicates the length of the generated session key. This will be 0 if no session key was requested.


01/28/2020 01:20:17 PM 
LogName=Security 
SourceName=Microsoft Windows security auditing.
EventCode=4740 
EventType=0 
Type=Information
ComputerName=PROD-POS-003 
TaskCategory=User Account Management
OpCode=Info 
RecordNumber=294328810
Keywords=Audit Success
Message=A user account was locked out. 
Subject: 
	Security ID: Domain_B\user_g 
	Account Name: user_g
	Account Domain: Domain_B
	Logon ID: 0xEB5F
Account That Was Locked Out: 
	Security ID: Domain_B\user_e 
	Account Name: user_e
Additional Information: 
	Caller Computer Name: PROD-POS-003

01/28/2020 01:20:17 PM
LogName=Security
SourceName=Microsoft Windows security auditing.
EventCode=4720
EventType=0
Type=Information
ComputerName=PROD-POS-004
TaskCategory=User Account Management
OpCode=Info
RecordNumber=6493334
Keywords=Audit Success
Message=A User account was created. 
Subject: 
	Security ID: Domain_A\user_d
	Account Name: user_d
	Account Domain: Domain_A
	Logon ID: 0x3EC3
New Account: 
	Security ID: Domain_A\user_a
	Account Name: user_a
	Account Domain: Domain_A
Attributes: 
	SAM Account Name: user_i
	Display Name: ccc
	User Principal Name: ddd@BBB.local
	Home Directory: \a\e
	Home Drive: E:
	Script Path: <value not set>
	Profile Path: <value not set>
	User Workstations: EEE
	Password Last Set: <never>
	Account Expires: <never>
	Primary Group ID: 284
	Allowed To Delegate To: -
	Old UAC Value: C7456B3
	New UAC Value: B380562
	User Account Control: USE_DES_KEY_ONLY - Disabled
	User Parameters: <value changed, but not displayed>
	SID History: Domain_b/bbb
	Logon Hours: Monday 2:00 PM -Tuesday 6:00 PM
Additional Information:
	Privileges -

01/28/2020 01:20:17 PM
LogName=Security
SourceName=Microsoft Windows security auditing.
EventCode=4743
EventType=0
Type=Information
ComputerName=HOST-004
TaskCategory=Computer Account Management
OpCode=Info
RecordNumber=851828258
Keywords=Audit Success
Message=A computer account was deleted.

Subject:
	Security ID:		Domain_D\user_h
	Account Name:		user_h
	Account Domain:		Domain_D
	Logon ID:		0xA19C

Target Computer:
	Security ID:		Domain_D\user_j
	Account Name:		user_j
	Account Domain:		Domain_D

Additional Information:
	Privileges:	-

01/28/2020 01:20:17 PM
LogName=Security
SourceName=Microsoft Windows security auditing.
EventCode=4688
EventType=0
Type=Information
ComputerName=$SPLUNK_HOME/etc/apps/Splunk_TA_windows/samples/hostname.sample
TaskCategory=Process Creation
OpCode=Info
RecordNumber=692921044
Keywords=Audit Success
Message=A new process has been created.
Subject:
	Security ID:		Domain_B\user_f
	Account Name:		user_f
	Account Domain:		Domain_B
	Logon ID:		0xA369
Process Information:
	New Process ID:		0x3342
	New Process Name:	C:\Windows\System32\example_e.exe
	Token Elevation Type:	TokenElevationTypeDefault (1)
	Creator Process ID:	0x2EC2
Token Elevation Type indicates the type of token that was assigned to the new process in accordance with User Account Control policy.
Type 1 is a full token with no privileges removed or groups disabled.  A full token is only used if User Account Control is disabled or if the User is the built-in Administrator account or a service account.
Type 2 is an elevated token with no privileges removed or groups disabled.  An elevated token is used when User Account Control is enabled and the User chooses to start the program using Run as administrator.  An elevated token is also used when an application is configured to always require administrative privilege or to always require maximum privilege, and the User is a member of the Administrators group.
Type 3 is a limited token with administrative privileges removed and administrative groups disabled.  The limited token is used when User Account Control is enabled, the application does not require administrative privilege, and the User does not choose to start the program using Run as administrator.

01/28/2020 01:20:17 PM
LogName=Security
SourceName=Microsoft Windows security auditing.
EventCode=4738
EventType=0
Type=Information
ComputerName=PROD-POS-005
TaskCategory=User Account Management
OpCode=Info
RecordNumber=384968574
Keywords=Audit Success
Message=A User account was changed.

Subject:
 Security ID:  Domain_D\user_m
 Account Name:  user_m
 Account Domain:  Domain_D
 Logon ID:  0x46BA

Target Account:
 Security ID:  Domain_D\user_e
 Account Name:  user_e
 Account Domain:  Domain_D

Changed Attributes:
 SAM Account Name: user_h
 Display Name:  eee
 User Principal Name: aaa@AAA.local
 Home Directory:  \a\g
 Home Drive:  <value not set>
 Script Path:  \a
 Profile Path:  \a
 User Workstations: CCC
 Password Last Set: <never>
 Account Expires:  2020-01-28 13:20:17 PM
 Primary Group ID: 135
 AllowedToDelegateTo: server_1/coumputer_a
 Old UAC Value:  0C346A4
 New UAC Value:  A7C6656
 User Account Control: SERVER_TRUST_ACCOUNT - Enabled
 User Parameters: <value changed, but not displayed>
 SID History:  Domain_a/aaa
 Logon Hours:  All

Additional Information:
 Privileges:  -

