01/28/2020 01:19:21 PM
LogName=Security
SourceName=Microsoft Windows security auditing.
EventCode=4688
EventType=0
Type=Information
ComputerName=$SPLUNK_HOME/etc/apps/Splunk_TA_windows/samples/hostname.sample
TaskCategory=Process Creation
OpCode=Info
RecordNumber=399328890
Keywords=Audit Success
Message=A new process has been created.
Subject:
	Security ID:		Domain_C\user_i
	Account Name:		user_i
	Account Domain:		Domain_C
	Logon ID:		0x5F25
Process Information:
	New Process ID:		0x1EE9
	New Process Name:	C:\Windows\System32\example_g.exe
	Token Elevation Type:	TokenElevationTypeDefault (1)
	Creator Process ID:	0x8B34
Token Elevation Type indicates the type of token that was assigned to the new process in accordance with User Account Control policy.
Type 1 is a full token with no privileges removed or groups disabled.  A full token is only used if User Account Control is disabled or if the User is the built-in Administrator account or a service account.
Type 2 is an elevated token with no privileges removed or groups disabled.  An elevated token is used when User Account Control is enabled and the User chooses to start the program using Run as administrator.  An elevated token is also used when an application is configured to always require administrative privilege or to always require maximum privilege, and the User is a member of the Administrators group.
Type 3 is a limited token with administrative privileges removed and administrative groups disabled.  The limited token is used when User Account Control is enabled, the application does not require administrative privilege, and the User does not choose to start the program using Run as administrator.

01/28/2020 01:19:21 PM
LogName=Security
SourceName=Microsoft Windows security auditing.
EventCode=4717
EventType=0
Type=Information
ComputerName=HOST-004
TaskCategory=Authentication Policy Change
OpCode=Info
RecordNumber=503572658
Keywords=Audit Success
Message=System security access was granted to an account.

Subject:
	Security ID:		Domain_A\SYSTEM
	Account Name:		HOST-004
	Account Domain:		Domain_A
	Logon ID:		0x46BA

Account Modified:
	Account Name:		Domain_A\user_m

Access Granted:
	Access Right:		SeNetworkLogonRight

01/28/2020 01:19:21 PM
LogName=Security
SourceName=Microsoft Windows security auditing.
EventCode=4776
EventType=0
Type=Information
ComputerName=PROD-MFS-004
TaskCategory=Credential Validation
OpCode=Info
RecordNumber=106943455
Keywords=Audit Success
Message=The computer attempted to validate the credentials for an account.
Authentication Package: MICROSOFT_AUTHENTICATION_PACKAGE_V1_0
Logon Account: user_l
Source Workstation: PROD-MFS-004
Error Code: 0x0

01/28/2020 01:19:21 PM
LogName=Security
SourceName=Microsoft Windows security auditing.
EventCode=4718
EventType=0
Type=Information
ComputerName=PROD-MFS-004
TaskCategory=Authentication Policy Change
OpCode=Info
RecordNumber=664748178
Keywords=Audit Success
Message=System security access was removed from an account.

Subject:
	Security ID:		Domain_E\SYSTEM
	Account Name:		PROD-MFS-004
	Account Domain:		Domain_E
	Logon ID:		0x0452

Account Modified:
	Account Name:		Domain_E\user_e

Access Removed:
	Access Right:		SeServiceLogonRight

01/28/2020 01:19:21 PM
LogName=Security
SourceName=Microsoft Windows security auditing.
EventCode=4743
EventType=0
Type=Information
ComputerName=PROD-MFS-002
TaskCategory=Computer Account Management
OpCode=Info
RecordNumber=743497880
Keywords=Audit Success
Message=A computer account was deleted.

Subject:
	Security ID:		Domain_E\user_l
	Account Name:		user_l
	Account Domain:		Domain_E
	Logon ID:		0xAB37

Target Computer:
	Security ID:		Domain_E\user_f
	Account Name:		user_f
	Account Domain:		Domain_E

Additional Information:
	Privileges:	-

01/28/2020 01:19:21 PM 
LogName=Security 
SourceName=Microsoft Windows security auditing.
EventCode=4740 
EventType=0 
Type=Information
ComputerName=HOST-004 
TaskCategory=User Account Management
OpCode=Info 
RecordNumber=591258473
Keywords=Audit Success
Message=A user account was locked out. 
Subject: 
	Security ID: Domain_B\user_e 
	Account Name: user_e
	Account Domain: Domain_B
	Logon ID: 0x0452
Account That Was Locked Out: 
	Security ID: Domain_B\user_i 
	Account Name: user_i
Additional Information: 
	Caller Computer Name: HOST-004

01/28/2020 01:19:20 PM
LogName=Security
SourceName=Microsoft Windows security auditing.
EventCode=4689
EventType=0
Type=Information
ComputerName=ACME-005
TaskCategory=Process Termination
OpCode=Info
RecordNumber=83724373
Keywords=Audit Success
Message=A process has exited.

Subject:
	Security ID:		Domain_A\user_g
	Account Name:		user_g
	Account Domain:		Domain_A
	Logon ID:		0xEB5F

Process Information:
	Process ID:	0xAB98
	Process Name:	C:\Windows\System32\example_b.exe
	Exit Status:	0x883928

01/28/2020 01:19:20 PM
LogName=Security
SourceName=Microsoft Windows security auditing.
EventCode=4726
EventType=0
Type=Information
ComputerName=SE-006
TaskCategory=User Account Management
OpCode=Info
RecordNumber=193845596
Keywords=Audit Success
Message=A user account was deleted.

Subject:
	Security ID:		Domain_D\user_c
	Account Name:		user_c
	Account Domain:		Domain_D
	Logon ID:		0x5FC9

Target Account:
	Security ID:		Domain_D\user_i
	Account Name:		user_i
	Account Domain:		Domain_D

Additional Information:
	Privileges	-

01/28/2020 01:19:20 PM
LogName=Security
SourceName=Microsoft Windows security auditing.
EventCode=4672
EventType=0
Type=Information
ComputerName=PROD-MFS-002
TaskCategory=Special Logon
OpCode=Info
RecordNumber=855349722
Keywords=Audit Success
Message=Special privileges assigned to new logon.
Subject:
	Security ID:		Domain_E\user_m
	Account Name:		user_m
	Account Domain:		Domain_E
	Logon ID:		0x46BA
Privileges:	SeSecurityPrivilege
			SeTakeOwnershipPrivilege
			SeLoadDriverPrivilege
			SeBackupPrivilege
			SeRestorePrivilege
			SeDebugPrivilege
			SeSystemEnvironmentPrivilege
			SeImpersonatePrivilege

01/28/2020 01:19:20 PM
LogName=Security
SourceName=Microsoft Windows security auditing.
EventCode=4739
EventType=0
Type=Information
ComputerName=PROD-POS-002
TaskCategory=Authentication Policy Change
OpCode=Info
RecordNumber=143484774
Keywords=Audit Success
Message=Domain Policy was changed.

Change Type:		Password Policy modified

Subject:
	Security ID:  Domain_D\user_e
	Account Name:  user_e
	Account Domain:  Domain_D
	Logon ID:  0x0452

Domain:
	Domain Name:		Domain_D
	Domain ID:		Domain_D\

Changed Attributes:
	Min. Password Age:	-
	Max. Password Age:	-
	Force Logoff:		-
	Lockout Threshold:	-
	Lockout Observation Window:	-
	Lockout Duration:	-
	Password Properties:	-
	Min. Password Length:	6
	Password History Length:	23
	Machine Account Quota:	-
	Mixed Domain Mode:	-
	Domain Behavior Version:	-
	OEM Information:	-

Additional Information:
	Privileges:		-

01/28/2020 01:19:20 PM
LogName=Security
SourceName=Microsoft Windows security auditing.
EventCode=4720
EventType=0
Type=Information
ComputerName=ACME-006
TaskCategory=User Account Management
OpCode=Info
RecordNumber=313993665
Keywords=Audit Success
Message=A User account was created. 
Subject: 
	Security ID: Domain_B\user_m
	Account Name: user_m
	Account Domain: Domain_B
	Logon ID: 0x46BA
New Account: 
	Security ID: Domain_B\user_f
	Account Name: user_f
	Account Domain: Domain_B
Attributes: 
	SAM Account Name: user_h
	Display Name: <value not set>
	User Principal Name: eee@AAA.local
	Home Directory: \a
	Home Drive: D:
	Script Path: \a\b
	Profile Path: \a\b
	User Workstations: BBB
	Password Last Set: 2020-01-28 13:19:20 PM
	Account Expires: 2020-01-28 13:19:20 PM
	Primary Group ID: 484
	Allowed To Delegate To: -
	Old UAC Value: 226E2FB
	New UAC Value: F997068
	User Account Control: TRUSTED_FOR_DELEGATION - Disabled
	User Parameters: <value changed, but not displayed>
	SID History: Domain_b/bbb
	Logon Hours: All
Additional Information:
	Privileges -

01/28/2020 01:19:20 PM
LogName=Security
SourceName=Microsoft Windows security auditing.
EventCode=4718
EventType=0
Type=Information
ComputerName=SE-003
TaskCategory=Authentication Policy Change
OpCode=Info
RecordNumber=899722362
Keywords=Audit Success
Message=System security access was removed from an account.

Subject:
	Security ID:		Domain_B\SYSTEM
	Account Name:		SE-003
	Account Domain:		Domain_B
	Logon ID:		0x0452

Account Modified:
	Account Name:		Domain_B\user_e

Access Removed:
	Access Right:		SeRemoteInteractiveLogonRight

01/28/2020 01:19:20 PM
LogName=Security
SourceName=Microsoft Windows security auditing.
EventCode=4724
EventType=0
Type=Information
ComputerName=ops-sys-006
TaskCategory=User Account Management
OpCode=Info
RecordNumber=663681313
Keywords=Audit Failure
Message=An attempt was made to reset an account's password.
Subject:
	Security ID:  Domain_C\user_h
	Account Name:  user_h
	Account Domain:  Domain_C
	Logon ID:  0xA19C
Target Account:
	Security ID:  Domain_C\user_i
	Account Name:  user_i
	Account Domain:  Domain_C

01/28/2020 01:19:20 PM
LogName=Security
SourceName=Microsoft Windows security auditing.
EventCode=4776
EventType=0
Type=Information
ComputerName=SE-005
TaskCategory=Credential Validation
OpCode=Info
RecordNumber=234650987
Keywords=Failure Audit
Message=The computer attempted to validate the credentials for an account.
Authentication Package: MICROSOFT_AUTHENTICATION_PACKAGE_V1_0
Logon Account: user_m
Source Workstation: SE-005
Error Code: 0xC000006D

01/28/2020 01:19:20 PM
LogName=Security
SourceName=Microsoft Windows security auditing.
EventCode=4720
EventType=0
Type=Information
ComputerName=COREDEV-004
TaskCategory=User Account Management
OpCode=Info
RecordNumber=707748122
Keywords=Audit Success
Message=A User account was created. 
Subject: 
	Security ID: Domain_D\user_c
	Account Name: user_c
	Account Domain: Domain_D
	Logon ID: 0x5FC9
New Account: 
	Security ID: Domain_D\user_l
	Account Name: user_l
	Account Domain: Domain_D
Attributes: 
	SAM Account Name: user_h
	Display Name: <value not set>
	User Principal Name: aaa@AAA.local
	Home Directory: \f
	Home Drive: <value not set>
	Script Path: \a\e
	Profile Path: \a\e
	User Workstations: <value not set>
	Password Last Set: 2020-01-28 13:19:20 PM
	Account Expires: <never>
	Primary Group ID: 17
	Allowed To Delegate To: server_1/coumputer_a
	Old UAC Value: B93E00D
	New UAC Value: 9AFA1A2
	User Account Control: INTERDOMAIN_TRUST_ACCOUNT - Enabled
	User Parameters: <value not set>
	SID History: Domain_a/aaa
	Logon Hours: Tuesday 8:00 PM -Wednesday 10:00 AM
Additional Information:
	Privileges -

01/28/2020 01:19:20 PM
LogName=Security
SourceName=Microsoft Windows security auditing.
EventCode=4743
EventType=0
Type=Information
ComputerName=BUSDEV-001
TaskCategory=Computer Account Management
OpCode=Info
RecordNumber=922126102
Keywords=Audit Success
Message=A computer account was deleted.

Subject:
	Security ID:		Domain_C\user_i
	Account Name:		user_i
	Account Domain:		Domain_C
	Logon ID:		0x5F25

Target Computer:
	Security ID:		Domain_C\user_l
	Account Name:		user_l
	Account Domain:		Domain_C

Additional Information:
	Privileges:	SeDebugPrivilege

01/28/2020 01:19:20 PM
LogName=Security
SourceName=Microsoft Windows security auditing.
EventCode=4672
EventType=0
Type=Information
ComputerName=ACME-004
TaskCategory=Special Logon
OpCode=Info
RecordNumber=192225111
Keywords=Audit Success
Message=Special privileges assigned to new logon.
Subject:
	Security ID:		Domain_D\user_j
	Account Name:		user_j
	Account Domain:		Domain_D
	Logon ID:		0xB111
Privileges:	SeSecurityPrivilege
			SeTakeOwnershipPrivilege
			SeLoadDriverPrivilege
			SeBackupPrivilege
			SeRestorePrivilege
			SeDebugPrivilege
			SeSystemEnvironmentPrivilege
			SeImpersonatePrivilege

01/28/2020 01:19:19 PM
LogName=Security
SourceName=Microsoft-Windows-Eventlog
EventCode=1102
EventType=4
Type=Information
ComputerName=ops-sys-005
TaskCategory=Log clear
OpCode=Info
RecordNumber=844985449
Keywords=Audit Success
Message=The audit log was cleared.
Subject:
	Security ID:		Domain_D\user_j
	Account Name:		user_j
	Account Domain:		Domain_D
	Logon ID:		0xB111

01/28/2020 01:19:19 PM
LogName=Security
SourceName=Microsoft Windows security auditing.
EventCode=4743
EventType=0
Type=Information
ComputerName=ACME-006
TaskCategory=Computer Account Management
OpCode=Info
RecordNumber=373487736
Keywords=Audit Success
Message=A computer account was deleted.

Subject:
	Security ID:		Domain_B\user_c
	Account Name:		user_c
	Account Domain:		Domain_B
	Logon ID:		0x5FC9

Target Computer:
	Security ID:		Domain_B\user_a
	Account Name:		user_a
	Account Domain:		Domain_B

Additional Information:
	Privileges:	-

01/28/2020 01:19:19 PM
LogName=Security
SourceName=Microsoft Windows security auditing.
EventCode=4689
EventType=0
Type=Information
ComputerName=HOST-002
TaskCategory=Process Termination
OpCode=Info
RecordNumber=832217262
Keywords=Audit Success
Message=A process has exited.

Subject:
	Security ID:		Domain_A\user_b
	Account Name:		user_b
	Account Domain:		Domain_A
	Logon ID:		0x3A81

Process Information:
	Process ID:	0xC808
	Process Name:	C:\Windows\System32\example_d.exe
	Exit Status:	0x3D8BA9

01/28/2020 01:19:19 PM
LogName=Security
SourceName=Microsoft Windows security auditing.
EventCode=4717
EventType=0
Type=Information
ComputerName=ops-sys-001
TaskCategory=Authentication Policy Change
OpCode=Info
RecordNumber=742841824
Keywords=Audit Success
Message=System security access was granted to an account.

Subject:
	Security ID:		Domain_A\SYSTEM
	Account Name:		ops-sys-001
	Account Domain:		Domain_A
	Logon ID:		0xAB37

Account Modified:
	Account Name:		Domain_A\user_l

Access Granted:
	Access Right:		SeServiceLogonRight

01/28/2020 01:19:19 PM
LogName=Security
SourceName=Microsoft Windows security auditing.
EventCode=4739
EventType=0
Type=Information
ComputerName=COREDEV-005
TaskCategory=Authentication Policy Change
OpCode=Info
RecordNumber=306285126
Keywords=Audit Success
Message=Domain Policy was changed.

Change Type:		Password Policy modified

Subject:
	Security ID:  Domain_D\user_m
	Account Name:  user_m
	Account Domain:  Domain_D
	Logon ID:  0x46BA

Domain:
	Domain Name:		Domain_D
	Domain ID:		Domain_D\

Changed Attributes:
	Min. Password Age:	-
	Max. Password Age:	-
	Force Logoff:		-
	Lockout Threshold:	-
	Lockout Observation Window:	-
	Lockout Duration:	-
	Password Properties:	-
	Min. Password Length:	6
	Password History Length:	23
	Machine Account Quota:	-
	Mixed Domain Mode:	-
	Domain Behavior Version:	-
	OEM Information:	-

Additional Information:
	Privileges:		-

01/28/2020 01:19:19 PM
LogName=Security
SourceName= Microsoft Windows security auditing.
EventCode=4624
EventType=0
Type=Information
ComputerName=HOST-005
TaskCategory=Logon
OpCode=Info
RecordNumber=473475695
Keywords=Audit Success
Message=An account was successfully logged on.

Subject:
 Security ID:  Domain_A\SYSTEM
 Account Name:  HOST-005
 Account Domain:  Domain_A
 Logon ID:  0x70E4

Logon Information:
 Logon Type:  5
 Restricted Admin Mode: Yes
 Virtual Account:  Yes
 Elevated Token:  No

Impersonation Level:  Delegation

New Logon:
 Security ID:  Domain_A\user_b
 Account Name:  user_b
 Account Domain:  Domain_A
 Logon ID:  0x3A81
 Linked Logon ID:  B885
 Network Account Name: user_f
 Network Account Domain: Domain_A
 Logon GUID:  {0887F1E4-39EA-D53C-804F-31D568A06274}

Process Information:
 Process ID:  0x52A6
 Process Name:  C:\Windows\System32\example_g.exe

Network Information:
 Workstation Name: HOST-005
 Source Network Address: 114.112.36.82
 Source Port:  5295

Detailed Authentication Information:
 Logon Process:  User32 
 Authentication Package: Negotiate
 Transited Services: service_D
 Package Name (NTLM only): -
 Key Length:  0

This event is generated when a logon session is created. It is generated on the computer that was accessed.

The subject fields indicate the account on the local system which requested the logon. This is most commonly a service such as the Server service, or a local process such as 3B409.exe or 3B409.exe.

The logon type field indicates the kind of logon that occurred. The most common types are 2 (interactive) and 3 (network).

The New Logon fields indicate the account for whom the new logon was created, i.e. the account that was logged on.

The network fields indicate where a remote logon request originated. Workstation name is not always available and may be left blank in some cases.

The impersonation level field indicates the extent to which a process in the logon session can impersonate.

The authentication information fields provide detailed information about this specific logon request.
 - Logon GUID is a unique identifier that can be used to correlate this event with a KDC event.
 - Transited services indicate which intermediate services have participated in this logon request.
 - Package name indicates which sub-protocol was used among the NTLM protocols.
 - Key length indicates the length of the generated session key. This will be 0 if no session key was requested.


01/28/2020 01:19:19 PM
LogName=Security
SourceName=Microsoft Windows security auditing.
EventCode=4648
EventType=0
Type=Information
ComputerName=ops-sys-002
TaskCategory=Logon
OpCode=Info
RecordNumber=558402148
Keywords=Audit Success
Message=A logon was attempted using explicit credentials.
Subject:
	Security ID:  Domain_A\SYSTEM
	Account Name:  ops-sys-002
	Account Domain:  Domain_A
	Logon ID:  0x70E4
	Logon GUID:		{00000000-0000-0000-0000-000000000000}
Account Whose Credentials Were Used:
	Account Name:		iTeamRebelde
	Account Domain:		Domain_A
	Logon GUID:		{27C4A2F2-13CA-AA25-E903-D31268740239}
Target Server:
	Target Server Name:	Server_D.com
	Additional Information:	Server_D.com
Process Information:
	Process ID:		1E81
	Process Name:		C:\Windows\System32\example_e.exe
Network Information:
	Network Address:	72.174.20.139
	Port:			30856
This event is generated when a process attempts to log on an account by explicitly specifying that account's credentials. This most commonly occurs in batch-type configurations such as scheduled tasks, or when using the RUNAS command.

01/28/2020 01:19:19 PM
LogName=Security
SourceName=Microsoft Windows security auditing.
EventCode=4648
EventType=0
Type=Information
ComputerName=ACME-003
TaskCategory=Logon
OpCode=Info
RecordNumber=379575137
Keywords=Audit Success
Message=A logon was attempted using explicit credentials.
Subject:
	Security ID:  Domain_C\SYSTEM
	Account Name:  ACME-003
	Account Domain:  Domain_C
	Logon ID:  0x70E4
	Logon GUID:		{0887F1E4-39EA-D53C-804F-31D568A06274}
Account Whose Credentials Were Used:
	Account Name:		SamanaLeanne
	Account Domain:		Domain_C
	Logon GUID:		{221B21A6-1AE2-3F9A-24EF-22C392AC2A47}
Target Server:
	Target Server Name:	Server_A.com
	Additional Information:	Server_A.com
Process Information:
	Process ID:		92B8
	Process Name:		C:\Windows\System32\example_a.exe
Network Information:
	Network Address:	75.19.90.48
	Port:			21779
This event is generated when a process attempts to log on an account by explicitly specifying that account's credentials. This most commonly occurs in batch-type configurations such as scheduled tasks, or when using the RUNAS command.

01/28/2020 01:19:19 PM
LogName=Security
SourceName=Microsoft Windows security auditing.
EventCode=4724
EventType=0
Type=Information
ComputerName=PROD-POS-002
TaskCategory=User Account Management
OpCode=Info
RecordNumber=574478316
Keywords=Audit Success
Message=An attempt was made to reset an account's password.
Subject:
	Security ID:  Domain_C\user_c
	Account Name:  user_c
	Account Domain:  Domain_C
	Logon ID:  0x5FC9
Target Account:
	Security ID:  Domain_C\user_e
	Account Name:  user_e
	Account Domain:  Domain_C

01/28/2020 01:19:18 PM
LogName=Security
SourceName=Microsoft Windows security auditing.
EventCode=4689
EventType=0
Type=Information
ComputerName=BUSDEV-002
TaskCategory=Process Termination
OpCode=Info
RecordNumber=459987145
Keywords=Audit Success
Message=A process has exited.

Subject:
	Security ID:		Domain_C\user_c
	Account Name:		user_c
	Account Domain:		Domain_C
	Logon ID:		0x5FC9

Process Information:
	Process ID:	0x720E
	Process Name:	C:\Windows\System32\example_g.exe
	Exit Status:	0xFCADCD

01/28/2020 01:19:18 PM
LogName=Security
SourceName=Microsoft Windows security auditing.
EventCode=4689
EventType=0
Type=Information
ComputerName=ACME-005
TaskCategory=Process Termination
OpCode=Info
RecordNumber=929704206
Keywords=Audit Success
Message=A process has exited.

Subject:
	Security ID:		Domain_E\user_k
	Account Name:		user_k
	Account Domain:		Domain_E
	Logon ID:		0xBAC3

Process Information:
	Process ID:	0x4D8F
	Process Name:	C:\Windows\System32\example_d.exe
	Exit Status:	0x0565D0

01/28/2020 01:19:18 PM
LogName=Security
SourceName=Microsoft-Windows-Eventlog
EventCode=1102
EventType=4
Type=Information
ComputerName=BUSDEV-008
TaskCategory=Log clear
OpCode=Info
RecordNumber=223050707
Keywords=Audit Success
Message=The audit log was cleared.
Subject:
	Security ID:		Domain_D\user_d
	Account Name:		user_d
	Account Domain:		Domain_D
	Logon ID:		0x3EC3

01/28/2020 01:19:18 PM
LogName=Security
SourceName=Microsoft Windows security auditing.
EventCode=4739
EventType=0
Type=Information
ComputerName=ACME-001
TaskCategory=Authentication Policy Change
OpCode=Info
RecordNumber=533160831
Keywords=Audit Success
Message=Domain Policy was changed.

Change Type:		Password Policy modified

Subject:
	Security ID:  Domain_C\user_j
	Account Name:  user_j
	Account Domain:  Domain_C
	Logon ID:  0xB111

Domain:
	Domain Name:		Domain_C
	Domain ID:		Domain_C\

Changed Attributes:
	Min. Password Age:	-
	Max. Password Age:	-
	Force Logoff:		-
	Lockout Threshold:	-
	Lockout Observation Window:	-
	Lockout Duration:	-
	Password Properties:	-
	Min. Password Length:	6
	Password History Length:	23
	Machine Account Quota:	-
	Mixed Domain Mode:	-
	Domain Behavior Version:	-
	OEM Information:	-

Additional Information:
	Privileges:		-

01/28/2020 01:19:18 PM
LogName=Security
SourceName=Microsoft Windows security auditing.
EventCode=4689
EventType=0
Type=Information
ComputerName=BUSDEV-001
TaskCategory=Process Termination
OpCode=Info
RecordNumber=878186499
Keywords=Audit Success
Message=A process has exited.

Subject:
	Security ID:		Domain_B\user_l
	Account Name:		user_l
	Account Domain:		Domain_B
	Logon ID:		0xAB37

Process Information:
	Process ID:	0xDC93
	Process Name:	C:\Windows\System32\example_f.exe
	Exit Status:	0x18D43F

01/28/2020 01:19:18 PM
LogName=Security
SourceName=Microsoft Windows security auditing.
EventCode=4689
EventType=0
Type=Information
ComputerName=ACME-005
TaskCategory=Process Termination
OpCode=Info
RecordNumber=438586151
Keywords=Audit Success
Message=A process has exited.

Subject:
	Security ID:		Domain_D\user_c
	Account Name:		user_c
	Account Domain:		Domain_D
	Logon ID:		0x5FC9

Process Information:
	Process ID:	0x8FF9
	Process Name:	C:\Windows\System32\example_g.exe
	Exit Status:	0x293559

01/28/2020 01:19:18 PM
LogName=Security
SourceName=Microsoft Windows security auditing.
EventCode=4689
EventType=0
Type=Information
ComputerName=ops-sys-003
TaskCategory=Process Termination
OpCode=Info
RecordNumber=244938152
Keywords=Audit Success
Message=A process has exited.

Subject:
	Security ID:		Domain_C\user_f
	Account Name:		user_f
	Account Domain:		Domain_C
	Logon ID:		0xA369

Process Information:
	Process ID:	0x9EE4
	Process Name:	C:\Windows\System32\example_g.exe
	Exit Status:	0xAA2769

01/28/2020 01:19:18 PM
LogName=Security
SourceName=Microsoft Windows security auditing.
EventCode=4688
EventType=0
Type=Information
ComputerName=$SPLUNK_HOME/etc/apps/Splunk_TA_windows/samples/hostname.sample
TaskCategory=Process Creation
OpCode=Info
RecordNumber=456727230
Keywords=Audit Success
Message=A new process has been created.
Subject:
	Security ID:		Domain_C\user_e
	Account Name:		user_e
	Account Domain:		Domain_C
	Logon ID:		0x0452
Process Information:
	New Process ID:		0xC616
	New Process Name:	C:\Windows\System32\example_f.exe
	Token Elevation Type:	TokenElevationTypeFull (2)
	Creator Process ID:	0xCAE2
Token Elevation Type indicates the type of token that was assigned to the new process in accordance with User Account Control policy.
Type 1 is a full token with no privileges removed or groups disabled.  A full token is only used if User Account Control is disabled or if the User is the built-in Administrator account or a service account.
Type 2 is an elevated token with no privileges removed or groups disabled.  An elevated token is used when User Account Control is enabled and the User chooses to start the program using Run as administrator.  An elevated token is also used when an application is configured to always require administrative privilege or to always require maximum privilege, and the User is a member of the Administrators group.
Type 3 is a limited token with administrative privileges removed and administrative groups disabled.  The limited token is used when User Account Control is enabled, the application does not require administrative privilege, and the User does not choose to start the program using Run as administrator.

01/28/2020 01:19:18 PM
LogName=Security
SourceName=Microsoft Windows security auditing.
EventCode=4739
EventType=0
Type=Information
ComputerName=PROD-POS-002
TaskCategory=Authentication Policy Change
OpCode=Info
RecordNumber=56704802
Keywords=Audit Success
Message=Domain Policy was changed.

Change Type:		Password Policy modified

Subject:
	Security ID:  Domain_D\user_a
	Account Name:  user_a
	Account Domain:  Domain_D
	Logon ID:  0x6C10

Domain:
	Domain Name:		Domain_D
	Domain ID:		Domain_D\

Changed Attributes:
	Min. Password Age:	-
	Max. Password Age:	-
	Force Logoff:		-
	Lockout Threshold:	-
	Lockout Observation Window:	-
	Lockout Duration:	-
	Password Properties:	-
	Min. Password Length:	6
	Password History Length:	23
	Machine Account Quota:	-
	Mixed Domain Mode:	-
	Domain Behavior Version:	-
	OEM Information:	-

Additional Information:
	Privileges:		-

01/28/2020 01:19:18 PM
LogName=Security
SourceName=Microsoft Windows security auditing.
EventCode=4739
EventType=0
Type=Information
ComputerName=HOST-005
TaskCategory=Authentication Policy Change
OpCode=Info
RecordNumber=800277987
Keywords=Audit Success
Message=Domain Policy was changed.

Change Type:		Password Policy modified

Subject:
	Security ID:  Domain_E\user_h
	Account Name:  user_h
	Account Domain:  Domain_E
	Logon ID:  0xA19C

Domain:
	Domain Name:		Domain_E
	Domain ID:		Domain_E\

Changed Attributes:
	Min. Password Age:	-
	Max. Password Age:	-
	Force Logoff:		-
	Lockout Threshold:	-
	Lockout Observation Window:	-
	Lockout Duration:	-
	Password Properties:	-
	Min. Password Length:	6
	Password History Length:	23
	Machine Account Quota:	-
	Mixed Domain Mode:	-
	Domain Behavior Version:	-
	OEM Information:	-

Additional Information:
	Privileges:		-

01/28/2020 01:19:17 PM
LogName=Security
SourceName=Microsoft Windows security auditing.
EventCode=4726
EventType=0
Type=Information
ComputerName=BUSDEV-002
TaskCategory=User Account Management
OpCode=Info
RecordNumber=125321797
Keywords=Audit Success
Message=A user account was deleted.

Subject:
	Security ID:		Domain_A\user_j
	Account Name:		user_j
	Account Domain:		Domain_A
	Logon ID:		0xB111

Target Account:
	Security ID:		Domain_A\user_g
	Account Name:		user_g
	Account Domain:		Domain_A

Additional Information:
	Privileges	-

01/28/2020 01:19:17 PM
LogName=Security
SourceName=Microsoft Windows security auditing.
EventCode=4739
EventType=0
Type=Information
ComputerName=PROD-POS-006
TaskCategory=Authentication Policy Change
OpCode=Info
RecordNumber=593951502
Keywords=Audit Success
Message=Domain Policy was changed.

Change Type:		Password Policy modified

Subject:
	Security ID:  Domain_C\user_i
	Account Name:  user_i
	Account Domain:  Domain_C
	Logon ID:  0x5F25

Domain:
	Domain Name:		Domain_C
	Domain ID:		Domain_C\

Changed Attributes:
	Min. Password Age:	-
	Max. Password Age:	-
	Force Logoff:		-
	Lockout Threshold:	-
	Lockout Observation Window:	-
	Lockout Duration:	-
	Password Properties:	-
	Min. Password Length:	6
	Password History Length:	23
	Machine Account Quota:	-
	Mixed Domain Mode:	-
	Domain Behavior Version:	-
	OEM Information:	-

Additional Information:
	Privileges:		-

01/28/2020 01:19:17 PM
LogName=Security
SourceName=Microsoft Windows security auditing.
EventCode=4776
EventType=0
Type=Information
ComputerName=BUSDEV-003
TaskCategory=Credential Validation
OpCode=Info
RecordNumber=902028825
Keywords=Failure Audit
Message=The computer attempted to validate the credentials for an account.
Authentication Package: MICROSOFT_AUTHENTICATION_PACKAGE_V1_0
Logon Account: user_j
Source Workstation: BUSDEV-003
Error Code: 0xC0000064

01/28/2020 01:19:17 PM
LogName=Security
SourceName=Microsoft Windows security auditing.
EventCode=4648
EventType=0
Type=Information
ComputerName=PROD-MFS-002
TaskCategory=Logon
OpCode=Info
RecordNumber=394900560
Keywords=Audit Success
Message=A logon was attempted using explicit credentials.
Subject:
	Security ID:  Domain_E\SYSTEM
	Account Name:  PROD-MFS-002
	Account Domain:  Domain_E
	Logon ID:  0x70E4
	Logon GUID:		{00000000-0000-0000-0000-000000000000}
Account Whose Credentials Were Used:
	Account Name:		Lidipitoko
	Account Domain:		Domain_E
	Logon GUID:		{27C4A2F2-13CA-AA25-E903-D31268740239}
Target Server:
	Target Server Name:	Server_A.com
	Additional Information:	Server_A.com
Process Information:
	Process ID:		A89C
	Process Name:		C:\Windows\System32\example_g.exe
Network Information:
	Network Address:	-
	Port:			37909
This event is generated when a process attempts to log on an account by explicitly specifying that account's credentials. This most commonly occurs in batch-type configurations such as scheduled tasks, or when using the RUNAS command.

01/28/2020 01:19:17 PM
LogName=Security
SourceName=Microsoft Windows security auditing.
EventCode=4776
EventType=0
Type=Information
ComputerName=PROD-POS-005
TaskCategory=Credential Validation
OpCode=Info
RecordNumber=638688800
Keywords=Failure Audit
Message=The computer attempted to validate the credentials for an account.
Authentication Package: MICROSOFT_AUTHENTICATION_PACKAGE_V1_0
Logon Account: user_j
Source Workstation: PROD-POS-005
Error Code: 0xC000006D

01/28/2020 01:19:17 PM
LogName=Security
SourceName=Microsoft Windows security auditing.
EventCode=4726
EventType=0
Type=Information
ComputerName=ops-sys-002
TaskCategory=User Account Management
OpCode=Info
RecordNumber=595114877
Keywords=Audit Success
Message=A user account was deleted.

Subject:
	Security ID:		Domain_A\user_i
	Account Name:		user_i
	Account Domain:		Domain_A
	Logon ID:		0x5F25

Target Account:
	Security ID:		Domain_A\user_k
	Account Name:		user_k
	Account Domain:		Domain_A

Additional Information:
	Privileges	SeBackupPrivilege

01/28/2020 01:19:17 PM
LogName=Security
SourceName=Microsoft Windows security auditing.
EventCode=4724
EventType=0
Type=Information
ComputerName=PROD-MFS-006
TaskCategory=User Account Management
OpCode=Info
RecordNumber=199167711
Keywords=Audit Success
Message=An attempt was made to reset an account's password.
Subject:
	Security ID:  Domain_B\user_k
	Account Name:  user_k
	Account Domain:  Domain_B
	Logon ID:  0xBAC3
Target Account:
	Security ID:  Domain_B\user_j
	Account Name:  user_j
	Account Domain:  Domain_B

01/28/2020 01:19:17 PM
LogName=Security
SourceName=Microsoft Windows security auditing.
EventCode=4743
EventType=0
Type=Information
ComputerName=HOST-005
TaskCategory=Computer Account Management
OpCode=Info
RecordNumber=851769928
Keywords=Audit Success
Message=A computer account was deleted.

Subject:
	Security ID:		Domain_E\user_a
	Account Name:		user_a
	Account Domain:		Domain_E
	Logon ID:		0x6C10

Target Computer:
	Security ID:		Domain_E\user_m
	Account Name:		user_m
	Account Domain:		Domain_E

Additional Information:
	Privileges:	-

01/28/2020 01:19:17 PM
LogName=Security
SourceName=Microsoft-Windows-Eventlog
EventCode=1102
EventType=4
Type=Information
ComputerName=PROD-MFS-006
TaskCategory=Log clear
OpCode=Info
RecordNumber=58911780
Keywords=Audit Success
Message=The audit log was cleared.
Subject:
	Security ID:		Domain_A\user_g
	Account Name:		user_g
	Account Domain:		Domain_A
	Logon ID:		0xEB5F

01/28/2020 01:19:17 PM
LogName=Security
SourceName=Microsoft Windows security auditing.
EventCode=5058
EventType=Information
Type=Information
ComputerName=PROD-POS-004
TaskCategory=Authentication Policy Change
OpCode=Info
RecordNumber=152188937
Keywords=Audit Success
Message=Key file operation.

Subject:
	Security ID:		NONE
	Account Name:		ABCDE
	Account Domain:		WINDOWS
	Logon ID:		0x894
Cryptographic Parameters:
	Provider Name:	Microsoft Software Key Storage Provider
	Algorithm Name:	UNKNOWN
	Key Name:	56BCAC94-3092-3092-3092-4CDAA3C26E28
	Key Type: User key.

Key File Operation Information:
	File Path:	win\directory\directory2\FFA68579BA414AB8EB72EB3367EB0579_56BCAC94-3092-3092-3092-4CDAA3C26E28
	Operation:	Read persisted key from file.
	Return Code:	0x9


01/28/2020 01:19:16 PM
LogName=Security
SourceName=Microsoft Windows security auditing.
EventCode=4739
EventType=0
Type=Information
ComputerName=SE-006
TaskCategory=Authentication Policy Change
OpCode=Info
RecordNumber=729474366
Keywords=Audit Success
Message=Domain Policy was changed.

Change Type:		Password Policy modified

Subject:
	Security ID:  Domain_B\user_l
	Account Name:  user_l
	Account Domain:  Domain_B
	Logon ID:  0xAB37

Domain:
	Domain Name:		Domain_B
	Domain ID:		Domain_B\

Changed Attributes:
	Min. Password Age:	-
	Max. Password Age:	-
	Force Logoff:		-
	Lockout Threshold:	-
	Lockout Observation Window:	-
	Lockout Duration:	-
	Password Properties:	-
	Min. Password Length:	6
	Password History Length:	23
	Machine Account Quota:	-
	Mixed Domain Mode:	-
	Domain Behavior Version:	-
	OEM Information:	-

Additional Information:
	Privileges:		-

01/28/2020 01:19:16 PM
LogName=Security
SourceName=Microsoft Windows security auditing.
EventCode=4717
EventType=0
Type=Information
ComputerName=PROD-POS-005
TaskCategory=Authentication Policy Change
OpCode=Info
RecordNumber=383122006
Keywords=Audit Success
Message=System security access was granted to an account.

Subject:
	Security ID:		Domain_E\SYSTEM
	Account Name:		PROD-POS-005
	Account Domain:		Domain_E
	Logon ID:		0x5FC9

Account Modified:
	Account Name:		Domain_E\user_c

Access Granted:
	Access Right:		SeNetworkLogonRight

01/28/2020 01:19:16 PM
LogName=Security
SourceName= Microsoft Windows security auditing.
EventCode=4624
EventType=0
Type=Information
ComputerName=COREDEV-003
TaskCategory=Logon
OpCode=Info
RecordNumber=888186464
Keywords=Audit Success
Message=An account was successfully logged on.

Subject:
 Security ID:  Domain_C\SYSTEM
 Account Name:  COREDEV-003
 Account Domain:  Domain_C
 Logon ID:  0x70E4

Logon Information:
 Logon Type:  2
 Restricted Admin Mode: -
 Virtual Account:  No
 Elevated Token:  No

Impersonation Level:  Identification

New Logon:
 Security ID:  Domain_C\user_n
 Account Name:  user_n
 Account Domain:  Domain_C
 Logon ID:  0x4D76
 Linked Logon ID:  F2BF
 Network Account Name: user_n
 Network Account Domain: Domain_A
 Logon GUID:  {0887F1E4-39EA-D53C-804F-31D568A06274}

Process Information:
 Process ID:  0xB63E
 Process Name:  C:\Windows\System32\example_d.exe

Network Information:
 Workstation Name: COREDEV-003
 Source Network Address: 18.91.67.246
 Source Port:  33268

Detailed Authentication Information:
 Logon Process:  Winlogon 
 Authentication Package: Negotiate
 Transited Services: service_B
 Package Name (NTLM only): -
 Key Length:  0

This event is generated when a logon session is created. It is generated on the computer that was accessed.

The subject fields indicate the account on the local system which requested the logon. This is most commonly a service such as the Server service, or a local process such as 41F2E.exe or 41F2E.exe.

The logon type field indicates the kind of logon that occurred. The most common types are 2 (interactive) and 3 (network).

The New Logon fields indicate the account for whom the new logon was created, i.e. the account that was logged on.

The network fields indicate where a remote logon request originated. Workstation name is not always available and may be left blank in some cases.

The impersonation level field indicates the extent to which a process in the logon session can impersonate.

The authentication information fields provide detailed information about this specific logon request.
 - Logon GUID is a unique identifier that can be used to correlate this event with a KDC event.
 - Transited services indicate which intermediate services have participated in this logon request.
 - Package name indicates which sub-protocol was used among the NTLM protocols.
 - Key length indicates the length of the generated session key. This will be 0 if no session key was requested.


01/28/2020 01:19:16 PM
LogName=Security
SourceName=Microsoft Windows security auditing.
EventCode=4672
EventType=0
Type=Information
ComputerName=ACME-006
TaskCategory=Special Logon
OpCode=Info
RecordNumber=383277233
Keywords=Audit Success
Message=Special privileges assigned to new logon.
Subject:
	Security ID:		Domain_E\user_j
	Account Name:		user_j
	Account Domain:		Domain_E
	Logon ID:		0xB111
Privileges:	SeSecurityPrivilege
			SeTakeOwnershipPrivilege
			SeLoadDriverPrivilege
			SeBackupPrivilege
			SeRestorePrivilege
			SeDebugPrivilege
			SeSystemEnvironmentPrivilege
			SeImpersonatePrivilege

01/28/2020 01:19:16 PM
LogName=Security
SourceName=Microsoft Windows security auditing.
EventCode=4720
EventType=0
Type=Information
ComputerName=PROD-POS-003
TaskCategory=User Account Management
OpCode=Info
RecordNumber=233876888
Keywords=Audit Success
Message=A User account was created. 
Subject: 
	Security ID: Domain_D\user_f
	Account Name: user_f
	Account Domain: Domain_D
	Logon ID: 0xA369
New Account: 
	Security ID: Domain_D\user_i
	Account Name: user_i
	Account Domain: Domain_D
Attributes: 
	SAM Account Name: user_l
	Display Name: <value not set>
	User Principal Name: aaa@AAA.local
	Home Directory: \a\g
	Home Drive: E:
	Script Path: \a\g
	Profile Path: \a\b\c
	User Workstations: CCC
	Password Last Set: 2020-01-28 13:19:16 PM
	Account Expires: 2020-01-28 13:19:16 PM
	Primary Group ID: 617
	Allowed To Delegate To: server_1/coumputer_a
	Old UAC Value: 9D37B74
	New UAC Value: EC0238C
	User Account Control: PASSWORD_EXPIRED - Enabled
	User Parameters: <value changed, but not displayed>
	SID History: -
	Logon Hours: Tuesday 8:00 PM -Wednesday 10:00 AM
Additional Information:
	Privileges -

01/28/2020 01:19:16 PM
LogName=Security
SourceName=Microsoft Windows security auditing.
EventCode=4738
EventType=0
Type=Information
ComputerName=HOST-005
TaskCategory=User Account Management
OpCode=Info
RecordNumber=385687584
Keywords=Audit Success
Message=A User account was changed.

Subject:
 Security ID:  Domain_B\user_m
 Account Name:  user_m
 Account Domain:  Domain_B
 Logon ID:  0x46BA

Target Account:
 Security ID:  Domain_B\user_d
 Account Name:  user_d
 Account Domain:  Domain_B

Changed Attributes:
 SAM Account Name: user_l
 Display Name:  aaa
 User Principal Name: aaa@AAA.local
 Home Directory:  \a\g
 Home Drive:  D:
 Script Path:  \a\g
 Profile Path:  \a
 User Workstations: BBB
 Password Last Set: <never>
 Account Expires:  <never>
 Primary Group ID: 128
 AllowedToDelegateTo: -
 Old UAC Value:  B5D08AD
 New UAC Value:  7A6093C
 User Account Control: LOCKOUT - Disabled
 User Parameters: <value not set>
 SID History:  Domain_a/aaa
 Logon Hours:  All

Additional Information:
 Privileges:  SeBackupPrivilege

01/28/2020 01:19:16 PM
LogName=Security
SourceName=Microsoft Windows security auditing.
EventCode=4648
EventType=0
Type=Information
ComputerName=PROD-POS-004
TaskCategory=Logon
OpCode=Info
RecordNumber=206952663
Keywords=Audit Success
Message=A logon was attempted using explicit credentials.
Subject:
	Security ID:  Domain_B\SYSTEM
	Account Name:  PROD-POS-004
	Account Domain:  Domain_B
	Logon ID:  0x70E4
	Logon GUID:		{221B21A6-1AE2-3F9A-24EF-22C392AC2A47}
Account Whose Credentials Were Used:
	Account Name:		BlessYaSoul
	Account Domain:		Domain_B
	Logon GUID:		{00000000-0000-0000-0000-000000000000}
Target Server:
	Target Server Name:	dcab.acmbh.com
	Additional Information:	dcab.acmbh.com
Process Information:
	Process ID:		2C86
	Process Name:		C:\Windows\System32\example_a.exe
Network Information:
	Network Address:	55.238.155.81
	Port:			-
This event is generated when a process attempts to log on an account by explicitly specifying that account's credentials. This most commonly occurs in batch-type configurations such as scheduled tasks, or when using the RUNAS command.

01/28/2020 01:19:16 PM
LogName=Security
SourceName=Microsoft Windows security auditing.
EventCode=4718
EventType=0
Type=Information
ComputerName=COREDEV-005
TaskCategory=Authentication Policy Change
OpCode=Info
RecordNumber=433613435
Keywords=Audit Success
Message=System security access was removed from an account.

Subject:
	Security ID:		Domain_C\SYSTEM
	Account Name:		COREDEV-005
	Account Domain:		Domain_C
	Logon ID:		0xEB5F

Account Modified:
	Account Name:		Domain_C\user_g

Access Removed:
	Access Right:		SeRemoteInteractiveLogonRight

01/28/2020 01:19:16 PM
LogName=Security
SourceName= Microsoft Windows security auditing.
EventCode=4624
EventType=0
Type=Information
ComputerName=COREDEV-001
TaskCategory=Logon
OpCode=Info
RecordNumber=754732704
Keywords=Audit Success
Message=An account was successfully logged on.

Subject:
 Security ID:  Domain_B\SYSTEM
 Account Name:  COREDEV-001
 Account Domain:  Domain_B
 Logon ID:  0x70E4

Logon Information:
 Logon Type:  10
 Restricted Admin Mode: Yes
 Virtual Account:  No
 Elevated Token:  No

Impersonation Level:  Delegation

New Logon:
 Security ID:  Domain_B\user_a
 Account Name:  user_a
 Account Domain:  Domain_B
 Logon ID:  0x6C10
 Linked Logon ID:  87AE
 Network Account Name: user_i
 Network Account Domain: Domain_E
 Logon GUID:  {221B21A6-1AE2-3F9A-24EF-22C392AC2A47}

Process Information:
 Process ID:  0x2A18
 Process Name:  C:\Windows\System32\example_c.exe

Network Information:
 Workstation Name: COREDEV-001
 Source Network Address: 32.19.159.241
 Source Port:  6388

Detailed Authentication Information:
 Logon Process:  User32 
 Authentication Package: Kerberos
 Transited Services: service_D
 Package Name (NTLM only): -
 Key Length:  0

This event is generated when a logon session is created. It is generated on the computer that was accessed.

The subject fields indicate the account on the local system which requested the logon. This is most commonly a service such as the Server service, or a local process such as 8A44D.exe or 8A44D.exe.

The logon type field indicates the kind of logon that occurred. The most common types are 2 (interactive) and 3 (network).

The New Logon fields indicate the account for whom the new logon was created, i.e. the account that was logged on.

The network fields indicate where a remote logon request originated. Workstation name is not always available and may be left blank in some cases.

The impersonation level field indicates the extent to which a process in the logon session can impersonate.

The authentication information fields provide detailed information about this specific logon request.
 - Logon GUID is a unique identifier that can be used to correlate this event with a KDC event.
 - Transited services indicate which intermediate services have participated in this logon request.
 - Package name indicates which sub-protocol was used among the NTLM protocols.
 - Key length indicates the length of the generated session key. This will be 0 if no session key was requested.


01/28/2020 01:19:16 PM
LogName=Security
SourceName=Microsoft Windows security auditing.
EventCode=4672
EventType=0
Type=Information
ComputerName=BUSDEV-002
TaskCategory=Special Logon
OpCode=Info
RecordNumber=187402434
Keywords=Audit Success
Message=Special privileges assigned to new logon.
Subject:
	Security ID:		Domain_B\user_k
	Account Name:		user_k
	Account Domain:		Domain_B
	Logon ID:		0xBAC3
Privileges:	SeSecurityPrivilege
			SeTakeOwnershipPrivilege
			SeLoadDriverPrivilege
			SeBackupPrivilege
			SeRestorePrivilege
			SeDebugPrivilege
			SeSystemEnvironmentPrivilege
			SeImpersonatePrivilege

01/28/2020 01:19:16 PM
LogName=Security
SourceName=Microsoft Windows security auditing.
EventCode=4720
EventType=0
Type=Information
ComputerName=BUSDEV-006
TaskCategory=User Account Management
OpCode=Info
RecordNumber=34069192
Keywords=Audit Success
Message=A User account was created. 
Subject: 
	Security ID: Domain_E\user_b
	Account Name: user_b
	Account Domain: Domain_E
	Logon ID: 0x3A81
New Account: 
	Security ID: Domain_E\user_k
	Account Name: user_k
	Account Domain: Domain_E
Attributes: 
	SAM Account Name: user_e
	Display Name: bbb
	User Principal Name: eee@AAA.local
	Home Directory: \a\e
	Home Drive: F:
	Script Path: \a\g
	Profile Path: \f
	User Workstations: AAA
	Password Last Set: 2020-01-28 13:19:16 PM
	Account Expires: 2020-01-28 13:19:16 PM
	Primary Group ID: 988
	Allowed To Delegate To: server_1/coumputer_a
	Old UAC Value: DA5FB72
	New UAC Value: 7902A60
	User Account Control: SMARTCARD_REQUIRED - Disabled
	User Parameters: <value not set>
	SID History: -
	Logon Hours: Monday 2:00 PM -Tuesday 6:00 PM
Additional Information:
	Privileges SeSecurityPrivilege

01/28/2020 01:19:16 PM
LogName=Security
SourceName=Microsoft Windows security auditing.
EventCode=4776
EventType=0
Type=Information
ComputerName=PROD-MFS-006
TaskCategory=Credential Validation
OpCode=Info
RecordNumber=101684637
Keywords=Audit Success
Message=The computer attempted to validate the credentials for an account.
Authentication Package: MICROSOFT_AUTHENTICATION_PACKAGE_V1_0
Logon Account: user_d
Source Workstation: PROD-MFS-006
Error Code: 0x0

01/28/2020 01:19:15 PM
LogName=Security
SourceName=Microsoft Windows security auditing.
EventCode=4738
EventType=0
Type=Information
ComputerName=ACME-004
TaskCategory=User Account Management
OpCode=Info
RecordNumber=999476291
Keywords=Audit Success
Message=A User account was changed.

Subject:
 Security ID:  Domain_A\user_c
 Account Name:  user_c
 Account Domain:  Domain_A
 Logon ID:  0x5FC9

Target Account:
 Security ID:  Domain_A\user_f
 Account Name:  user_f
 Account Domain:  Domain_A

Changed Attributes:
 SAM Account Name: user_d
 Display Name:  eee
 User Principal Name: ccc@AAA.local
 Home Directory:  \a\g
 Home Drive:  D:
 Script Path:  \a\e
 Profile Path:  \a\g
 User Workstations: DDD
 Password Last Set: 2020-01-28 13:19:15 PM
 Account Expires:  <never>
 Primary Group ID: 645
 AllowedToDelegateTo: -
 Old UAC Value:  60B6BFD
 New UAC Value:  DBDDA93
 User Account Control: SERVER_TRUST_ACCOUNT - Enabled
 User Parameters: <value changed, but not displayed>
 SID History:  -
 Logon Hours:  Monday 2:00 PM -Tuesday 6:00 PM

Additional Information:
 Privileges:  -

01/28/2020 01:19:15 PM
LogName=Security
SourceName=Microsoft Windows security auditing.
EventCode=4724
EventType=0
Type=Information
ComputerName=HOST-006
TaskCategory=User Account Management
OpCode=Info
RecordNumber=963031984
Keywords=Audit Success
Message=An attempt was made to reset an account's password.
Subject:
	Security ID:  Domain_E\user_i
	Account Name:  user_i
	Account Domain:  Domain_E
	Logon ID:  0x5F25
Target Account:
	Security ID:  Domain_E\user_j
	Account Name:  user_j
	Account Domain:  Domain_E

01/28/2020 01:19:15 PM
LogName=Security
SourceName=Microsoft Windows security auditing.
EventCode=4689
EventType=0
Type=Information
ComputerName=HOST-003
TaskCategory=Process Termination
OpCode=Info
RecordNumber=612738698
Keywords=Audit Success
Message=A process has exited.

Subject:
	Security ID:		Domain_E\user_n
	Account Name:		user_n
	Account Domain:		Domain_E
	Logon ID:		0x4D76

Process Information:
	Process ID:	0xEAC7
	Process Name:	C:\Windows\System32\example_b.exe
	Exit Status:	0x9057F8

01/28/2020 01:19:15 PM
LogName=Security
SourceName=Microsoft Windows security auditing.
EventCode=4720
EventType=0
Type=Information
ComputerName=BUSDEV-008
TaskCategory=User Account Management
OpCode=Info
RecordNumber=690197172
Keywords=Audit Success
Message=A User account was created. 
Subject: 
	Security ID: Domain_C\user_k
	Account Name: user_k
	Account Domain: Domain_C
	Logon ID: 0xBAC3
New Account: 
	Security ID: Domain_C\user_h
	Account Name: user_h
	Account Domain: Domain_C
Attributes: 
	SAM Account Name: user_c
	Display Name: aaa
	User Principal Name: eee@AAA.local
	Home Directory: \f
	Home Drive: B:
	Script Path: <value not set>
	Profile Path: \a\e
	User Workstations: CCC
	Password Last Set: 2020-01-28 13:19:15 PM
	Account Expires: <never>
	Primary Group ID: 316
	Allowed To Delegate To: server_1/coumputer_a
	Old UAC Value: 5166C29
	New UAC Value: 2BB0C30
	User Account Control: HOMEDIR_REQUIRED - Enabled
	User Parameters: <value not set>
	SID History: Domain_b/bbb
	Logon Hours: All
Additional Information:
	Privileges SeTakeOwnershipPrivilege

