01/28/2020 01:21:32 PM 
LogName=Security 
SourceName=Microsoft Windows security auditing.
EventCode=4740 
EventType=0 
Type=Information
ComputerName=ops-sys-002 
TaskCategory=User Account Management
OpCode=Info 
RecordNumber=509854422
Keywords=Audit Success
Message=A user account was locked out. 
Subject: 
	Security ID: Domain_D\user_c 
	Account Name: user_c
	Account Domain: Domain_D
	Logon ID: 0x5FC9
Account That Was Locked Out: 
	Security ID: Domain_D\user_g 
	Account Name: user_g
Additional Information: 
	Caller Computer Name: ops-sys-002

01/28/2020 01:21:32 PM
LogName=Security
SourceName=Microsoft Windows security auditing.
EventCode=4776
EventType=0
Type=Information
ComputerName=BUSDEV-008
TaskCategory=Credential Validation
OpCode=Info
RecordNumber=240704022
Keywords=Failure Audit
Message=The computer attempted to validate the credentials for an account.
Authentication Package: MICROSOFT_AUTHENTICATION_PACKAGE_V1_0
Logon Account: user_a
Source Workstation: BUSDEV-008
Error Code: 0xC0000064

01/28/2020 01:21:32 PM
LogName=Security
SourceName=Microsoft Windows security auditing.
EventCode=4743
EventType=0
Type=Information
ComputerName=PROD-MFS-006
TaskCategory=Computer Account Management
OpCode=Info
RecordNumber=69368880
Keywords=Audit Success
Message=A computer account was deleted.

Subject:
	Security ID:		Domain_A\user_k
	Account Name:		user_k
	Account Domain:		Domain_A
	Logon ID:		0xBAC3

Target Computer:
	Security ID:		Domain_A\user_e
	Account Name:		user_e
	Account Domain:		Domain_A

Additional Information:
	Privileges:	SeDelegateSessionUserImpersonatePrivilege

01/28/2020 01:21:31 PM
LogName=Security
SourceName=Microsoft Windows security auditing.
EventCode=4743
EventType=0
Type=Information
ComputerName=ACME-006
TaskCategory=Computer Account Management
OpCode=Info
RecordNumber=23670521
Keywords=Audit Success
Message=A computer account was deleted.

Subject:
	Security ID:		Domain_A\user_f
	Account Name:		user_f
	Account Domain:		Domain_A
	Logon ID:		0xA369

Target Computer:
	Security ID:		Domain_A\user_l
	Account Name:		user_l
	Account Domain:		Domain_A

Additional Information:
	Privileges:	SeRestorePrivilege

01/28/2020 01:21:31 PM
LogName=Security
SourceName=Microsoft Windows security auditing.
EventCode=4672
EventType=0
Type=Information
ComputerName=ops-sys-003
TaskCategory=Special Logon
OpCode=Info
RecordNumber=788498757
Keywords=Audit Success
Message=Special privileges assigned to new logon.
Subject:
	Security ID:		Domain_B\user_f
	Account Name:		user_f
	Account Domain:		Domain_B
	Logon ID:		0xA369
Privileges:	SeSecurityPrivilege
			SeTakeOwnershipPrivilege
			SeLoadDriverPrivilege
			SeBackupPrivilege
			SeRestorePrivilege
			SeDebugPrivilege
			SeSystemEnvironmentPrivilege
			SeImpersonatePrivilege

01/28/2020 01:21:31 PM
LogName=Security
SourceName=Microsoft Windows security auditing.
EventCode=4688
EventType=0
Type=Information
ComputerName=$SPLUNK_HOME/etc/apps/Splunk_TA_windows/samples/hostname.sample
TaskCategory=Process Creation
OpCode=Info
RecordNumber=85778525
Keywords=Audit Success
Message=A new process has been created.
Subject:
	Security ID:		Domain_A\user_g
	Account Name:		user_g
	Account Domain:		Domain_A
	Logon ID:		0xEB5F
Process Information:
	New Process ID:		0xFA9C
	New Process Name:	C:\Windows\System32\example_b.exe
	Token Elevation Type:	TokenElevationTypeFull (2)
	Creator Process ID:	0x3D92
Token Elevation Type indicates the type of token that was assigned to the new process in accordance with User Account Control policy.
Type 1 is a full token with no privileges removed or groups disabled.  A full token is only used if User Account Control is disabled or if the User is the built-in Administrator account or a service account.
Type 2 is an elevated token with no privileges removed or groups disabled.  An elevated token is used when User Account Control is enabled and the User chooses to start the program using Run as administrator.  An elevated token is also used when an application is configured to always require administrative privilege or to always require maximum privilege, and the User is a member of the Administrators group.
Type 3 is a limited token with administrative privileges removed and administrative groups disabled.  The limited token is used when User Account Control is enabled, the application does not require administrative privilege, and the User does not choose to start the program using Run as administrator.

01/28/2020 01:21:30 PM
LogName=Security
SourceName=Microsoft Windows security auditing.
EventCode=4776
EventType=Information
Type=Information
ComputerName=BUSDEV-007
TaskCategory=Authentication Policy Change
OpCode=Info
RecordNumber=564422453
Keywords=Audit Success
Message=The computer attempted to validate the credentials for an account.

Authentication Package:	NTLM
Logon Account:	2F1F
Source Workstation:	FF2EA8A3
Error Code:	0xF


01/28/2020 01:21:30 PM
LogName=Security
SourceName=Microsoft Windows security auditing.
EventCode=4720
EventType=0
Type=Information
ComputerName=ACME-003
TaskCategory=User Account Management
OpCode=Info
RecordNumber=155556258
Keywords=Audit Success
Message=A User account was created. 
Subject: 
	Security ID: Domain_C\user_d
	Account Name: user_d
	Account Domain: Domain_C
	Logon ID: 0x3EC3
New Account: 
	Security ID: Domain_C\user_l
	Account Name: user_l
	Account Domain: Domain_C
Attributes: 
	SAM Account Name: user_a
	Display Name: aaa
	User Principal Name: -
	Home Directory: \a\e
	Home Drive: A:
	Script Path: \a\b
	Profile Path: \a\g
	User Workstations: <value not set>
	Password Last Set: 2020-01-28 13:21:30 PM
	Account Expires: <never>
	Primary Group ID: 36
	Allowed To Delegate To: -
	Old UAC Value: 593DEF4
	New UAC Value: 41DC5F5
	User Account Control: NORMAL_ACCOUNT - Disabled
	User Parameters: <value changed, but not displayed>
	SID History: Domain_b/bbb
	Logon Hours: Tuesday 8:00 PM -Wednesday 10:00 AM
Additional Information:
	Privileges -

01/28/2020 01:21:30 PM
LogName=Security
SourceName=Microsoft Windows security auditing.
EventCode=4718
EventType=0
Type=Information
ComputerName=PROD-MFS-002
TaskCategory=Authentication Policy Change
OpCode=Info
RecordNumber=106909769
Keywords=Audit Success
Message=System security access was removed from an account.

Subject:
	Security ID:		Domain_B\SYSTEM
	Account Name:		PROD-MFS-002
	Account Domain:		Domain_B
	Logon ID:		0x5FC9

Account Modified:
	Account Name:		Domain_B\user_c

Access Removed:
	Access Right:		SeRemoteInteractiveLogonRight

01/28/2020 01:21:30 PM
LogName=Security
SourceName=Microsoft Windows security auditing.
EventCode=4720
EventType=0
Type=Information
ComputerName=HOST-006
TaskCategory=User Account Management
OpCode=Info
RecordNumber=757091489
Keywords=Audit Success
Message=A User account was created. 
Subject: 
	Security ID: Domain_D\user_d
	Account Name: user_d
	Account Domain: Domain_D
	Logon ID: 0x3EC3
New Account: 
	Security ID: Domain_D\user_e
	Account Name: user_e
	Account Domain: Domain_D
Attributes: 
	SAM Account Name: user_j
	Display Name: ddd
	User Principal Name: bbb@BBB.local
	Home Directory: <value not set>
	Home Drive: E:
	Script Path: \a\g
	Profile Path: \a\b
	User Workstations: AAA
	Password Last Set: <never>
	Account Expires: <never>
	Primary Group ID: 515
	Allowed To Delegate To: -
	Old UAC Value: 463F8C2
	New UAC Value: 4BB0C52
	User Account Control: PARTIAL_SECRETS_ACCOUNT - Disabled
	User Parameters: <value not set>
	SID History: -
	Logon Hours: Tuesday 8:00 PM -Wednesday 10:00 AM
Additional Information:
	Privileges -

01/28/2020 01:21:30 PM
LogName=Security
SourceName=Microsoft Windows security auditing.
EventCode=4726
EventType=0
Type=Information
ComputerName=SE-005
TaskCategory=User Account Management
OpCode=Info
RecordNumber=123238268
Keywords=Audit Success
Message=A user account was deleted.

Subject:
	Security ID:		Domain_A\user_d
	Account Name:		user_d
	Account Domain:		Domain_A
	Logon ID:		0x3EC3

Target Account:
	Security ID:		Domain_A\user_j
	Account Name:		user_j
	Account Domain:		Domain_A

Additional Information:
	Privileges	-

01/28/2020 01:21:29 PM
LogName=Security
SourceName=Microsoft Windows security auditing.
EventCode=4673
EventType=0
Type=Information
ComputerName=ACME-002
TaskCategory=Sensitive Privilege Use
OpCode=Info
RecordNumber=762375299
Keywords=Audit Success
Message=A privileged service was called.

Subject:
	Security ID:		Domain_D\user_e
	Account Name:		user_e
	Account Domain:		Domain_D
	Logon ID:		0x0452

Service:
	Server:	NT Local Security Authority / Authentication Service
	Service Name:	LsaRegisterLogonProcess()

Process:
	Process ID:	0x3B4A
	Process Name:	C:\Windows\System32\example_b.exe

Service Request Information:
	Privileges:		SeSystemEnvironmentPrivilege

01/28/2020 01:21:29 PM
LogName=Security
SourceName=Microsoft Windows security auditing.
EventCode=4724
EventType=0
Type=Information
ComputerName=PROD-POS-005
TaskCategory=User Account Management
OpCode=Info
RecordNumber=202369967
Keywords=Audit Success
Message=An attempt was made to reset an account's password.
Subject:
	Security ID:  Domain_C\user_b
	Account Name:  user_b
	Account Domain:  Domain_C
	Logon ID:  0x3A81
Target Account:
	Security ID:  Domain_C\user_k
	Account Name:  user_k
	Account Domain:  Domain_C

01/28/2020 01:21:29 PM
LogName=Security
SourceName=Microsoft Windows security auditing.
EventCode=4720
EventType=0
Type=Information
ComputerName=BUSDEV-003
TaskCategory=User Account Management
OpCode=Info
RecordNumber=100078752
Keywords=Audit Success
Message=A User account was created. 
Subject: 
	Security ID: Domain_A\user_e
	Account Name: user_e
	Account Domain: Domain_A
	Logon ID: 0x0452
New Account: 
	Security ID: Domain_A\user_c
	Account Name: user_c
	Account Domain: Domain_A
Attributes: 
	SAM Account Name: user_c
	Display Name: eee
	User Principal Name: ccc@AAA.local
	Home Directory: <value not set>
	Home Drive: A:
	Script Path: \f
	Profile Path: \f
	User Workstations: <value not set>
	Password Last Set: 2020-01-28 13:21:29 PM
	Account Expires: <never>
	Primary Group ID: 603
	Allowed To Delegate To: server_1/coumputer_a
	Old UAC Value: 8F98185
	New UAC Value: D6812CE
	User Account Control: NOT_DELEGATED - Disabled
	User Parameters: <value not set>
	SID History: -
	Logon Hours: All
Additional Information:
	Privileges -

01/28/2020 01:21:29 PM
LogName=Security
SourceName=Microsoft Windows security auditing.
EventCode=4724
EventType=0
Type=Information
ComputerName=PROD-POS-002
TaskCategory=User Account Management
OpCode=Info
RecordNumber=934386146
Keywords=Audit Success
Message=An attempt was made to reset an account's password.
Subject:
	Security ID:  Domain_D\user_i
	Account Name:  user_i
	Account Domain:  Domain_D
	Logon ID:  0x5F25
Target Account:
	Security ID:  Domain_D\user_a
	Account Name:  user_a
	Account Domain:  Domain_D

01/28/2020 01:21:28 PM
LogName=Security
SourceName=Microsoft Windows security auditing.
EventCode=4738
EventType=0
Type=Information
ComputerName=ops-sys-003
TaskCategory=User Account Management
OpCode=Info
RecordNumber=850223623
Keywords=Audit Success
Message=A User account was changed.

Subject:
 Security ID:  Domain_C\user_j
 Account Name:  user_j
 Account Domain:  Domain_C
 Logon ID:  0xB111

Target Account:
 Security ID:  Domain_C\user_f
 Account Name:  user_f
 Account Domain:  Domain_C

Changed Attributes:
 SAM Account Name: user_m
 Display Name:  eee
 User Principal Name: -
 Home Directory:  \f
 Home Drive:  C:
 Script Path:  \a
 Profile Path:  \a\g
 User Workstations: <value not set>
 Password Last Set: <never>
 Account Expires:  2020-01-28 13:21:28 PM
 Primary Group ID: 627
 AllowedToDelegateTo: server_1/coumputer_a
 Old UAC Value:  E623F0A
 New UAC Value:  CAFF145
 User Account Control: USE_DES_KEY_ONLY - Disabled
 User Parameters: <value changed, but not displayed>
 SID History:  -
 Logon Hours:  All

Additional Information:
 Privileges:  SeTakeOwnershipPrivilege

01/28/2020 01:21:28 PM
LogName=Security
SourceName=Microsoft Windows security auditing.
EventCode=4739
EventType=0
Type=Information
ComputerName=BUSDEV-004
TaskCategory=Authentication Policy Change
OpCode=Info
RecordNumber=725200343
Keywords=Audit Success
Message=Domain Policy was changed.

Change Type:		Password Policy modified

Subject:
	Security ID:  Domain_E\user_n
	Account Name:  user_n
	Account Domain:  Domain_E
	Logon ID:  0x4D76

Domain:
	Domain Name:		Domain_E
	Domain ID:		Domain_E\

Changed Attributes:
	Min. Password Age:	-
	Max. Password Age:	-
	Force Logoff:		-
	Lockout Threshold:	-
	Lockout Observation Window:	-
	Lockout Duration:	-
	Password Properties:	-
	Min. Password Length:	6
	Password History Length:	23
	Machine Account Quota:	-
	Mixed Domain Mode:	-
	Domain Behavior Version:	-
	OEM Information:	-

Additional Information:
	Privileges:		-

01/28/2020 01:21:28 PM
LogName=Security
SourceName=Microsoft Windows security auditing.
EventCode=4720
EventType=0
Type=Information
ComputerName=BUSDEV-007
TaskCategory=User Account Management
OpCode=Info
RecordNumber=626102170
Keywords=Audit Success
Message=A User account was created. 
Subject: 
	Security ID: Domain_D\user_g
	Account Name: user_g
	Account Domain: Domain_D
	Logon ID: 0xEB5F
New Account: 
	Security ID: Domain_D\user_f
	Account Name: user_f
	Account Domain: Domain_D
Attributes: 
	SAM Account Name: user_i
	Display Name: eee
	User Principal Name: aaa@AAA.local
	Home Directory: \a\b\c
	Home Drive: F:
	Script Path: \f
	Profile Path: \a\g
	User Workstations: <value not set>
	Password Last Set: 2020-01-28 13:21:28 PM
	Account Expires: 2020-01-28 13:21:28 PM
	Primary Group ID: 782
	Allowed To Delegate To: server_2/computer_b
	Old UAC Value: 91597F5
	New UAC Value: F023AC8
	User Account Control: WORKSTATION_TRUST_ACCOUNT - Enabled
	User Parameters: <value not set>
	SID History: -
	Logon Hours: All
Additional Information:
	Privileges SeRestorePrivilege

01/28/2020 01:21:27 PM
LogName=Security
SourceName=Microsoft Windows security auditing.
EventCode=4717
EventType=0
Type=Information
ComputerName=BUSDEV-001
TaskCategory=Authentication Policy Change
OpCode=Info
RecordNumber=342660449
Keywords=Audit Success
Message=System security access was granted to an account.

Subject:
	Security ID:		Domain_C\SYSTEM
	Account Name:		BUSDEV-001
	Account Domain:		Domain_C
	Logon ID:		0xA19C

Account Modified:
	Account Name:		Domain_C\user_h

Access Granted:
	Access Right:		SeRemoteInteractiveLogonRight

01/28/2020 01:21:27 PM
LogName=Security
SourceName=Microsoft Windows security auditing.
EventCode=4726
EventType=0
Type=Information
ComputerName=ops-sys-004
TaskCategory=User Account Management
OpCode=Info
RecordNumber=143744510
Keywords=Audit Success
Message=A user account was deleted.

Subject:
	Security ID:		Domain_B\user_g
	Account Name:		user_g
	Account Domain:		Domain_B
	Logon ID:		0xEB5F

Target Account:
	Security ID:		Domain_B\user_k
	Account Name:		user_k
	Account Domain:		Domain_B

Additional Information:
	Privileges	SeRestorePrivilege

01/28/2020 01:21:26 PM
LogName=Security
SourceName=Microsoft Windows security auditing.
EventCode=4738
EventType=0
Type=Information
ComputerName=COREDEV-003
TaskCategory=User Account Management
OpCode=Info
RecordNumber=489290831
Keywords=Audit Success
Message=A User account was changed.

Subject:
 Security ID:  Domain_E\user_d
 Account Name:  user_d
 Account Domain:  Domain_E
 Logon ID:  0x3EC3

Target Account:
 Security ID:  Domain_E\user_l
 Account Name:  user_l
 Account Domain:  Domain_E

Changed Attributes:
 SAM Account Name: user_d
 Display Name:  bbb
 User Principal Name: aaa@AAA.local
 Home Directory:  \f
 Home Drive:  D:
 Script Path:  \f
 Profile Path:  \f
 User Workstations: CCC
 Password Last Set: <never>
 Account Expires:  <never>
 Primary Group ID: 336
 AllowedToDelegateTo: -
 Old UAC Value:  A23FF77
 New UAC Value:  363C21B
 User Account Control: ENCRYPTED_TEXT_PWD_ALLOWED - Disabled
 User Parameters: <value changed, but not displayed>
 SID History:  Domain_b/bbb
 Logon Hours:  All

Additional Information:
 Privileges:  -

01/28/2020 01:21:26 PM
LogName=Security
SourceName=Microsoft Windows security auditing.
EventCode=4717
EventType=0
Type=Information
ComputerName=PROD-POS-005
TaskCategory=Authentication Policy Change
OpCode=Info
RecordNumber=634294235
Keywords=Audit Success
Message=System security access was granted to an account.

Subject:
	Security ID:		Domain_D\SYSTEM
	Account Name:		PROD-POS-005
	Account Domain:		Domain_D
	Logon ID:		0xBAC3

Account Modified:
	Account Name:		Domain_D\user_k

Access Granted:
	Access Right:		SeServiceLogonRight

01/28/2020 01:21:26 PM
LogName=Security
SourceName=Microsoft Windows security auditing.
EventCode=4720
EventType=0
Type=Information
ComputerName=SE-005
TaskCategory=User Account Management
OpCode=Info
RecordNumber=984648246
Keywords=Audit Success
Message=A User account was created. 
Subject: 
	Security ID: Domain_A\user_g
	Account Name: user_g
	Account Domain: Domain_A
	Logon ID: 0xEB5F
New Account: 
	Security ID: Domain_A\user_d
	Account Name: user_d
	Account Domain: Domain_A
Attributes: 
	SAM Account Name: user_l
	Display Name: eee
	User Principal Name: ddd@BBB.local
	Home Directory: \a
	Home Drive: F:
	Script Path: \a\b\c
	Profile Path: \a
	User Workstations: AAA
	Password Last Set: 2020-01-28 13:21:26 PM
	Account Expires: <never>
	Primary Group ID: 219
	Allowed To Delegate To: -
	Old UAC Value: 4FEC911
	New UAC Value: 6480E84
	User Account Control: USE_DES_KEY_ONLY - Enabled
	User Parameters: <value changed, but not displayed>
	SID History: Domain_a/aaa
	Logon Hours: Monday 2:00 PM -Tuesday 6:00 PM
Additional Information:
	Privileges -

01/28/2020 01:21:26 PM
LogName=Security
SourceName=Microsoft-Windows-Eventlog
EventCode=1102
EventType=4
Type=Information
ComputerName=PROD-MFS-005
TaskCategory=Log clear
OpCode=Info
RecordNumber=330977979
Keywords=Audit Success
Message=The audit log was cleared.
Subject:
	Security ID:		Domain_E\user_j
	Account Name:		user_j
	Account Domain:		Domain_E
	Logon ID:		0xB111

01/28/2020 01:21:25 PM
LogName=Security
SourceName=Microsoft Windows security auditing.
EventCode=4776
EventType=0
Type=Information
ComputerName=HOST-003
TaskCategory=Credential Validation
OpCode=Info
RecordNumber=200899218
Keywords=Audit Success
Message=The computer attempted to validate the credentials for an account.
Authentication Package: MICROSOFT_AUTHENTICATION_PACKAGE_V1_0
Logon Account: user_n
Source Workstation: HOST-003
Error Code: 0x0

01/28/2020 01:21:25 PM
LogName=Security
SourceName=Microsoft Windows security auditing.
EventCode=4688
EventType=0
Type=Information
ComputerName=$SPLUNK_HOME/etc/apps/Splunk_TA_windows/samples/hostname.sample
TaskCategory=Process Creation
OpCode=Info
RecordNumber=917631167
Keywords=Audit Success
Message=A new process has been created.
Subject:
	Security ID:		Domain_E\user_g
	Account Name:		user_g
	Account Domain:		Domain_E
	Logon ID:		0xEB5F
Process Information:
	New Process ID:		0x3515
	New Process Name:	C:\Windows\System32\example_e.exe
	Token Elevation Type:	TokenElevationTypeLimited (3)
	Creator Process ID:	0xEB45
Token Elevation Type indicates the type of token that was assigned to the new process in accordance with User Account Control policy.
Type 1 is a full token with no privileges removed or groups disabled.  A full token is only used if User Account Control is disabled or if the User is the built-in Administrator account or a service account.
Type 2 is an elevated token with no privileges removed or groups disabled.  An elevated token is used when User Account Control is enabled and the User chooses to start the program using Run as administrator.  An elevated token is also used when an application is configured to always require administrative privilege or to always require maximum privilege, and the User is a member of the Administrators group.
Type 3 is a limited token with administrative privileges removed and administrative groups disabled.  The limited token is used when User Account Control is enabled, the application does not require administrative privilege, and the User does not choose to start the program using Run as administrator.

01/28/2020 01:21:25 PM
LogName=Security
SourceName=Microsoft Windows security auditing.
EventCode=4672
EventType=Information
Type=Information
ComputerName=ops-sys-004
TaskCategory=Authentication Policy Change
OpCode=Info
RecordNumber=233058178
Keywords=Audit Success
Message=Special privileges assigned to new logon.

Subject:
	Security ID:		WINDOWS\SERVER2012$
	Account Name:		GUEST
	Account Domain:		abc
	Logon ID:		0xB81
Privileges:		SeAssignPrimaryTokenPrivilege
			SeTcbPrivilege
			SeSecurityPrivilege
			SeTakeOwnershipPrivilege
			SeLoadDriverPrivilege
			SeBackupPrivilege
			SeRestorePrivilege
			SeDebugPrivilege
			SeAuditPrivilege
			SeSystemEnvironmentPrivilege
			SeImpersonatePrivilege
			SeDelegateSessionUserImpersonatePrivilege


01/28/2020 01:21:25 PM
LogName=Security
SourceName=Microsoft Windows security auditing.
EventCode=4689
EventType=0
Type=Information
ComputerName=HOST-003
TaskCategory=Process Termination
OpCode=Info
RecordNumber=583771865
Keywords=Audit Success
Message=A process has exited.

Subject:
	Security ID:		Domain_D\user_c
	Account Name:		user_c
	Account Domain:		Domain_D
	Logon ID:		0x5FC9

Process Information:
	Process ID:	0x8E2D
	Process Name:	C:\Windows\System32\example_b.exe
	Exit Status:	0xBFD088

01/28/2020 01:21:24 PM
LogName=Security
SourceName=Microsoft Windows security auditing.
EventCode=4648
EventType=0
Type=Information
ComputerName=HOST-005
TaskCategory=Logon
OpCode=Info
RecordNumber=656783750
Keywords=Audit Success
Message=A logon was attempted using explicit credentials.
Subject:
	Security ID:  Domain_D\SYSTEM
	Account Name:  HOST-005
	Account Domain:  Domain_D
	Logon ID:  0x70E4
	Logon GUID:		{221B21A6-1AE2-3F9A-24EF-22C392AC2A47}
Account Whose Credentials Were Used:
	Account Name:		emilybudgeTW
	Account Domain:		Domain_D
	Logon GUID:		{00000000-0000-0000-0000-000000000000}
Target Server:
	Target Server Name:	Server_B.com
	Additional Information:	Server_B.com
Process Information:
	Process ID:		3FEA
	Process Name:		C:\Windows\System32\example_g.exe
Network Information:
	Network Address:	3.158.226.193
	Port:			19325
This event is generated when a process attempts to log on an account by explicitly specifying that account's credentials. This most commonly occurs in batch-type configurations such as scheduled tasks, or when using the RUNAS command.

01/28/2020 01:21:23 PM
LogName=Security
SourceName=Microsoft Windows security auditing.
EventCode=4718
EventType=0
Type=Information
ComputerName=ACME-002
TaskCategory=Authentication Policy Change
OpCode=Info
RecordNumber=919442417
Keywords=Audit Success
Message=System security access was removed from an account.

Subject:
	Security ID:		Domain_C\SYSTEM
	Account Name:		ACME-002
	Account Domain:		Domain_C
	Logon ID:		0xEB5F

Account Modified:
	Account Name:		Domain_C\user_g

Access Removed:
	Access Right:		SeServiceLogonRight

01/28/2020 01:21:23 PM
LogName=Security
SourceName=Microsoft Windows security auditing.
EventCode=4776
EventType=0
Type=Information
ComputerName=BUSDEV-003
TaskCategory=Credential Validation
OpCode=Info
RecordNumber=4260674
Keywords=Failure Audit
Message=The computer attempted to validate the credentials for an account.
Authentication Package: MICROSOFT_AUTHENTICATION_PACKAGE_V1_0
Logon Account: user_d
Source Workstation: BUSDEV-003
Error Code: 0xC0000234

01/28/2020 01:21:23 PM
LogName=Security
SourceName=Microsoft Windows security auditing.
EventCode=4776
EventType=0
Type=Information
ComputerName=ACME-004
TaskCategory=Credential Validation
OpCode=Info
RecordNumber=384863413
Keywords=Audit Success
Message=The computer attempted to validate the credentials for an account.
Authentication Package: MICROSOFT_AUTHENTICATION_PACKAGE_V1_0
Logon Account: user_d
Source Workstation: ACME-004
Error Code: 0x0

01/28/2020 01:21:22 PM
LogName=Security
SourceName= Microsoft Windows security auditing.
EventCode=4624
EventType=0
Type=Information
ComputerName=SE-006
TaskCategory=Logon
OpCode=Info
RecordNumber=376738958
Keywords=Audit Success
Message=An account was successfully logged on.

Subject:
 Security ID:  Domain_C\SYSTEM
 Account Name:  SE-006
 Account Domain:  Domain_C
 Logon ID:  0x70E4

Logon Information:
 Logon Type:  8
 Restricted Admin Mode: No
 Virtual Account:  Yes
 Elevated Token:  Yes

Impersonation Level:  Delegation

New Logon:
 Security ID:  Domain_C\user_m
 Account Name:  user_m
 Account Domain:  Domain_C
 Logon ID:  0x46BA
 Linked Logon ID:  DA5D
 Network Account Name: -
 Network Account Domain: Domain_A
 Logon GUID:  {0887F1E4-39EA-D53C-804F-31D568A06274}

Process Information:
 Process ID:  0xED36
 Process Name:  C:\Windows\System32\example_f.exe

Network Information:
 Workstation Name: SE-006
 Source Network Address: 119.213.134.113
 Source Port:  21194

Detailed Authentication Information:
 Logon Process:  logonProcess1 
 Authentication Package: Negotiate
 Transited Services: service_B
 Package Name (NTLM only): -
 Key Length:  0

This event is generated when a logon session is created. It is generated on the computer that was accessed.

The subject fields indicate the account on the local system which requested the logon. This is most commonly a service such as the Server service, or a local process such as 5830E.exe or 5830E.exe.

The logon type field indicates the kind of logon that occurred. The most common types are 2 (interactive) and 3 (network).

The New Logon fields indicate the account for whom the new logon was created, i.e. the account that was logged on.

The network fields indicate where a remote logon request originated. Workstation name is not always available and may be left blank in some cases.

The impersonation level field indicates the extent to which a process in the logon session can impersonate.

The authentication information fields provide detailed information about this specific logon request.
 - Logon GUID is a unique identifier that can be used to correlate this event with a KDC event.
 - Transited services indicate which intermediate services have participated in this logon request.
 - Package name indicates which sub-protocol was used among the NTLM protocols.
 - Key length indicates the length of the generated session key. This will be 0 if no session key was requested.


01/28/2020 01:21:22 PM
LogName=Security
SourceName=Microsoft Windows security auditing.
EventCode=4720
EventType=0
Type=Information
ComputerName=ACME-003
TaskCategory=User Account Management
OpCode=Info
RecordNumber=820576985
Keywords=Audit Success
Message=A User account was created. 
Subject: 
	Security ID: Domain_B\user_e
	Account Name: user_e
	Account Domain: Domain_B
	Logon ID: 0x0452
New Account: 
	Security ID: Domain_B\user_h
	Account Name: user_h
	Account Domain: Domain_B
Attributes: 
	SAM Account Name: user_b
	Display Name: ccc
	User Principal Name: ddd@BBB.local
	Home Directory: \a\g
	Home Drive: D:
	Script Path: \a\e
	Profile Path: \a
	User Workstations: BBB
	Password Last Set: 2020-01-28 13:21:22 PM
	Account Expires: 2020-01-28 13:21:22 PM
	Primary Group ID: 741
	Allowed To Delegate To: server_1/coumputer_a
	Old UAC Value: D13664C
	New UAC Value: 3E37408
	User Account Control: NOT_DELEGATED - Disabled
	User Parameters: <value not set>
	SID History: Domain_b/bbb
	Logon Hours: All
Additional Information:
	Privileges -

01/28/2020 01:21:21 PM
LogName=Security
SourceName=Microsoft Windows security auditing.
EventCode=4724
EventType=0
Type=Information
ComputerName=BUSDEV-006
TaskCategory=User Account Management
OpCode=Info
RecordNumber=632453307
Keywords=Audit Failure
Message=An attempt was made to reset an account's password.
Subject:
	Security ID:  Domain_B\user_l
	Account Name:  user_l
	Account Domain:  Domain_B
	Logon ID:  0xAB37
Target Account:
	Security ID:  Domain_B\user_d
	Account Name:  user_d
	Account Domain:  Domain_B

01/28/2020 01:21:21 PM
LogName=Security
SourceName=Microsoft Windows security auditing.
EventCode=4672
EventType=0
Type=Information
ComputerName=ACME-002
TaskCategory=Special Logon
OpCode=Info
RecordNumber=700090677
Keywords=Audit Success
Message=Special privileges assigned to new logon.
Subject:
	Security ID:		Domain_B\user_b
	Account Name:		user_b
	Account Domain:		Domain_B
	Logon ID:		0x3A81
Privileges:	SeSecurityPrivilege
			SeTakeOwnershipPrivilege
			SeLoadDriverPrivilege
			SeBackupPrivilege
			SeRestorePrivilege
			SeDebugPrivilege
			SeSystemEnvironmentPrivilege
			SeImpersonatePrivilege

01/28/2020 01:21:21 PM
LogName=Security
SourceName=Microsoft Windows security auditing.
EventCode=4720
EventType=0
Type=Information
ComputerName=PROD-MFS-001
TaskCategory=User Account Management
OpCode=Info
RecordNumber=336808735
Keywords=Audit Success
Message=A User account was created. 
Subject: 
	Security ID: Domain_C\user_f
	Account Name: user_f
	Account Domain: Domain_C
	Logon ID: 0xA369
New Account: 
	Security ID: Domain_C\user_a
	Account Name: user_a
	Account Domain: Domain_C
Attributes: 
	SAM Account Name: user_a
	Display Name: ddd
	User Principal Name: bbb@BBB.local
	Home Directory: \a\e
	Home Drive: B:
	Script Path: \a\b\c
	Profile Path: \a\b\c
	User Workstations: BBB
	Password Last Set: <never>
	Account Expires: 2020-01-28 13:21:21 PM
	Primary Group ID: 742
	Allowed To Delegate To: server_2/computer_b
	Old UAC Value: 4E6EE43
	New UAC Value: 6944533
	User Account Control: PASSWORD_EXPIRED - Disabled
	User Parameters: <value not set>
	SID History: Domain_b/bbb
	Logon Hours: All
Additional Information:
	Privileges -

01/28/2020 01:21:20 PM
LogName=Security
SourceName=Microsoft Windows security auditing.
EventCode=4738
EventType=0
Type=Information
ComputerName=SE-006
TaskCategory=User Account Management
OpCode=Info
RecordNumber=358640502
Keywords=Audit Success
Message=A User account was changed.

Subject:
 Security ID:  Domain_D\user_l
 Account Name:  user_l
 Account Domain:  Domain_D
 Logon ID:  0xAB37

Target Account:
 Security ID:  Domain_D\user_b
 Account Name:  user_b
 Account Domain:  Domain_D

Changed Attributes:
 SAM Account Name: user_j
 Display Name:  ccc
 User Principal Name: aaa@AAA.local
 Home Directory:  <value not set>
 Home Drive:  C:
 Script Path:  \a\e
 Profile Path:  \a\b\c
 User Workstations: <value not set>
 Password Last Set: 2020-01-28 13:21:20 PM
 Account Expires:  <never>
 Primary Group ID: 82
 AllowedToDelegateTo: server_1/coumputer_a
 Old UAC Value:  36E6F55
 New UAC Value:  FA7776F
 User Account Control: LOCKOUT - Enabled
 User Parameters: <value changed, but not displayed>
 SID History:  -
 Logon Hours:  Monday 2:00 PM -Tuesday 6:00 PM

Additional Information:
 Privileges:  SeImpersonatePrivilege

01/28/2020 01:21:19 PM
LogName=Security
SourceName=Microsoft Windows security auditing.
EventCode=4672
EventType=0
Type=Information
ComputerName=PROD-POS-004
TaskCategory=Special Logon
OpCode=Info
RecordNumber=473633131
Keywords=Audit Success
Message=Special privileges assigned to new logon.
Subject:
	Security ID:		Domain_C\user_l
	Account Name:		user_l
	Account Domain:		Domain_C
	Logon ID:		0xAB37
Privileges:	SeSecurityPrivilege
			SeTakeOwnershipPrivilege
			SeLoadDriverPrivilege
			SeBackupPrivilege
			SeRestorePrivilege
			SeDebugPrivilege
			SeSystemEnvironmentPrivilege
			SeImpersonatePrivilege

01/28/2020 01:21:19 PM
LogName=Security
SourceName=Microsoft Windows security auditing.
EventCode=4720
EventType=0
Type=Information
ComputerName=SE-005
TaskCategory=User Account Management
OpCode=Info
RecordNumber=802425915
Keywords=Audit Success
Message=A User account was created. 
Subject: 
	Security ID: Domain_B\user_n
	Account Name: user_n
	Account Domain: Domain_B
	Logon ID: 0x4D76
New Account: 
	Security ID: Domain_B\user_d
	Account Name: user_d
	Account Domain: Domain_B
Attributes: 
	SAM Account Name: user_j
	Display Name: <value not set>
	User Principal Name: -
	Home Directory: \a\b
	Home Drive: E:
	Script Path: \a
	Profile Path: \f
	User Workstations: <value not set>
	Password Last Set: <never>
	Account Expires: 2020-01-28 13:21:19 PM
	Primary Group ID: 840
	Allowed To Delegate To: -
	Old UAC Value: 06F93CD
	New UAC Value: 1EC6F7F
	User Account Control: SCRIPT - Disabled
	User Parameters: <value changed, but not displayed>
	SID History: Domain_b/bbb
	Logon Hours: Tuesday 8:00 PM -Wednesday 10:00 AM
Additional Information:
	Privileges -

01/28/2020 01:21:18 PM
LogName=Security
SourceName=Microsoft Windows security auditing.
EventCode=4724
EventType=0
Type=Information
ComputerName=PROD-MFS-006
TaskCategory=User Account Management
OpCode=Info
RecordNumber=228219370
Keywords=Audit Success
Message=An attempt was made to reset an account's password.
Subject:
	Security ID:  Domain_D\user_f
	Account Name:  user_f
	Account Domain:  Domain_D
	Logon ID:  0xA369
Target Account:
	Security ID:  Domain_D\user_g
	Account Name:  user_g
	Account Domain:  Domain_D

01/28/2020 01:21:17 PM
LogName=Security
SourceName=Microsoft Windows security auditing.
EventCode=4688
EventType=0
Type=Information
ComputerName=$SPLUNK_HOME/etc/apps/Splunk_TA_windows/samples/hostname.sample
TaskCategory=Process Creation
OpCode=Info
RecordNumber=544848027
Keywords=Audit Success
Message=A new process has been created.
Subject:
	Security ID:		Domain_B\user_m
	Account Name:		user_m
	Account Domain:		Domain_B
	Logon ID:		0x46BA
Process Information:
	New Process ID:		0x4F89
	New Process Name:	C:\Windows\System32\example_d.exe
	Token Elevation Type:	TokenElevationTypeFull (2)
	Creator Process ID:	0xCAA0
Token Elevation Type indicates the type of token that was assigned to the new process in accordance with User Account Control policy.
Type 1 is a full token with no privileges removed or groups disabled.  A full token is only used if User Account Control is disabled or if the User is the built-in Administrator account or a service account.
Type 2 is an elevated token with no privileges removed or groups disabled.  An elevated token is used when User Account Control is enabled and the User chooses to start the program using Run as administrator.  An elevated token is also used when an application is configured to always require administrative privilege or to always require maximum privilege, and the User is a member of the Administrators group.
Type 3 is a limited token with administrative privileges removed and administrative groups disabled.  The limited token is used when User Account Control is enabled, the application does not require administrative privilege, and the User does not choose to start the program using Run as administrator.

01/28/2020 01:21:17 PM
LogName=Security
SourceName=Microsoft-Windows-Eventlog
EventCode=1102
EventType=4
Type=Information
ComputerName=PROD-POS-003
TaskCategory=Log clear
OpCode=Info
RecordNumber=208837655
Keywords=Audit Success
Message=The audit log was cleared.
Subject:
	Security ID:		Domain_E\user_j
	Account Name:		user_j
	Account Domain:		Domain_E
	Logon ID:		0xB111

01/28/2020 01:21:17 PM
LogName=Security
SourceName=Microsoft Windows security auditing.
EventCode=4717
EventType=0
Type=Information
ComputerName=HOST-006
TaskCategory=Authentication Policy Change
OpCode=Info
RecordNumber=901339937
Keywords=Audit Success
Message=System security access was granted to an account.

Subject:
	Security ID:		Domain_C\SYSTEM
	Account Name:		HOST-006
	Account Domain:		Domain_C
	Logon ID:		0xA369

Account Modified:
	Account Name:		Domain_C\user_f

Access Granted:
	Access Right:		SeRemoteInteractiveLogonRight

01/28/2020 01:21:16 PM
LogName=Security
SourceName=Microsoft Windows security auditing.
EventCode=4672
EventType=0
Type=Information
ComputerName=PROD-POS-001
TaskCategory=Special Logon
OpCode=Info
RecordNumber=906212262
Keywords=Audit Success
Message=Special privileges assigned to new logon.
Subject:
	Security ID:		Domain_B\user_d
	Account Name:		user_d
	Account Domain:		Domain_B
	Logon ID:		0x3EC3
Privileges:	SeSecurityPrivilege
			SeTakeOwnershipPrivilege
			SeLoadDriverPrivilege
			SeBackupPrivilege
			SeRestorePrivilege
			SeDebugPrivilege
			SeSystemEnvironmentPrivilege
			SeImpersonatePrivilege

01/28/2020 01:21:16 PM
LogName=Security
SourceName=Microsoft Windows security auditing.
EventCode=4717
EventType=0
Type=Information
ComputerName=ACME-002
TaskCategory=Authentication Policy Change
OpCode=Info
RecordNumber=383904369
Keywords=Audit Success
Message=System security access was granted to an account.

Subject:
	Security ID:		Domain_D\SYSTEM
	Account Name:		ACME-002
	Account Domain:		Domain_D
	Logon ID:		0xA19C

Account Modified:
	Account Name:		Domain_D\user_h

Access Granted:
	Access Right:		SeBatchLogonRight

01/28/2020 01:21:15 PM
LogName=Security
SourceName=Microsoft Windows security auditing.
EventCode=4720
EventType=0
Type=Information
ComputerName=SE-005
TaskCategory=User Account Management
OpCode=Info
RecordNumber=533927827
Keywords=Audit Success
Message=A User account was created. 
Subject: 
	Security ID: Domain_E\user_c
	Account Name: user_c
	Account Domain: Domain_E
	Logon ID: 0x5FC9
New Account: 
	Security ID: Domain_E\user_f
	Account Name: user_f
	Account Domain: Domain_E
Attributes: 
	SAM Account Name: user_i
	Display Name: aaa
	User Principal Name: eee@AAA.local
	Home Directory: \a\b
	Home Drive: F:
	Script Path: \a\b\c
	Profile Path: \a\e
	User Workstations: DDD
	Password Last Set: <never>
	Account Expires: 2020-01-28 13:21:15 PM
	Primary Group ID: 880
	Allowed To Delegate To: server_1/coumputer_a
	Old UAC Value: D066BB8
	New UAC Value: EA31D72
	User Account Control: PASSWORD_EXPIRED - Disabled
	User Parameters: <value changed, but not displayed>
	SID History: Domain_a/aaa
	Logon Hours: Monday 2:00 PM -Tuesday 6:00 PM
Additional Information:
	Privileges -

01/28/2020 01:21:15 PM
LogName=Security
SourceName=Microsoft Windows security auditing.
EventCode=4743
EventType=0
Type=Information
ComputerName=ACME-004
TaskCategory=Computer Account Management
OpCode=Info
RecordNumber=863874360
Keywords=Audit Success
Message=A computer account was deleted.

Subject:
	Security ID:		Domain_C\user_b
	Account Name:		user_b
	Account Domain:		Domain_C
	Logon ID:		0x3A81

Target Computer:
	Security ID:		Domain_C\user_l
	Account Name:		user_l
	Account Domain:		Domain_C

Additional Information:
	Privileges:	-

01/28/2020 01:21:15 PM
LogName=Security
SourceName=Microsoft Windows security auditing.
EventCode=4739
EventType=0
Type=Information
ComputerName=COREDEV-005
TaskCategory=Authentication Policy Change
OpCode=Info
RecordNumber=417886409
Keywords=Audit Success
Message=Domain Policy was changed.

Change Type:		Password Policy modified

Subject:
	Security ID:  Domain_E\user_b
	Account Name:  user_b
	Account Domain:  Domain_E
	Logon ID:  0x3A81

Domain:
	Domain Name:		Domain_E
	Domain ID:		Domain_E\

Changed Attributes:
	Min. Password Age:	-
	Max. Password Age:	-
	Force Logoff:		-
	Lockout Threshold:	-
	Lockout Observation Window:	-
	Lockout Duration:	-
	Password Properties:	-
	Min. Password Length:	6
	Password History Length:	23
	Machine Account Quota:	-
	Mixed Domain Mode:	-
	Domain Behavior Version:	-
	OEM Information:	-

Additional Information:
	Privileges:		-

01/28/2020 01:21:14 PM
LogName=Security
SourceName=Microsoft Windows security auditing.
EventCode=4688
EventType=0
Type=Information
ComputerName=$SPLUNK_HOME/etc/apps/Splunk_TA_windows/samples/hostname.sample
TaskCategory=Process Creation
OpCode=Info
RecordNumber=469337638
Keywords=Audit Success
Message=A new process has been created.
Subject:
	Security ID:		Domain_B\user_b
	Account Name:		user_b
	Account Domain:		Domain_B
	Logon ID:		0x3A81
Process Information:
	New Process ID:		0x8517
	New Process Name:	C:\Windows\System32\example_a.exe
	Token Elevation Type:	TokenElevationTypeFull (2)
	Creator Process ID:	0xD76D
Token Elevation Type indicates the type of token that was assigned to the new process in accordance with User Account Control policy.
Type 1 is a full token with no privileges removed or groups disabled.  A full token is only used if User Account Control is disabled or if the User is the built-in Administrator account or a service account.
Type 2 is an elevated token with no privileges removed or groups disabled.  An elevated token is used when User Account Control is enabled and the User chooses to start the program using Run as administrator.  An elevated token is also used when an application is configured to always require administrative privilege or to always require maximum privilege, and the User is a member of the Administrators group.
Type 3 is a limited token with administrative privileges removed and administrative groups disabled.  The limited token is used when User Account Control is enabled, the application does not require administrative privilege, and the User does not choose to start the program using Run as administrator.

01/28/2020 01:21:14 PM
LogName=Security
SourceName=Microsoft Windows security auditing.
EventCode=4738
EventType=0
Type=Information
ComputerName=ACME-003
TaskCategory=User Account Management
OpCode=Info
RecordNumber=303635901
Keywords=Audit Success
Message=A User account was changed.

Subject:
 Security ID:  Domain_C\user_e
 Account Name:  user_e
 Account Domain:  Domain_C
 Logon ID:  0x0452

Target Account:
 Security ID:  Domain_C\user_j
 Account Name:  user_j
 Account Domain:  Domain_C

Changed Attributes:
 SAM Account Name: user_b
 Display Name:  ccc
 User Principal Name: eee@AAA.local
 Home Directory:  \a\g
 Home Drive:  E:
 Script Path:  \f
 Profile Path:  \a\g
 User Workstations: CCC
 Password Last Set: 2020-01-28 13:21:14 PM
 Account Expires:  <never>
 Primary Group ID: 434
 AllowedToDelegateTo: -
 Old UAC Value:  3A46FEB
 New UAC Value:  3A64245
 User Account Control: HOMEDIR_REQUIRED - Enabled
 User Parameters: <value changed, but not displayed>
 SID History:  -
 Logon Hours:  Monday 2:00 PM -Tuesday 6:00 PM

Additional Information:
 Privileges:  -

01/28/2020 01:21:13 PM
LogName=Security
SourceName=Microsoft Windows security auditing.
EventCode=4720
EventType=0
Type=Information
ComputerName=COREDEV-001
TaskCategory=User Account Management
OpCode=Info
RecordNumber=855198194
Keywords=Audit Success
Message=A User account was created. 
Subject: 
	Security ID: Domain_A\user_e
	Account Name: user_e
	Account Domain: Domain_A
	Logon ID: 0x0452
New Account: 
	Security ID: Domain_A\user_d
	Account Name: user_d
	Account Domain: Domain_A
Attributes: 
	SAM Account Name: user_e
	Display Name: <value not set>
	User Principal Name: -
	Home Directory: \a
	Home Drive: <value not set>
	Script Path: \a\b\c
	Profile Path: \a
	User Workstations: AAA
	Password Last Set: 2020-01-28 13:21:13 PM
	Account Expires: <never>
	Primary Group ID: 169
	Allowed To Delegate To: server_1/coumputer_a
	Old UAC Value: 882EF82
	New UAC Value: 085CE04
	User Account Control: TEMP_DUPLICATE_ACCOUNT - Enabled
	User Parameters: <value not set>
	SID History: Domain_a/aaa
	Logon Hours: All
Additional Information:
	Privileges -

01/28/2020 01:21:13 PM
LogName=Security
SourceName=Microsoft Windows security auditing.
EventCode=4724
EventType=0
Type=Information
ComputerName=COREDEV-002
TaskCategory=User Account Management
OpCode=Info
RecordNumber=170180448
Keywords=Audit Failure
Message=An attempt was made to reset an account's password.
Subject:
	Security ID:  Domain_E\user_a
	Account Name:  user_a
	Account Domain:  Domain_E
	Logon ID:  0x6C10
Target Account:
	Security ID:  Domain_E\user_b
	Account Name:  user_b
	Account Domain:  Domain_E

01/28/2020 01:21:13 PM
LogName=Security
SourceName=Microsoft Windows security auditing.
EventCode=4726
EventType=0
Type=Information
ComputerName=ops-sys-003
TaskCategory=User Account Management
OpCode=Info
RecordNumber=272530517
Keywords=Audit Success
Message=A user account was deleted.

Subject:
	Security ID:		Domain_B\user_h
	Account Name:		user_h
	Account Domain:		Domain_B
	Logon ID:		0xA19C

Target Account:
	Security ID:		Domain_B\user_a
	Account Name:		user_a
	Account Domain:		Domain_B

Additional Information:
	Privileges	SeTakeOwnershipPrivilege

01/28/2020 01:21:13 PM
LogName=Security
SourceName=Microsoft Windows security auditing.
EventCode=4672
EventType=0
Type=Information
ComputerName=HOST-002
TaskCategory=Special Logon
OpCode=Info
RecordNumber=682665468
Keywords=Audit Success
Message=Special privileges assigned to new logon.
Subject:
	Security ID:		Domain_C\user_k
	Account Name:		user_k
	Account Domain:		Domain_C
	Logon ID:		0xBAC3
Privileges:	SeSecurityPrivilege
			SeTakeOwnershipPrivilege
			SeLoadDriverPrivilege
			SeBackupPrivilege
			SeRestorePrivilege
			SeDebugPrivilege
			SeSystemEnvironmentPrivilege
			SeImpersonatePrivilege

01/28/2020 01:21:13 PM
LogName=Security
SourceName= Microsoft Windows security auditing.
EventCode=4624
EventType=0
Type=Information
ComputerName=ACME-006
TaskCategory=Logon
OpCode=Info
RecordNumber=99981091
Keywords=Audit Success
Message=An account was successfully logged on.

Subject:
 Security ID:  Domain_C\SYSTEM
 Account Name:  ACME-006
 Account Domain:  Domain_C
 Logon ID:  0x70E4

Logon Information:
 Logon Type:  4
 Restricted Admin Mode: No
 Virtual Account:  Yes
 Elevated Token:  Yes

Impersonation Level:  Delegation

New Logon:
 Security ID:  Domain_C\user_c
 Account Name:  user_c
 Account Domain:  Domain_C
 Logon ID:  0x5FC9
 Linked Logon ID:  9DC8
 Network Account Name: user_e
 Network Account Domain: -
 Logon GUID:  {221B21A6-1AE2-3F9A-24EF-22C392AC2A47}

Process Information:
 Process ID:  0x6AEE
 Process Name:  C:\Windows\System32\example_a.exe

Network Information:
 Workstation Name: ACME-006
 Source Network Address: 195.236.159.204
 Source Port:  65075

Detailed Authentication Information:
 Logon Process:  logonProcess1 
 Authentication Package: Kerberos
 Transited Services: service_A
 Package Name (NTLM only): -
 Key Length:  0

This event is generated when a logon session is created. It is generated on the computer that was accessed.

The subject fields indicate the account on the local system which requested the logon. This is most commonly a service such as the Server service, or a local process such as FB40E.exe or FB40E.exe.

The logon type field indicates the kind of logon that occurred. The most common types are 2 (interactive) and 3 (network).

The New Logon fields indicate the account for whom the new logon was created, i.e. the account that was logged on.

The network fields indicate where a remote logon request originated. Workstation name is not always available and may be left blank in some cases.

The impersonation level field indicates the extent to which a process in the logon session can impersonate.

The authentication information fields provide detailed information about this specific logon request.
 - Logon GUID is a unique identifier that can be used to correlate this event with a KDC event.
 - Transited services indicate which intermediate services have participated in this logon request.
 - Package name indicates which sub-protocol was used among the NTLM protocols.
 - Key length indicates the length of the generated session key. This will be 0 if no session key was requested.


01/28/2020 01:21:13 PM
LogName=Security
SourceName= Microsoft Windows security auditing.
EventCode=4624
EventType=0
Type=Information
ComputerName=SE-005
TaskCategory=Logon
OpCode=Info
RecordNumber=97914046
Keywords=Audit Success
Message=An account was successfully logged on.

Subject:
 Security ID:  Domain_D\SYSTEM
 Account Name:  SE-005
 Account Domain:  Domain_D
 Logon ID:  0x70E4

Logon Information:
 Logon Type:  2
 Restricted Admin Mode: No
 Virtual Account:  No
 Elevated Token:  No

Impersonation Level:  Impersonation

New Logon:
 Security ID:  Domain_D\user_g
 Account Name:  user_g
 Account Domain:  Domain_D
 Logon ID:  0xEB5F
 Linked Logon ID:  0C98
 Network Account Name: user_j
 Network Account Domain: -
 Logon GUID:  {221B21A6-1AE2-3F9A-24EF-22C392AC2A47}

Process Information:
 Process ID:  0xBF5D
 Process Name:  C:\Windows\System32\example_b.exe

Network Information:
 Workstation Name: SE-005
 Source Network Address: -
 Source Port:  49987

Detailed Authentication Information:
 Logon Process:  User32 
 Authentication Package: Negotiate
 Transited Services: -
 Package Name (NTLM only): -
 Key Length:  0

This event is generated when a logon session is created. It is generated on the computer that was accessed.

The subject fields indicate the account on the local system which requested the logon. This is most commonly a service such as the Server service, or a local process such as 6742D.exe or 6742D.exe.

The logon type field indicates the kind of logon that occurred. The most common types are 2 (interactive) and 3 (network).

The New Logon fields indicate the account for whom the new logon was created, i.e. the account that was logged on.

The network fields indicate where a remote logon request originated. Workstation name is not always available and may be left blank in some cases.

The impersonation level field indicates the extent to which a process in the logon session can impersonate.

The authentication information fields provide detailed information about this specific logon request.
 - Logon GUID is a unique identifier that can be used to correlate this event with a KDC event.
 - Transited services indicate which intermediate services have participated in this logon request.
 - Package name indicates which sub-protocol was used among the NTLM protocols.
 - Key length indicates the length of the generated session key. This will be 0 if no session key was requested.


