01/28/2020 01:19:34 PM
LogName=Security
SourceName=Microsoft Windows security auditing.
EventCode=4672
EventType=0
Type=Information
ComputerName=ops-sys-001
TaskCategory=Special Logon
OpCode=Info
RecordNumber=188175198
Keywords=Audit Success
Message=Special privileges assigned to new logon.
Subject:
	Security ID:		Domain_E\user_n
	Account Name:		user_n
	Account Domain:		Domain_E
	Logon ID:		0x4D76
Privileges:	SeSecurityPrivilege
			SeTakeOwnershipPrivilege
			SeLoadDriverPrivilege
			SeBackupPrivilege
			SeRestorePrivilege
			SeDebugPrivilege
			SeSystemEnvironmentPrivilege
			SeImpersonatePrivilege

01/28/2020 01:19:34 PM
LogName=Security
SourceName=Microsoft Windows security auditing.
EventCode=4776
EventType=0
Type=Information
ComputerName=COREDEV-002
TaskCategory=Credential Validation
OpCode=Info
RecordNumber=704074962
Keywords=Failure Audit
Message=The computer attempted to validate the credentials for an account.
Authentication Package: MICROSOFT_AUTHENTICATION_PACKAGE_V1_0
Logon Account: user_f
Source Workstation: COREDEV-002
Error Code: 0xC0000064

01/28/2020 01:19:34 PM
LogName=Security
SourceName=Microsoft Windows security auditing.
EventCode=4738
EventType=0
Type=Information
ComputerName=HOST-002
TaskCategory=User Account Management
OpCode=Info
RecordNumber=19852892
Keywords=Audit Success
Message=A User account was changed.

Subject:
 Security ID:  Domain_C\user_k
 Account Name:  user_k
 Account Domain:  Domain_C
 Logon ID:  0xBAC3

Target Account:
 Security ID:  Domain_C\user_b
 Account Name:  user_b
 Account Domain:  Domain_C

Changed Attributes:
 SAM Account Name: user_f
 Display Name:  <value not set>
 User Principal Name: bbb@BBB.local
 Home Directory:  \a
 Home Drive:  F:
 Script Path:  <value not set>
 Profile Path:  \a\g
 User Workstations: DDD
 Password Last Set: 2020-01-28 13:19:34 PM
 Account Expires:  2020-01-28 13:19:34 PM
 Primary Group ID: 693
 AllowedToDelegateTo: -
 Old UAC Value:  AFF74C9
 New UAC Value:  1B499E2
 User Account Control: SCRIPT - Enabled
 User Parameters: <value changed, but not displayed>
 SID History:  Domain_a/aaa
 Logon Hours:  Tuesday 8:00 PM -Wednesday 10:00 AM

Additional Information:
 Privileges:  -

01/28/2020 01:19:34 PM
LogName=Security
SourceName=Microsoft Windows security auditing.
EventCode=4718
EventType=0
Type=Information
ComputerName=ops-sys-006
TaskCategory=Authentication Policy Change
OpCode=Info
RecordNumber=208315751
Keywords=Audit Success
Message=System security access was removed from an account.

Subject:
	Security ID:		Domain_E\SYSTEM
	Account Name:		ops-sys-006
	Account Domain:		Domain_E
	Logon ID:		0xAB37

Account Modified:
	Account Name:		Domain_E\user_l

Access Removed:
	Access Right:		SeNetworkLogonRight

01/28/2020 01:19:34 PM
LogName=Security
SourceName=Microsoft Windows security auditing.
EventCode=4717
EventType=0
Type=Information
ComputerName=SE-006
TaskCategory=Authentication Policy Change
OpCode=Info
RecordNumber=513771537
Keywords=Audit Success
Message=System security access was granted to an account.

Subject:
	Security ID:		Domain_C\SYSTEM
	Account Name:		SE-006
	Account Domain:		Domain_C
	Logon ID:		0xAB37

Account Modified:
	Account Name:		Domain_C\user_l

Access Granted:
	Access Right:		SeRemoteInteractiveLogonRight

01/28/2020 01:19:34 PM
LogName=Security
SourceName=Microsoft-Windows-Eventlog
EventCode=1102
EventType=4
Type=Information
ComputerName=PROD-MFS-006
TaskCategory=Log clear
OpCode=Info
RecordNumber=133572297
Keywords=Audit Success
Message=The audit log was cleared.
Subject:
	Security ID:		Domain_A\user_k
	Account Name:		user_k
	Account Domain:		Domain_A
	Logon ID:		0xBAC3

01/28/2020 01:19:34 PM
LogName=Security
SourceName=Microsoft Windows security auditing.
EventCode=4724
EventType=0
Type=Information
ComputerName=ops-sys-001
TaskCategory=User Account Management
OpCode=Info
RecordNumber=161684226
Keywords=Audit Failure
Message=An attempt was made to reset an account's password.
Subject:
	Security ID:  Domain_A\user_h
	Account Name:  user_h
	Account Domain:  Domain_A
	Logon ID:  0xA19C
Target Account:
	Security ID:  Domain_A\user_h
	Account Name:  user_h
	Account Domain:  Domain_A

01/28/2020 01:19:34 PM
LogName=Security
SourceName=Microsoft Windows security auditing.
EventCode=4720
EventType=0
Type=Information
ComputerName=SE-004
TaskCategory=User Account Management
OpCode=Info
RecordNumber=89124158
Keywords=Audit Success
Message=A User account was created. 
Subject: 
	Security ID: Domain_B\user_e
	Account Name: user_e
	Account Domain: Domain_B
	Logon ID: 0x0452
New Account: 
	Security ID: Domain_B\user_k
	Account Name: user_k
	Account Domain: Domain_B
Attributes: 
	SAM Account Name: user_m
	Display Name: fff
	User Principal Name: -
	Home Directory: \a
	Home Drive: C:
	Script Path: \a\g
	Profile Path: \a\e
	User Workstations: BBB
	Password Last Set: <never>
	Account Expires: 2020-01-28 13:19:34 PM
	Primary Group ID: 856
	Allowed To Delegate To: -
	Old UAC Value: 77E39C1
	New UAC Value: 0E8CB06
	User Account Control: NOT_DELEGATED - Disabled
	User Parameters: <value not set>
	SID History: -
	Logon Hours: All
Additional Information:
	Privileges SeAuditPrivilege

01/28/2020 01:19:33 PM
LogName=Security
SourceName=Microsoft Windows security auditing.
EventCode=4625
EventType=Information
Type=Information
ComputerName=COREDEV-005
TaskCategory=Authentication Policy Change
OpCode=Info
RecordNumber=576161132
Keywords=Audit Success
Message=An account failed to log on.

Subject:
	Security ID:		WINDOWS\SERVER2012$
	Account Name:		ADMINISTRATOR
	Account Domain:		krbtgt
	Logon ID:		0x0

Logon Type:		15

Account For Which Logon Failed:
	Security ID:		WINDOWS\SERVER2012$
	Account Name:		ADMINISTRATOR
	Account Domain:		krbtgt

Failure Information:
	Failure Reason:		Unknown User name or bad password.
	Status:			0x67B5A666
	Sub Status:		0x67B5A666

Process Information:
	Caller Process ID:	0x0
	Caller Process Name:	-

Network Information:
	Workstation Name:	-
	Source Network Address:	146.43.80.189
	Source Port:		48653

Detailed Authentication Information:
	Logon Process:		67B5A666 
	Authentication Package:	Negotiate
	Transited Services:	-
	Package Name (NTLM only):	-
	Key Length:		15

This event is generated when a logon request fails. It is generated on the computer where access was attempted.

The Subject fields indicate the account on the local system which requested the logon. This is most commonly a service such as the Server service, or a local process such as 43D4A67.exe or 43D4A67.exe.

The Logon Type field indicates the kind of logon that was requested. The most common types are 2 (interactive) and 3 (network).

The Process Information fields indicate which account and process on the system requested the logon.

The Network Information fields indicate where a remote logon request originated. Workstation name is not always available and may be left blank in some cases.

The authentication information fields provide detailed information about this specific logon request.
	- Transited services indicate which intermediate services have participated in this logon request.
	- Package name indicates which sub-protocol was used among the NTLM protocols.
	- Key length indicates the length of the generated session key. This will be 0 if no session key was requested.


01/28/2020 01:19:33 PM
LogName=Security
SourceName=Microsoft Windows security auditing.
EventCode=4648
EventType=0
Type=Information
ComputerName=PROD-MFS-003
TaskCategory=Logon
OpCode=Info
RecordNumber=789120733
Keywords=Audit Success
Message=A logon was attempted using explicit credentials.
Subject:
	Security ID:  Domain_E\SYSTEM
	Account Name:  PROD-MFS-003
	Account Domain:  Domain_E
	Logon ID:  0x70E4
	Logon GUID:		{27C4A2F2-13CA-AA25-E903-D31268740239}
Account Whose Credentials Were Used:
	Account Name:		CachinhosDaMel
	Account Domain:		Domain_E
	Logon GUID:		{00000000-0000-0000-0000-000000000000}
Target Server:
	Target Server Name:	Server_B.com
	Additional Information:	Server_B.com
Process Information:
	Process ID:		2F34
	Process Name:		C:\Windows\System32\example_c.exe
Network Information:
	Network Address:	195.154.203.49
	Port:			50560
This event is generated when a process attempts to log on an account by explicitly specifying that account's credentials. This most commonly occurs in batch-type configurations such as scheduled tasks, or when using the RUNAS command.

01/28/2020 01:19:33 PM
LogName=Security
SourceName=Microsoft Windows security auditing.
EventCode=4689
EventType=0
Type=Information
ComputerName=COREDEV-006
TaskCategory=Process Termination
OpCode=Info
RecordNumber=425583722
Keywords=Audit Success
Message=A process has exited.

Subject:
	Security ID:		Domain_D\user_f
	Account Name:		user_f
	Account Domain:		Domain_D
	Logon ID:		0xA369

Process Information:
	Process ID:	0x58C8
	Process Name:	C:\Windows\System32\example_g.exe
	Exit Status:	0x6BE0CA

01/28/2020 01:19:33 PM
LogName=Security
SourceName=Microsoft Windows security auditing.
EventCode=4726
EventType=0
Type=Information
ComputerName=PROD-POS-001
TaskCategory=User Account Management
OpCode=Info
RecordNumber=800927635
Keywords=Audit Success
Message=A user account was deleted.

Subject:
	Security ID:		Domain_E\user_f
	Account Name:		user_f
	Account Domain:		Domain_E
	Logon ID:		0xA369

Target Account:
	Security ID:		Domain_E\user_l
	Account Name:		user_l
	Account Domain:		Domain_E

Additional Information:
	Privileges	SeLoadDriverPrivilege

01/28/2020 01:19:33 PM
LogName=Security
SourceName=Microsoft-Windows-Eventlog
EventCode=1102
EventType=4
Type=Information
ComputerName=PROD-POS-001
TaskCategory=Log clear
OpCode=Info
RecordNumber=386242561
Keywords=Audit Success
Message=The audit log was cleared.
Subject:
	Security ID:		Domain_A\user_g
	Account Name:		user_g
	Account Domain:		Domain_A
	Logon ID:		0xEB5F

01/28/2020 01:19:33 PM
LogName=Security
SourceName=Microsoft Windows security auditing.
EventCode=4688
EventType=0
Type=Information
ComputerName=$SPLUNK_HOME/etc/apps/Splunk_TA_windows/samples/hostname.sample
TaskCategory=Process Creation
OpCode=Info
RecordNumber=411947772
Keywords=Audit Success
Message=A new process has been created.
Subject:
	Security ID:		Domain_E\user_a
	Account Name:		user_a
	Account Domain:		Domain_E
	Logon ID:		0x6C10
Process Information:
	New Process ID:		0x4A4A
	New Process Name:	C:\Windows\System32\example_b.exe
	Token Elevation Type:	TokenElevationTypeDefault (1)
	Creator Process ID:	0xEBCB
Token Elevation Type indicates the type of token that was assigned to the new process in accordance with User Account Control policy.
Type 1 is a full token with no privileges removed or groups disabled.  A full token is only used if User Account Control is disabled or if the User is the built-in Administrator account or a service account.
Type 2 is an elevated token with no privileges removed or groups disabled.  An elevated token is used when User Account Control is enabled and the User chooses to start the program using Run as administrator.  An elevated token is also used when an application is configured to always require administrative privilege or to always require maximum privilege, and the User is a member of the Administrators group.
Type 3 is a limited token with administrative privileges removed and administrative groups disabled.  The limited token is used when User Account Control is enabled, the application does not require administrative privilege, and the User does not choose to start the program using Run as administrator.

01/28/2020 01:19:33 PM
LogName=Security
SourceName= Microsoft Windows security auditing.
EventCode=4624
EventType=0
Type=Information
ComputerName=COREDEV-001
TaskCategory=Logon
OpCode=Info
RecordNumber=876539862
Keywords=Audit Success
Message=An account was successfully logged on.

Subject:
 Security ID:  Domain_B\SYSTEM
 Account Name:  COREDEV-001
 Account Domain:  Domain_B
 Logon ID:  0x70E4

Logon Information:
 Logon Type:  6
 Restricted Admin Mode: -
 Virtual Account:  No
 Elevated Token:  No

Impersonation Level:  Impersonation

New Logon:
 Security ID:  Domain_B\user_n
 Account Name:  user_n
 Account Domain:  Domain_B
 Logon ID:  0x4D76
 Linked Logon ID:  1662
 Network Account Name: -
 Network Account Domain: -
 Logon GUID:  {0887F1E4-39EA-D53C-804F-31D568A06274}

Process Information:
 Process ID:  0xB86F
 Process Name:  C:\Windows\System32\example_e.exe

Network Information:
 Workstation Name: COREDEV-001
 Source Network Address: 78.181.120.174
 Source Port:  47808

Detailed Authentication Information:
 Logon Process:  Winlogon 
 Authentication Package: Negotiate
 Transited Services: service_B
 Package Name (NTLM only): -
 Key Length:  0

This event is generated when a logon session is created. It is generated on the computer that was accessed.

The subject fields indicate the account on the local system which requested the logon. This is most commonly a service such as the Server service, or a local process such as 8EADE.exe or 8EADE.exe.

The logon type field indicates the kind of logon that occurred. The most common types are 2 (interactive) and 3 (network).

The New Logon fields indicate the account for whom the new logon was created, i.e. the account that was logged on.

The network fields indicate where a remote logon request originated. Workstation name is not always available and may be left blank in some cases.

The impersonation level field indicates the extent to which a process in the logon session can impersonate.

The authentication information fields provide detailed information about this specific logon request.
 - Logon GUID is a unique identifier that can be used to correlate this event with a KDC event.
 - Transited services indicate which intermediate services have participated in this logon request.
 - Package name indicates which sub-protocol was used among the NTLM protocols.
 - Key length indicates the length of the generated session key. This will be 0 if no session key was requested.


01/28/2020 01:19:33 PM
LogName=Security
SourceName=Microsoft Windows security auditing.
EventCode=4718
EventType=0
Type=Information
ComputerName=HOST-004
TaskCategory=Authentication Policy Change
OpCode=Info
RecordNumber=117126862
Keywords=Audit Success
Message=System security access was removed from an account.

Subject:
	Security ID:		Domain_E\SYSTEM
	Account Name:		HOST-004
	Account Domain:		Domain_E
	Logon ID:		0x3A81

Account Modified:
	Account Name:		Domain_E\user_b

Access Removed:
	Access Right:		SeBatchLogonRight

01/28/2020 01:19:33 PM
LogName=Security
SourceName=Microsoft Windows security auditing.
EventCode=4688
EventType=0
Type=Information
ComputerName=$SPLUNK_HOME/etc/apps/Splunk_TA_windows/samples/hostname.sample
TaskCategory=Process Creation
OpCode=Info
RecordNumber=462054677
Keywords=Audit Success
Message=A new process has been created.
Subject:
	Security ID:		Domain_C\user_f
	Account Name:		user_f
	Account Domain:		Domain_C
	Logon ID:		0xA369
Process Information:
	New Process ID:		0xAD76
	New Process Name:	C:\Windows\System32\example_c.exe
	Token Elevation Type:	TokenElevationTypeDefault (1)
	Creator Process ID:	0x929E
Token Elevation Type indicates the type of token that was assigned to the new process in accordance with User Account Control policy.
Type 1 is a full token with no privileges removed or groups disabled.  A full token is only used if User Account Control is disabled or if the User is the built-in Administrator account or a service account.
Type 2 is an elevated token with no privileges removed or groups disabled.  An elevated token is used when User Account Control is enabled and the User chooses to start the program using Run as administrator.  An elevated token is also used when an application is configured to always require administrative privilege or to always require maximum privilege, and the User is a member of the Administrators group.
Type 3 is a limited token with administrative privileges removed and administrative groups disabled.  The limited token is used when User Account Control is enabled, the application does not require administrative privilege, and the User does not choose to start the program using Run as administrator.

01/28/2020 01:19:33 PM
LogName=Security
SourceName=Microsoft Windows security auditing.
EventCode=4648
EventType=0
Type=Information
ComputerName=PROD-POS-005
TaskCategory=Logon
OpCode=Info
RecordNumber=72735927
Keywords=Audit Success
Message=A logon was attempted using explicit credentials.
Subject:
	Security ID:  Domain_D\SYSTEM
	Account Name:  PROD-POS-005
	Account Domain:  Domain_D
	Logon ID:  0x70E4
	Logon GUID:		{27C4A2F2-13CA-AA25-E903-D31268740239}
Account Whose Credentials Were Used:
	Account Name:		acciokcavote
	Account Domain:		Domain_D
	Logon GUID:		{27C4A2F2-13CA-AA25-E903-D31268740239}
Target Server:
	Target Server Name:	localhost
	Additional Information:	localhost
Process Information:
	Process ID:		9DB0
	Process Name:		C:\Windows\System32\example_c.exe
Network Information:
	Network Address:	-
	Port:			21468
This event is generated when a process attempts to log on an account by explicitly specifying that account's credentials. This most commonly occurs in batch-type configurations such as scheduled tasks, or when using the RUNAS command.

01/28/2020 01:19:33 PM
LogName=Security
SourceName=Microsoft Windows security auditing.
EventCode=4743
EventType=0
Type=Information
ComputerName=ops-sys-001
TaskCategory=Computer Account Management
OpCode=Info
RecordNumber=959537303
Keywords=Audit Success
Message=A computer account was deleted.

Subject:
	Security ID:		Domain_E\user_c
	Account Name:		user_c
	Account Domain:		Domain_E
	Logon ID:		0x5FC9

Target Computer:
	Security ID:		Domain_E\user_j
	Account Name:		user_j
	Account Domain:		Domain_E

Additional Information:
	Privileges:	SeSystemEnvironmentPrivilege

01/28/2020 01:19:33 PM
LogName=Security
SourceName=Microsoft Windows security auditing.
EventCode=4672
EventType=Information
Type=Information
ComputerName=PROD-POS-002
TaskCategory=Authentication Policy Change
OpCode=Info
RecordNumber=863688339
Keywords=Audit Success
Message=Special privileges assigned to new logon.

Subject:
	Security ID:		abc\def
	Account Name:		ADMINISTRATOR
	Account Domain:		abc
	Logon ID:		0x777
Privileges:		SeAssignPrimaryTokenPrivilege
			SeTcbPrivilege
			SeSecurityPrivilege
			SeTakeOwnershipPrivilege
			SeLoadDriverPrivilege
			SeBackupPrivilege
			SeRestorePrivilege
			SeDebugPrivilege
			SeAuditPrivilege
			SeSystemEnvironmentPrivilege
			SeImpersonatePrivilege
			SeDelegateSessionUserImpersonatePrivilege


01/28/2020 01:19:33 PM
LogName=Security
SourceName=Microsoft Windows security auditing.
EventCode=4720
EventType=0
Type=Information
ComputerName=PROD-POS-001
TaskCategory=User Account Management
OpCode=Info
RecordNumber=162392023
Keywords=Audit Success
Message=A User account was created. 
Subject: 
	Security ID: Domain_A\user_g
	Account Name: user_g
	Account Domain: Domain_A
	Logon ID: 0xEB5F
New Account: 
	Security ID: Domain_A\user_j
	Account Name: user_j
	Account Domain: Domain_A
Attributes: 
	SAM Account Name: user_l
	Display Name: ccc
	User Principal Name: bbb@BBB.local
	Home Directory: \f
	Home Drive: C:
	Script Path: <value not set>
	Profile Path: \a\g
	User Workstations: AAA
	Password Last Set: 2020-01-28 13:19:33 PM
	Account Expires: <never>
	Primary Group ID: 111
	Allowed To Delegate To: -
	Old UAC Value: F7C5E19
	New UAC Value: 8E34087
	User Account Control: DONT_REQ_PREAUTH - Disabled
	User Parameters: <value changed, but not displayed>
	SID History: Domain_a/aaa
	Logon Hours: Tuesday 8:00 PM -Wednesday 10:00 AM
Additional Information:
	Privileges SeBackupPrivilege

01/28/2020 01:19:32 PM
LogName=Security
SourceName=Microsoft Windows security auditing.
EventCode=4634
EventType=Information
Type=Information
ComputerName=BUSDEV-003
TaskCategory=Authentication Policy Change
OpCode=Info
RecordNumber=930931977
Keywords=Audit Success
Message=An account was logged off.

Subject:
	Security ID:		WINDOWS\ADSERVER
	Account Name:		GUEST
	Account Domain:		WINDOWS
	Logon ID:		0x2ABC88B

Logon Type:		5

This event is generated when a logon session is destroyed. It may be positively correlated with a logon event using the Logon ID value. Logon IDs are only unique between reboots on the same computer.


01/28/2020 01:19:32 PM
LogName=Security
SourceName=Microsoft Windows security auditing.
EventCode=4717
EventType=0
Type=Information
ComputerName=PROD-POS-005
TaskCategory=Authentication Policy Change
OpCode=Info
RecordNumber=250488215
Keywords=Audit Success
Message=System security access was granted to an account.

Subject:
	Security ID:		Domain_A\SYSTEM
	Account Name:		PROD-POS-005
	Account Domain:		Domain_A
	Logon ID:		0xB111

Account Modified:
	Account Name:		Domain_A\user_j

Access Granted:
	Access Right:		SeBatchLogonRight

01/28/2020 01:19:32 PM
LogName=Security
SourceName=Microsoft Windows security auditing.
EventCode=4776
EventType=0
Type=Information
ComputerName=ACME-002
TaskCategory=Credential Validation
OpCode=Info
RecordNumber=292043929
Keywords=Audit Success
Message=The computer attempted to validate the credentials for an account.
Authentication Package: MICROSOFT_AUTHENTICATION_PACKAGE_V1_0
Logon Account: user_f
Source Workstation: ACME-002
Error Code: 0x0

01/28/2020 01:19:32 PM
LogName=Security
SourceName=Microsoft Windows security auditing.
EventCode=4648
EventType=0
Type=Information
ComputerName=ops-sys-005
TaskCategory=Logon
OpCode=Info
RecordNumber=282267003
Keywords=Audit Success
Message=A logon was attempted using explicit credentials.
Subject:
	Security ID:  Domain_D\SYSTEM
	Account Name:  ops-sys-005
	Account Domain:  Domain_D
	Logon ID:  0x70E4
	Logon GUID:		{221B21A6-1AE2-3F9A-24EF-22C392AC2A47}
Account Whose Credentials Were Used:
	Account Name:		victoriaaarose
	Account Domain:		Domain_D
	Logon GUID:		{27C4A2F2-13CA-AA25-E903-D31268740239}
Target Server:
	Target Server Name:	Server_A.com
	Additional Information:	Server_A.com
Process Information:
	Process ID:		541F
	Process Name:		C:\Windows\System32\example_d.exe
Network Information:
	Network Address:	199.149.149.235
	Port:			-
This event is generated when a process attempts to log on an account by explicitly specifying that account's credentials. This most commonly occurs in batch-type configurations such as scheduled tasks, or when using the RUNAS command.

01/28/2020 01:19:32 PM
LogName=Security
SourceName=Microsoft Windows security auditing.
EventCode=4688
EventType=0
Type=Information
ComputerName=$SPLUNK_HOME/etc/apps/Splunk_TA_windows/samples/hostname.sample
TaskCategory=Process Creation
OpCode=Info
RecordNumber=553281516
Keywords=Audit Success
Message=A new process has been created.
Subject:
	Security ID:		Domain_B\user_f
	Account Name:		user_f
	Account Domain:		Domain_B
	Logon ID:		0xA369
Process Information:
	New Process ID:		0xB4E7
	New Process Name:	C:\Windows\System32\example_c.exe
	Token Elevation Type:	TokenElevationTypeFull (2)
	Creator Process ID:	0xA976
Token Elevation Type indicates the type of token that was assigned to the new process in accordance with User Account Control policy.
Type 1 is a full token with no privileges removed or groups disabled.  A full token is only used if User Account Control is disabled or if the User is the built-in Administrator account or a service account.
Type 2 is an elevated token with no privileges removed or groups disabled.  An elevated token is used when User Account Control is enabled and the User chooses to start the program using Run as administrator.  An elevated token is also used when an application is configured to always require administrative privilege or to always require maximum privilege, and the User is a member of the Administrators group.
Type 3 is a limited token with administrative privileges removed and administrative groups disabled.  The limited token is used when User Account Control is enabled, the application does not require administrative privilege, and the User does not choose to start the program using Run as administrator.

01/28/2020 01:19:32 PM
LogName=Security
SourceName=Microsoft Windows security auditing.
EventCode=4724
EventType=0
Type=Information
ComputerName=BUSDEV-003
TaskCategory=User Account Management
OpCode=Info
RecordNumber=780199065
Keywords=Audit Failure
Message=An attempt was made to reset an account's password.
Subject:
	Security ID:  Domain_B\user_b
	Account Name:  user_b
	Account Domain:  Domain_B
	Logon ID:  0x3A81
Target Account:
	Security ID:  Domain_B\user_n
	Account Name:  user_n
	Account Domain:  Domain_B

01/28/2020 01:19:32 PM
LogName=Security
SourceName=Microsoft Windows security auditing.
EventCode=4726
EventType=0
Type=Information
ComputerName=ops-sys-001
TaskCategory=User Account Management
OpCode=Info
RecordNumber=611815656
Keywords=Audit Success
Message=A user account was deleted.

Subject:
	Security ID:		Domain_C\user_n
	Account Name:		user_n
	Account Domain:		Domain_C
	Logon ID:		0x4D76

Target Account:
	Security ID:		Domain_C\user_b
	Account Name:		user_b
	Account Domain:		Domain_C

Additional Information:
	Privileges	-

01/28/2020 01:19:31 PM
LogName=Security
SourceName=Microsoft Windows security auditing.
EventCode=4720
EventType=0
Type=Information
ComputerName=BUSDEV-002
TaskCategory=User Account Management
OpCode=Info
RecordNumber=66968784
Keywords=Audit Success
Message=A User account was created. 
Subject: 
	Security ID: Domain_A\user_g
	Account Name: user_g
	Account Domain: Domain_A
	Logon ID: 0xEB5F
New Account: 
	Security ID: Domain_A\user_a
	Account Name: user_a
	Account Domain: Domain_A
Attributes: 
	SAM Account Name: user_j
	Display Name: ccc
	User Principal Name: ccc@AAA.local
	Home Directory: \f
	Home Drive: B:
	Script Path: \f
	Profile Path: <value not set>
	User Workstations: EEE
	Password Last Set: 2020-01-28 13:19:31 PM
	Account Expires: 2020-01-28 13:19:31 PM
	Primary Group ID: 641
	Allowed To Delegate To: server_1/coumputer_a
	Old UAC Value: 0D9F545
	New UAC Value: 8074849
	User Account Control: ACCOUNTDISABLE - Disabled
	User Parameters: <value not set>
	SID History: -
	Logon Hours: Tuesday 8:00 PM -Wednesday 10:00 AM
Additional Information:
	Privileges SeRestorePrivilege

01/28/2020 01:19:31 PM
LogName=Security
SourceName=Microsoft-Windows-Eventlog
EventCode=1102
EventType=4
Type=Information
ComputerName=BUSDEV-007
TaskCategory=Log clear
OpCode=Info
RecordNumber=459318436
Keywords=Audit Success
Message=The audit log was cleared.
Subject:
	Security ID:		Domain_B\user_d
	Account Name:		user_d
	Account Domain:		Domain_B
	Logon ID:		0x3EC3

01/28/2020 01:19:31 PM
LogName=Security
SourceName=Microsoft Windows security auditing.
EventCode=4717
EventType=0
Type=Information
ComputerName=SE-006
TaskCategory=Authentication Policy Change
OpCode=Info
RecordNumber=795157067
Keywords=Audit Success
Message=System security access was granted to an account.

Subject:
	Security ID:		Domain_C\SYSTEM
	Account Name:		SE-006
	Account Domain:		Domain_C
	Logon ID:		0x5F25

Account Modified:
	Account Name:		Domain_C\user_i

Access Granted:
	Access Right:		SeNetworkLogonRight

01/28/2020 01:19:31 PM
LogName=Security
SourceName=Microsoft Windows security auditing.
EventCode=4738
EventType=0
Type=Information
ComputerName=BUSDEV-002
TaskCategory=User Account Management
OpCode=Info
RecordNumber=883497683
Keywords=Audit Success
Message=A User account was changed.

Subject:
 Security ID:  Domain_B\user_g
 Account Name:  user_g
 Account Domain:  Domain_B
 Logon ID:  0xEB5F

Target Account:
 Security ID:  Domain_B\user_j
 Account Name:  user_j
 Account Domain:  Domain_B

Changed Attributes:
 SAM Account Name: user_l
 Display Name:  bbb
 User Principal Name: aaa@AAA.local
 Home Directory:  <value not set>
 Home Drive:  C:
 Script Path:  \a\g
 Profile Path:  \a\b\c
 User Workstations: CCC
 Password Last Set: <never>
 Account Expires:  2020-01-28 13:19:31 PM
 Primary Group ID: 899
 AllowedToDelegateTo: server_2/computer_b
 Old UAC Value:  A37611F
 New UAC Value:  48D46E2
 User Account Control: PARTIAL_SECRETS_ACCOUNT - Enabled
 User Parameters: <value not set>
 SID History:  Domain_a/aaa
 Logon Hours:  All

Additional Information:
 Privileges:  -

01/28/2020 01:19:31 PM 
LogName=Security 
SourceName=Microsoft Windows security auditing.
EventCode=4740 
EventType=0 
Type=Information
ComputerName=HOST-001 
TaskCategory=User Account Management
OpCode=Info 
RecordNumber=310765563
Keywords=Audit Success
Message=A user account was locked out. 
Subject: 
	Security ID: Domain_B\user_n 
	Account Name: user_n
	Account Domain: Domain_B
	Logon ID: 0x4D76
Account That Was Locked Out: 
	Security ID: Domain_B\user_l 
	Account Name: user_l
Additional Information: 
	Caller Computer Name: HOST-001

01/28/2020 01:19:31 PM
LogName=Security
SourceName=Microsoft Windows security auditing.
EventCode=4720
EventType=0
Type=Information
ComputerName=COREDEV-006
TaskCategory=User Account Management
OpCode=Info
RecordNumber=361259081
Keywords=Audit Success
Message=A User account was created. 
Subject: 
	Security ID: Domain_B\user_a
	Account Name: user_a
	Account Domain: Domain_B
	Logon ID: 0x6C10
New Account: 
	Security ID: Domain_B\user_f
	Account Name: user_f
	Account Domain: Domain_B
Attributes: 
	SAM Account Name: user_i
	Display Name: aaa
	User Principal Name: aaa@AAA.local
	Home Directory: \a\b
	Home Drive: B:
	Script Path: \f
	Profile Path: \a\g
	User Workstations: DDD
	Password Last Set: 2020-01-28 13:19:31 PM
	Account Expires: <never>
	Primary Group ID: 794
	Allowed To Delegate To: server_2/computer_b
	Old UAC Value: C3ED4F9
	New UAC Value: 8031574
	User Account Control: NOT_DELEGATED - Enabled
	User Parameters: <value not set>
	SID History: Domain_a/aaa
	Logon Hours: Monday 2:00 PM -Tuesday 6:00 PM
Additional Information:
	Privileges SeImpersonatePrivilege

01/28/2020 01:19:31 PM
LogName=Security
SourceName=Microsoft Windows security auditing.
EventCode=4673
EventType=0
Type=Information
ComputerName=COREDEV-006
TaskCategory=Sensitive Privilege Use
OpCode=Info
RecordNumber=809909504
Keywords=Audit Success
Message=A privileged service was called.

Subject:
	Security ID:		Domain_A\user_g
	Account Name:		user_g
	Account Domain:		Domain_A
	Logon ID:		0xEB5F

Service:
	Server:	NT Local Security Authority / Authentication Service
	Service Name:	LsaRegisterLogonProcess()

Process:
	Process ID:	0x59E4
	Process Name:	C:\Windows\System32\example_a.exe

Service Request Information:
	Privileges:		SeDebugPrivilege

01/28/2020 01:19:31 PM
LogName=Security
SourceName=Microsoft Windows security auditing.
EventCode=4688
EventType=0
Type=Information
ComputerName=$SPLUNK_HOME/etc/apps/Splunk_TA_windows/samples/hostname.sample
TaskCategory=Process Creation
OpCode=Info
RecordNumber=783826184
Keywords=Audit Success
Message=A new process has been created.
Subject:
	Security ID:		Domain_B\user_c
	Account Name:		user_c
	Account Domain:		Domain_B
	Logon ID:		0x5FC9
Process Information:
	New Process ID:		0xA4FE
	New Process Name:	C:\Windows\System32\example_d.exe
	Token Elevation Type:	TokenElevationTypeDefault (1)
	Creator Process ID:	0x292F
Token Elevation Type indicates the type of token that was assigned to the new process in accordance with User Account Control policy.
Type 1 is a full token with no privileges removed or groups disabled.  A full token is only used if User Account Control is disabled or if the User is the built-in Administrator account or a service account.
Type 2 is an elevated token with no privileges removed or groups disabled.  An elevated token is used when User Account Control is enabled and the User chooses to start the program using Run as administrator.  An elevated token is also used when an application is configured to always require administrative privilege or to always require maximum privilege, and the User is a member of the Administrators group.
Type 3 is a limited token with administrative privileges removed and administrative groups disabled.  The limited token is used when User Account Control is enabled, the application does not require administrative privilege, and the User does not choose to start the program using Run as administrator.

01/28/2020 01:19:31 PM
LogName=Security
SourceName=Microsoft Windows security auditing.
EventCode=4673
EventType=0
Type=Information
ComputerName=PROD-MFS-002
TaskCategory=Sensitive Privilege Use
OpCode=Info
RecordNumber=500217128
Keywords=Audit Success
Message=A privileged service was called.

Subject:
	Security ID:		Domain_C\user_h
	Account Name:		user_h
	Account Domain:		Domain_C
	Logon ID:		0xA19C

Service:
	Server:	NT Local Security Authority / Authentication Service
	Service Name:	LsaRegisterLogonProcess()

Process:
	Process ID:	0xCE24
	Process Name:	C:\Windows\System32\example_b.exe

Service Request Information:
	Privileges:		SeSystemEnvironmentPrivilege

01/28/2020 01:19:31 PM
LogName=Security
SourceName=Microsoft Windows security auditing.
EventCode=4672
EventType=0
Type=Information
ComputerName=BUSDEV-001
TaskCategory=Special Logon
OpCode=Info
RecordNumber=895914793
Keywords=Audit Success
Message=Special privileges assigned to new logon.
Subject:
	Security ID:		Domain_B\user_c
	Account Name:		user_c
	Account Domain:		Domain_B
	Logon ID:		0x5FC9
Privileges:	SeSecurityPrivilege
			SeTakeOwnershipPrivilege
			SeLoadDriverPrivilege
			SeBackupPrivilege
			SeRestorePrivilege
			SeDebugPrivilege
			SeSystemEnvironmentPrivilege
			SeImpersonatePrivilege

01/28/2020 01:19:30 PM
LogName=Security
SourceName=Microsoft Windows security auditing.
EventCode=4717
EventType=0
Type=Information
ComputerName=SE-006
TaskCategory=Authentication Policy Change
OpCode=Info
RecordNumber=676029530
Keywords=Audit Success
Message=System security access was granted to an account.

Subject:
	Security ID:		Domain_E\SYSTEM
	Account Name:		SE-006
	Account Domain:		Domain_E
	Logon ID:		0x5FC9

Account Modified:
	Account Name:		Domain_E\user_c

Access Granted:
	Access Right:		SeNetworkLogonRight

01/28/2020 01:19:30 PM
LogName=Security
SourceName=Microsoft Windows security auditing.
EventCode=4726
EventType=0
Type=Information
ComputerName=PROD-POS-004
TaskCategory=User Account Management
OpCode=Info
RecordNumber=542977816
Keywords=Audit Success
Message=A user account was deleted.

Subject:
	Security ID:		Domain_E\user_d
	Account Name:		user_d
	Account Domain:		Domain_E
	Logon ID:		0x3EC3

Target Account:
	Security ID:		Domain_E\user_b
	Account Name:		user_b
	Account Domain:		Domain_E

Additional Information:
	Privileges	SeRestorePrivilege

01/28/2020 01:19:30 PM
LogName=Security
SourceName=Microsoft Windows security auditing.
EventCode=4718
EventType=0
Type=Information
ComputerName=SE-005
TaskCategory=Authentication Policy Change
OpCode=Info
RecordNumber=815123811
Keywords=Audit Success
Message=System security access was removed from an account.

Subject:
	Security ID:		Domain_B\SYSTEM
	Account Name:		SE-005
	Account Domain:		Domain_B
	Logon ID:		0xB111

Account Modified:
	Account Name:		Domain_B\user_j

Access Removed:
	Access Right:		SeInteractiveLogonRight

01/28/2020 01:19:30 PM
LogName=Security
SourceName=Microsoft Windows security auditing.
EventCode=4717
EventType=0
Type=Information
ComputerName=PROD-MFS-006
TaskCategory=Authentication Policy Change
OpCode=Info
RecordNumber=855702820
Keywords=Audit Success
Message=System security access was granted to an account.

Subject:
	Security ID:		Domain_A\SYSTEM
	Account Name:		PROD-MFS-006
	Account Domain:		Domain_A
	Logon ID:		0x5FC9

Account Modified:
	Account Name:		Domain_A\user_c

Access Granted:
	Access Right:		SeServiceLogonRight

01/28/2020 01:19:30 PM
LogName=Security
SourceName=Microsoft Windows security auditing.
EventCode=4648
EventType=0
Type=Information
ComputerName=SE-001
TaskCategory=Logon
OpCode=Info
RecordNumber=344853599
Keywords=Audit Success
Message=A logon was attempted using explicit credentials.
Subject:
	Security ID:  Domain_D\SYSTEM
	Account Name:  SE-001
	Account Domain:  Domain_D
	Logon ID:  0x70E4
	Logon GUID:		{0887F1E4-39EA-D53C-804F-31D568A06274}
Account Whose Credentials Were Used:
	Account Name:		AyooCandyy
	Account Domain:		Domain_D
	Logon GUID:		{27C4A2F2-13CA-AA25-E903-D31268740239}
Target Server:
	Target Server Name:	Server_D.com
	Additional Information:	Server_D.com
Process Information:
	Process ID:		BB6F
	Process Name:		C:\Windows\System32\example_c.exe
Network Information:
	Network Address:	222.134.159.254
	Port:			54090
This event is generated when a process attempts to log on an account by explicitly specifying that account's credentials. This most commonly occurs in batch-type configurations such as scheduled tasks, or when using the RUNAS command.

01/28/2020 01:19:30 PM
LogName=Security
SourceName=Microsoft Windows security auditing.
EventCode=4739
EventType=0
Type=Information
ComputerName=SE-001
TaskCategory=Authentication Policy Change
OpCode=Info
RecordNumber=361577505
Keywords=Audit Success
Message=Domain Policy was changed.

Change Type:		Password Policy modified

Subject:
	Security ID:  Domain_D\user_e
	Account Name:  user_e
	Account Domain:  Domain_D
	Logon ID:  0x0452

Domain:
	Domain Name:		Domain_D
	Domain ID:		Domain_D\

Changed Attributes:
	Min. Password Age:	-
	Max. Password Age:	-
	Force Logoff:		-
	Lockout Threshold:	-
	Lockout Observation Window:	-
	Lockout Duration:	-
	Password Properties:	-
	Min. Password Length:	6
	Password History Length:	23
	Machine Account Quota:	-
	Mixed Domain Mode:	-
	Domain Behavior Version:	-
	OEM Information:	-

Additional Information:
	Privileges:		-

01/28/2020 01:19:29 PM
LogName=Security
SourceName=Microsoft Windows security auditing.
EventCode=4624
EventType=Information
Type=Information
ComputerName=HOST-006
TaskCategory=Authentication Policy Change
OpCode=Info
RecordNumber=809049946
Keywords=Audit Success
Message=An account was successfully logged on.

Subject:
	Security ID:		WINDOWS\ADSERVER
	Account Name:		ADMINISTRATOR
	Account Domain:		TASERVER$
	Logon ID:		0x350
Logon Information:
	Logon Type:		15
	Restricted Admin Mode:	-
	Virtual Account:		Yes
	Elevated Token:		Yes

Impersonation Level:		Abcde

New Logon:
	Security ID:		WINDOWS\ADSERVER
	Account Name:		ADMINISTRATOR
	Account Domain:		TASERVER$
	Logon ID:		0x350	Linked Logon ID:		0xA
	Network Account Name:	-
	Network Account Domain:	-
	Logon GUID:		{C1B26134-BA1B-BA1B-BA1B-6CB7D9ADE5FD}

Process Information:
	Process ID:		0x350	Process Name:		win\directory\directory2\B7C3937.exe

Network Information:
	Workstation Name:	-
	Source Network Address:	-
	Source Port:		2906

Detailed Authentication Information:
	Logon Process:		C1B26134  
	Authentication Package:	NTLM
	Transited Services:	-
	Package Name (NTLM only):	-
	Key Length:		15

This event is generated when a logon session is created. It is generated on the computer that was accessed.

The subject fields indicate the account on the local system which requested the logon. This is most commonly a service such as the Server service, or a local process such as B7C3937.exe or B7C3937.exe.

The logon type field indicates the kind of logon that occurred. The most common types are 2 (interactive) and 3 (network).

The New Logon fields indicate the account for whom the new logon was created, i.e. the account that was logged on.

The network fields indicate where a remote logon request originated. Workstation name is not always available and may be left blank in some cases.

The impersonation level field indicates the extent to which a process in the logon session can impersonate.

The authentication information fields provide detailed information about this specific logon request.
	- Logon GUID is a unique identifier that can be used to correlate this event with a KDC event.
	- Transited services indicate which intermediate services have participated in this logon request.
	- Package name indicates which sub-protocol was used among the NTLM protocols.
	- Key length indicates the length of the generated session key. This will be 0 if no session key was requested.


01/28/2020 01:19:29 PM
LogName=Security
SourceName=Microsoft Windows security auditing.
EventCode=4738
EventType=0
Type=Information
ComputerName=HOST-002
TaskCategory=User Account Management
OpCode=Info
RecordNumber=676191652
Keywords=Audit Success
Message=A User account was changed.

Subject:
 Security ID:  Domain_B\user_k
 Account Name:  user_k
 Account Domain:  Domain_B
 Logon ID:  0xBAC3

Target Account:
 Security ID:  Domain_B\user_l
 Account Name:  user_l
 Account Domain:  Domain_B

Changed Attributes:
 SAM Account Name: user_m
 Display Name:  eee
 User Principal Name: eee@AAA.local
 Home Directory:  \a
 Home Drive:  B:
 Script Path:  \a\b\c
 Profile Path:  <value not set>
 User Workstations: BBB
 Password Last Set: 2020-01-28 13:19:29 PM
 Account Expires:  2020-01-28 13:19:29 PM
 Primary Group ID: 174
 AllowedToDelegateTo: server_2/computer_b
 Old UAC Value:  FC247D9
 New UAC Value:  F8228A3
 User Account Control: PASSWD_CANT_CHANGE - Enabled
 User Parameters: <value not set>
 SID History:  Domain_b/bbb
 Logon Hours:  All

Additional Information:
 Privileges:  -

01/28/2020 01:19:29 PM
LogName=Security
SourceName=Microsoft Windows security auditing.
EventCode=4738
EventType=0
Type=Information
ComputerName=BUSDEV-003
TaskCategory=User Account Management
OpCode=Info
RecordNumber=508200592
Keywords=Audit Success
Message=A User account was changed.

Subject:
 Security ID:  Domain_A\user_i
 Account Name:  user_i
 Account Domain:  Domain_A
 Logon ID:  0x5F25

Target Account:
 Security ID:  Domain_A\user_c
 Account Name:  user_c
 Account Domain:  Domain_A

Changed Attributes:
 SAM Account Name: user_b
 Display Name:  eee
 User Principal Name: ccc@AAA.local
 Home Directory:  \a
 Home Drive:  B:
 Script Path:  \a
 Profile Path:  \f
 User Workstations: AAA
 Password Last Set: 2020-01-28 13:19:29 PM
 Account Expires:  <never>
 Primary Group ID: 487
 AllowedToDelegateTo: server_2/computer_b
 Old UAC Value:  547CA32
 New UAC Value:  C3D893B
 User Account Control: HOMEDIR_REQUIRED - Enabled
 User Parameters: <value not set>
 SID History:  Domain_a/aaa
 Logon Hours:  Monday 2:00 PM -Tuesday 6:00 PM

Additional Information:
 Privileges:  SeTcbPrivilege

01/28/2020 01:19:29 PM
LogName=Security
SourceName=Microsoft Windows security auditing.
EventCode=4724
EventType=0
Type=Information
ComputerName=HOST-002
TaskCategory=User Account Management
OpCode=Info
RecordNumber=885410459
Keywords=Audit Success
Message=An attempt was made to reset an account's password.
Subject:
	Security ID:  Domain_D\user_e
	Account Name:  user_e
	Account Domain:  Domain_D
	Logon ID:  0x0452
Target Account:
	Security ID:  Domain_D\user_e
	Account Name:  user_e
	Account Domain:  Domain_D

01/28/2020 01:19:29 PM
LogName=Security
SourceName=Microsoft Windows security auditing.
EventCode=4776
EventType=0
Type=Information
ComputerName=ACME-004
TaskCategory=Credential Validation
OpCode=Info
RecordNumber=205945560
Keywords=Failure Audit
Message=The computer attempted to validate the credentials for an account.
Authentication Package: MICROSOFT_AUTHENTICATION_PACKAGE_V1_0
Logon Account: user_f
Source Workstation: ACME-004
Error Code: 0xC000006D

01/28/2020 01:19:29 PM
LogName=Security
SourceName=Microsoft Windows security auditing.
EventCode=4739
EventType=0
Type=Information
ComputerName=PROD-POS-004
TaskCategory=Authentication Policy Change
OpCode=Info
RecordNumber=491261086
Keywords=Audit Success
Message=Domain Policy was changed.

Change Type:		Password Policy modified

Subject:
	Security ID:  Domain_D\user_j
	Account Name:  user_j
	Account Domain:  Domain_D
	Logon ID:  0xB111

Domain:
	Domain Name:		Domain_D
	Domain ID:		Domain_D\

Changed Attributes:
	Min. Password Age:	-
	Max. Password Age:	-
	Force Logoff:		-
	Lockout Threshold:	-
	Lockout Observation Window:	-
	Lockout Duration:	-
	Password Properties:	-
	Min. Password Length:	6
	Password History Length:	23
	Machine Account Quota:	-
	Mixed Domain Mode:	-
	Domain Behavior Version:	-
	OEM Information:	-

Additional Information:
	Privileges:		-

01/28/2020 01:19:29 PM
LogName=Security
SourceName=Microsoft Windows security auditing.
EventCode=5058
EventType=Information
Type=Information
ComputerName=ops-sys-005
TaskCategory=Authentication Policy Change
OpCode=Info
RecordNumber=871611908
Keywords=Audit Success
Message=Key file operation.

Subject:
	Security ID:		NT AUTHORITY\SYSTEM
	Account Name:		ABCDE
	Account Domain:		abc
	Logon ID:		0xD35
Cryptographic Parameters:
	Provider Name:	Microsoft Software Key Storage Provider
	Algorithm Name:	UNKNOWN
	Key Name:	B019E7DC-DE98-DE98-DE98-96F2C3DE805B
	Key Type: User key.

Key File Operation Information:
	File Path:	win\directory\directory2\CB989A7F9C49EA903DF6E5768ED96F36_B019E7DC-DE98-DE98-DE98-96F2C3DE805B
	Operation:	Read persisted key from file.
	Return Code:	0x5


01/28/2020 01:19:29 PM
LogName=Security
SourceName=Microsoft Windows security auditing.
EventCode=4688
EventType=0
Type=Information
ComputerName=$SPLUNK_HOME/etc/apps/Splunk_TA_windows/samples/hostname.sample
TaskCategory=Process Creation
OpCode=Info
RecordNumber=381270364
Keywords=Audit Success
Message=A new process has been created.
Subject:
	Security ID:		Domain_A\user_d
	Account Name:		user_d
	Account Domain:		Domain_A
	Logon ID:		0x3EC3
Process Information:
	New Process ID:		0xAE4A
	New Process Name:	C:\Windows\System32\example_b.exe
	Token Elevation Type:	TokenElevationTypeFull (2)
	Creator Process ID:	0x924D
Token Elevation Type indicates the type of token that was assigned to the new process in accordance with User Account Control policy.
Type 1 is a full token with no privileges removed or groups disabled.  A full token is only used if User Account Control is disabled or if the User is the built-in Administrator account or a service account.
Type 2 is an elevated token with no privileges removed or groups disabled.  An elevated token is used when User Account Control is enabled and the User chooses to start the program using Run as administrator.  An elevated token is also used when an application is configured to always require administrative privilege or to always require maximum privilege, and the User is a member of the Administrators group.
Type 3 is a limited token with administrative privileges removed and administrative groups disabled.  The limited token is used when User Account Control is enabled, the application does not require administrative privilege, and the User does not choose to start the program using Run as administrator.

01/28/2020 01:19:29 PM
LogName=Security
SourceName=Microsoft Windows security auditing.
EventCode=4776
EventType=0
Type=Information
ComputerName=HOST-003
TaskCategory=Credential Validation
OpCode=Info
RecordNumber=24687336
Keywords=Failure Audit
Message=The computer attempted to validate the credentials for an account.
Authentication Package: MICROSOFT_AUTHENTICATION_PACKAGE_V1_0
Logon Account: user_c
Source Workstation: HOST-003
Error Code: 0xC000006D

01/28/2020 01:19:29 PM
LogName=Security
SourceName=Microsoft Windows security auditing.
EventCode=4689
EventType=0
Type=Information
ComputerName=ops-sys-006
TaskCategory=Process Termination
OpCode=Info
RecordNumber=495559108
Keywords=Audit Success
Message=A process has exited.

Subject:
	Security ID:		Domain_C\user_h
	Account Name:		user_h
	Account Domain:		Domain_C
	Logon ID:		0xA19C

Process Information:
	Process ID:	0xC3E9
	Process Name:	C:\Windows\System32\example_c.exe
	Exit Status:	0x0F759B

01/28/2020 01:19:28 PM
LogName=Security
SourceName=Microsoft Windows security auditing.
EventCode=4688
EventType=0
Type=Information
ComputerName=$SPLUNK_HOME/etc/apps/Splunk_TA_windows/samples/hostname.sample
TaskCategory=Process Creation
OpCode=Info
RecordNumber=82977168
Keywords=Audit Success
Message=A new process has been created.
Subject:
	Security ID:		Domain_B\user_j
	Account Name:		user_j
	Account Domain:		Domain_B
	Logon ID:		0xB111
Process Information:
	New Process ID:		0x0EA8
	New Process Name:	C:\Windows\System32\example_g.exe
	Token Elevation Type:	TokenElevationTypeFull (2)
	Creator Process ID:	0xC168
Token Elevation Type indicates the type of token that was assigned to the new process in accordance with User Account Control policy.
Type 1 is a full token with no privileges removed or groups disabled.  A full token is only used if User Account Control is disabled or if the User is the built-in Administrator account or a service account.
Type 2 is an elevated token with no privileges removed or groups disabled.  An elevated token is used when User Account Control is enabled and the User chooses to start the program using Run as administrator.  An elevated token is also used when an application is configured to always require administrative privilege or to always require maximum privilege, and the User is a member of the Administrators group.
Type 3 is a limited token with administrative privileges removed and administrative groups disabled.  The limited token is used when User Account Control is enabled, the application does not require administrative privilege, and the User does not choose to start the program using Run as administrator.

01/28/2020 01:19:28 PM
LogName=Security
SourceName=Microsoft Windows security auditing.
EventCode=4724
EventType=0
Type=Information
ComputerName=COREDEV-003
TaskCategory=User Account Management
OpCode=Info
RecordNumber=478326269
Keywords=Audit Success
Message=An attempt was made to reset an account's password.
Subject:
	Security ID:  Domain_D\user_h
	Account Name:  user_h
	Account Domain:  Domain_D
	Logon ID:  0xA19C
Target Account:
	Security ID:  Domain_D\user_j
	Account Name:  user_j
	Account Domain:  Domain_D

