01/28/2020 01:20:33 PM
LogName=Security
SourceName=Microsoft Windows security auditing.
EventCode=4688
EventType=0
Type=Information
ComputerName=$SPLUNK_HOME/etc/apps/Splunk_TA_windows/samples/hostname.sample
TaskCategory=Process Creation
OpCode=Info
RecordNumber=626042939
Keywords=Audit Success
Message=A new process has been created.
Subject:
	Security ID:		Domain_A\user_m
	Account Name:		user_m
	Account Domain:		Domain_A
	Logon ID:		0x46BA
Process Information:
	New Process ID:		0x1C2D
	New Process Name:	C:\Windows\System32\example_c.exe
	Token Elevation Type:	TokenElevationTypeFull (2)
	Creator Process ID:	0x9A39
Token Elevation Type indicates the type of token that was assigned to the new process in accordance with User Account Control policy.
Type 1 is a full token with no privileges removed or groups disabled.  A full token is only used if User Account Control is disabled or if the User is the built-in Administrator account or a service account.
Type 2 is an elevated token with no privileges removed or groups disabled.  An elevated token is used when User Account Control is enabled and the User chooses to start the program using Run as administrator.  An elevated token is also used when an application is configured to always require administrative privilege or to always require maximum privilege, and the User is a member of the Administrators group.
Type 3 is a limited token with administrative privileges removed and administrative groups disabled.  The limited token is used when User Account Control is enabled, the application does not require administrative privilege, and the User does not choose to start the program using Run as administrator.

01/28/2020 01:20:32 PM
LogName=Security
SourceName=Microsoft Windows security auditing.
EventCode=4738
EventType=0
Type=Information
ComputerName=ACME-006
TaskCategory=User Account Management
OpCode=Info
RecordNumber=86613547
Keywords=Audit Success
Message=A User account was changed.

Subject:
 Security ID:  Domain_B\user_e
 Account Name:  user_e
 Account Domain:  Domain_B
 Logon ID:  0x0452

Target Account:
 Security ID:  Domain_B\user_i
 Account Name:  user_i
 Account Domain:  Domain_B

Changed Attributes:
 SAM Account Name: user_n
 Display Name:  bbb
 User Principal Name: aaa@AAA.local
 Home Directory:  \a\e
 Home Drive:  A:
 Script Path:  \a\e
 Profile Path:  \a\e
 User Workstations: <value not set>
 Password Last Set: 2020-01-28 13:20:32 PM
 Account Expires:  2020-01-28 13:20:32 PM
 Primary Group ID: 875
 AllowedToDelegateTo: -
 Old UAC Value:  A45B9A2
 New UAC Value:  2F1233E
 User Account Control: ACCOUNTDISABLE - Disabled
 User Parameters: <value changed, but not displayed>
 SID History:  Domain_b/bbb
 Logon Hours:  Monday 2:00 PM -Tuesday 6:00 PM

Additional Information:
 Privileges:  -

01/28/2020 01:20:32 PM
LogName=Security
SourceName=Microsoft Windows security auditing.
EventCode=4717
EventType=0
Type=Information
ComputerName=BUSDEV-001
TaskCategory=Authentication Policy Change
OpCode=Info
RecordNumber=482908328
Keywords=Audit Success
Message=System security access was granted to an account.

Subject:
	Security ID:		Domain_B\SYSTEM
	Account Name:		BUSDEV-001
	Account Domain:		Domain_B
	Logon ID:		0x5FC9

Account Modified:
	Account Name:		Domain_B\user_c

Access Granted:
	Access Right:		SeNetworkLogonRight

01/28/2020 01:20:32 PM
LogName=Security
SourceName=Microsoft Windows security auditing.
EventCode=4726
EventType=0
Type=Information
ComputerName=ops-sys-002
TaskCategory=User Account Management
OpCode=Info
RecordNumber=724322150
Keywords=Audit Success
Message=A user account was deleted.

Subject:
	Security ID:		Domain_D\user_h
	Account Name:		user_h
	Account Domain:		Domain_D
	Logon ID:		0xA19C

Target Account:
	Security ID:		Domain_D\user_c
	Account Name:		user_c
	Account Domain:		Domain_D

Additional Information:
	Privileges	-

01/28/2020 01:20:32 PM
LogName=Security
SourceName=Microsoft-Windows-Eventlog
EventCode=1102
EventType=4
Type=Information
ComputerName=ACME-001
TaskCategory=Log clear
OpCode=Info
RecordNumber=196662051
Keywords=Audit Success
Message=The audit log was cleared.
Subject:
	Security ID:		Domain_D\user_n
	Account Name:		user_n
	Account Domain:		Domain_D
	Logon ID:		0x4D76

01/28/2020 01:20:32 PM
LogName=Security
SourceName=Microsoft Windows security auditing.
EventCode=4689
EventType=0
Type=Information
ComputerName=HOST-003
TaskCategory=Process Termination
OpCode=Info
RecordNumber=286173232
Keywords=Audit Success
Message=A process has exited.

Subject:
	Security ID:		Domain_D\user_n
	Account Name:		user_n
	Account Domain:		Domain_D
	Logon ID:		0x4D76

Process Information:
	Process ID:	0x93A3
	Process Name:	C:\Windows\System32\example_g.exe
	Exit Status:	0x89E8F1

01/28/2020 01:20:32 PM
LogName=Security
SourceName=Microsoft Windows security auditing.
EventCode=4738
EventType=0
Type=Information
ComputerName=BUSDEV-004
TaskCategory=User Account Management
OpCode=Info
RecordNumber=113836634
Keywords=Audit Success
Message=A User account was changed.

Subject:
 Security ID:  Domain_C\user_i
 Account Name:  user_i
 Account Domain:  Domain_C
 Logon ID:  0x5F25

Target Account:
 Security ID:  Domain_C\user_d
 Account Name:  user_d
 Account Domain:  Domain_C

Changed Attributes:
 SAM Account Name: user_m
 Display Name:  bbb
 User Principal Name: ccc@AAA.local
 Home Directory:  \f
 Home Drive:  A:
 Script Path:  \a
 Profile Path:  <value not set>
 User Workstations: AAA
 Password Last Set: <never>
 Account Expires:  <never>
 Primary Group ID: 873
 AllowedToDelegateTo: server_1/coumputer_a
 Old UAC Value:  490B36C
 New UAC Value:  1F108F8
 User Account Control: HOMEDIR_REQUIRED - Enabled
 User Parameters: <value changed, but not displayed>
 SID History:  -
 Logon Hours:  Monday 2:00 PM -Tuesday 6:00 PM

Additional Information:
 Privileges:  -

01/28/2020 01:20:31 PM
LogName=Security
SourceName=Microsoft Windows security auditing.
EventCode=4724
EventType=0
Type=Information
ComputerName=BUSDEV-003
TaskCategory=User Account Management
OpCode=Info
RecordNumber=424805640
Keywords=Audit Success
Message=An attempt was made to reset an account's password.
Subject:
	Security ID:  Domain_D\user_g
	Account Name:  user_g
	Account Domain:  Domain_D
	Logon ID:  0xEB5F
Target Account:
	Security ID:  Domain_D\user_d
	Account Name:  user_d
	Account Domain:  Domain_D

01/28/2020 01:20:31 PM
LogName=Security
SourceName=Microsoft Windows security auditing.
EventCode=4726
EventType=0
Type=Information
ComputerName=PROD-MFS-005
TaskCategory=User Account Management
OpCode=Info
RecordNumber=5065403
Keywords=Audit Success
Message=A user account was deleted.

Subject:
	Security ID:		Domain_B\user_c
	Account Name:		user_c
	Account Domain:		Domain_B
	Logon ID:		0x5FC9

Target Account:
	Security ID:		Domain_B\user_j
	Account Name:		user_j
	Account Domain:		Domain_B

Additional Information:
	Privileges	SeImpersonatePrivilege

01/28/2020 01:20:31 PM
LogName=Security
SourceName=Microsoft Windows security auditing.
EventCode=4648
EventType=0
Type=Information
ComputerName=HOST-001
TaskCategory=Logon
OpCode=Info
RecordNumber=36683224
Keywords=Audit Success
Message=A logon was attempted using explicit credentials.
Subject:
	Security ID:  Domain_D\SYSTEM
	Account Name:  HOST-001
	Account Domain:  Domain_D
	Logon ID:  0x70E4
	Logon GUID:		{0887F1E4-39EA-D53C-804F-31D568A06274}
Account Whose Credentials Were Used:
	Account Name:		TeamBoogGIFI
	Account Domain:		Domain_D
	Logon GUID:		{221B21A6-1AE2-3F9A-24EF-22C392AC2A47}
Target Server:
	Target Server Name:	Server_C.com
	Additional Information:	Server_C.com
Process Information:
	Process ID:		D98B
	Process Name:		C:\Windows\System32\example_g.exe
Network Information:
	Network Address:	154.40.22.66
	Port:			-
This event is generated when a process attempts to log on an account by explicitly specifying that account's credentials. This most commonly occurs in batch-type configurations such as scheduled tasks, or when using the RUNAS command.

01/28/2020 01:20:31 PM
LogName=Security
SourceName=Microsoft Windows security auditing.
EventCode=4776
EventType=0
Type=Information
ComputerName=ACME-006
TaskCategory=Credential Validation
OpCode=Info
RecordNumber=97858202
Keywords=Failure Audit
Message=The computer attempted to validate the credentials for an account.
Authentication Package: MICROSOFT_AUTHENTICATION_PACKAGE_V1_0
Logon Account: user_k
Source Workstation: ACME-006
Error Code: 0xC000006D

01/28/2020 01:20:31 PM
LogName=Security
SourceName=Microsoft Windows security auditing.
EventCode=4672
EventType=0
Type=Information
ComputerName=PROD-POS-002
TaskCategory=Special Logon
OpCode=Info
RecordNumber=861120761
Keywords=Audit Success
Message=Special privileges assigned to new logon.
Subject:
	Security ID:		Domain_B\user_k
	Account Name:		user_k
	Account Domain:		Domain_B
	Logon ID:		0xBAC3
Privileges:	SeSecurityPrivilege
			SeTakeOwnershipPrivilege
			SeLoadDriverPrivilege
			SeBackupPrivilege
			SeRestorePrivilege
			SeDebugPrivilege
			SeSystemEnvironmentPrivilege
			SeImpersonatePrivilege

01/28/2020 01:20:31 PM
LogName=Security
SourceName=Microsoft-Windows-Eventlog
EventCode=1102
EventType=4
Type=Information
ComputerName=BUSDEV-002
TaskCategory=Log clear
OpCode=Info
RecordNumber=440042610
Keywords=Audit Success
Message=The audit log was cleared.
Subject:
	Security ID:		Domain_A\user_l
	Account Name:		user_l
	Account Domain:		Domain_A
	Logon ID:		0xAB37

01/28/2020 01:20:31 PM
LogName=Security
SourceName=Microsoft Windows security auditing.
EventCode=4720
EventType=0
Type=Information
ComputerName=HOST-005
TaskCategory=User Account Management
OpCode=Info
RecordNumber=512727885
Keywords=Audit Success
Message=A User account was created. 
Subject: 
	Security ID: Domain_E\user_k
	Account Name: user_k
	Account Domain: Domain_E
	Logon ID: 0xBAC3
New Account: 
	Security ID: Domain_E\user_d
	Account Name: user_d
	Account Domain: Domain_E
Attributes: 
	SAM Account Name: user_l
	Display Name: eee
	User Principal Name: -
	Home Directory: \a\b\c
	Home Drive: A:
	Script Path: \a\b\c
	Profile Path: \f
	User Workstations: DDD
	Password Last Set: <never>
	Account Expires: <never>
	Primary Group ID: 313
	Allowed To Delegate To: server_1/coumputer_a
	Old UAC Value: A552220
	New UAC Value: 7CB7993
	User Account Control: MNS_LOGON_ACCOUNT - Enabled
	User Parameters: <value changed, but not displayed>
	SID History: Domain_b/bbb
	Logon Hours: All
Additional Information:
	Privileges -

01/28/2020 01:20:30 PM
LogName=Security
SourceName=Microsoft Windows security auditing.
EventCode=4718
EventType=0
Type=Information
ComputerName=COREDEV-004
TaskCategory=Authentication Policy Change
OpCode=Info
RecordNumber=897727982
Keywords=Audit Success
Message=System security access was removed from an account.

Subject:
	Security ID:		Domain_D\SYSTEM
	Account Name:		COREDEV-004
	Account Domain:		Domain_D
	Logon ID:		0x0452

Account Modified:
	Account Name:		Domain_D\user_e

Access Removed:
	Access Right:		SeServiceLogonRight

01/28/2020 01:20:30 PM
LogName=Security
SourceName=Microsoft Windows security auditing.
EventCode=4720
EventType=0
Type=Information
ComputerName=BUSDEV-004
TaskCategory=User Account Management
OpCode=Info
RecordNumber=188363758
Keywords=Audit Success
Message=A User account was created. 
Subject: 
	Security ID: Domain_B\user_g
	Account Name: user_g
	Account Domain: Domain_B
	Logon ID: 0xEB5F
New Account: 
	Security ID: Domain_B\user_g
	Account Name: user_g
	Account Domain: Domain_B
Attributes: 
	SAM Account Name: user_f
	Display Name: bbb
	User Principal Name: ccc@AAA.local
	Home Directory: \a\b\c
	Home Drive: C:
	Script Path: \a
	Profile Path: \a\e
	User Workstations: DDD
	Password Last Set: <never>
	Account Expires: 2020-01-28 13:20:30 PM
	Primary Group ID: 878
	Allowed To Delegate To: server_2/computer_b
	Old UAC Value: 6401AC5
	New UAC Value: ED328C9
	User Account Control: INTERDOMAIN_TRUST_ACCOUNT - Disabled
	User Parameters: <value changed, but not displayed>
	SID History: Domain_a/aaa
	Logon Hours: Monday 2:00 PM -Tuesday 6:00 PM
Additional Information:
	Privileges -

01/28/2020 01:20:29 PM
LogName=Security
SourceName=Microsoft Windows security auditing.
EventCode=4726
EventType=0
Type=Information
ComputerName=COREDEV-004
TaskCategory=User Account Management
OpCode=Info
RecordNumber=325176770
Keywords=Audit Success
Message=A user account was deleted.

Subject:
	Security ID:		Domain_D\user_d
	Account Name:		user_d
	Account Domain:		Domain_D
	Logon ID:		0x3EC3

Target Account:
	Security ID:		Domain_D\user_n
	Account Name:		user_n
	Account Domain:		Domain_D

Additional Information:
	Privileges	SeAssignPrimaryTokenPrivilege

01/28/2020 01:20:29 PM
LogName=Security
SourceName=Microsoft Windows security auditing.
EventCode=4648
EventType=0
Type=Information
ComputerName=ACME-002
TaskCategory=Logon
OpCode=Info
RecordNumber=263588160
Keywords=Audit Success
Message=A logon was attempted using explicit credentials.
Subject:
	Security ID:  Domain_E\SYSTEM
	Account Name:  ACME-002
	Account Domain:  Domain_E
	Logon ID:  0x70E4
	Logon GUID:		{00000000-0000-0000-0000-000000000000}
Account Whose Credentials Were Used:
	Account Name:		BobbieStier6590
	Account Domain:		Domain_E
	Logon GUID:		{0887F1E4-39EA-D53C-804F-31D568A06274}
Target Server:
	Target Server Name:	localhost
	Additional Information:	localhost
Process Information:
	Process ID:		4788
	Process Name:		C:\Windows\System32\example_g.exe
Network Information:
	Network Address:	-
	Port:			-
This event is generated when a process attempts to log on an account by explicitly specifying that account's credentials. This most commonly occurs in batch-type configurations such as scheduled tasks, or when using the RUNAS command.

01/28/2020 01:20:29 PM
LogName=Security
SourceName=Microsoft Windows security auditing.
EventCode=4672
EventType=0
Type=Information
ComputerName=ops-sys-002
TaskCategory=Special Logon
OpCode=Info
RecordNumber=553680986
Keywords=Audit Success
Message=Special privileges assigned to new logon.
Subject:
	Security ID:		Domain_A\user_i
	Account Name:		user_i
	Account Domain:		Domain_A
	Logon ID:		0x5F25
Privileges:	SeSecurityPrivilege
			SeTakeOwnershipPrivilege
			SeLoadDriverPrivilege
			SeBackupPrivilege
			SeRestorePrivilege
			SeDebugPrivilege
			SeSystemEnvironmentPrivilege
			SeImpersonatePrivilege

01/28/2020 01:20:29 PM
LogName=Security
SourceName=Microsoft Windows security auditing.
EventCode=4739
EventType=0
Type=Information
ComputerName=COREDEV-005
TaskCategory=Authentication Policy Change
OpCode=Info
RecordNumber=557645027
Keywords=Audit Success
Message=Domain Policy was changed.

Change Type:		Password Policy modified

Subject:
	Security ID:  Domain_D\user_d
	Account Name:  user_d
	Account Domain:  Domain_D
	Logon ID:  0x3EC3

Domain:
	Domain Name:		Domain_D
	Domain ID:		Domain_D\

Changed Attributes:
	Min. Password Age:	-
	Max. Password Age:	-
	Force Logoff:		-
	Lockout Threshold:	-
	Lockout Observation Window:	-
	Lockout Duration:	-
	Password Properties:	-
	Min. Password Length:	6
	Password History Length:	23
	Machine Account Quota:	-
	Mixed Domain Mode:	-
	Domain Behavior Version:	-
	OEM Information:	-

Additional Information:
	Privileges:		-

01/28/2020 01:20:29 PM
LogName=Security
SourceName=Microsoft-Windows-Eventlog
EventCode=1102
EventType=4
Type=Information
ComputerName=HOST-001
TaskCategory=Log clear
OpCode=Info
RecordNumber=552071318
Keywords=Audit Success
Message=The audit log was cleared.
Subject:
	Security ID:		Domain_D\user_k
	Account Name:		user_k
	Account Domain:		Domain_D
	Logon ID:		0xBAC3

01/28/2020 01:20:29 PM
LogName=Security
SourceName=Microsoft Windows security auditing.
EventCode=4717
EventType=0
Type=Information
ComputerName=PROD-MFS-004
TaskCategory=Authentication Policy Change
OpCode=Info
RecordNumber=860233382
Keywords=Audit Success
Message=System security access was granted to an account.

Subject:
	Security ID:		Domain_B\SYSTEM
	Account Name:		PROD-MFS-004
	Account Domain:		Domain_B
	Logon ID:		0x6C10

Account Modified:
	Account Name:		Domain_B\user_a

Access Granted:
	Access Right:		SeNetworkLogonRight

01/28/2020 01:20:29 PM
LogName=Security
SourceName=Microsoft Windows security auditing.
EventCode=4724
EventType=0
Type=Information
ComputerName=ops-sys-006
TaskCategory=User Account Management
OpCode=Info
RecordNumber=482712170
Keywords=Audit Failure
Message=An attempt was made to reset an account's password.
Subject:
	Security ID:  Domain_A\user_j
	Account Name:  user_j
	Account Domain:  Domain_A
	Logon ID:  0xB111
Target Account:
	Security ID:  Domain_A\user_e
	Account Name:  user_e
	Account Domain:  Domain_A

01/28/2020 01:20:29 PM
LogName=Security
SourceName=Microsoft Windows security auditing.
EventCode=4743
EventType=0
Type=Information
ComputerName=HOST-006
TaskCategory=Computer Account Management
OpCode=Info
RecordNumber=628421463
Keywords=Audit Success
Message=A computer account was deleted.

Subject:
	Security ID:		Domain_D\user_a
	Account Name:		user_a
	Account Domain:		Domain_D
	Logon ID:		0x6C10

Target Computer:
	Security ID:		Domain_D\user_e
	Account Name:		user_e
	Account Domain:		Domain_D

Additional Information:
	Privileges:	-

01/28/2020 01:20:29 PM
LogName=Security
SourceName=Microsoft Windows security auditing.
EventCode=4739
EventType=0
Type=Information
ComputerName=PROD-POS-001
TaskCategory=Authentication Policy Change
OpCode=Info
RecordNumber=281488950
Keywords=Audit Success
Message=Domain Policy was changed.

Change Type:		Password Policy modified

Subject:
	Security ID:  Domain_D\user_g
	Account Name:  user_g
	Account Domain:  Domain_D
	Logon ID:  0xEB5F

Domain:
	Domain Name:		Domain_D
	Domain ID:		Domain_D\

Changed Attributes:
	Min. Password Age:	-
	Max. Password Age:	-
	Force Logoff:		-
	Lockout Threshold:	-
	Lockout Observation Window:	-
	Lockout Duration:	-
	Password Properties:	-
	Min. Password Length:	6
	Password History Length:	23
	Machine Account Quota:	-
	Mixed Domain Mode:	-
	Domain Behavior Version:	-
	OEM Information:	-

Additional Information:
	Privileges:		-

01/28/2020 01:20:29 PM
LogName=Security
SourceName=Microsoft Windows security auditing.
EventCode=4717
EventType=0
Type=Information
ComputerName=COREDEV-001
TaskCategory=Authentication Policy Change
OpCode=Info
RecordNumber=277929602
Keywords=Audit Success
Message=System security access was granted to an account.

Subject:
	Security ID:		Domain_E\SYSTEM
	Account Name:		COREDEV-001
	Account Domain:		Domain_E
	Logon ID:		0x46BA

Account Modified:
	Account Name:		Domain_E\user_m

Access Granted:
	Access Right:		SeServiceLogonRight

01/28/2020 01:20:29 PM
LogName=Security
SourceName=Microsoft Windows security auditing.
EventCode=4673
EventType=0
Type=Information
ComputerName=COREDEV-005
TaskCategory=Sensitive Privilege Use
OpCode=Info
RecordNumber=541191138
Keywords=Audit Success
Message=A privileged service was called.

Subject:
	Security ID:		Domain_E\user_a
	Account Name:		user_a
	Account Domain:		Domain_E
	Logon ID:		0x6C10

Service:
	Server:	NT Local Security Authority / Authentication Service
	Service Name:	LsaRegisterLogonProcess()

Process:
	Process ID:	0xD7EB
	Process Name:	C:\Windows\System32\example_e.exe

Service Request Information:
	Privileges:		SeTakeOwnershipPrivilege

01/28/2020 01:20:29 PM
LogName=Security
SourceName=Microsoft Windows security auditing.
EventCode=4739
EventType=0
Type=Information
ComputerName=ops-sys-005
TaskCategory=Authentication Policy Change
OpCode=Info
RecordNumber=562185392
Keywords=Audit Success
Message=Domain Policy was changed.

Change Type:		Password Policy modified

Subject:
	Security ID:  Domain_B\user_i
	Account Name:  user_i
	Account Domain:  Domain_B
	Logon ID:  0x5F25

Domain:
	Domain Name:		Domain_B
	Domain ID:		Domain_B\

Changed Attributes:
	Min. Password Age:	-
	Max. Password Age:	-
	Force Logoff:		-
	Lockout Threshold:	-
	Lockout Observation Window:	-
	Lockout Duration:	-
	Password Properties:	-
	Min. Password Length:	6
	Password History Length:	23
	Machine Account Quota:	-
	Mixed Domain Mode:	-
	Domain Behavior Version:	-
	OEM Information:	-

Additional Information:
	Privileges:		-

01/28/2020 01:20:29 PM
LogName=Security
SourceName=Microsoft Windows security auditing.
EventCode=4648
EventType=0
Type=Information
ComputerName=ACME-001
TaskCategory=Logon
OpCode=Info
RecordNumber=340068682
Keywords=Audit Success
Message=A logon was attempted using explicit credentials.
Subject:
	Security ID:  Domain_B\SYSTEM
	Account Name:  ACME-001
	Account Domain:  Domain_B
	Logon ID:  0x70E4
	Logon GUID:		{27C4A2F2-13CA-AA25-E903-D31268740239}
Account Whose Credentials Were Used:
	Account Name:		slemanQ8
	Account Domain:		Domain_B
	Logon GUID:		{00000000-0000-0000-0000-000000000000}
Target Server:
	Target Server Name:	Server_D.com
	Additional Information:	Server_D.com
Process Information:
	Process ID:		10A0
	Process Name:		C:\Windows\System32\example_c.exe
Network Information:
	Network Address:	35.74.72.207
	Port:			21473
This event is generated when a process attempts to log on an account by explicitly specifying that account's credentials. This most commonly occurs in batch-type configurations such as scheduled tasks, or when using the RUNAS command.

01/28/2020 01:20:28 PM
LogName=Security
SourceName=Microsoft Windows security auditing.
EventCode=4743
EventType=0
Type=Information
ComputerName=BUSDEV-006
TaskCategory=Computer Account Management
OpCode=Info
RecordNumber=324952174
Keywords=Audit Success
Message=A computer account was deleted.

Subject:
	Security ID:		Domain_A\user_d
	Account Name:		user_d
	Account Domain:		Domain_A
	Logon ID:		0x3EC3

Target Computer:
	Security ID:		Domain_A\user_b
	Account Name:		user_b
	Account Domain:		Domain_A

Additional Information:
	Privileges:	-

01/28/2020 01:20:28 PM
LogName=Security
SourceName=Microsoft Windows security auditing.
EventCode=4776
EventType=0
Type=Information
ComputerName=ACME-003
TaskCategory=Credential Validation
OpCode=Info
RecordNumber=709470013
Keywords=Failure Audit
Message=The computer attempted to validate the credentials for an account.
Authentication Package: MICROSOFT_AUTHENTICATION_PACKAGE_V1_0
Logon Account: user_n
Source Workstation: ACME-003
Error Code: 0xC000006A

01/28/2020 01:20:28 PM
LogName=Security
SourceName=Microsoft Windows security auditing.
EventCode=4724
EventType=0
Type=Information
ComputerName=SE-006
TaskCategory=User Account Management
OpCode=Info
RecordNumber=372483214
Keywords=Audit Success
Message=An attempt was made to reset an account's password.
Subject:
	Security ID:  Domain_E\user_m
	Account Name:  user_m
	Account Domain:  Domain_E
	Logon ID:  0x46BA
Target Account:
	Security ID:  Domain_E\user_c
	Account Name:  user_c
	Account Domain:  Domain_E

01/28/2020 01:20:28 PM 
LogName=Security 
SourceName=Microsoft Windows security auditing.
EventCode=4740 
EventType=0 
Type=Information
ComputerName=ops-sys-002 
TaskCategory=User Account Management
OpCode=Info 
RecordNumber=92989574
Keywords=Audit Success
Message=A user account was locked out. 
Subject: 
	Security ID: Domain_D\user_k 
	Account Name: user_k
	Account Domain: Domain_D
	Logon ID: 0xBAC3
Account That Was Locked Out: 
	Security ID: Domain_D\user_k 
	Account Name: user_k
Additional Information: 
	Caller Computer Name: ops-sys-002

01/28/2020 01:20:28 PM
LogName=Security
SourceName=Microsoft Windows security auditing.
EventCode=4718
EventType=0
Type=Information
ComputerName=HOST-001
TaskCategory=Authentication Policy Change
OpCode=Info
RecordNumber=79113902
Keywords=Audit Success
Message=System security access was removed from an account.

Subject:
	Security ID:		Domain_D\SYSTEM
	Account Name:		HOST-001
	Account Domain:		Domain_D
	Logon ID:		0xA19C

Account Modified:
	Account Name:		Domain_D\user_h

Access Removed:
	Access Right:		SeInteractiveLogonRight

01/28/2020 01:20:28 PM
LogName=Security
SourceName=Microsoft Windows security auditing.
EventCode=4738
EventType=0
Type=Information
ComputerName=COREDEV-002
TaskCategory=User Account Management
OpCode=Info
RecordNumber=133861192
Keywords=Audit Success
Message=A User account was changed.

Subject:
 Security ID:  Domain_D\user_f
 Account Name:  user_f
 Account Domain:  Domain_D
 Logon ID:  0xA369

Target Account:
 Security ID:  Domain_D\user_k
 Account Name:  user_k
 Account Domain:  Domain_D

Changed Attributes:
 SAM Account Name: user_c
 Display Name:  ddd
 User Principal Name: -
 Home Directory:  \f
 Home Drive:  D:
 Script Path:  \a\e
 Profile Path:  \a\g
 User Workstations: EEE
 Password Last Set: <never>
 Account Expires:  <never>
 Primary Group ID: 455
 AllowedToDelegateTo: server_1/coumputer_a
 Old UAC Value:  09F9C36
 New UAC Value:  DA8BD7C
 User Account Control: USE_DES_KEY_ONLY - Enabled
 User Parameters: <value changed, but not displayed>
 SID History:  Domain_b/bbb
 Logon Hours:  All

Additional Information:
 Privileges:  SeSystemEnvironmentPrivilege

01/28/2020 01:20:28 PM
LogName=Security
SourceName=Microsoft Windows security auditing.
EventCode=4625
EventType=Information
Type=Information
ComputerName=BUSDEV-008
TaskCategory=Authentication Policy Change
OpCode=Info
RecordNumber=475220821
Keywords=Audit Success
Message=An account failed to log on.

Subject:
	Security ID:		NT AUTHORITY\SYSTEM
	Account Name:		ADMINISTRATOR
	Account Domain:		WIN81$
	Logon ID:		0xD

Logon Type:		15

Account For Which Logon Failed:
	Security ID:		NT AUTHORITY\SYSTEM
	Account Name:		ADMINISTRATOR
	Account Domain:		WIN81$

Failure Information:
	Failure Reason:		Unknown User name or bad password.
	Status:			0xAE2D521B
	Sub Status:		0xAE2D521B

Process Information:
	Caller Process ID:	0xD
	Caller Process Name:	-

Network Information:
	Workstation Name:	-
	Source Network Address:	210.241.15.243
	Source Port:		40830

Detailed Authentication Information:
	Logon Process:		AE2D521B 
	Authentication Package:	NTLM
	Transited Services:	-
	Package Name (NTLM only):	-
	Key Length:		15

This event is generated when a logon request fails. It is generated on the computer where access was attempted.

The Subject fields indicate the account on the local system which requested the logon. This is most commonly a service such as the Server service, or a local process such as 7E6ADBA.exe or 7E6ADBA.exe.

The Logon Type field indicates the kind of logon that was requested. The most common types are 2 (interactive) and 3 (network).

The Process Information fields indicate which account and process on the system requested the logon.

The Network Information fields indicate where a remote logon request originated. Workstation name is not always available and may be left blank in some cases.

The authentication information fields provide detailed information about this specific logon request.
	- Transited services indicate which intermediate services have participated in this logon request.
	- Package name indicates which sub-protocol was used among the NTLM protocols.
	- Key length indicates the length of the generated session key. This will be 0 if no session key was requested.


01/28/2020 01:20:28 PM
LogName=Security
SourceName=Microsoft Windows security auditing.
EventCode=4648
EventType=0
Type=Information
ComputerName=PROD-POS-003
TaskCategory=Logon
OpCode=Info
RecordNumber=52344688
Keywords=Audit Success
Message=A logon was attempted using explicit credentials.
Subject:
	Security ID:  Domain_B\SYSTEM
	Account Name:  PROD-POS-003
	Account Domain:  Domain_B
	Logon ID:  0x70E4
	Logon GUID:		{00000000-0000-0000-0000-000000000000}
Account Whose Credentials Were Used:
	Account Name:		asagrou84
	Account Domain:		Domain_B
	Logon GUID:		{0887F1E4-39EA-D53C-804F-31D568A06274}
Target Server:
	Target Server Name:	dcab.acmbh.com
	Additional Information:	dcab.acmbh.com
Process Information:
	Process ID:		920A
	Process Name:		C:\Windows\System32\example_g.exe
Network Information:
	Network Address:	170.128.103.2
	Port:			-
This event is generated when a process attempts to log on an account by explicitly specifying that account's credentials. This most commonly occurs in batch-type configurations such as scheduled tasks, or when using the RUNAS command.

01/28/2020 01:20:27 PM
LogName=Security
SourceName=Microsoft Windows security auditing.
EventCode=5058
EventType=Information
Type=Information
ComputerName=PROD-POS-004
TaskCategory=Authentication Policy Change
OpCode=Info
RecordNumber=377274727
Keywords=Audit Success
Message=Key file operation.

Subject:
	Security ID:		NT AUTHORITY\SYSTEM
	Account Name:		GUEST
	Account Domain:		Backup Operators
	Logon ID:		0xA9C
Cryptographic Parameters:
	Provider Name:	Microsoft Software Key Storage Provider
	Algorithm Name:	UNKNOWN
	Key Name:	40D1FF02-F63D-F63D-F63D-69435EE91C12
	Key Type: User key.

Key File Operation Information:
	File Path:	aa\bb\cc\dd\768B8D48B33AD1537E22AD6D53795BAF_40D1FF02-F63D-F63D-F63D-69435EE91C12
	Operation:	Read persisted key from file.
	Return Code:	0x4


01/28/2020 01:20:27 PM
LogName=Security
SourceName=Microsoft Windows security auditing.
EventCode=4743
EventType=0
Type=Information
ComputerName=SE-001
TaskCategory=Computer Account Management
OpCode=Info
RecordNumber=922213692
Keywords=Audit Success
Message=A computer account was deleted.

Subject:
	Security ID:		Domain_B\user_d
	Account Name:		user_d
	Account Domain:		Domain_B
	Logon ID:		0x3EC3

Target Computer:
	Security ID:		Domain_B\user_m
	Account Name:		user_m
	Account Domain:		Domain_B

Additional Information:
	Privileges:	-

01/28/2020 01:20:27 PM
LogName=Security
SourceName=Microsoft Windows security auditing.
EventCode=4717
EventType=0
Type=Information
ComputerName=HOST-006
TaskCategory=Authentication Policy Change
OpCode=Info
RecordNumber=581175438
Keywords=Audit Success
Message=System security access was granted to an account.

Subject:
	Security ID:		Domain_E\SYSTEM
	Account Name:		HOST-006
	Account Domain:		Domain_E
	Logon ID:		0x3A81

Account Modified:
	Account Name:		Domain_E\user_b

Access Granted:
	Access Right:		SeServiceLogonRight

01/28/2020 01:20:27 PM
LogName=Security
SourceName=Microsoft Windows security auditing.
EventCode=4672
EventType=0
Type=Information
ComputerName=BUSDEV-003
TaskCategory=Special Logon
OpCode=Info
RecordNumber=27336161
Keywords=Audit Success
Message=Special privileges assigned to new logon.
Subject:
	Security ID:		Domain_B\user_g
	Account Name:		user_g
	Account Domain:		Domain_B
	Logon ID:		0xEB5F
Privileges:	SeSecurityPrivilege
			SeTakeOwnershipPrivilege
			SeLoadDriverPrivilege
			SeBackupPrivilege
			SeRestorePrivilege
			SeDebugPrivilege
			SeSystemEnvironmentPrivilege
			SeImpersonatePrivilege

01/28/2020 01:20:27 PM
LogName=Security
SourceName=Microsoft Windows security auditing.
EventCode=4717
EventType=0
Type=Information
ComputerName=HOST-006
TaskCategory=Authentication Policy Change
OpCode=Info
RecordNumber=302687745
Keywords=Audit Success
Message=System security access was granted to an account.

Subject:
	Security ID:		Domain_E\SYSTEM
	Account Name:		HOST-006
	Account Domain:		Domain_E
	Logon ID:		0xA369

Account Modified:
	Account Name:		Domain_E\user_f

Access Granted:
	Access Right:		SeServiceLogonRight

01/28/2020 01:20:26 PM
LogName=Security
SourceName=Microsoft Windows security auditing.
EventCode=4738
EventType=0
Type=Information
ComputerName=COREDEV-004
TaskCategory=User Account Management
OpCode=Info
RecordNumber=829395729
Keywords=Audit Success
Message=A User account was changed.

Subject:
 Security ID:  Domain_A\user_j
 Account Name:  user_j
 Account Domain:  Domain_A
 Logon ID:  0xB111

Target Account:
 Security ID:  Domain_A\user_e
 Account Name:  user_e
 Account Domain:  Domain_A

Changed Attributes:
 SAM Account Name: user_a
 Display Name:  ddd
 User Principal Name: -
 Home Directory:  \a\b
 Home Drive:  C:
 Script Path:  \a\e
 Profile Path:  \a\b
 User Workstations: <value not set>
 Password Last Set: <never>
 Account Expires:  <never>
 Primary Group ID: 226
 AllowedToDelegateTo: server_2/computer_b
 Old UAC Value:  07D5451
 New UAC Value:  7D5B171
 User Account Control: HOMEDIR_REQUIRED - Disabled
 User Parameters: <value not set>
 SID History:  Domain_a/aaa
 Logon Hours:  Monday 2:00 PM -Tuesday 6:00 PM

Additional Information:
 Privileges:  SeLoadDriverPrivilege

01/28/2020 01:20:26 PM
LogName=Security
SourceName= Microsoft Windows security auditing.
EventCode=4624
EventType=0
Type=Information
ComputerName=ops-sys-003
TaskCategory=Logon
OpCode=Info
RecordNumber=136731324
Keywords=Audit Success
Message=An account was successfully logged on.

Subject:
 Security ID:  Domain_C\SYSTEM
 Account Name:  ops-sys-003
 Account Domain:  Domain_C
 Logon ID:  0x70E4

Logon Information:
 Logon Type:  3
 Restricted Admin Mode: -
 Virtual Account:  No
 Elevated Token:  No

Impersonation Level:  Impersonation

New Logon:
 Security ID:  Domain_C\user_k
 Account Name:  user_k
 Account Domain:  Domain_C
 Logon ID:  0xBAC3
 Linked Logon ID:  9ABD
 Network Account Name: -
 Network Account Domain: Domain_E
 Logon GUID:  {00000000-0000-0000-0000-000000000000}

Process Information:
 Process ID:  0x7920
 Process Name:  C:\Windows\System32\example_c.exe

Network Information:
 Workstation Name: ops-sys-003
 Source Network Address: -
 Source Port:  63388

Detailed Authentication Information:
 Logon Process:  Winlogon 
 Authentication Package: Kerberos
 Transited Services: service_B
 Package Name (NTLM only): -
 Key Length:  0

This event is generated when a logon session is created. It is generated on the computer that was accessed.

The subject fields indicate the account on the local system which requested the logon. This is most commonly a service such as the Server service, or a local process such as 5591B.exe or 5591B.exe.

The logon type field indicates the kind of logon that occurred. The most common types are 2 (interactive) and 3 (network).

The New Logon fields indicate the account for whom the new logon was created, i.e. the account that was logged on.

The network fields indicate where a remote logon request originated. Workstation name is not always available and may be left blank in some cases.

The impersonation level field indicates the extent to which a process in the logon session can impersonate.

The authentication information fields provide detailed information about this specific logon request.
 - Logon GUID is a unique identifier that can be used to correlate this event with a KDC event.
 - Transited services indicate which intermediate services have participated in this logon request.
 - Package name indicates which sub-protocol was used among the NTLM protocols.
 - Key length indicates the length of the generated session key. This will be 0 if no session key was requested.


01/28/2020 01:20:26 PM
LogName=Security
SourceName=Microsoft Windows security auditing.
EventCode=4739
EventType=0
Type=Information
ComputerName=PROD-MFS-003
TaskCategory=Authentication Policy Change
OpCode=Info
RecordNumber=454672659
Keywords=Audit Success
Message=Domain Policy was changed.

Change Type:		Password Policy modified

Subject:
	Security ID:  Domain_D\user_a
	Account Name:  user_a
	Account Domain:  Domain_D
	Logon ID:  0x6C10

Domain:
	Domain Name:		Domain_D
	Domain ID:		Domain_D\

Changed Attributes:
	Min. Password Age:	-
	Max. Password Age:	-
	Force Logoff:		-
	Lockout Threshold:	-
	Lockout Observation Window:	-
	Lockout Duration:	-
	Password Properties:	-
	Min. Password Length:	6
	Password History Length:	23
	Machine Account Quota:	-
	Mixed Domain Mode:	-
	Domain Behavior Version:	-
	OEM Information:	-

Additional Information:
	Privileges:		-

01/28/2020 01:20:26 PM
LogName=Security
SourceName=Microsoft Windows security auditing.
EventCode=4717
EventType=0
Type=Information
ComputerName=PROD-POS-003
TaskCategory=Authentication Policy Change
OpCode=Info
RecordNumber=31907053
Keywords=Audit Success
Message=System security access was granted to an account.

Subject:
	Security ID:		Domain_C\SYSTEM
	Account Name:		PROD-POS-003
	Account Domain:		Domain_C
	Logon ID:		0x5FC9

Account Modified:
	Account Name:		Domain_C\user_c

Access Granted:
	Access Right:		SeRemoteInteractiveLogonRight

01/28/2020 01:20:26 PM
LogName=Security
SourceName=Microsoft-Windows-Eventlog
EventCode=1102
EventType=4
Type=Information
ComputerName=ACME-006
TaskCategory=Log clear
OpCode=Info
RecordNumber=659205580
Keywords=Audit Success
Message=The audit log was cleared.
Subject:
	Security ID:		Domain_A\user_n
	Account Name:		user_n
	Account Domain:		Domain_A
	Logon ID:		0x4D76

01/28/2020 01:20:26 PM
LogName=Security
SourceName=Microsoft Windows security auditing.
EventCode=4689
EventType=0
Type=Information
ComputerName=PROD-POS-001
TaskCategory=Process Termination
OpCode=Info
RecordNumber=587632334
Keywords=Audit Success
Message=A process has exited.

Subject:
	Security ID:		Domain_D\user_n
	Account Name:		user_n
	Account Domain:		Domain_D
	Logon ID:		0x4D76

Process Information:
	Process ID:	0x8746
	Process Name:	C:\Windows\System32\example_e.exe
	Exit Status:	0xAA4CC4

01/28/2020 01:20:26 PM
LogName=Security
SourceName=Microsoft Windows security auditing.
EventCode=4739
EventType=0
Type=Information
ComputerName=ACME-001
TaskCategory=Authentication Policy Change
OpCode=Info
RecordNumber=76789134
Keywords=Audit Success
Message=Domain Policy was changed.

Change Type:		Password Policy modified

Subject:
	Security ID:  Domain_C\user_i
	Account Name:  user_i
	Account Domain:  Domain_C
	Logon ID:  0x5F25

Domain:
	Domain Name:		Domain_C
	Domain ID:		Domain_C\

Changed Attributes:
	Min. Password Age:	-
	Max. Password Age:	-
	Force Logoff:		-
	Lockout Threshold:	-
	Lockout Observation Window:	-
	Lockout Duration:	-
	Password Properties:	-
	Min. Password Length:	6
	Password History Length:	23
	Machine Account Quota:	-
	Mixed Domain Mode:	-
	Domain Behavior Version:	-
	OEM Information:	-

Additional Information:
	Privileges:		-

01/28/2020 01:20:26 PM
LogName=Security
SourceName=Microsoft Windows security auditing.
EventCode=4688
EventType=0
Type=Information
ComputerName=$SPLUNK_HOME/etc/apps/Splunk_TA_windows/samples/hostname.sample
TaskCategory=Process Creation
OpCode=Info
RecordNumber=796908440
Keywords=Audit Success
Message=A new process has been created.
Subject:
	Security ID:		Domain_D\user_c
	Account Name:		user_c
	Account Domain:		Domain_D
	Logon ID:		0x5FC9
Process Information:
	New Process ID:		0x840F
	New Process Name:	C:\Windows\System32\example_e.exe
	Token Elevation Type:	TokenElevationTypeFull (2)
	Creator Process ID:	0x0C84
Token Elevation Type indicates the type of token that was assigned to the new process in accordance with User Account Control policy.
Type 1 is a full token with no privileges removed or groups disabled.  A full token is only used if User Account Control is disabled or if the User is the built-in Administrator account or a service account.
Type 2 is an elevated token with no privileges removed or groups disabled.  An elevated token is used when User Account Control is enabled and the User chooses to start the program using Run as administrator.  An elevated token is also used when an application is configured to always require administrative privilege or to always require maximum privilege, and the User is a member of the Administrators group.
Type 3 is a limited token with administrative privileges removed and administrative groups disabled.  The limited token is used when User Account Control is enabled, the application does not require administrative privilege, and the User does not choose to start the program using Run as administrator.

01/28/2020 01:20:26 PM
LogName=Security
SourceName=Microsoft Windows security auditing.
EventCode=4776
EventType=0
Type=Information
ComputerName=ACME-002
TaskCategory=Credential Validation
OpCode=Info
RecordNumber=140652283
Keywords=Failure Audit
Message=The computer attempted to validate the credentials for an account.
Authentication Package: MICROSOFT_AUTHENTICATION_PACKAGE_V1_0
Logon Account: user_a
Source Workstation: ACME-002
Error Code: 0xC0000234

01/28/2020 01:20:25 PM
LogName=Security
SourceName=Microsoft Windows security auditing.
EventCode=4673
EventType=0
Type=Information
ComputerName=BUSDEV-004
TaskCategory=Sensitive Privilege Use
OpCode=Info
RecordNumber=294037155
Keywords=Audit Success
Message=A privileged service was called.

Subject:
	Security ID:		Domain_E\user_a
	Account Name:		user_a
	Account Domain:		Domain_E
	Logon ID:		0x6C10

Service:
	Server:	NT Local Security Authority / Authentication Service
	Service Name:	LsaRegisterLogonProcess()

Process:
	Process ID:	0xA23B
	Process Name:	C:\Windows\System32\example_f.exe

Service Request Information:
	Privileges:		SeAuditPrivilege

01/28/2020 01:20:25 PM
LogName=Security
SourceName=Microsoft Windows security auditing.
EventCode=4726
EventType=0
Type=Information
ComputerName=SE-002
TaskCategory=User Account Management
OpCode=Info
RecordNumber=758420929
Keywords=Audit Success
Message=A user account was deleted.

Subject:
	Security ID:		Domain_B\user_h
	Account Name:		user_h
	Account Domain:		Domain_B
	Logon ID:		0xA19C

Target Account:
	Security ID:		Domain_B\user_m
	Account Name:		user_m
	Account Domain:		Domain_B

Additional Information:
	Privileges	-

01/28/2020 01:20:25 PM
LogName=Security
SourceName=Microsoft Windows security auditing.
EventCode=4673
EventType=0
Type=Information
ComputerName=PROD-POS-001
TaskCategory=Sensitive Privilege Use
OpCode=Info
RecordNumber=520772963
Keywords=Audit Success
Message=A privileged service was called.

Subject:
	Security ID:		Domain_E\user_e
	Account Name:		user_e
	Account Domain:		Domain_E
	Logon ID:		0x0452

Service:
	Server:	NT Local Security Authority / Authentication Service
	Service Name:	LsaRegisterLogonProcess()

Process:
	Process ID:	0x46A1
	Process Name:	C:\Windows\System32\example_g.exe

Service Request Information:
	Privileges:		SeSystemEnvironmentPrivilege

01/28/2020 01:20:25 PM
LogName=Security
SourceName=Microsoft Windows security auditing.
EventCode=4726
EventType=0
Type=Information
ComputerName=BUSDEV-001
TaskCategory=User Account Management
OpCode=Info
RecordNumber=367924707
Keywords=Audit Success
Message=A user account was deleted.

Subject:
	Security ID:		Domain_E\user_b
	Account Name:		user_b
	Account Domain:		Domain_E
	Logon ID:		0x3A81

Target Account:
	Security ID:		Domain_E\user_b
	Account Name:		user_b
	Account Domain:		Domain_E

Additional Information:
	Privileges	SeBackupPrivilege

01/28/2020 01:20:25 PM
LogName=Security
SourceName=Microsoft Windows security auditing.
EventCode=4776
EventType=0
Type=Information
ComputerName=BUSDEV-008
TaskCategory=Credential Validation
OpCode=Info
RecordNumber=404537768
Keywords=Audit Success
Message=The computer attempted to validate the credentials for an account.
Authentication Package: MICROSOFT_AUTHENTICATION_PACKAGE_V1_0
Logon Account: user_m
Source Workstation: BUSDEV-008
Error Code: 0x0

01/28/2020 01:20:25 PM
LogName=Security
SourceName=Microsoft Windows security auditing.
EventCode=4724
EventType=0
Type=Information
ComputerName=COREDEV-001
TaskCategory=User Account Management
OpCode=Info
RecordNumber=446817554
Keywords=Audit Success
Message=An attempt was made to reset an account's password.
Subject:
	Security ID:  Domain_A\user_k
	Account Name:  user_k
	Account Domain:  Domain_A
	Logon ID:  0xBAC3
Target Account:
	Security ID:  Domain_A\user_m
	Account Name:  user_m
	Account Domain:  Domain_A

01/28/2020 01:20:25 PM
LogName=Security
SourceName=Microsoft Windows security auditing.
EventCode=4673
EventType=0
Type=Information
ComputerName=HOST-001
TaskCategory=Sensitive Privilege Use
OpCode=Info
RecordNumber=835843201
Keywords=Audit Success
Message=A privileged service was called.

Subject:
	Security ID:		Domain_D\user_b
	Account Name:		user_b
	Account Domain:		Domain_D
	Logon ID:		0x3A81

Service:
	Server:	NT Local Security Authority / Authentication Service
	Service Name:	LsaRegisterLogonProcess()

Process:
	Process ID:	0xCAA0
	Process Name:	C:\Windows\System32\example_a.exe

Service Request Information:
	Privileges:		SeAuditPrivilege

01/28/2020 01:20:25 PM
LogName=Security
SourceName=Microsoft Windows security auditing.
EventCode=4739
EventType=0
Type=Information
ComputerName=BUSDEV-008
TaskCategory=Authentication Policy Change
OpCode=Info
RecordNumber=299277956
Keywords=Audit Success
Message=Domain Policy was changed.

Change Type:		Password Policy modified

Subject:
	Security ID:  Domain_E\user_k
	Account Name:  user_k
	Account Domain:  Domain_E
	Logon ID:  0xBAC3

Domain:
	Domain Name:		Domain_E
	Domain ID:		Domain_E\

Changed Attributes:
	Min. Password Age:	-
	Max. Password Age:	-
	Force Logoff:		-
	Lockout Threshold:	-
	Lockout Observation Window:	-
	Lockout Duration:	-
	Password Properties:	-
	Min. Password Length:	6
	Password History Length:	23
	Machine Account Quota:	-
	Mixed Domain Mode:	-
	Domain Behavior Version:	-
	OEM Information:	-

Additional Information:
	Privileges:		-

01/28/2020 01:20:25 PM
LogName=Security
SourceName=Microsoft Windows security auditing.
EventCode=4688
EventType=0
Type=Information
ComputerName=$SPLUNK_HOME/etc/apps/Splunk_TA_windows/samples/hostname.sample
TaskCategory=Process Creation
OpCode=Info
RecordNumber=818091565
Keywords=Audit Success
Message=A new process has been created.
Subject:
	Security ID:		Domain_C\user_j
	Account Name:		user_j
	Account Domain:		Domain_C
	Logon ID:		0xB111
Process Information:
	New Process ID:		0xF6BA
	New Process Name:	C:\Windows\System32\example_d.exe
	Token Elevation Type:	TokenElevationTypeDefault (1)
	Creator Process ID:	0x212F
Token Elevation Type indicates the type of token that was assigned to the new process in accordance with User Account Control policy.
Type 1 is a full token with no privileges removed or groups disabled.  A full token is only used if User Account Control is disabled or if the User is the built-in Administrator account or a service account.
Type 2 is an elevated token with no privileges removed or groups disabled.  An elevated token is used when User Account Control is enabled and the User chooses to start the program using Run as administrator.  An elevated token is also used when an application is configured to always require administrative privilege or to always require maximum privilege, and the User is a member of the Administrators group.
Type 3 is a limited token with administrative privileges removed and administrative groups disabled.  The limited token is used when User Account Control is enabled, the application does not require administrative privilege, and the User does not choose to start the program using Run as administrator.

01/28/2020 01:20:24 PM
LogName=Security
SourceName=Microsoft Windows security auditing.
EventCode=4743
EventType=0
Type=Information
ComputerName=ops-sys-005
TaskCategory=Computer Account Management
OpCode=Info
RecordNumber=360474239
Keywords=Audit Success
Message=A computer account was deleted.

Subject:
	Security ID:		Domain_E\user_c
	Account Name:		user_c
	Account Domain:		Domain_E
	Logon ID:		0x5FC9

Target Computer:
	Security ID:		Domain_E\user_m
	Account Name:		user_m
	Account Domain:		Domain_E

Additional Information:
	Privileges:	SeRestorePrivilege

01/28/2020 01:20:24 PM
LogName=Security
SourceName=Microsoft Windows security auditing.
EventCode=4738
EventType=0
Type=Information
ComputerName=ACME-006
TaskCategory=User Account Management
OpCode=Info
RecordNumber=992260013
Keywords=Audit Success
Message=A User account was changed.

Subject:
 Security ID:  Domain_B\user_j
 Account Name:  user_j
 Account Domain:  Domain_B
 Logon ID:  0xB111

Target Account:
 Security ID:  Domain_B\user_m
 Account Name:  user_m
 Account Domain:  Domain_B

Changed Attributes:
 SAM Account Name: user_k
 Display Name:  <value not set>
 User Principal Name: -
 Home Directory:  \a\b
 Home Drive:  A:
 Script Path:  \a\b
 Profile Path:  \a\b\c
 User Workstations: CCC
 Password Last Set: 2020-01-28 13:20:24 PM
 Account Expires:  2020-01-28 13:20:24 PM
 Primary Group ID: 881
 AllowedToDelegateTo: server_2/computer_b
 Old UAC Value:  8DEB17E
 New UAC Value:  FD2ABEF
 User Account Control: NOT_DELEGATED - Enabled
 User Parameters: <value not set>
 SID History:  Domain_b/bbb
 Logon Hours:  All

Additional Information:
 Privileges:  SeSecurityPrivilege

01/28/2020 01:20:24 PM
LogName=Security
SourceName=Microsoft Windows security auditing.
EventCode=4717
EventType=0
Type=Information
ComputerName=ops-sys-001
TaskCategory=Authentication Policy Change
OpCode=Info
RecordNumber=528536290
Keywords=Audit Success
Message=System security access was granted to an account.

Subject:
	Security ID:		Domain_E\SYSTEM
	Account Name:		ops-sys-001
	Account Domain:		Domain_E
	Logon ID:		0x3A81

Account Modified:
	Account Name:		Domain_E\user_b

Access Granted:
	Access Right:		SeInteractiveLogonRight

01/28/2020 01:20:24 PM
LogName=Security
SourceName=Microsoft Windows security auditing.
EventCode=4717
EventType=0
Type=Information
ComputerName=PROD-POS-005
TaskCategory=Authentication Policy Change
OpCode=Info
RecordNumber=874484316
Keywords=Audit Success
Message=System security access was granted to an account.

Subject:
	Security ID:		Domain_B\SYSTEM
	Account Name:		PROD-POS-005
	Account Domain:		Domain_B
	Logon ID:		0x46BA

Account Modified:
	Account Name:		Domain_B\user_m

Access Granted:
	Access Right:		SeRemoteInteractiveLogonRight

