01/28/2020 01:19:15 PM
LogName=Security
SourceName=Microsoft Windows security auditing.
EventCode=4648
EventType=0
Type=Information
ComputerName=ops-sys-004
TaskCategory=Logon
OpCode=Info
RecordNumber=118678656
Keywords=Audit Success
Message=A logon was attempted using explicit credentials.
Subject:
	Security ID:  Domain_B\SYSTEM
	Account Name:  ops-sys-004
	Account Domain:  Domain_B
	Logon ID:  0x70E4
	Logon GUID:		{221B21A6-1AE2-3F9A-24EF-22C392AC2A47}
Account Whose Credentials Were Used:
	Account Name:		rourkestudio
	Account Domain:		Domain_B
	Logon GUID:		{00000000-0000-0000-0000-000000000000}
Target Server:
	Target Server Name:	Server_A.com
	Additional Information:	Server_A.com
Process Information:
	Process ID:		16B2
	Process Name:		C:\Windows\System32\example_g.exe
Network Information:
	Network Address:	97.33.3.153
	Port:			53325
This event is generated when a process attempts to log on an account by explicitly specifying that account's credentials. This most commonly occurs in batch-type configurations such as scheduled tasks, or when using the RUNAS command.

01/28/2020 01:19:15 PM
LogName=Security
SourceName=Microsoft Windows security auditing.
EventCode=4776
EventType=0
Type=Information
ComputerName=SE-004
TaskCategory=Credential Validation
OpCode=Info
RecordNumber=187770704
Keywords=Audit Success
Message=The computer attempted to validate the credentials for an account.
Authentication Package: MICROSOFT_AUTHENTICATION_PACKAGE_V1_0
Logon Account: user_f
Source Workstation: SE-004
Error Code: 0x0

01/28/2020 01:19:15 PM
LogName=Security
SourceName=Microsoft-Windows-Eventlog
EventCode=1102
EventType=4
Type=Information
ComputerName=SE-002
TaskCategory=Log clear
OpCode=Info
RecordNumber=516045401
Keywords=Audit Success
Message=The audit log was cleared.
Subject:
	Security ID:		Domain_D\user_a
	Account Name:		user_a
	Account Domain:		Domain_D
	Logon ID:		0x6C10

01/28/2020 01:19:15 PM
LogName=Security
SourceName=Microsoft Windows security auditing.
EventCode=4776
EventType=0
Type=Information
ComputerName=SE-001
TaskCategory=Credential Validation
OpCode=Info
RecordNumber=211988119
Keywords=Failure Audit
Message=The computer attempted to validate the credentials for an account.
Authentication Package: MICROSOFT_AUTHENTICATION_PACKAGE_V1_0
Logon Account: user_b
Source Workstation: SE-001
Error Code: 0xC0000234

01/28/2020 01:19:15 PM
LogName=Security
SourceName=Microsoft Windows security auditing.
EventCode=4718
EventType=0
Type=Information
ComputerName=ACME-005
TaskCategory=Authentication Policy Change
OpCode=Info
RecordNumber=157481208
Keywords=Audit Success
Message=System security access was removed from an account.

Subject:
	Security ID:		Domain_E\SYSTEM
	Account Name:		ACME-005
	Account Domain:		Domain_E
	Logon ID:		0x4D76

Account Modified:
	Account Name:		Domain_E\user_n

Access Removed:
	Access Right:		SeServiceLogonRight

01/28/2020 01:19:15 PM
LogName=Security
SourceName=Microsoft Windows security auditing.
EventCode=4688
EventType=0
Type=Information
ComputerName=$SPLUNK_HOME/etc/apps/Splunk_TA_windows/samples/hostname.sample
TaskCategory=Process Creation
OpCode=Info
RecordNumber=519234535
Keywords=Audit Success
Message=A new process has been created.
Subject:
	Security ID:		Domain_E\user_g
	Account Name:		user_g
	Account Domain:		Domain_E
	Logon ID:		0xEB5F
Process Information:
	New Process ID:		0x6946
	New Process Name:	C:\Windows\System32\example_d.exe
	Token Elevation Type:	TokenElevationTypeDefault (1)
	Creator Process ID:	0x777E
Token Elevation Type indicates the type of token that was assigned to the new process in accordance with User Account Control policy.
Type 1 is a full token with no privileges removed or groups disabled.  A full token is only used if User Account Control is disabled or if the User is the built-in Administrator account or a service account.
Type 2 is an elevated token with no privileges removed or groups disabled.  An elevated token is used when User Account Control is enabled and the User chooses to start the program using Run as administrator.  An elevated token is also used when an application is configured to always require administrative privilege or to always require maximum privilege, and the User is a member of the Administrators group.
Type 3 is a limited token with administrative privileges removed and administrative groups disabled.  The limited token is used when User Account Control is enabled, the application does not require administrative privilege, and the User does not choose to start the program using Run as administrator.

01/28/2020 01:19:15 PM
LogName=Security
SourceName=Microsoft Windows security auditing.
EventCode=4689
EventType=0
Type=Information
ComputerName=SE-003
TaskCategory=Process Termination
OpCode=Info
RecordNumber=198753341
Keywords=Audit Success
Message=A process has exited.

Subject:
	Security ID:		Domain_C\user_e
	Account Name:		user_e
	Account Domain:		Domain_C
	Logon ID:		0x0452

Process Information:
	Process ID:	0xAB6C
	Process Name:	C:\Windows\System32\example_e.exe
	Exit Status:	0x6A2994

01/28/2020 01:19:15 PM
LogName=Security
SourceName=Microsoft Windows security auditing.
EventCode=4724
EventType=0
Type=Information
ComputerName=HOST-002
TaskCategory=User Account Management
OpCode=Info
RecordNumber=635887666
Keywords=Audit Failure
Message=An attempt was made to reset an account's password.
Subject:
	Security ID:  Domain_D\user_l
	Account Name:  user_l
	Account Domain:  Domain_D
	Logon ID:  0xAB37
Target Account:
	Security ID:  Domain_D\user_i
	Account Name:  user_i
	Account Domain:  Domain_D

01/28/2020 01:19:15 PM
LogName=Security
SourceName=Microsoft Windows security auditing.
EventCode=4689
EventType=0
Type=Information
ComputerName=PROD-MFS-001
TaskCategory=Process Termination
OpCode=Info
RecordNumber=490941015
Keywords=Audit Success
Message=A process has exited.

Subject:
	Security ID:		Domain_E\user_l
	Account Name:		user_l
	Account Domain:		Domain_E
	Logon ID:		0xAB37

Process Information:
	Process ID:	0x3BB5
	Process Name:	C:\Windows\System32\example_b.exe
	Exit Status:	0x0040C4

01/28/2020 01:19:15 PM
LogName=Security
SourceName=Microsoft Windows security auditing.
EventCode=4672
EventType=0
Type=Information
ComputerName=BUSDEV-002
TaskCategory=Special Logon
OpCode=Info
RecordNumber=773878295
Keywords=Audit Success
Message=Special privileges assigned to new logon.
Subject:
	Security ID:		Domain_A\user_m
	Account Name:		user_m
	Account Domain:		Domain_A
	Logon ID:		0x46BA
Privileges:	SeSecurityPrivilege
			SeTakeOwnershipPrivilege
			SeLoadDriverPrivilege
			SeBackupPrivilege
			SeRestorePrivilege
			SeDebugPrivilege
			SeSystemEnvironmentPrivilege
			SeImpersonatePrivilege

01/28/2020 01:19:14 PM 
LogName=Security 
SourceName=Microsoft Windows security auditing.
EventCode=4740 
EventType=0 
Type=Information
ComputerName=COREDEV-003 
TaskCategory=User Account Management
OpCode=Info 
RecordNumber=432737429
Keywords=Audit Success
Message=A user account was locked out. 
Subject: 
	Security ID: Domain_C\user_d 
	Account Name: user_d
	Account Domain: Domain_C
	Logon ID: 0x3EC3
Account That Was Locked Out: 
	Security ID: Domain_C\user_k 
	Account Name: user_k
Additional Information: 
	Caller Computer Name: COREDEV-003

01/28/2020 01:19:14 PM
LogName=Security
SourceName=Microsoft Windows security auditing.
EventCode=4743
EventType=0
Type=Information
ComputerName=ops-sys-004
TaskCategory=Computer Account Management
OpCode=Info
RecordNumber=524015627
Keywords=Audit Success
Message=A computer account was deleted.

Subject:
	Security ID:		Domain_A\user_a
	Account Name:		user_a
	Account Domain:		Domain_A
	Logon ID:		0x6C10

Target Computer:
	Security ID:		Domain_A\user_j
	Account Name:		user_j
	Account Domain:		Domain_A

Additional Information:
	Privileges:	-

01/28/2020 01:19:14 PM
LogName=Security
SourceName= Microsoft Windows security auditing.
EventCode=4624
EventType=0
Type=Information
ComputerName=BUSDEV-004
TaskCategory=Logon
OpCode=Info
RecordNumber=426820360
Keywords=Audit Success
Message=An account was successfully logged on.

Subject:
 Security ID:  Domain_E\SYSTEM
 Account Name:  BUSDEV-004
 Account Domain:  Domain_E
 Logon ID:  0x70E4

Logon Information:
 Logon Type:  9
 Restricted Admin Mode: -
 Virtual Account:  Yes
 Elevated Token:  No

Impersonation Level:  Identification

New Logon:
 Security ID:  Domain_E\user_b
 Account Name:  user_b
 Account Domain:  Domain_E
 Logon ID:  0x3A81
 Linked Logon ID:  D5F1
 Network Account Name: -
 Network Account Domain: Domain_E
 Logon GUID:  {0887F1E4-39EA-D53C-804F-31D568A06274}

Process Information:
 Process ID:  0xFE05
 Process Name:  C:\Windows\System32\example_a.exe

Network Information:
 Workstation Name: BUSDEV-004
 Source Network Address: -
 Source Port:  51066

Detailed Authentication Information:
 Logon Process:  User32 
 Authentication Package: Kerberos
 Transited Services: -
 Package Name (NTLM only): -
 Key Length:  0

This event is generated when a logon session is created. It is generated on the computer that was accessed.

The subject fields indicate the account on the local system which requested the logon. This is most commonly a service such as the Server service, or a local process such as A2D12.exe or A2D12.exe.

The logon type field indicates the kind of logon that occurred. The most common types are 2 (interactive) and 3 (network).

The New Logon fields indicate the account for whom the new logon was created, i.e. the account that was logged on.

The network fields indicate where a remote logon request originated. Workstation name is not always available and may be left blank in some cases.

The impersonation level field indicates the extent to which a process in the logon session can impersonate.

The authentication information fields provide detailed information about this specific logon request.
 - Logon GUID is a unique identifier that can be used to correlate this event with a KDC event.
 - Transited services indicate which intermediate services have participated in this logon request.
 - Package name indicates which sub-protocol was used among the NTLM protocols.
 - Key length indicates the length of the generated session key. This will be 0 if no session key was requested.


01/28/2020 01:19:14 PM
LogName=Security
SourceName=Microsoft Windows security auditing.
EventCode=4689
EventType=0
Type=Information
ComputerName=HOST-006
TaskCategory=Process Termination
OpCode=Info
RecordNumber=675953230
Keywords=Audit Success
Message=A process has exited.

Subject:
	Security ID:		Domain_E\user_e
	Account Name:		user_e
	Account Domain:		Domain_E
	Logon ID:		0x0452

Process Information:
	Process ID:	0xBEBF
	Process Name:	C:\Windows\System32\example_g.exe
	Exit Status:	0xCF4694

01/28/2020 01:19:14 PM
LogName=Security
SourceName=Microsoft Windows security auditing.
EventCode=4739
EventType=0
Type=Information
ComputerName=SE-006
TaskCategory=Authentication Policy Change
OpCode=Info
RecordNumber=831378606
Keywords=Audit Success
Message=Domain Policy was changed.

Change Type:		Password Policy modified

Subject:
	Security ID:  Domain_C\user_k
	Account Name:  user_k
	Account Domain:  Domain_C
	Logon ID:  0xBAC3

Domain:
	Domain Name:		Domain_C
	Domain ID:		Domain_C\

Changed Attributes:
	Min. Password Age:	-
	Max. Password Age:	-
	Force Logoff:		-
	Lockout Threshold:	-
	Lockout Observation Window:	-
	Lockout Duration:	-
	Password Properties:	-
	Min. Password Length:	6
	Password History Length:	23
	Machine Account Quota:	-
	Mixed Domain Mode:	-
	Domain Behavior Version:	-
	OEM Information:	-

Additional Information:
	Privileges:		-

01/28/2020 01:19:14 PM
LogName=Security
SourceName=Microsoft Windows security auditing.
EventCode=4739
EventType=0
Type=Information
ComputerName=BUSDEV-005
TaskCategory=Authentication Policy Change
OpCode=Info
RecordNumber=266720218
Keywords=Audit Success
Message=Domain Policy was changed.

Change Type:		Password Policy modified

Subject:
	Security ID:  Domain_E\user_m
	Account Name:  user_m
	Account Domain:  Domain_E
	Logon ID:  0x46BA

Domain:
	Domain Name:		Domain_E
	Domain ID:		Domain_E\

Changed Attributes:
	Min. Password Age:	-
	Max. Password Age:	-
	Force Logoff:		-
	Lockout Threshold:	-
	Lockout Observation Window:	-
	Lockout Duration:	-
	Password Properties:	-
	Min. Password Length:	6
	Password History Length:	23
	Machine Account Quota:	-
	Mixed Domain Mode:	-
	Domain Behavior Version:	-
	OEM Information:	-

Additional Information:
	Privileges:		-

01/28/2020 01:19:14 PM
LogName=Security
SourceName=Microsoft Windows security auditing.
EventCode=4738
EventType=0
Type=Information
ComputerName=COREDEV-003
TaskCategory=User Account Management
OpCode=Info
RecordNumber=125180102
Keywords=Audit Success
Message=A User account was changed.

Subject:
 Security ID:  Domain_C\user_e
 Account Name:  user_e
 Account Domain:  Domain_C
 Logon ID:  0x0452

Target Account:
 Security ID:  Domain_C\user_b
 Account Name:  user_b
 Account Domain:  Domain_C

Changed Attributes:
 SAM Account Name: user_h
 Display Name:  ddd
 User Principal Name: bbb@BBB.local
 Home Directory:  \f
 Home Drive:  A:
 Script Path:  \f
 Profile Path:  \a\b\c
 User Workstations: BBB
 Password Last Set: 2020-01-28 13:19:14 PM
 Account Expires:  2020-01-28 13:19:14 PM
 Primary Group ID: 293
 AllowedToDelegateTo: server_2/computer_b
 Old UAC Value:  EAAF66E
 New UAC Value:  B7F89F8
 User Account Control: TRUSTED_TO_AUTH_FOR_DELEGATION - Disabled
 User Parameters: <value not set>
 SID History:  Domain_a/aaa
 Logon Hours:  Tuesday 8:00 PM -Wednesday 10:00 AM

Additional Information:
 Privileges:  -

01/28/2020 01:19:14 PM
LogName=Security
SourceName=Microsoft Windows security auditing.
EventCode=4738
EventType=0
Type=Information
ComputerName=SE-006
TaskCategory=User Account Management
OpCode=Info
RecordNumber=842616193
Keywords=Audit Success
Message=A User account was changed.

Subject:
 Security ID:  Domain_D\user_c
 Account Name:  user_c
 Account Domain:  Domain_D
 Logon ID:  0x5FC9

Target Account:
 Security ID:  Domain_D\user_n
 Account Name:  user_n
 Account Domain:  Domain_D

Changed Attributes:
 SAM Account Name: user_a
 Display Name:  aaa
 User Principal Name: bbb@BBB.local
 Home Directory:  \a\b\c
 Home Drive:  D:
 Script Path:  <value not set>
 Profile Path:  \f
 User Workstations: CCC
 Password Last Set: 2020-01-28 13:19:14 PM
 Account Expires:  2020-01-28 13:19:14 PM
 Primary Group ID: 732
 AllowedToDelegateTo: server_2/computer_b
 Old UAC Value:  7FAEA14
 New UAC Value:  731535E
 User Account Control: INTERDOMAIN_TRUST_ACCOUNT - Disabled
 User Parameters: <value not set>
 SID History:  Domain_b/bbb
 Logon Hours:  Monday 2:00 PM -Tuesday 6:00 PM

Additional Information:
 Privileges:  -

01/28/2020 01:19:13 PM
LogName=Security
SourceName= Microsoft Windows security auditing.
EventCode=4624
EventType=0
Type=Information
ComputerName=BUSDEV-001
TaskCategory=Logon
OpCode=Info
RecordNumber=821340703
Keywords=Audit Success
Message=An account was successfully logged on.

Subject:
 Security ID:  Domain_B\SYSTEM
 Account Name:  BUSDEV-001
 Account Domain:  Domain_B
 Logon ID:  0x70E4

Logon Information:
 Logon Type:  10
 Restricted Admin Mode: Yes
 Virtual Account:  No
 Elevated Token:  Yes

Impersonation Level:  Impersonation

New Logon:
 Security ID:  Domain_B\user_g
 Account Name:  user_g
 Account Domain:  Domain_B
 Logon ID:  0xEB5F
 Linked Logon ID:  C91F
 Network Account Name: -
 Network Account Domain: Domain_B
 Logon GUID:  {27C4A2F2-13CA-AA25-E903-D31268740239}

Process Information:
 Process ID:  0x6E5C
 Process Name:  C:\Windows\System32\example_e.exe

Network Information:
 Workstation Name: BUSDEV-001
 Source Network Address: -
 Source Port:  56724

Detailed Authentication Information:
 Logon Process:  User32 
 Authentication Package: Kerberos
 Transited Services: service_D
 Package Name (NTLM only): -
 Key Length:  0

This event is generated when a logon session is created. It is generated on the computer that was accessed.

The subject fields indicate the account on the local system which requested the logon. This is most commonly a service such as the Server service, or a local process such as 5D3A8.exe or 5D3A8.exe.

The logon type field indicates the kind of logon that occurred. The most common types are 2 (interactive) and 3 (network).

The New Logon fields indicate the account for whom the new logon was created, i.e. the account that was logged on.

The network fields indicate where a remote logon request originated. Workstation name is not always available and may be left blank in some cases.

The impersonation level field indicates the extent to which a process in the logon session can impersonate.

The authentication information fields provide detailed information about this specific logon request.
 - Logon GUID is a unique identifier that can be used to correlate this event with a KDC event.
 - Transited services indicate which intermediate services have participated in this logon request.
 - Package name indicates which sub-protocol was used among the NTLM protocols.
 - Key length indicates the length of the generated session key. This will be 0 if no session key was requested.


01/28/2020 01:19:13 PM
LogName=Security
SourceName=Microsoft-Windows-Eventlog
EventCode=1102
EventType=4
Type=Information
ComputerName=COREDEV-003
TaskCategory=Log clear
OpCode=Info
RecordNumber=423153621
Keywords=Audit Success
Message=The audit log was cleared.
Subject:
	Security ID:		Domain_E\user_m
	Account Name:		user_m
	Account Domain:		Domain_E
	Logon ID:		0x46BA

01/28/2020 01:19:13 PM
LogName=Security
SourceName=Microsoft Windows security auditing.
EventCode=4648
EventType=0
Type=Information
ComputerName=SE-006
TaskCategory=Logon
OpCode=Info
RecordNumber=454534630
Keywords=Audit Success
Message=A logon was attempted using explicit credentials.
Subject:
	Security ID:  Domain_D\SYSTEM
	Account Name:  SE-006
	Account Domain:  Domain_D
	Logon ID:  0x70E4
	Logon GUID:		{221B21A6-1AE2-3F9A-24EF-22C392AC2A47}
Account Whose Credentials Were Used:
	Account Name:		TWAbbieL
	Account Domain:		Domain_D
	Logon GUID:		{27C4A2F2-13CA-AA25-E903-D31268740239}
Target Server:
	Target Server Name:	Server_C.com
	Additional Information:	Server_C.com
Process Information:
	Process ID:		8F67
	Process Name:		C:\Windows\System32\example_f.exe
Network Information:
	Network Address:	-
	Port:			6324
This event is generated when a process attempts to log on an account by explicitly specifying that account's credentials. This most commonly occurs in batch-type configurations such as scheduled tasks, or when using the RUNAS command.

01/28/2020 01:19:13 PM
LogName=Security
SourceName=Microsoft Windows security auditing.
EventCode=4718
EventType=0
Type=Information
ComputerName=BUSDEV-001
TaskCategory=Authentication Policy Change
OpCode=Info
RecordNumber=666482861
Keywords=Audit Success
Message=System security access was removed from an account.

Subject:
	Security ID:		Domain_B\SYSTEM
	Account Name:		BUSDEV-001
	Account Domain:		Domain_B
	Logon ID:		0xEB5F

Account Modified:
	Account Name:		Domain_B\user_g

Access Removed:
	Access Right:		SeBatchLogonRight

01/28/2020 01:19:13 PM
LogName=Security
SourceName=Microsoft Windows security auditing.
EventCode=4673
EventType=0
Type=Information
ComputerName=ops-sys-006
TaskCategory=Sensitive Privilege Use
OpCode=Info
RecordNumber=693718875
Keywords=Audit Success
Message=A privileged service was called.

Subject:
	Security ID:		Domain_E\user_d
	Account Name:		user_d
	Account Domain:		Domain_E
	Logon ID:		0x3EC3

Service:
	Server:	NT Local Security Authority / Authentication Service
	Service Name:	LsaRegisterLogonProcess()

Process:
	Process ID:	0xF43C
	Process Name:	C:\Windows\System32\example_e.exe

Service Request Information:
	Privileges:		SeAuditPrivilege

01/28/2020 01:19:13 PM
LogName=Security
SourceName=Microsoft Windows security auditing.
EventCode=4743
EventType=0
Type=Information
ComputerName=ops-sys-003
TaskCategory=Computer Account Management
OpCode=Info
RecordNumber=995284460
Keywords=Audit Success
Message=A computer account was deleted.

Subject:
	Security ID:		Domain_B\user_j
	Account Name:		user_j
	Account Domain:		Domain_B
	Logon ID:		0xB111

Target Computer:
	Security ID:		Domain_B\user_g
	Account Name:		user_g
	Account Domain:		Domain_B

Additional Information:
	Privileges:	-

01/28/2020 01:19:13 PM
LogName=Security
SourceName=Microsoft-Windows-Eventlog
EventCode=1102
EventType=4
Type=Information
ComputerName=SE-005
TaskCategory=Log clear
OpCode=Info
RecordNumber=542570248
Keywords=Audit Success
Message=The audit log was cleared.
Subject:
	Security ID:		Domain_D\user_i
	Account Name:		user_i
	Account Domain:		Domain_D
	Logon ID:		0x5F25

01/28/2020 01:19:13 PM
LogName=Security
SourceName=Microsoft Windows security auditing.
EventCode=4726
EventType=0
Type=Information
ComputerName=PROD-MFS-003
TaskCategory=User Account Management
OpCode=Info
RecordNumber=842622581
Keywords=Audit Success
Message=A user account was deleted.

Subject:
	Security ID:		Domain_A\user_e
	Account Name:		user_e
	Account Domain:		Domain_A
	Logon ID:		0x0452

Target Account:
	Security ID:		Domain_A\user_b
	Account Name:		user_b
	Account Domain:		Domain_A

Additional Information:
	Privileges	-

01/28/2020 01:19:13 PM
LogName=Security
SourceName=Microsoft Windows security auditing.
EventCode=4724
EventType=0
Type=Information
ComputerName=PROD-MFS-001
TaskCategory=User Account Management
OpCode=Info
RecordNumber=651397514
Keywords=Audit Success
Message=An attempt was made to reset an account's password.
Subject:
	Security ID:  Domain_C\user_j
	Account Name:  user_j
	Account Domain:  Domain_C
	Logon ID:  0xB111
Target Account:
	Security ID:  Domain_C\user_b
	Account Name:  user_b
	Account Domain:  Domain_C

01/28/2020 01:19:13 PM
LogName=Security
SourceName=Microsoft Windows security auditing.
EventCode=4718
EventType=0
Type=Information
ComputerName=SE-002
TaskCategory=Authentication Policy Change
OpCode=Info
RecordNumber=181129200
Keywords=Audit Success
Message=System security access was removed from an account.

Subject:
	Security ID:		Domain_C\SYSTEM
	Account Name:		SE-002
	Account Domain:		Domain_C
	Logon ID:		0xAB37

Account Modified:
	Account Name:		Domain_C\user_l

Access Removed:
	Access Right:		SeRemoteInteractiveLogonRight

01/28/2020 01:19:13 PM
LogName=Security
SourceName=Microsoft Windows security auditing.
EventCode=4673
EventType=0
Type=Information
ComputerName=PROD-POS-004
TaskCategory=Sensitive Privilege Use
OpCode=Info
RecordNumber=364839214
Keywords=Audit Success
Message=A privileged service was called.

Subject:
	Security ID:		Domain_D\user_i
	Account Name:		user_i
	Account Domain:		Domain_D
	Logon ID:		0x5F25

Service:
	Server:	NT Local Security Authority / Authentication Service
	Service Name:	LsaRegisterLogonProcess()

Process:
	Process ID:	0xE239
	Process Name:	C:\Windows\System32\example_a.exe

Service Request Information:
	Privileges:		SeLoadDriverPrivilege

01/28/2020 01:19:12 PM
LogName=Security
SourceName=Microsoft Windows security auditing.
EventCode=4648
EventType=0
Type=Information
ComputerName=COREDEV-004
TaskCategory=Logon
OpCode=Info
RecordNumber=756840262
Keywords=Audit Success
Message=A logon was attempted using explicit credentials.
Subject:
	Security ID:  Domain_C\SYSTEM
	Account Name:  COREDEV-004
	Account Domain:  Domain_C
	Logon ID:  0x70E4
	Logon GUID:		{0887F1E4-39EA-D53C-804F-31D568A06274}
Account Whose Credentials Were Used:
	Account Name:		Naysilva
	Account Domain:		Domain_C
	Logon GUID:		{00000000-0000-0000-0000-000000000000}
Target Server:
	Target Server Name:	localhost
	Additional Information:	localhost
Process Information:
	Process ID:		5960
	Process Name:		C:\Windows\System32\example_f.exe
Network Information:
	Network Address:	26.5.97.221
	Port:			63668
This event is generated when a process attempts to log on an account by explicitly specifying that account's credentials. This most commonly occurs in batch-type configurations such as scheduled tasks, or when using the RUNAS command.

01/28/2020 01:19:12 PM
LogName=Security
SourceName=Microsoft Windows security auditing.
EventCode=4720
EventType=0
Type=Information
ComputerName=ACME-005
TaskCategory=User Account Management
OpCode=Info
RecordNumber=307936153
Keywords=Audit Success
Message=A User account was created. 
Subject: 
	Security ID: Domain_D\user_m
	Account Name: user_m
	Account Domain: Domain_D
	Logon ID: 0x46BA
New Account: 
	Security ID: Domain_D\user_l
	Account Name: user_l
	Account Domain: Domain_D
Attributes: 
	SAM Account Name: user_l
	Display Name: fff
	User Principal Name: bbb@BBB.local
	Home Directory: <value not set>
	Home Drive: E:
	Script Path: \a\b
	Profile Path: \a\b
	User Workstations: EEE
	Password Last Set: 2020-01-28 13:19:12 PM
	Account Expires: <never>
	Primary Group ID: 269
	Allowed To Delegate To: -
	Old UAC Value: FDEA69A
	New UAC Value: DC48A6E
	User Account Control: TRUSTED_FOR_DELEGATION - Enabled
	User Parameters: <value changed, but not displayed>
	SID History: Domain_a/aaa
	Logon Hours: Monday 2:00 PM -Tuesday 6:00 PM
Additional Information:
	Privileges SeTakeOwnershipPrivilege

01/28/2020 01:19:12 PM
LogName=Security
SourceName= Microsoft Windows security auditing.
EventCode=4624
EventType=0
Type=Information
ComputerName=BUSDEV-008
TaskCategory=Logon
OpCode=Info
RecordNumber=590045424
Keywords=Audit Success
Message=An account was successfully logged on.

Subject:
 Security ID:  Domain_D\SYSTEM
 Account Name:  BUSDEV-008
 Account Domain:  Domain_D
 Logon ID:  0x70E4

Logon Information:
 Logon Type:  10
 Restricted Admin Mode: -
 Virtual Account:  Yes
 Elevated Token:  No

Impersonation Level:  Impersonation

New Logon:
 Security ID:  Domain_D\user_c
 Account Name:  user_c
 Account Domain:  Domain_D
 Logon ID:  0x5FC9
 Linked Logon ID:  1064
 Network Account Name: -
 Network Account Domain: Domain_E
 Logon GUID:  {27C4A2F2-13CA-AA25-E903-D31268740239}

Process Information:
 Process ID:  0x04CF
 Process Name:  C:\Windows\System32\example_b.exe

Network Information:
 Workstation Name: BUSDEV-008
 Source Network Address: -
 Source Port:  6637

Detailed Authentication Information:
 Logon Process:  User32 
 Authentication Package: Negotiate
 Transited Services: service_D
 Package Name (NTLM only): -
 Key Length:  0

This event is generated when a logon session is created. It is generated on the computer that was accessed.

The subject fields indicate the account on the local system which requested the logon. This is most commonly a service such as the Server service, or a local process such as 57805.exe or 57805.exe.

The logon type field indicates the kind of logon that occurred. The most common types are 2 (interactive) and 3 (network).

The New Logon fields indicate the account for whom the new logon was created, i.e. the account that was logged on.

The network fields indicate where a remote logon request originated. Workstation name is not always available and may be left blank in some cases.

The impersonation level field indicates the extent to which a process in the logon session can impersonate.

The authentication information fields provide detailed information about this specific logon request.
 - Logon GUID is a unique identifier that can be used to correlate this event with a KDC event.
 - Transited services indicate which intermediate services have participated in this logon request.
 - Package name indicates which sub-protocol was used among the NTLM protocols.
 - Key length indicates the length of the generated session key. This will be 0 if no session key was requested.


01/28/2020 01:19:12 PM
LogName=Security
SourceName=Microsoft Windows security auditing.
EventCode=4718
EventType=0
Type=Information
ComputerName=ops-sys-005
TaskCategory=Authentication Policy Change
OpCode=Info
RecordNumber=602563108
Keywords=Audit Success
Message=System security access was removed from an account.

Subject:
	Security ID:		Domain_D\SYSTEM
	Account Name:		ops-sys-005
	Account Domain:		Domain_D
	Logon ID:		0xEB5F

Account Modified:
	Account Name:		Domain_D\user_g

Access Removed:
	Access Right:		SeBatchLogonRight

01/28/2020 01:19:12 PM
LogName=Security
SourceName=Microsoft-Windows-Eventlog
EventCode=1102
EventType=4
Type=Information
ComputerName=HOST-001
TaskCategory=Log clear
OpCode=Info
RecordNumber=41526700
Keywords=Audit Success
Message=The audit log was cleared.
Subject:
	Security ID:		Domain_A\user_j
	Account Name:		user_j
	Account Domain:		Domain_A
	Logon ID:		0xB111

01/28/2020 01:19:12 PM
LogName=Security
SourceName=Microsoft Windows security auditing.
EventCode=4776
EventType=0
Type=Information
ComputerName=PROD-POS-002
TaskCategory=Credential Validation
OpCode=Info
RecordNumber=202178414
Keywords=Failure Audit
Message=The computer attempted to validate the credentials for an account.
Authentication Package: MICROSOFT_AUTHENTICATION_PACKAGE_V1_0
Logon Account: user_c
Source Workstation: PROD-POS-002
Error Code: 0xC0000234

01/28/2020 01:19:12 PM
LogName=Security
SourceName=Microsoft Windows security auditing.
EventCode=4648
EventType=0
Type=Information
ComputerName=SE-004
TaskCategory=Logon
OpCode=Info
RecordNumber=11099133
Keywords=Audit Success
Message=A logon was attempted using explicit credentials.
Subject:
	Security ID:  Domain_B\SYSTEM
	Account Name:  SE-004
	Account Domain:  Domain_B
	Logon ID:  0x70E4
	Logon GUID:		{221B21A6-1AE2-3F9A-24EF-22C392AC2A47}
Account Whose Credentials Were Used:
	Account Name:		DupontRene123
	Account Domain:		Domain_B
	Logon GUID:		{27C4A2F2-13CA-AA25-E903-D31268740239}
Target Server:
	Target Server Name:	localhost
	Additional Information:	localhost
Process Information:
	Process ID:		B840
	Process Name:		C:\Windows\System32\example_a.exe
Network Information:
	Network Address:	169.36.241.61
	Port:			-
This event is generated when a process attempts to log on an account by explicitly specifying that account's credentials. This most commonly occurs in batch-type configurations such as scheduled tasks, or when using the RUNAS command.

01/28/2020 01:19:12 PM
LogName=Security
SourceName=Microsoft Windows security auditing.
EventCode=4718
EventType=0
Type=Information
ComputerName=ops-sys-001
TaskCategory=Authentication Policy Change
OpCode=Info
RecordNumber=308041285
Keywords=Audit Success
Message=System security access was removed from an account.

Subject:
	Security ID:		Domain_E\SYSTEM
	Account Name:		ops-sys-001
	Account Domain:		Domain_E
	Logon ID:		0x3A81

Account Modified:
	Account Name:		Domain_E\user_b

Access Removed:
	Access Right:		SeInteractiveLogonRight

01/28/2020 01:19:12 PM
LogName=Security
SourceName=Microsoft Windows security auditing.
EventCode=4726
EventType=0
Type=Information
ComputerName=ACME-003
TaskCategory=User Account Management
OpCode=Info
RecordNumber=253981315
Keywords=Audit Success
Message=A user account was deleted.

Subject:
	Security ID:		Domain_E\user_m
	Account Name:		user_m
	Account Domain:		Domain_E
	Logon ID:		0x46BA

Target Account:
	Security ID:		Domain_E\user_b
	Account Name:		user_b
	Account Domain:		Domain_E

Additional Information:
	Privileges	SeSystemEnvironmentPrivilege

01/28/2020 01:19:11 PM
LogName=Security
SourceName=Microsoft Windows security auditing.
EventCode=4739
EventType=0
Type=Information
ComputerName=ops-sys-002
TaskCategory=Authentication Policy Change
OpCode=Info
RecordNumber=64445695
Keywords=Audit Success
Message=Domain Policy was changed.

Change Type:		Password Policy modified

Subject:
	Security ID:  Domain_C\user_l
	Account Name:  user_l
	Account Domain:  Domain_C
	Logon ID:  0xAB37

Domain:
	Domain Name:		Domain_C
	Domain ID:		Domain_C\

Changed Attributes:
	Min. Password Age:	-
	Max. Password Age:	-
	Force Logoff:		-
	Lockout Threshold:	-
	Lockout Observation Window:	-
	Lockout Duration:	-
	Password Properties:	-
	Min. Password Length:	6
	Password History Length:	23
	Machine Account Quota:	-
	Mixed Domain Mode:	-
	Domain Behavior Version:	-
	OEM Information:	-

Additional Information:
	Privileges:		-

01/28/2020 01:19:11 PM 
LogName=Security 
SourceName=Microsoft Windows security auditing.
EventCode=4740 
EventType=0 
Type=Information
ComputerName=BUSDEV-006 
TaskCategory=User Account Management
OpCode=Info 
RecordNumber=890373042
Keywords=Audit Success
Message=A user account was locked out. 
Subject: 
	Security ID: Domain_A\user_m 
	Account Name: user_m
	Account Domain: Domain_A
	Logon ID: 0x46BA
Account That Was Locked Out: 
	Security ID: Domain_A\user_c 
	Account Name: user_c
Additional Information: 
	Caller Computer Name: BUSDEV-006

01/28/2020 01:19:11 PM
LogName=Security
SourceName=Microsoft Windows security auditing.
EventCode=4743
EventType=0
Type=Information
ComputerName=BUSDEV-007
TaskCategory=Computer Account Management
OpCode=Info
RecordNumber=926680581
Keywords=Audit Success
Message=A computer account was deleted.

Subject:
	Security ID:		Domain_A\user_a
	Account Name:		user_a
	Account Domain:		Domain_A
	Logon ID:		0x6C10

Target Computer:
	Security ID:		Domain_A\user_e
	Account Name:		user_e
	Account Domain:		Domain_A

Additional Information:
	Privileges:	SeImpersonatePrivilege

01/28/2020 01:19:11 PM 
LogName=Security 
SourceName=Microsoft Windows security auditing.
EventCode=4740 
EventType=0 
Type=Information
ComputerName=BUSDEV-001 
TaskCategory=User Account Management
OpCode=Info 
RecordNumber=98393626
Keywords=Audit Success
Message=A user account was locked out. 
Subject: 
	Security ID: Domain_D\user_b 
	Account Name: user_b
	Account Domain: Domain_D
	Logon ID: 0x3A81
Account That Was Locked Out: 
	Security ID: Domain_D\user_l 
	Account Name: user_l
Additional Information: 
	Caller Computer Name: BUSDEV-001

01/28/2020 01:19:11 PM
LogName=Security
SourceName=Microsoft Windows security auditing.
EventCode=4776
EventType=0
Type=Information
ComputerName=PROD-POS-006
TaskCategory=Credential Validation
OpCode=Info
RecordNumber=498553779
Keywords=Failure Audit
Message=The computer attempted to validate the credentials for an account.
Authentication Package: MICROSOFT_AUTHENTICATION_PACKAGE_V1_0
Logon Account: user_f
Source Workstation: PROD-POS-006
Error Code: 0xC000006D

01/28/2020 01:19:11 PM
LogName=Security
SourceName=Microsoft-Windows-Eventlog
EventCode=1102
EventType=4
Type=Information
ComputerName=BUSDEV-004
TaskCategory=Log clear
OpCode=Info
RecordNumber=5726241
Keywords=Audit Success
Message=The audit log was cleared.
Subject:
	Security ID:		Domain_E\user_d
	Account Name:		user_d
	Account Domain:		Domain_E
	Logon ID:		0x3EC3

01/28/2020 01:19:11 PM
LogName=Security
SourceName= Microsoft Windows security auditing.
EventCode=4624
EventType=0
Type=Information
ComputerName=BUSDEV-003
TaskCategory=Logon
OpCode=Info
RecordNumber=933158079
Keywords=Audit Success
Message=An account was successfully logged on.

Subject:
 Security ID:  Domain_E\SYSTEM
 Account Name:  BUSDEV-003
 Account Domain:  Domain_E
 Logon ID:  0x70E4

Logon Information:
 Logon Type:  3
 Restricted Admin Mode: No
 Virtual Account:  No
 Elevated Token:  No

Impersonation Level:  Identification

New Logon:
 Security ID:  Domain_E\user_h
 Account Name:  user_h
 Account Domain:  Domain_E
 Logon ID:  0xA19C
 Linked Logon ID:  D6E0
 Network Account Name: -
 Network Account Domain: -
 Logon GUID:  {0887F1E4-39EA-D53C-804F-31D568A06274}

Process Information:
 Process ID:  0x3B46
 Process Name:  C:\Windows\System32\example_d.exe

Network Information:
 Workstation Name: BUSDEV-003
 Source Network Address: 156.197.19.122
 Source Port:  20393

Detailed Authentication Information:
 Logon Process:  User32 
 Authentication Package: Kerberos
 Transited Services: service_D
 Package Name (NTLM only): -
 Key Length:  0

This event is generated when a logon session is created. It is generated on the computer that was accessed.

The subject fields indicate the account on the local system which requested the logon. This is most commonly a service such as the Server service, or a local process such as 33FA2.exe or 33FA2.exe.

The logon type field indicates the kind of logon that occurred. The most common types are 2 (interactive) and 3 (network).

The New Logon fields indicate the account for whom the new logon was created, i.e. the account that was logged on.

The network fields indicate where a remote logon request originated. Workstation name is not always available and may be left blank in some cases.

The impersonation level field indicates the extent to which a process in the logon session can impersonate.

The authentication information fields provide detailed information about this specific logon request.
 - Logon GUID is a unique identifier that can be used to correlate this event with a KDC event.
 - Transited services indicate which intermediate services have participated in this logon request.
 - Package name indicates which sub-protocol was used among the NTLM protocols.
 - Key length indicates the length of the generated session key. This will be 0 if no session key was requested.


01/28/2020 01:19:11 PM
LogName=Security
SourceName=Microsoft Windows security auditing.
EventCode=4724
EventType=0
Type=Information
ComputerName=ops-sys-002
TaskCategory=User Account Management
OpCode=Info
RecordNumber=957562776
Keywords=Audit Failure
Message=An attempt was made to reset an account's password.
Subject:
	Security ID:  Domain_C\user_d
	Account Name:  user_d
	Account Domain:  Domain_C
	Logon ID:  0x3EC3
Target Account:
	Security ID:  Domain_C\user_j
	Account Name:  user_j
	Account Domain:  Domain_C

01/28/2020 01:19:11 PM
LogName=Security
SourceName=Microsoft Windows security auditing.
EventCode=4689
EventType=0
Type=Information
ComputerName=PROD-POS-005
TaskCategory=Process Termination
OpCode=Info
RecordNumber=162423254
Keywords=Audit Success
Message=A process has exited.

Subject:
	Security ID:		Domain_D\user_j
	Account Name:		user_j
	Account Domain:		Domain_D
	Logon ID:		0xB111

Process Information:
	Process ID:	0x8055
	Process Name:	C:\Windows\System32\example_f.exe
	Exit Status:	0x47BA51

01/28/2020 01:19:11 PM
LogName=Security
SourceName=Microsoft Windows security auditing.
EventCode=4738
EventType=0
Type=Information
ComputerName=COREDEV-006
TaskCategory=User Account Management
OpCode=Info
RecordNumber=81907500
Keywords=Audit Success
Message=A User account was changed.

Subject:
 Security ID:  Domain_C\user_j
 Account Name:  user_j
 Account Domain:  Domain_C
 Logon ID:  0xB111

Target Account:
 Security ID:  Domain_C\user_n
 Account Name:  user_n
 Account Domain:  Domain_C

Changed Attributes:
 SAM Account Name: user_k
 Display Name:  ccc
 User Principal Name: aaa@AAA.local
 Home Directory:  <value not set>
 Home Drive:  C:
 Script Path:  \a\b\c
 Profile Path:  \a
 User Workstations: DDD
 Password Last Set: <never>
 Account Expires:  2020-01-28 13:19:11 PM
 Primary Group ID: 1
 AllowedToDelegateTo: server_1/coumputer_a
 Old UAC Value:  35351DA
 New UAC Value:  F715341
 User Account Control: PASSWORD_EXPIRED - Disabled
 User Parameters: <value changed, but not displayed>
 SID History:  Domain_b/bbb
 Logon Hours:  All

Additional Information:
 Privileges:  -

01/28/2020 01:19:11 PM
LogName=Security
SourceName=Microsoft Windows security auditing.
EventCode=4688
EventType=0
Type=Information
ComputerName=$SPLUNK_HOME/etc/apps/Splunk_TA_windows/samples/hostname.sample
TaskCategory=Process Creation
OpCode=Info
RecordNumber=362136783
Keywords=Audit Success
Message=A new process has been created.
Subject:
	Security ID:		Domain_C\user_h
	Account Name:		user_h
	Account Domain:		Domain_C
	Logon ID:		0xA19C
Process Information:
	New Process ID:		0x049C
	New Process Name:	C:\Windows\System32\example_f.exe
	Token Elevation Type:	TokenElevationTypeDefault (1)
	Creator Process ID:	0x16E2
Token Elevation Type indicates the type of token that was assigned to the new process in accordance with User Account Control policy.
Type 1 is a full token with no privileges removed or groups disabled.  A full token is only used if User Account Control is disabled or if the User is the built-in Administrator account or a service account.
Type 2 is an elevated token with no privileges removed or groups disabled.  An elevated token is used when User Account Control is enabled and the User chooses to start the program using Run as administrator.  An elevated token is also used when an application is configured to always require administrative privilege or to always require maximum privilege, and the User is a member of the Administrators group.
Type 3 is a limited token with administrative privileges removed and administrative groups disabled.  The limited token is used when User Account Control is enabled, the application does not require administrative privilege, and the User does not choose to start the program using Run as administrator.

01/28/2020 01:19:11 PM
LogName=Security
SourceName=Microsoft Windows security auditing.
EventCode=4673
EventType=0
Type=Information
ComputerName=SE-001
TaskCategory=Sensitive Privilege Use
OpCode=Info
RecordNumber=778155037
Keywords=Audit Success
Message=A privileged service was called.

Subject:
	Security ID:		Domain_A\user_i
	Account Name:		user_i
	Account Domain:		Domain_A
	Logon ID:		0x5F25

Service:
	Server:	NT Local Security Authority / Authentication Service
	Service Name:	LsaRegisterLogonProcess()

Process:
	Process ID:	0x2136
	Process Name:	C:\Windows\System32\example_b.exe

Service Request Information:
	Privileges:		SeAuditPrivilege

01/28/2020 01:19:11 PM
LogName=Security
SourceName=Microsoft Windows security auditing.
EventCode=4648
EventType=0
Type=Information
ComputerName=PROD-POS-001
TaskCategory=Logon
OpCode=Info
RecordNumber=600071451
Keywords=Audit Success
Message=A logon was attempted using explicit credentials.
Subject:
	Security ID:  Domain_C\SYSTEM
	Account Name:  PROD-POS-001
	Account Domain:  Domain_C
	Logon ID:  0x70E4
	Logon GUID:		{0887F1E4-39EA-D53C-804F-31D568A06274}
Account Whose Credentials Were Used:
	Account Name:		KoloN0na3020
	Account Domain:		Domain_C
	Logon GUID:		{221B21A6-1AE2-3F9A-24EF-22C392AC2A47}
Target Server:
	Target Server Name:	dcab.acmbh.com
	Additional Information:	dcab.acmbh.com
Process Information:
	Process ID:		D4F4
	Process Name:		C:\Windows\System32\example_e.exe
Network Information:
	Network Address:	145.89.149.125
	Port:			-
This event is generated when a process attempts to log on an account by explicitly specifying that account's credentials. This most commonly occurs in batch-type configurations such as scheduled tasks, or when using the RUNAS command.

01/28/2020 01:19:10 PM
LogName=Security
SourceName=Microsoft Windows security auditing.
EventCode=4672
EventType=0
Type=Information
ComputerName=HOST-002
TaskCategory=Special Logon
OpCode=Info
RecordNumber=469736513
Keywords=Audit Success
Message=Special privileges assigned to new logon.
Subject:
	Security ID:		Domain_E\user_d
	Account Name:		user_d
	Account Domain:		Domain_E
	Logon ID:		0x3EC3
Privileges:	SeSecurityPrivilege
			SeTakeOwnershipPrivilege
			SeLoadDriverPrivilege
			SeBackupPrivilege
			SeRestorePrivilege
			SeDebugPrivilege
			SeSystemEnvironmentPrivilege
			SeImpersonatePrivilege

01/28/2020 01:19:10 PM
LogName=Security
SourceName=Microsoft Windows security auditing.
EventCode=4648
EventType=0
Type=Information
ComputerName=PROD-MFS-005
TaskCategory=Logon
OpCode=Info
RecordNumber=859788402
Keywords=Audit Success
Message=A logon was attempted using explicit credentials.
Subject:
	Security ID:  Domain_D\SYSTEM
	Account Name:  PROD-MFS-005
	Account Domain:  Domain_D
	Logon ID:  0x70E4
	Logon GUID:		{00000000-0000-0000-0000-000000000000}
Account Whose Credentials Were Used:
	Account Name:		haerica
	Account Domain:		Domain_D
	Logon GUID:		{00000000-0000-0000-0000-000000000000}
Target Server:
	Target Server Name:	Server_D.com
	Additional Information:	Server_D.com
Process Information:
	Process ID:		9D68
	Process Name:		C:\Windows\System32\example_c.exe
Network Information:
	Network Address:	57.191.196.23
	Port:			28377
This event is generated when a process attempts to log on an account by explicitly specifying that account's credentials. This most commonly occurs in batch-type configurations such as scheduled tasks, or when using the RUNAS command.

01/28/2020 01:19:10 PM
LogName=Security
SourceName=Microsoft Windows security auditing.
EventCode=4724
EventType=0
Type=Information
ComputerName=SE-006
TaskCategory=User Account Management
OpCode=Info
RecordNumber=241455735
Keywords=Audit Failure
Message=An attempt was made to reset an account's password.
Subject:
	Security ID:  Domain_B\user_j
	Account Name:  user_j
	Account Domain:  Domain_B
	Logon ID:  0xB111
Target Account:
	Security ID:  Domain_B\user_l
	Account Name:  user_l
	Account Domain:  Domain_B

01/28/2020 01:19:10 PM
LogName=Security
SourceName=Microsoft Windows security auditing.
EventCode=4776
EventType=0
Type=Information
ComputerName=ops-sys-004
TaskCategory=Credential Validation
OpCode=Info
RecordNumber=758093133
Keywords=Failure Audit
Message=The computer attempted to validate the credentials for an account.
Authentication Package: MICROSOFT_AUTHENTICATION_PACKAGE_V1_0
Logon Account: user_n
Source Workstation: ops-sys-004
Error Code: 0xC0000234

01/28/2020 01:19:10 PM
LogName=Security
SourceName=Microsoft-Windows-Eventlog
EventCode=1102
EventType=4
Type=Information
ComputerName=ops-sys-004
TaskCategory=Log clear
OpCode=Info
RecordNumber=318216192
Keywords=Audit Success
Message=The audit log was cleared.
Subject:
	Security ID:		Domain_B\user_i
	Account Name:		user_i
	Account Domain:		Domain_B
	Logon ID:		0x5F25

01/28/2020 01:19:10 PM
LogName=Security
SourceName=Microsoft Windows security auditing.
EventCode=4743
EventType=0
Type=Information
ComputerName=COREDEV-002
TaskCategory=Computer Account Management
OpCode=Info
RecordNumber=706797458
Keywords=Audit Success
Message=A computer account was deleted.

Subject:
	Security ID:		Domain_A\user_g
	Account Name:		user_g
	Account Domain:		Domain_A
	Logon ID:		0xEB5F

Target Computer:
	Security ID:		Domain_A\user_g
	Account Name:		user_g
	Account Domain:		Domain_A

Additional Information:
	Privileges:	-

01/28/2020 01:19:10 PM 
LogName=Security 
SourceName=Microsoft Windows security auditing.
EventCode=4740 
EventType=0 
Type=Information
ComputerName=ops-sys-005 
TaskCategory=User Account Management
OpCode=Info 
RecordNumber=803565759
Keywords=Audit Success
Message=A user account was locked out. 
Subject: 
	Security ID: Domain_A\user_g 
	Account Name: user_g
	Account Domain: Domain_A
	Logon ID: 0xEB5F
Account That Was Locked Out: 
	Security ID: Domain_A\user_c 
	Account Name: user_c
Additional Information: 
	Caller Computer Name: ops-sys-005

01/28/2020 01:19:10 PM
LogName=Security
SourceName=Microsoft-Windows-Eventlog
EventCode=1102
EventType=4
Type=Information
ComputerName=PROD-MFS-005
TaskCategory=Log clear
OpCode=Info
RecordNumber=704140974
Keywords=Audit Success
Message=The audit log was cleared.
Subject:
	Security ID:		Domain_B\user_a
	Account Name:		user_a
	Account Domain:		Domain_B
	Logon ID:		0x6C10

01/28/2020 01:19:10 PM
LogName=Security
SourceName=Microsoft Windows security auditing.
EventCode=4738
EventType=0
Type=Information
ComputerName=ACME-004
TaskCategory=User Account Management
OpCode=Info
RecordNumber=562982228
Keywords=Audit Success
Message=A User account was changed.

Subject:
 Security ID:  Domain_E\user_n
 Account Name:  user_n
 Account Domain:  Domain_E
 Logon ID:  0x4D76

Target Account:
 Security ID:  Domain_E\user_i
 Account Name:  user_i
 Account Domain:  Domain_E

Changed Attributes:
 SAM Account Name: user_k
 Display Name:  ccc
 User Principal Name: aaa@AAA.local
 Home Directory:  \a\b\c
 Home Drive:  F:
 Script Path:  \a\b\c
 Profile Path:  \a\b
 User Workstations: <value not set>
 Password Last Set: <never>
 Account Expires:  2020-01-28 13:19:10 PM
 Primary Group ID: 930
 AllowedToDelegateTo: server_2/computer_b
 Old UAC Value:  D326684
 New UAC Value:  1EE881D
 User Account Control: SERVER_TRUST_ACCOUNT - Disabled
 User Parameters: <value not set>
 SID History:  Domain_b/bbb
 Logon Hours:  Monday 2:00 PM -Tuesday 6:00 PM

Additional Information:
 Privileges:  -

01/28/2020 01:19:10 PM
LogName=Security
SourceName=Microsoft Windows security auditing.
EventCode=4776
EventType=0
Type=Information
ComputerName=PROD-MFS-002
TaskCategory=Credential Validation
OpCode=Info
RecordNumber=669816583
Keywords=Audit Success
Message=The computer attempted to validate the credentials for an account.
Authentication Package: MICROSOFT_AUTHENTICATION_PACKAGE_V1_0
Logon Account: user_a
Source Workstation: PROD-MFS-002
Error Code: 0x0

01/28/2020 01:19:10 PM
LogName=Security
SourceName=Microsoft Windows security auditing.
EventCode=4689
EventType=0
Type=Information
ComputerName=COREDEV-005
TaskCategory=Process Termination
OpCode=Info
RecordNumber=14010059
Keywords=Audit Success
Message=A process has exited.

Subject:
	Security ID:		Domain_D\user_g
	Account Name:		user_g
	Account Domain:		Domain_D
	Logon ID:		0xEB5F

Process Information:
	Process ID:	0xA899
	Process Name:	C:\Windows\System32\example_b.exe
	Exit Status:	0xA49090

