01/28/2020 01:20:16 PM
LogName=Security
SourceName=Microsoft Windows security auditing.
EventCode=4648
EventType=0
Type=Information
ComputerName=BUSDEV-006
TaskCategory=Logon
OpCode=Info
RecordNumber=607609108
Keywords=Audit Success
Message=A logon was attempted using explicit credentials.
Subject:
	Security ID:  Domain_E\SYSTEM
	Account Name:  BUSDEV-006
	Account Domain:  Domain_E
	Logon ID:  0x70E4
	Logon GUID:		{00000000-0000-0000-0000-000000000000}
Account Whose Credentials Were Used:
	Account Name:		LizyFigueiredo
	Account Domain:		Domain_E
	Logon GUID:		{27C4A2F2-13CA-AA25-E903-D31268740239}
Target Server:
	Target Server Name:	Server_D.com
	Additional Information:	Server_D.com
Process Information:
	Process ID:		8D6D
	Process Name:		C:\Windows\System32\example_c.exe
Network Information:
	Network Address:	67.70.111.66
	Port:			-
This event is generated when a process attempts to log on an account by explicitly specifying that account's credentials. This most commonly occurs in batch-type configurations such as scheduled tasks, or when using the RUNAS command.

01/28/2020 01:20:16 PM
LogName=Security
SourceName=Microsoft Windows security auditing.
EventCode=4717
EventType=0
Type=Information
ComputerName=BUSDEV-002
TaskCategory=Authentication Policy Change
OpCode=Info
RecordNumber=129683883
Keywords=Audit Success
Message=System security access was granted to an account.

Subject:
	Security ID:		Domain_D\SYSTEM
	Account Name:		BUSDEV-002
	Account Domain:		Domain_D
	Logon ID:		0xA369

Account Modified:
	Account Name:		Domain_D\user_f

Access Granted:
	Access Right:		SeRemoteInteractiveLogonRight

01/28/2020 01:20:16 PM
LogName=Security
SourceName= Microsoft Windows security auditing.
EventCode=4624
EventType=0
Type=Information
ComputerName=HOST-001
TaskCategory=Logon
OpCode=Info
RecordNumber=379696384
Keywords=Audit Success
Message=An account was successfully logged on.

Subject:
 Security ID:  Domain_D\SYSTEM
 Account Name:  HOST-001
 Account Domain:  Domain_D
 Logon ID:  0x70E4

Logon Information:
 Logon Type:  10
 Restricted Admin Mode: -
 Virtual Account:  No
 Elevated Token:  No

Impersonation Level:  Identification

New Logon:
 Security ID:  Domain_D\user_i
 Account Name:  user_i
 Account Domain:  Domain_D
 Logon ID:  0x5F25
 Linked Logon ID:  BA57
 Network Account Name: user_e
 Network Account Domain: Domain_E
 Logon GUID:  {00000000-0000-0000-0000-000000000000}

Process Information:
 Process ID:  0xE0B0
 Process Name:  C:\Windows\System32\example_g.exe

Network Information:
 Workstation Name: HOST-001
 Source Network Address: -
 Source Port:  44107

Detailed Authentication Information:
 Logon Process:  logonProcess1 
 Authentication Package: Kerberos
 Transited Services: -
 Package Name (NTLM only): -
 Key Length:  0

This event is generated when a logon session is created. It is generated on the computer that was accessed.

The subject fields indicate the account on the local system which requested the logon. This is most commonly a service such as the Server service, or a local process such as 0A7B6.exe or 0A7B6.exe.

The logon type field indicates the kind of logon that occurred. The most common types are 2 (interactive) and 3 (network).

The New Logon fields indicate the account for whom the new logon was created, i.e. the account that was logged on.

The network fields indicate where a remote logon request originated. Workstation name is not always available and may be left blank in some cases.

The impersonation level field indicates the extent to which a process in the logon session can impersonate.

The authentication information fields provide detailed information about this specific logon request.
 - Logon GUID is a unique identifier that can be used to correlate this event with a KDC event.
 - Transited services indicate which intermediate services have participated in this logon request.
 - Package name indicates which sub-protocol was used among the NTLM protocols.
 - Key length indicates the length of the generated session key. This will be 0 if no session key was requested.


01/28/2020 01:20:16 PM
LogName=Security
SourceName=Microsoft Windows security auditing.
EventCode=4717
EventType=0
Type=Information
ComputerName=PROD-MFS-002
TaskCategory=Authentication Policy Change
OpCode=Info
RecordNumber=530615821
Keywords=Audit Success
Message=System security access was granted to an account.

Subject:
	Security ID:		Domain_D\SYSTEM
	Account Name:		PROD-MFS-002
	Account Domain:		Domain_D
	Logon ID:		0x5FC9

Account Modified:
	Account Name:		Domain_D\user_c

Access Granted:
	Access Right:		SeRemoteInteractiveLogonRight

01/28/2020 01:20:16 PM
LogName=Security
SourceName=Microsoft Windows security auditing.
EventCode=4726
EventType=0
Type=Information
ComputerName=SE-003
TaskCategory=User Account Management
OpCode=Info
RecordNumber=256541046
Keywords=Audit Success
Message=A user account was deleted.

Subject:
	Security ID:		Domain_D\user_b
	Account Name:		user_b
	Account Domain:		Domain_D
	Logon ID:		0x3A81

Target Account:
	Security ID:		Domain_D\user_j
	Account Name:		user_j
	Account Domain:		Domain_D

Additional Information:
	Privileges	-

01/28/2020 01:20:15 PM
LogName=Security
SourceName= Microsoft Windows security auditing.
EventCode=4624
EventType=0
Type=Information
ComputerName=BUSDEV-007
TaskCategory=Logon
OpCode=Info
RecordNumber=385684666
Keywords=Audit Success
Message=An account was successfully logged on.

Subject:
 Security ID:  Domain_D\SYSTEM
 Account Name:  BUSDEV-007
 Account Domain:  Domain_D
 Logon ID:  0x70E4

Logon Information:
 Logon Type:  6
 Restricted Admin Mode: Yes
 Virtual Account:  Yes
 Elevated Token:  Yes

Impersonation Level:  Delegation

New Logon:
 Security ID:  Domain_D\user_c
 Account Name:  user_c
 Account Domain:  Domain_D
 Logon ID:  0x5FC9
 Linked Logon ID:  C767
 Network Account Name: -
 Network Account Domain: -
 Logon GUID:  {27C4A2F2-13CA-AA25-E903-D31268740239}

Process Information:
 Process ID:  0xA3BB
 Process Name:  C:\Windows\System32\example_b.exe

Network Information:
 Workstation Name: BUSDEV-007
 Source Network Address: -
 Source Port:  10022

Detailed Authentication Information:
 Logon Process:  Winlogon 
 Authentication Package: Kerberos
 Transited Services: service_A
 Package Name (NTLM only): -
 Key Length:  0

This event is generated when a logon session is created. It is generated on the computer that was accessed.

The subject fields indicate the account on the local system which requested the logon. This is most commonly a service such as the Server service, or a local process such as 9E57E.exe or 9E57E.exe.

The logon type field indicates the kind of logon that occurred. The most common types are 2 (interactive) and 3 (network).

The New Logon fields indicate the account for whom the new logon was created, i.e. the account that was logged on.

The network fields indicate where a remote logon request originated. Workstation name is not always available and may be left blank in some cases.

The impersonation level field indicates the extent to which a process in the logon session can impersonate.

The authentication information fields provide detailed information about this specific logon request.
 - Logon GUID is a unique identifier that can be used to correlate this event with a KDC event.
 - Transited services indicate which intermediate services have participated in this logon request.
 - Package name indicates which sub-protocol was used among the NTLM protocols.
 - Key length indicates the length of the generated session key. This will be 0 if no session key was requested.


01/28/2020 01:20:15 PM
LogName=Security
SourceName=Microsoft Windows security auditing.
EventCode=4776
EventType=0
Type=Information
ComputerName=ops-sys-002
TaskCategory=Credential Validation
OpCode=Info
RecordNumber=225786595
Keywords=Failure Audit
Message=The computer attempted to validate the credentials for an account.
Authentication Package: MICROSOFT_AUTHENTICATION_PACKAGE_V1_0
Logon Account: user_l
Source Workstation: ops-sys-002
Error Code: 0xC000006D

01/28/2020 01:20:15 PM
LogName=Security
SourceName=Microsoft Windows security auditing.
EventCode=4648
EventType=0
Type=Information
ComputerName=PROD-POS-006
TaskCategory=Logon
OpCode=Info
RecordNumber=867672258
Keywords=Audit Success
Message=A logon was attempted using explicit credentials.
Subject:
	Security ID:  Domain_A\SYSTEM
	Account Name:  PROD-POS-006
	Account Domain:  Domain_A
	Logon ID:  0x70E4
	Logon GUID:		{221B21A6-1AE2-3F9A-24EF-22C392AC2A47}
Account Whose Credentials Were Used:
	Account Name:		sarahchancer
	Account Domain:		Domain_A
	Logon GUID:		{221B21A6-1AE2-3F9A-24EF-22C392AC2A47}
Target Server:
	Target Server Name:	Server_C.com
	Additional Information:	Server_C.com
Process Information:
	Process ID:		8298
	Process Name:		C:\Windows\System32\example_c.exe
Network Information:
	Network Address:	31.145.64.183
	Port:			55898
This event is generated when a process attempts to log on an account by explicitly specifying that account's credentials. This most commonly occurs in batch-type configurations such as scheduled tasks, or when using the RUNAS command.

01/28/2020 01:20:15 PM
LogName=Security
SourceName=Microsoft-Windows-Eventlog
EventCode=1102
EventType=4
Type=Information
ComputerName=BUSDEV-004
TaskCategory=Log clear
OpCode=Info
RecordNumber=442929880
Keywords=Audit Success
Message=The audit log was cleared.
Subject:
	Security ID:		Domain_A\user_c
	Account Name:		user_c
	Account Domain:		Domain_A
	Logon ID:		0x5FC9

01/28/2020 01:20:15 PM
LogName=Security
SourceName=Microsoft Windows security auditing.
EventCode=4688
EventType=0
Type=Information
ComputerName=$SPLUNK_HOME/etc/apps/Splunk_TA_windows/samples/hostname.sample
TaskCategory=Process Creation
OpCode=Info
RecordNumber=381005368
Keywords=Audit Success
Message=A new process has been created.
Subject:
	Security ID:		Domain_B\user_h
	Account Name:		user_h
	Account Domain:		Domain_B
	Logon ID:		0xA19C
Process Information:
	New Process ID:		0xF952
	New Process Name:	C:\Windows\System32\example_b.exe
	Token Elevation Type:	TokenElevationTypeFull (2)
	Creator Process ID:	0x22E4
Token Elevation Type indicates the type of token that was assigned to the new process in accordance with User Account Control policy.
Type 1 is a full token with no privileges removed or groups disabled.  A full token is only used if User Account Control is disabled or if the User is the built-in Administrator account or a service account.
Type 2 is an elevated token with no privileges removed or groups disabled.  An elevated token is used when User Account Control is enabled and the User chooses to start the program using Run as administrator.  An elevated token is also used when an application is configured to always require administrative privilege or to always require maximum privilege, and the User is a member of the Administrators group.
Type 3 is a limited token with administrative privileges removed and administrative groups disabled.  The limited token is used when User Account Control is enabled, the application does not require administrative privilege, and the User does not choose to start the program using Run as administrator.

01/28/2020 01:20:15 PM
LogName=Security
SourceName=Microsoft Windows security auditing.
EventCode=4743
EventType=0
Type=Information
ComputerName=HOST-005
TaskCategory=Computer Account Management
OpCode=Info
RecordNumber=938477577
Keywords=Audit Success
Message=A computer account was deleted.

Subject:
	Security ID:		Domain_A\user_n
	Account Name:		user_n
	Account Domain:		Domain_A
	Logon ID:		0x4D76

Target Computer:
	Security ID:		Domain_A\user_e
	Account Name:		user_e
	Account Domain:		Domain_A

Additional Information:
	Privileges:	SeDelegateSessionUserImpersonatePrivilege

01/28/2020 01:20:15 PM
LogName=Security
SourceName=Microsoft Windows security auditing.
EventCode=4726
EventType=0
Type=Information
ComputerName=ops-sys-003
TaskCategory=User Account Management
OpCode=Info
RecordNumber=351998272
Keywords=Audit Success
Message=A user account was deleted.

Subject:
	Security ID:		Domain_E\user_i
	Account Name:		user_i
	Account Domain:		Domain_E
	Logon ID:		0x5F25

Target Account:
	Security ID:		Domain_E\user_h
	Account Name:		user_h
	Account Domain:		Domain_E

Additional Information:
	Privileges	-

01/28/2020 01:20:15 PM
LogName=Security
SourceName=Microsoft Windows security auditing.
EventCode=4743
EventType=0
Type=Information
ComputerName=ops-sys-004
TaskCategory=Computer Account Management
OpCode=Info
RecordNumber=50835687
Keywords=Audit Success
Message=A computer account was deleted.

Subject:
	Security ID:		Domain_D\user_i
	Account Name:		user_i
	Account Domain:		Domain_D
	Logon ID:		0x5F25

Target Computer:
	Security ID:		Domain_D\user_l
	Account Name:		user_l
	Account Domain:		Domain_D

Additional Information:
	Privileges:	SeSystemEnvironmentPrivilege

01/28/2020 01:20:14 PM
LogName=Security
SourceName=Microsoft Windows security auditing.
EventCode=4673
EventType=0
Type=Information
ComputerName=COREDEV-004
TaskCategory=Sensitive Privilege Use
OpCode=Info
RecordNumber=104665817
Keywords=Audit Success
Message=A privileged service was called.

Subject:
	Security ID:		Domain_A\user_k
	Account Name:		user_k
	Account Domain:		Domain_A
	Logon ID:		0xBAC3

Service:
	Server:	NT Local Security Authority / Authentication Service
	Service Name:	LsaRegisterLogonProcess()

Process:
	Process ID:	0x17ED
	Process Name:	C:\Windows\System32\example_c.exe

Service Request Information:
	Privileges:		SeTcbPrivilege

01/28/2020 01:20:14 PM
LogName=Security
SourceName=Microsoft Windows security auditing.
EventCode=4724
EventType=0
Type=Information
ComputerName=PROD-POS-004
TaskCategory=User Account Management
OpCode=Info
RecordNumber=937245336
Keywords=Audit Success
Message=An attempt was made to reset an account's password.
Subject:
	Security ID:  Domain_A\user_m
	Account Name:  user_m
	Account Domain:  Domain_A
	Logon ID:  0x46BA
Target Account:
	Security ID:  Domain_A\user_i
	Account Name:  user_i
	Account Domain:  Domain_A

01/28/2020 01:20:14 PM
LogName=Security
SourceName=Microsoft Windows security auditing.
EventCode=4689
EventType=0
Type=Information
ComputerName=SE-003
TaskCategory=Process Termination
OpCode=Info
RecordNumber=141249062
Keywords=Audit Success
Message=A process has exited.

Subject:
	Security ID:		Domain_D\user_h
	Account Name:		user_h
	Account Domain:		Domain_D
	Logon ID:		0xA19C

Process Information:
	Process ID:	0xC972
	Process Name:	C:\Windows\System32\example_g.exe
	Exit Status:	0xE72B05

01/28/2020 01:20:14 PM
LogName=Security
SourceName=Microsoft Windows security auditing.
EventCode=4673
EventType=0
Type=Information
ComputerName=PROD-MFS-002
TaskCategory=Sensitive Privilege Use
OpCode=Info
RecordNumber=84673385
Keywords=Audit Success
Message=A privileged service was called.

Subject:
	Security ID:		Domain_A\user_c
	Account Name:		user_c
	Account Domain:		Domain_A
	Logon ID:		0x5FC9

Service:
	Server:	NT Local Security Authority / Authentication Service
	Service Name:	LsaRegisterLogonProcess()

Process:
	Process ID:	0xB608
	Process Name:	C:\Windows\System32\example_b.exe

Service Request Information:
	Privileges:		SeSecurityPrivilege

01/28/2020 01:20:14 PM
LogName=Security
SourceName=Microsoft Windows security auditing.
EventCode=4776
EventType=0
Type=Information
ComputerName=COREDEV-001
TaskCategory=Credential Validation
OpCode=Info
RecordNumber=705945651
Keywords=Failure Audit
Message=The computer attempted to validate the credentials for an account.
Authentication Package: MICROSOFT_AUTHENTICATION_PACKAGE_V1_0
Logon Account: user_n
Source Workstation: COREDEV-001
Error Code: 0xC0000234

01/28/2020 01:20:14 PM
LogName=Security
SourceName=Microsoft Windows security auditing.
EventCode=4738
EventType=0
Type=Information
ComputerName=SE-004
TaskCategory=User Account Management
OpCode=Info
RecordNumber=923832714
Keywords=Audit Success
Message=A User account was changed.

Subject:
 Security ID:  Domain_D\user_l
 Account Name:  user_l
 Account Domain:  Domain_D
 Logon ID:  0xAB37

Target Account:
 Security ID:  Domain_D\user_b
 Account Name:  user_b
 Account Domain:  Domain_D

Changed Attributes:
 SAM Account Name: user_m
 Display Name:  fff
 User Principal Name: aaa@AAA.local
 Home Directory:  \a\b
 Home Drive:  E:
 Script Path:  <value not set>
 Profile Path:  \a\g
 User Workstations: DDD
 Password Last Set: <never>
 Account Expires:  2020-01-28 13:20:14 PM
 Primary Group ID: 195
 AllowedToDelegateTo: -
 Old UAC Value:  F9059EC
 New UAC Value:  73CCAAC
 User Account Control: ACCOUNTDISABLE - Enabled
 User Parameters: <value not set>
 SID History:  Domain_b/bbb
 Logon Hours:  Monday 2:00 PM -Tuesday 6:00 PM

Additional Information:
 Privileges:  SeImpersonatePrivilege

01/28/2020 01:20:13 PM
LogName=Security
SourceName=Microsoft Windows security auditing.
EventCode=4672
EventType=0
Type=Information
ComputerName=HOST-004
TaskCategory=Special Logon
OpCode=Info
RecordNumber=576327277
Keywords=Audit Success
Message=Special privileges assigned to new logon.
Subject:
	Security ID:		Domain_C\user_d
	Account Name:		user_d
	Account Domain:		Domain_C
	Logon ID:		0x3EC3
Privileges:	SeSecurityPrivilege
			SeTakeOwnershipPrivilege
			SeLoadDriverPrivilege
			SeBackupPrivilege
			SeRestorePrivilege
			SeDebugPrivilege
			SeSystemEnvironmentPrivilege
			SeImpersonatePrivilege

01/28/2020 01:20:13 PM
LogName=Security
SourceName=Microsoft Windows security auditing.
EventCode=4688
EventType=0
Type=Information
ComputerName=$SPLUNK_HOME/etc/apps/Splunk_TA_windows/samples/hostname.sample
TaskCategory=Process Creation
OpCode=Info
RecordNumber=499781114
Keywords=Audit Success
Message=A new process has been created.
Subject:
	Security ID:		Domain_B\user_d
	Account Name:		user_d
	Account Domain:		Domain_B
	Logon ID:		0x3EC3
Process Information:
	New Process ID:		0x33BE
	New Process Name:	C:\Windows\System32\example_d.exe
	Token Elevation Type:	TokenElevationTypeDefault (1)
	Creator Process ID:	0x50BD
Token Elevation Type indicates the type of token that was assigned to the new process in accordance with User Account Control policy.
Type 1 is a full token with no privileges removed or groups disabled.  A full token is only used if User Account Control is disabled or if the User is the built-in Administrator account or a service account.
Type 2 is an elevated token with no privileges removed or groups disabled.  An elevated token is used when User Account Control is enabled and the User chooses to start the program using Run as administrator.  An elevated token is also used when an application is configured to always require administrative privilege or to always require maximum privilege, and the User is a member of the Administrators group.
Type 3 is a limited token with administrative privileges removed and administrative groups disabled.  The limited token is used when User Account Control is enabled, the application does not require administrative privilege, and the User does not choose to start the program using Run as administrator.

01/28/2020 01:20:13 PM
LogName=Security
SourceName= Microsoft Windows security auditing.
EventCode=4624
EventType=0
Type=Information
ComputerName=ops-sys-001
TaskCategory=Logon
OpCode=Info
RecordNumber=495152100
Keywords=Audit Success
Message=An account was successfully logged on.

Subject:
 Security ID:  Domain_C\SYSTEM
 Account Name:  ops-sys-001
 Account Domain:  Domain_C
 Logon ID:  0x70E4

Logon Information:
 Logon Type:  5
 Restricted Admin Mode: Yes
 Virtual Account:  No
 Elevated Token:  No

Impersonation Level:  Delegation

New Logon:
 Security ID:  Domain_C\user_n
 Account Name:  user_n
 Account Domain:  Domain_C
 Logon ID:  0x4D76
 Linked Logon ID:  DD7C
 Network Account Name: -
 Network Account Domain: -
 Logon GUID:  {00000000-0000-0000-0000-000000000000}

Process Information:
 Process ID:  0x56EE
 Process Name:  C:\Windows\System32\example_a.exe

Network Information:
 Workstation Name: ops-sys-001
 Source Network Address: 64.255.187.229
 Source Port:  31692

Detailed Authentication Information:
 Logon Process:  Winlogon 
 Authentication Package: Kerberos
 Transited Services: service_B
 Package Name (NTLM only): -
 Key Length:  0

This event is generated when a logon session is created. It is generated on the computer that was accessed.

The subject fields indicate the account on the local system which requested the logon. This is most commonly a service such as the Server service, or a local process such as 3D95B.exe or 3D95B.exe.

The logon type field indicates the kind of logon that occurred. The most common types are 2 (interactive) and 3 (network).

The New Logon fields indicate the account for whom the new logon was created, i.e. the account that was logged on.

The network fields indicate where a remote logon request originated. Workstation name is not always available and may be left blank in some cases.

The impersonation level field indicates the extent to which a process in the logon session can impersonate.

The authentication information fields provide detailed information about this specific logon request.
 - Logon GUID is a unique identifier that can be used to correlate this event with a KDC event.
 - Transited services indicate which intermediate services have participated in this logon request.
 - Package name indicates which sub-protocol was used among the NTLM protocols.
 - Key length indicates the length of the generated session key. This will be 0 if no session key was requested.


01/28/2020 01:20:13 PM
LogName=Security
SourceName=Microsoft Windows security auditing.
EventCode=4724
EventType=0
Type=Information
ComputerName=BUSDEV-007
TaskCategory=User Account Management
OpCode=Info
RecordNumber=762161680
Keywords=Audit Failure
Message=An attempt was made to reset an account's password.
Subject:
	Security ID:  Domain_A\user_f
	Account Name:  user_f
	Account Domain:  Domain_A
	Logon ID:  0xA369
Target Account:
	Security ID:  Domain_A\user_i
	Account Name:  user_i
	Account Domain:  Domain_A

01/28/2020 01:20:13 PM
LogName=Security
SourceName=Microsoft-Windows-Eventlog
EventCode=1102
EventType=4
Type=Information
ComputerName=PROD-MFS-004
TaskCategory=Log clear
OpCode=Info
RecordNumber=487869044
Keywords=Audit Success
Message=The audit log was cleared.
Subject:
	Security ID:		Domain_C\user_d
	Account Name:		user_d
	Account Domain:		Domain_C
	Logon ID:		0x3EC3

01/28/2020 01:20:13 PM
LogName=Security
SourceName=Microsoft-Windows-Eventlog
EventCode=1102
EventType=4
Type=Information
ComputerName=ops-sys-006
TaskCategory=Log clear
OpCode=Info
RecordNumber=511548607
Keywords=Audit Success
Message=The audit log was cleared.
Subject:
	Security ID:		Domain_E\user_e
	Account Name:		user_e
	Account Domain:		Domain_E
	Logon ID:		0x0452

01/28/2020 01:20:13 PM
LogName=Security
SourceName=Microsoft Windows security auditing.
EventCode=4673
EventType=0
Type=Information
ComputerName=ACME-005
TaskCategory=Sensitive Privilege Use
OpCode=Info
RecordNumber=504924138
Keywords=Audit Success
Message=A privileged service was called.

Subject:
	Security ID:		Domain_C\user_d
	Account Name:		user_d
	Account Domain:		Domain_C
	Logon ID:		0x3EC3

Service:
	Server:	NT Local Security Authority / Authentication Service
	Service Name:	LsaRegisterLogonProcess()

Process:
	Process ID:	0x9965
	Process Name:	C:\Windows\System32\example_b.exe

Service Request Information:
	Privileges:		SeDelegateSessionUserImpersonatePrivilege

01/28/2020 01:20:12 PM
LogName=Security
SourceName= Microsoft Windows security auditing.
EventCode=4624
EventType=0
Type=Information
ComputerName=PROD-MFS-006
TaskCategory=Logon
OpCode=Info
RecordNumber=623977037
Keywords=Audit Success
Message=An account was successfully logged on.

Subject:
 Security ID:  Domain_C\SYSTEM
 Account Name:  PROD-MFS-006
 Account Domain:  Domain_C
 Logon ID:  0x70E4

Logon Information:
 Logon Type:  8
 Restricted Admin Mode: -
 Virtual Account:  Yes
 Elevated Token:  No

Impersonation Level:  Identification

New Logon:
 Security ID:  Domain_C\user_i
 Account Name:  user_i
 Account Domain:  Domain_C
 Logon ID:  0x5F25
 Linked Logon ID:  1F5E
 Network Account Name: -
 Network Account Domain: Domain_D
 Logon GUID:  {221B21A6-1AE2-3F9A-24EF-22C392AC2A47}

Process Information:
 Process ID:  0x6FFC
 Process Name:  C:\Windows\System32\example_c.exe

Network Information:
 Workstation Name: PROD-MFS-006
 Source Network Address: 69.186.248.110
 Source Port:  57300

Detailed Authentication Information:
 Logon Process:  logonProcess1 
 Authentication Package: Negotiate
 Transited Services: service_D
 Package Name (NTLM only): -
 Key Length:  0

This event is generated when a logon session is created. It is generated on the computer that was accessed.

The subject fields indicate the account on the local system which requested the logon. This is most commonly a service such as the Server service, or a local process such as 83F95.exe or 83F95.exe.

The logon type field indicates the kind of logon that occurred. The most common types are 2 (interactive) and 3 (network).

The New Logon fields indicate the account for whom the new logon was created, i.e. the account that was logged on.

The network fields indicate where a remote logon request originated. Workstation name is not always available and may be left blank in some cases.

The impersonation level field indicates the extent to which a process in the logon session can impersonate.

The authentication information fields provide detailed information about this specific logon request.
 - Logon GUID is a unique identifier that can be used to correlate this event with a KDC event.
 - Transited services indicate which intermediate services have participated in this logon request.
 - Package name indicates which sub-protocol was used among the NTLM protocols.
 - Key length indicates the length of the generated session key. This will be 0 if no session key was requested.


01/28/2020 01:20:12 PM
LogName=Security
SourceName=Microsoft Windows security auditing.
EventCode=4673
EventType=0
Type=Information
ComputerName=BUSDEV-003
TaskCategory=Sensitive Privilege Use
OpCode=Info
RecordNumber=795243460
Keywords=Audit Success
Message=A privileged service was called.

Subject:
	Security ID:		Domain_C\user_c
	Account Name:		user_c
	Account Domain:		Domain_C
	Logon ID:		0x5FC9

Service:
	Server:	NT Local Security Authority / Authentication Service
	Service Name:	LsaRegisterLogonProcess()

Process:
	Process ID:	0xD718
	Process Name:	C:\Windows\System32\example_c.exe

Service Request Information:
	Privileges:		SeLoadDriverPrivilege

01/28/2020 01:20:12 PM
LogName=Security
SourceName=Microsoft Windows security auditing.
EventCode=4738
EventType=0
Type=Information
ComputerName=ops-sys-002
TaskCategory=User Account Management
OpCode=Info
RecordNumber=804979695
Keywords=Audit Success
Message=A User account was changed.

Subject:
 Security ID:  Domain_A\user_b
 Account Name:  user_b
 Account Domain:  Domain_A
 Logon ID:  0x3A81

Target Account:
 Security ID:  Domain_A\user_k
 Account Name:  user_k
 Account Domain:  Domain_A

Changed Attributes:
 SAM Account Name: user_f
 Display Name:  <value not set>
 User Principal Name: eee@AAA.local
 Home Directory:  \a
 Home Drive:  C:
 Script Path:  \a
 Profile Path:  \f
 User Workstations: BBB
 Password Last Set: 2020-01-28 13:20:12 PM
 Account Expires:  2020-01-28 13:20:12 PM
 Primary Group ID: 883
 AllowedToDelegateTo: server_2/computer_b
 Old UAC Value:  0C39CBF
 New UAC Value:  121A41D
 User Account Control: PASSWD_NOTREQD - Enabled
 User Parameters: <value not set>
 SID History:  -
 Logon Hours:  Tuesday 8:00 PM -Wednesday 10:00 AM

Additional Information:
 Privileges:  -

01/28/2020 01:20:12 PM
LogName=Security
SourceName=Microsoft-Windows-Eventlog
EventCode=1102
EventType=4
Type=Information
ComputerName=ops-sys-002
TaskCategory=Log clear
OpCode=Info
RecordNumber=273395528
Keywords=Audit Success
Message=The audit log was cleared.
Subject:
	Security ID:		Domain_B\user_j
	Account Name:		user_j
	Account Domain:		Domain_B
	Logon ID:		0xB111

01/28/2020 01:20:12 PM
LogName=Security
SourceName=Microsoft Windows security auditing.
EventCode=4718
EventType=0
Type=Information
ComputerName=SE-006
TaskCategory=Authentication Policy Change
OpCode=Info
RecordNumber=450848119
Keywords=Audit Success
Message=System security access was removed from an account.

Subject:
	Security ID:		Domain_A\SYSTEM
	Account Name:		SE-006
	Account Domain:		Domain_A
	Logon ID:		0x0452

Account Modified:
	Account Name:		Domain_A\user_e

Access Removed:
	Access Right:		SeNetworkLogonRight

01/28/2020 01:20:12 PM
LogName=Security
SourceName=Microsoft Windows security auditing.
EventCode=4688
EventType=0
Type=Information
ComputerName=$SPLUNK_HOME/etc/apps/Splunk_TA_windows/samples/hostname.sample
TaskCategory=Process Creation
OpCode=Info
RecordNumber=476043708
Keywords=Audit Success
Message=A new process has been created.
Subject:
	Security ID:		Domain_A\user_a
	Account Name:		user_a
	Account Domain:		Domain_A
	Logon ID:		0x6C10
Process Information:
	New Process ID:		0x1A10
	New Process Name:	C:\Windows\System32\example_c.exe
	Token Elevation Type:	TokenElevationTypeLimited (3)
	Creator Process ID:	0x11F7
Token Elevation Type indicates the type of token that was assigned to the new process in accordance with User Account Control policy.
Type 1 is a full token with no privileges removed or groups disabled.  A full token is only used if User Account Control is disabled or if the User is the built-in Administrator account or a service account.
Type 2 is an elevated token with no privileges removed or groups disabled.  An elevated token is used when User Account Control is enabled and the User chooses to start the program using Run as administrator.  An elevated token is also used when an application is configured to always require administrative privilege or to always require maximum privilege, and the User is a member of the Administrators group.
Type 3 is a limited token with administrative privileges removed and administrative groups disabled.  The limited token is used when User Account Control is enabled, the application does not require administrative privilege, and the User does not choose to start the program using Run as administrator.

01/28/2020 01:20:12 PM
LogName=Security
SourceName= Microsoft Windows security auditing.
EventCode=4624
EventType=0
Type=Information
ComputerName=COREDEV-005
TaskCategory=Logon
OpCode=Info
RecordNumber=413486342
Keywords=Audit Success
Message=An account was successfully logged on.

Subject:
 Security ID:  Domain_E\SYSTEM
 Account Name:  COREDEV-005
 Account Domain:  Domain_E
 Logon ID:  0x70E4

Logon Information:
 Logon Type:  8
 Restricted Admin Mode: Yes
 Virtual Account:  Yes
 Elevated Token:  No

Impersonation Level:  Delegation

New Logon:
 Security ID:  Domain_E\user_d
 Account Name:  user_d
 Account Domain:  Domain_E
 Logon ID:  0x3EC3
 Linked Logon ID:  F175
 Network Account Name: user_n
 Network Account Domain: -
 Logon GUID:  {221B21A6-1AE2-3F9A-24EF-22C392AC2A47}

Process Information:
 Process ID:  0x782D
 Process Name:  C:\Windows\System32\example_f.exe

Network Information:
 Workstation Name: COREDEV-005
 Source Network Address: -
 Source Port:  29296

Detailed Authentication Information:
 Logon Process:  Winlogon 
 Authentication Package: Kerberos
 Transited Services: service_A
 Package Name (NTLM only): -
 Key Length:  0

This event is generated when a logon session is created. It is generated on the computer that was accessed.

The subject fields indicate the account on the local system which requested the logon. This is most commonly a service such as the Server service, or a local process such as C1A0D.exe or C1A0D.exe.

The logon type field indicates the kind of logon that occurred. The most common types are 2 (interactive) and 3 (network).

The New Logon fields indicate the account for whom the new logon was created, i.e. the account that was logged on.

The network fields indicate where a remote logon request originated. Workstation name is not always available and may be left blank in some cases.

The impersonation level field indicates the extent to which a process in the logon session can impersonate.

The authentication information fields provide detailed information about this specific logon request.
 - Logon GUID is a unique identifier that can be used to correlate this event with a KDC event.
 - Transited services indicate which intermediate services have participated in this logon request.
 - Package name indicates which sub-protocol was used among the NTLM protocols.
 - Key length indicates the length of the generated session key. This will be 0 if no session key was requested.


01/28/2020 01:20:12 PM
LogName=Security
SourceName=Microsoft Windows security auditing.
EventCode=4689
EventType=0
Type=Information
ComputerName=BUSDEV-004
TaskCategory=Process Termination
OpCode=Info
RecordNumber=701541312
Keywords=Audit Success
Message=A process has exited.

Subject:
	Security ID:		Domain_C\user_h
	Account Name:		user_h
	Account Domain:		Domain_C
	Logon ID:		0xA19C

Process Information:
	Process ID:	0xA414
	Process Name:	C:\Windows\System32\example_e.exe
	Exit Status:	0x8DC1AD

01/28/2020 01:20:12 PM
LogName=Security
SourceName=Microsoft Windows security auditing.
EventCode=4743
EventType=0
Type=Information
ComputerName=BUSDEV-008
TaskCategory=Computer Account Management
OpCode=Info
RecordNumber=789441159
Keywords=Audit Success
Message=A computer account was deleted.

Subject:
	Security ID:		Domain_C\user_h
	Account Name:		user_h
	Account Domain:		Domain_C
	Logon ID:		0xA19C

Target Computer:
	Security ID:		Domain_C\user_a
	Account Name:		user_a
	Account Domain:		Domain_C

Additional Information:
	Privileges:	SeSystemEnvironmentPrivilege

01/28/2020 01:20:11 PM
LogName=Security
SourceName=Microsoft-Windows-Eventlog
EventCode=1102
EventType=4
Type=Information
ComputerName=ACME-004
TaskCategory=Log clear
OpCode=Info
RecordNumber=500461124
Keywords=Audit Success
Message=The audit log was cleared.
Subject:
	Security ID:		Domain_A\user_a
	Account Name:		user_a
	Account Domain:		Domain_A
	Logon ID:		0x6C10

01/28/2020 01:20:11 PM
LogName=Security
SourceName=Microsoft Windows security auditing.
EventCode=4798
EventType=Information
Type=Information
ComputerName=BUSDEV-007
TaskCategory=Authentication Policy Change
OpCode=Info
RecordNumber=549830649
Keywords=Audit Success
Message=A User's local group membership was enumerated.

Subject:
	Security ID:		NULL SID
	Account Name:		ADMINISTRATOR
	Account Domain:		krbtgt
	Logon ID:		0xB2A
User:
	Security ID:		NULL SID
	Account Name:		ADMINISTRATOR
	Account Domain:		krbtgt

Process Information:
	Process ID:		0x16c4
	Process Name:		abc\file\path\6697314.exe


01/28/2020 01:20:11 PM
LogName=Security
SourceName=Microsoft Windows security auditing.
EventCode=4739
EventType=0
Type=Information
ComputerName=ops-sys-003
TaskCategory=Authentication Policy Change
OpCode=Info
RecordNumber=193694872
Keywords=Audit Success
Message=Domain Policy was changed.

Change Type:		Password Policy modified

Subject:
	Security ID:  Domain_E\user_m
	Account Name:  user_m
	Account Domain:  Domain_E
	Logon ID:  0x46BA

Domain:
	Domain Name:		Domain_E
	Domain ID:		Domain_E\

Changed Attributes:
	Min. Password Age:	-
	Max. Password Age:	-
	Force Logoff:		-
	Lockout Threshold:	-
	Lockout Observation Window:	-
	Lockout Duration:	-
	Password Properties:	-
	Min. Password Length:	6
	Password History Length:	23
	Machine Account Quota:	-
	Mixed Domain Mode:	-
	Domain Behavior Version:	-
	OEM Information:	-

Additional Information:
	Privileges:		-

01/28/2020 01:20:11 PM
LogName=Security
SourceName=Microsoft Windows security auditing.
EventCode=4726
EventType=0
Type=Information
ComputerName=SE-005
TaskCategory=User Account Management
OpCode=Info
RecordNumber=875553238
Keywords=Audit Success
Message=A user account was deleted.

Subject:
	Security ID:		Domain_D\user_e
	Account Name:		user_e
	Account Domain:		Domain_D
	Logon ID:		0x0452

Target Account:
	Security ID:		Domain_D\user_f
	Account Name:		user_f
	Account Domain:		Domain_D

Additional Information:
	Privileges	-

01/28/2020 01:20:11 PM
LogName=Security
SourceName=Microsoft Windows security auditing.
EventCode=4718
EventType=0
Type=Information
ComputerName=PROD-MFS-002
TaskCategory=Authentication Policy Change
OpCode=Info
RecordNumber=47456381
Keywords=Audit Success
Message=System security access was removed from an account.

Subject:
	Security ID:		Domain_C\SYSTEM
	Account Name:		PROD-MFS-002
	Account Domain:		Domain_C
	Logon ID:		0x5FC9

Account Modified:
	Account Name:		Domain_C\user_c

Access Removed:
	Access Right:		SeRemoteInteractiveLogonRight

01/28/2020 01:20:11 PM
LogName=Security
SourceName=Microsoft Windows security auditing.
EventCode=4688
EventType=0
Type=Information
ComputerName=$SPLUNK_HOME/etc/apps/Splunk_TA_windows/samples/hostname.sample
TaskCategory=Process Creation
OpCode=Info
RecordNumber=399538223
Keywords=Audit Success
Message=A new process has been created.
Subject:
	Security ID:		Domain_A\user_a
	Account Name:		user_a
	Account Domain:		Domain_A
	Logon ID:		0x6C10
Process Information:
	New Process ID:		0x821D
	New Process Name:	C:\Windows\System32\example_f.exe
	Token Elevation Type:	TokenElevationTypeDefault (1)
	Creator Process ID:	0xF11B
Token Elevation Type indicates the type of token that was assigned to the new process in accordance with User Account Control policy.
Type 1 is a full token with no privileges removed or groups disabled.  A full token is only used if User Account Control is disabled or if the User is the built-in Administrator account or a service account.
Type 2 is an elevated token with no privileges removed or groups disabled.  An elevated token is used when User Account Control is enabled and the User chooses to start the program using Run as administrator.  An elevated token is also used when an application is configured to always require administrative privilege or to always require maximum privilege, and the User is a member of the Administrators group.
Type 3 is a limited token with administrative privileges removed and administrative groups disabled.  The limited token is used when User Account Control is enabled, the application does not require administrative privilege, and the User does not choose to start the program using Run as administrator.

01/28/2020 01:20:11 PM
LogName=Security
SourceName=Microsoft Windows security auditing.
EventCode=4673
EventType=0
Type=Information
ComputerName=PROD-POS-005
TaskCategory=Sensitive Privilege Use
OpCode=Info
RecordNumber=808002672
Keywords=Audit Success
Message=A privileged service was called.

Subject:
	Security ID:		Domain_D\user_f
	Account Name:		user_f
	Account Domain:		Domain_D
	Logon ID:		0xA369

Service:
	Server:	NT Local Security Authority / Authentication Service
	Service Name:	LsaRegisterLogonProcess()

Process:
	Process ID:	0xE22F
	Process Name:	C:\Windows\System32\example_b.exe

Service Request Information:
	Privileges:		SeImpersonatePrivilege

01/28/2020 01:20:10 PM
LogName=Security
SourceName=Microsoft Windows security auditing.
EventCode=4726
EventType=0
Type=Information
ComputerName=PROD-MFS-003
TaskCategory=User Account Management
OpCode=Info
RecordNumber=682026000
Keywords=Audit Success
Message=A user account was deleted.

Subject:
	Security ID:		Domain_C\user_e
	Account Name:		user_e
	Account Domain:		Domain_C
	Logon ID:		0x0452

Target Account:
	Security ID:		Domain_C\user_l
	Account Name:		user_l
	Account Domain:		Domain_C

Additional Information:
	Privileges	SeImpersonatePrivilege

01/28/2020 01:20:10 PM
LogName=Security
SourceName=Microsoft Windows security auditing.
EventCode=4718
EventType=0
Type=Information
ComputerName=SE-002
TaskCategory=Authentication Policy Change
OpCode=Info
RecordNumber=297745440
Keywords=Audit Success
Message=System security access was removed from an account.

Subject:
	Security ID:		Domain_D\SYSTEM
	Account Name:		SE-002
	Account Domain:		Domain_D
	Logon ID:		0xBAC3

Account Modified:
	Account Name:		Domain_D\user_k

Access Removed:
	Access Right:		SeNetworkLogonRight

01/28/2020 01:20:10 PM
LogName=Security
SourceName=Microsoft Windows security auditing.
EventCode=4724
EventType=0
Type=Information
ComputerName=BUSDEV-003
TaskCategory=User Account Management
OpCode=Info
RecordNumber=868140604
Keywords=Audit Success
Message=An attempt was made to reset an account's password.
Subject:
	Security ID:  Domain_A\user_j
	Account Name:  user_j
	Account Domain:  Domain_A
	Logon ID:  0xB111
Target Account:
	Security ID:  Domain_A\user_h
	Account Name:  user_h
	Account Domain:  Domain_A

01/28/2020 01:20:10 PM
LogName=Security
SourceName=Microsoft Windows security auditing.
EventCode=4726
EventType=0
Type=Information
ComputerName=ACME-003
TaskCategory=User Account Management
OpCode=Info
RecordNumber=626972350
Keywords=Audit Success
Message=A user account was deleted.

Subject:
	Security ID:		Domain_E\user_j
	Account Name:		user_j
	Account Domain:		Domain_E
	Logon ID:		0xB111

Target Account:
	Security ID:		Domain_E\user_i
	Account Name:		user_i
	Account Domain:		Domain_E

Additional Information:
	Privileges	-

01/28/2020 01:20:10 PM
LogName=Security
SourceName=Microsoft Windows security auditing.
EventCode=4648
EventType=0
Type=Information
ComputerName=PROD-MFS-001
TaskCategory=Logon
OpCode=Info
RecordNumber=718734718
Keywords=Audit Success
Message=A logon was attempted using explicit credentials.
Subject:
	Security ID:  Domain_B\SYSTEM
	Account Name:  PROD-MFS-001
	Account Domain:  Domain_B
	Logon ID:  0x70E4
	Logon GUID:		{221B21A6-1AE2-3F9A-24EF-22C392AC2A47}
Account Whose Credentials Were Used:
	Account Name:		banaam1
	Account Domain:		Domain_B
	Logon GUID:		{00000000-0000-0000-0000-000000000000}
Target Server:
	Target Server Name:	localhost
	Additional Information:	localhost
Process Information:
	Process ID:		D00D
	Process Name:		C:\Windows\System32\example_b.exe
Network Information:
	Network Address:	29.9.191.36
	Port:			52172
This event is generated when a process attempts to log on an account by explicitly specifying that account's credentials. This most commonly occurs in batch-type configurations such as scheduled tasks, or when using the RUNAS command.

01/28/2020 01:20:09 PM
LogName=Security
SourceName=Microsoft Windows security auditing.
EventCode=4717
EventType=0
Type=Information
ComputerName=HOST-002
TaskCategory=Authentication Policy Change
OpCode=Info
RecordNumber=638740623
Keywords=Audit Success
Message=System security access was granted to an account.

Subject:
	Security ID:		Domain_C\SYSTEM
	Account Name:		HOST-002
	Account Domain:		Domain_C
	Logon ID:		0x5F25

Account Modified:
	Account Name:		Domain_C\user_i

Access Granted:
	Access Right:		SeRemoteInteractiveLogonRight

01/28/2020 01:20:09 PM
LogName=Security
SourceName=Microsoft Windows security auditing.
EventCode=4718
EventType=0
Type=Information
ComputerName=BUSDEV-004
TaskCategory=Authentication Policy Change
OpCode=Info
RecordNumber=84513833
Keywords=Audit Success
Message=System security access was removed from an account.

Subject:
	Security ID:		Domain_B\SYSTEM
	Account Name:		BUSDEV-004
	Account Domain:		Domain_B
	Logon ID:		0xB111

Account Modified:
	Account Name:		Domain_B\user_j

Access Removed:
	Access Right:		SeNetworkLogonRight

01/28/2020 01:20:09 PM
LogName=Security
SourceName=Microsoft Windows security auditing.
EventCode=4673
EventType=0
Type=Information
ComputerName=PROD-MFS-001
TaskCategory=Sensitive Privilege Use
OpCode=Info
RecordNumber=116666580
Keywords=Audit Success
Message=A privileged service was called.

Subject:
	Security ID:		Domain_A\user_i
	Account Name:		user_i
	Account Domain:		Domain_A
	Logon ID:		0x5F25

Service:
	Server:	NT Local Security Authority / Authentication Service
	Service Name:	LsaRegisterLogonProcess()

Process:
	Process ID:	0xCE11
	Process Name:	C:\Windows\System32\example_e.exe

Service Request Information:
	Privileges:		SeTakeOwnershipPrivilege

01/28/2020 01:20:09 PM
LogName=Security
SourceName=Microsoft Windows security auditing.
EventCode=4673
EventType=0
Type=Information
ComputerName=HOST-006
TaskCategory=Sensitive Privilege Use
OpCode=Info
RecordNumber=340949384
Keywords=Audit Success
Message=A privileged service was called.

Subject:
	Security ID:		Domain_B\user_l
	Account Name:		user_l
	Account Domain:		Domain_B
	Logon ID:		0xAB37

Service:
	Server:	NT Local Security Authority / Authentication Service
	Service Name:	LsaRegisterLogonProcess()

Process:
	Process ID:	0x0DFC
	Process Name:	C:\Windows\System32\example_e.exe

Service Request Information:
	Privileges:		SeSystemEnvironmentPrivilege

01/28/2020 01:20:09 PM
LogName=Security
SourceName=Microsoft Windows security auditing.
EventCode=4743
EventType=0
Type=Information
ComputerName=ACME-002
TaskCategory=Computer Account Management
OpCode=Info
RecordNumber=617959265
Keywords=Audit Success
Message=A computer account was deleted.

Subject:
	Security ID:		Domain_B\user_m
	Account Name:		user_m
	Account Domain:		Domain_B
	Logon ID:		0x46BA

Target Computer:
	Security ID:		Domain_B\user_c
	Account Name:		user_c
	Account Domain:		Domain_B

Additional Information:
	Privileges:	-

01/28/2020 01:20:09 PM
LogName=Security
SourceName=Microsoft Windows security auditing.
EventCode=4724
EventType=0
Type=Information
ComputerName=ops-sys-003
TaskCategory=User Account Management
OpCode=Info
RecordNumber=423982611
Keywords=Audit Failure
Message=An attempt was made to reset an account's password.
Subject:
	Security ID:  Domain_D\user_f
	Account Name:  user_f
	Account Domain:  Domain_D
	Logon ID:  0xA369
Target Account:
	Security ID:  Domain_D\user_l
	Account Name:  user_l
	Account Domain:  Domain_D

01/28/2020 01:20:09 PM
LogName=Security
SourceName=Microsoft Windows security auditing.
EventCode=4673
EventType=0
Type=Information
ComputerName=ACME-003
TaskCategory=Sensitive Privilege Use
OpCode=Info
RecordNumber=615613095
Keywords=Audit Success
Message=A privileged service was called.

Subject:
	Security ID:		Domain_A\user_a
	Account Name:		user_a
	Account Domain:		Domain_A
	Logon ID:		0x6C10

Service:
	Server:	NT Local Security Authority / Authentication Service
	Service Name:	LsaRegisterLogonProcess()

Process:
	Process ID:	0x64B2
	Process Name:	C:\Windows\System32\example_a.exe

Service Request Information:
	Privileges:		SeAssignPrimaryTokenPrivilege

01/28/2020 01:20:09 PM
LogName=Security
SourceName=Microsoft Windows security auditing.
EventCode=4738
EventType=0
Type=Information
ComputerName=PROD-POS-003
TaskCategory=User Account Management
OpCode=Info
RecordNumber=290734579
Keywords=Audit Success
Message=A User account was changed.

Subject:
 Security ID:  Domain_C\user_j
 Account Name:  user_j
 Account Domain:  Domain_C
 Logon ID:  0xB111

Target Account:
 Security ID:  Domain_C\user_c
 Account Name:  user_c
 Account Domain:  Domain_C

Changed Attributes:
 SAM Account Name: user_m
 Display Name:  fff
 User Principal Name: ddd@BBB.local
 Home Directory:  \a
 Home Drive:  A:
 Script Path:  \a\b\c
 Profile Path:  <value not set>
 User Workstations: AAA
 Password Last Set: 2020-01-28 13:20:09 PM
 Account Expires:  <never>
 Primary Group ID: 439
 AllowedToDelegateTo: server_1/coumputer_a
 Old UAC Value:  DD1EB18
 New UAC Value:  ED4BEE1
 User Account Control: ENCRYPTED_TEXT_PWD_ALLOWED - Disabled
 User Parameters: <value not set>
 SID History:  Domain_b/bbb
 Logon Hours:  Tuesday 8:00 PM -Wednesday 10:00 AM

Additional Information:
 Privileges:  SeTakeOwnershipPrivilege

01/28/2020 01:20:09 PM
LogName=Security
SourceName=Microsoft Windows security auditing.
EventCode=4672
EventType=0
Type=Information
ComputerName=PROD-MFS-005
TaskCategory=Special Logon
OpCode=Info
RecordNumber=973484005
Keywords=Audit Success
Message=Special privileges assigned to new logon.
Subject:
	Security ID:		Domain_C\user_g
	Account Name:		user_g
	Account Domain:		Domain_C
	Logon ID:		0xEB5F
Privileges:	SeSecurityPrivilege
			SeTakeOwnershipPrivilege
			SeLoadDriverPrivilege
			SeBackupPrivilege
			SeRestorePrivilege
			SeDebugPrivilege
			SeSystemEnvironmentPrivilege
			SeImpersonatePrivilege

01/28/2020 01:20:09 PM
LogName=Security
SourceName=Microsoft Windows security auditing.
EventCode=4726
EventType=0
Type=Information
ComputerName=SE-004
TaskCategory=User Account Management
OpCode=Info
RecordNumber=321688402
Keywords=Audit Success
Message=A user account was deleted.

Subject:
	Security ID:		Domain_E\user_f
	Account Name:		user_f
	Account Domain:		Domain_E
	Logon ID:		0xA369

Target Account:
	Security ID:		Domain_E\user_c
	Account Name:		user_c
	Account Domain:		Domain_E

Additional Information:
	Privileges	-

01/28/2020 01:20:09 PM
LogName=Security
SourceName=Microsoft Windows security auditing.
EventCode=4648
EventType=0
Type=Information
ComputerName=BUSDEV-008
TaskCategory=Logon
OpCode=Info
RecordNumber=533820628
Keywords=Audit Success
Message=A logon was attempted using explicit credentials.
Subject:
	Security ID:  Domain_A\SYSTEM
	Account Name:  BUSDEV-008
	Account Domain:  Domain_A
	Logon ID:  0x70E4
	Logon GUID:		{00000000-0000-0000-0000-000000000000}
Account Whose Credentials Were Used:
	Account Name:		xXWHTNYXx
	Account Domain:		Domain_A
	Logon GUID:		{00000000-0000-0000-0000-000000000000}
Target Server:
	Target Server Name:	dcab.acmbh.com
	Additional Information:	dcab.acmbh.com
Process Information:
	Process ID:		070E
	Process Name:		C:\Windows\System32\example_f.exe
Network Information:
	Network Address:	-
	Port:			15448
This event is generated when a process attempts to log on an account by explicitly specifying that account's credentials. This most commonly occurs in batch-type configurations such as scheduled tasks, or when using the RUNAS command.

