01/28/2020 01:20:09 PM
LogName=Security
SourceName=Microsoft Windows security auditing.
EventCode=4738
EventType=0
Type=Information
ComputerName=BUSDEV-003
TaskCategory=User Account Management
OpCode=Info
RecordNumber=409970527
Keywords=Audit Success
Message=A User account was changed.

Subject:
 Security ID:  Domain_A\user_k
 Account Name:  user_k
 Account Domain:  Domain_A
 Logon ID:  0xBAC3

Target Account:
 Security ID:  Domain_A\user_b
 Account Name:  user_b
 Account Domain:  Domain_A

Changed Attributes:
 SAM Account Name: user_l
 Display Name:  bbb
 User Principal Name: ddd@BBB.local
 Home Directory:  <value not set>
 Home Drive:  <value not set>
 Script Path:  \a\g
 Profile Path:  \a\b
 User Workstations: <value not set>
 Password Last Set: <never>
 Account Expires:  <never>
 Primary Group ID: 600
 AllowedToDelegateTo: server_2/computer_b
 Old UAC Value:  146F68C
 New UAC Value:  A229CCB
 User Account Control: PASSWD_CANT_CHANGE - Disabled
 User Parameters: <value changed, but not displayed>
 SID History:  -
 Logon Hours:  Monday 2:00 PM -Tuesday 6:00 PM

Additional Information:
 Privileges:  -

01/28/2020 01:20:08 PM
LogName=Security
SourceName=Microsoft Windows security auditing.
EventCode=4720
EventType=0
Type=Information
ComputerName=PROD-MFS-003
TaskCategory=User Account Management
OpCode=Info
RecordNumber=130980151
Keywords=Audit Success
Message=A User account was created. 
Subject: 
	Security ID: Domain_C\user_e
	Account Name: user_e
	Account Domain: Domain_C
	Logon ID: 0x0452
New Account: 
	Security ID: Domain_C\user_f
	Account Name: user_f
	Account Domain: Domain_C
Attributes: 
	SAM Account Name: user_j
	Display Name: ccc
	User Principal Name: -
	Home Directory: \a\b\c
	Home Drive: C:
	Script Path: \a\b
	Profile Path: \a\e
	User Workstations: EEE
	Password Last Set: <never>
	Account Expires: <never>
	Primary Group ID: 810
	Allowed To Delegate To: -
	Old UAC Value: 40B5E31
	New UAC Value: 6E1FD21
	User Account Control: PASSWD_CANT_CHANGE - Disabled
	User Parameters: <value changed, but not displayed>
	SID History: -
	Logon Hours: Monday 2:00 PM -Tuesday 6:00 PM
Additional Information:
	Privileges -

01/28/2020 01:20:08 PM
LogName=Security
SourceName=Microsoft Windows security auditing.
EventCode=4673
EventType=0
Type=Information
ComputerName=ACME-001
TaskCategory=Sensitive Privilege Use
OpCode=Info
RecordNumber=975931641
Keywords=Audit Success
Message=A privileged service was called.

Subject:
	Security ID:		Domain_D\user_h
	Account Name:		user_h
	Account Domain:		Domain_D
	Logon ID:		0xA19C

Service:
	Server:	NT Local Security Authority / Authentication Service
	Service Name:	LsaRegisterLogonProcess()

Process:
	Process ID:	0x5F0E
	Process Name:	C:\Windows\System32\example_b.exe

Service Request Information:
	Privileges:		SeDebugPrivilege

01/28/2020 01:20:08 PM
LogName=Security
SourceName=Microsoft Windows security auditing.
EventCode=4717
EventType=0
Type=Information
ComputerName=ops-sys-003
TaskCategory=Authentication Policy Change
OpCode=Info
RecordNumber=934354035
Keywords=Audit Success
Message=System security access was granted to an account.

Subject:
	Security ID:		Domain_E\SYSTEM
	Account Name:		ops-sys-003
	Account Domain:		Domain_E
	Logon ID:		0x4D76

Account Modified:
	Account Name:		Domain_E\user_n

Access Granted:
	Access Right:		SeServiceLogonRight

01/28/2020 01:20:08 PM
LogName=Security
SourceName=Microsoft Windows security auditing.
EventCode=4724
EventType=0
Type=Information
ComputerName=ops-sys-006
TaskCategory=User Account Management
OpCode=Info
RecordNumber=242070973
Keywords=Audit Failure
Message=An attempt was made to reset an account's password.
Subject:
	Security ID:  Domain_B\user_l
	Account Name:  user_l
	Account Domain:  Domain_B
	Logon ID:  0xAB37
Target Account:
	Security ID:  Domain_B\user_k
	Account Name:  user_k
	Account Domain:  Domain_B

01/28/2020 01:20:08 PM
LogName=Security
SourceName=Microsoft Windows security auditing.
EventCode=4743
EventType=0
Type=Information
ComputerName=COREDEV-005
TaskCategory=Computer Account Management
OpCode=Info
RecordNumber=614759302
Keywords=Audit Success
Message=A computer account was deleted.

Subject:
	Security ID:		Domain_E\user_a
	Account Name:		user_a
	Account Domain:		Domain_E
	Logon ID:		0x6C10

Target Computer:
	Security ID:		Domain_E\user_f
	Account Name:		user_f
	Account Domain:		Domain_E

Additional Information:
	Privileges:	-

01/28/2020 01:20:07 PM
LogName=Security
SourceName=Microsoft Windows security auditing.
EventCode=4776
EventType=Information
Type=Information
ComputerName=SE-006
TaskCategory=Authentication Policy Change
OpCode=Info
RecordNumber=497433262
Keywords=Audit Success
Message=The computer attempted to validate the credentials for an account.

Authentication Package:	MICROSOFT_AUTHENTICATION_PACKAGE_V1_0
Logon Account:	49CF
Source Workstation:	FD2A17E8
Error Code:	0x1


01/28/2020 01:20:07 PM 
LogName=Security 
SourceName=Microsoft Windows security auditing.
EventCode=4740 
EventType=0 
Type=Information
ComputerName=HOST-004 
TaskCategory=User Account Management
OpCode=Info 
RecordNumber=182473485
Keywords=Audit Success
Message=A user account was locked out. 
Subject: 
	Security ID: Domain_E\user_g 
	Account Name: user_g
	Account Domain: Domain_E
	Logon ID: 0xEB5F
Account That Was Locked Out: 
	Security ID: Domain_E\user_g 
	Account Name: user_g
Additional Information: 
	Caller Computer Name: HOST-004

01/28/2020 01:20:07 PM
LogName=Security
SourceName=Microsoft Windows security auditing.
EventCode=4648
EventType=0
Type=Information
ComputerName=ops-sys-001
TaskCategory=Logon
OpCode=Info
RecordNumber=543685831
Keywords=Audit Success
Message=A logon was attempted using explicit credentials.
Subject:
	Security ID:  Domain_E\SYSTEM
	Account Name:  ops-sys-001
	Account Domain:  Domain_E
	Logon ID:  0x70E4
	Logon GUID:		{221B21A6-1AE2-3F9A-24EF-22C392AC2A47}
Account Whose Credentials Were Used:
	Account Name:		victoriaaarose
	Account Domain:		Domain_E
	Logon GUID:		{00000000-0000-0000-0000-000000000000}
Target Server:
	Target Server Name:	dcab.acmbh.com
	Additional Information:	dcab.acmbh.com
Process Information:
	Process ID:		C0A5
	Process Name:		C:\Windows\System32\example_d.exe
Network Information:
	Network Address:	18.45.59.154
	Port:			60138
This event is generated when a process attempts to log on an account by explicitly specifying that account's credentials. This most commonly occurs in batch-type configurations such as scheduled tasks, or when using the RUNAS command.

01/28/2020 01:20:07 PM
LogName=Security
SourceName=Microsoft Windows security auditing.
EventCode=4720
EventType=0
Type=Information
ComputerName=COREDEV-006
TaskCategory=User Account Management
OpCode=Info
RecordNumber=707527977
Keywords=Audit Success
Message=A User account was created. 
Subject: 
	Security ID: Domain_E\user_i
	Account Name: user_i
	Account Domain: Domain_E
	Logon ID: 0x5F25
New Account: 
	Security ID: Domain_E\user_l
	Account Name: user_l
	Account Domain: Domain_E
Attributes: 
	SAM Account Name: user_f
	Display Name: fff
	User Principal Name: ccc@AAA.local
	Home Directory: \a
	Home Drive: <value not set>
	Script Path: \a
	Profile Path: \a\b\c
	User Workstations: EEE
	Password Last Set: <never>
	Account Expires: <never>
	Primary Group ID: 713
	Allowed To Delegate To: server_1/coumputer_a
	Old UAC Value: 49FB777
	New UAC Value: 4483D77
	User Account Control: PASSWORD_EXPIRED - Enabled
	User Parameters: <value not set>
	SID History: -
	Logon Hours: All
Additional Information:
	Privileges SeTcbPrivilege

01/28/2020 01:20:07 PM
LogName=Security
SourceName=Microsoft Windows security auditing.
EventCode=4743
EventType=0
Type=Information
ComputerName=BUSDEV-004
TaskCategory=Computer Account Management
OpCode=Info
RecordNumber=803830483
Keywords=Audit Success
Message=A computer account was deleted.

Subject:
	Security ID:		Domain_E\user_k
	Account Name:		user_k
	Account Domain:		Domain_E
	Logon ID:		0xBAC3

Target Computer:
	Security ID:		Domain_E\user_b
	Account Name:		user_b
	Account Domain:		Domain_E

Additional Information:
	Privileges:	-

01/28/2020 01:20:07 PM
LogName=Security
SourceName=Microsoft Windows security auditing.
EventCode=4718
EventType=0
Type=Information
ComputerName=ops-sys-001
TaskCategory=Authentication Policy Change
OpCode=Info
RecordNumber=245716514
Keywords=Audit Success
Message=System security access was removed from an account.

Subject:
	Security ID:		Domain_C\SYSTEM
	Account Name:		ops-sys-001
	Account Domain:		Domain_C
	Logon ID:		0xAB37

Account Modified:
	Account Name:		Domain_C\user_l

Access Removed:
	Access Right:		SeRemoteInteractiveLogonRight

01/28/2020 01:20:07 PM
LogName=Security
SourceName=Microsoft Windows security auditing.
EventCode=4673
EventType=0
Type=Information
ComputerName=ops-sys-003
TaskCategory=Sensitive Privilege Use
OpCode=Info
RecordNumber=46360282
Keywords=Audit Success
Message=A privileged service was called.

Subject:
	Security ID:		Domain_E\user_c
	Account Name:		user_c
	Account Domain:		Domain_E
	Logon ID:		0x5FC9

Service:
	Server:	NT Local Security Authority / Authentication Service
	Service Name:	LsaRegisterLogonProcess()

Process:
	Process ID:	0x59D4
	Process Name:	C:\Windows\System32\example_g.exe

Service Request Information:
	Privileges:		SeRestorePrivilege

01/28/2020 01:20:06 PM
LogName=Security
SourceName=Microsoft Windows security auditing.
EventCode=4673
EventType=0
Type=Information
ComputerName=BUSDEV-002
TaskCategory=Sensitive Privilege Use
OpCode=Info
RecordNumber=88963174
Keywords=Audit Success
Message=A privileged service was called.

Subject:
	Security ID:		Domain_C\user_l
	Account Name:		user_l
	Account Domain:		Domain_C
	Logon ID:		0xAB37

Service:
	Server:	NT Local Security Authority / Authentication Service
	Service Name:	LsaRegisterLogonProcess()

Process:
	Process ID:	0x79CE
	Process Name:	C:\Windows\System32\example_c.exe

Service Request Information:
	Privileges:		SeRestorePrivilege

01/28/2020 01:20:06 PM
LogName=Security
SourceName= Microsoft Windows security auditing.
EventCode=4624
EventType=0
Type=Information
ComputerName=BUSDEV-005
TaskCategory=Logon
OpCode=Info
RecordNumber=537543085
Keywords=Audit Success
Message=An account was successfully logged on.

Subject:
 Security ID:  Domain_D\SYSTEM
 Account Name:  BUSDEV-005
 Account Domain:  Domain_D
 Logon ID:  0x70E4

Logon Information:
 Logon Type:  11
 Restricted Admin Mode: Yes
 Virtual Account:  No
 Elevated Token:  Yes

Impersonation Level:  Identification

New Logon:
 Security ID:  Domain_D\user_i
 Account Name:  user_i
 Account Domain:  Domain_D
 Logon ID:  0x5F25
 Linked Logon ID:  CA1C
 Network Account Name: -
 Network Account Domain: Domain_C
 Logon GUID:  {0887F1E4-39EA-D53C-804F-31D568A06274}

Process Information:
 Process ID:  0xA1BB
 Process Name:  C:\Windows\System32\example_e.exe

Network Information:
 Workstation Name: BUSDEV-005
 Source Network Address: 105.202.206.131
 Source Port:  31809

Detailed Authentication Information:
 Logon Process:  Winlogon 
 Authentication Package: Kerberos
 Transited Services: service_D
 Package Name (NTLM only): -
 Key Length:  0

This event is generated when a logon session is created. It is generated on the computer that was accessed.

The subject fields indicate the account on the local system which requested the logon. This is most commonly a service such as the Server service, or a local process such as C76AC.exe or C76AC.exe.

The logon type field indicates the kind of logon that occurred. The most common types are 2 (interactive) and 3 (network).

The New Logon fields indicate the account for whom the new logon was created, i.e. the account that was logged on.

The network fields indicate where a remote logon request originated. Workstation name is not always available and may be left blank in some cases.

The impersonation level field indicates the extent to which a process in the logon session can impersonate.

The authentication information fields provide detailed information about this specific logon request.
 - Logon GUID is a unique identifier that can be used to correlate this event with a KDC event.
 - Transited services indicate which intermediate services have participated in this logon request.
 - Package name indicates which sub-protocol was used among the NTLM protocols.
 - Key length indicates the length of the generated session key. This will be 0 if no session key was requested.


01/28/2020 01:20:06 PM
LogName=Security
SourceName=Microsoft Windows security auditing.
EventCode=4689
EventType=0
Type=Information
ComputerName=ACME-002
TaskCategory=Process Termination
OpCode=Info
RecordNumber=985290985
Keywords=Audit Success
Message=A process has exited.

Subject:
	Security ID:		Domain_B\user_c
	Account Name:		user_c
	Account Domain:		Domain_B
	Logon ID:		0x5FC9

Process Information:
	Process ID:	0x7733
	Process Name:	C:\Windows\System32\example_g.exe
	Exit Status:	0x57DCFA

01/28/2020 01:20:06 PM
LogName=Security
SourceName=Microsoft Windows security auditing.
EventCode=4689
EventType=0
Type=Information
ComputerName=ACME-003
TaskCategory=Process Termination
OpCode=Info
RecordNumber=697934828
Keywords=Audit Success
Message=A process has exited.

Subject:
	Security ID:		Domain_D\user_b
	Account Name:		user_b
	Account Domain:		Domain_D
	Logon ID:		0x3A81

Process Information:
	Process ID:	0xE5B7
	Process Name:	C:\Windows\System32\example_d.exe
	Exit Status:	0x2ECAEA

01/28/2020 01:20:06 PM
LogName=Security
SourceName=Microsoft Windows security auditing.
EventCode=4625
EventType=Information
Type=Information
ComputerName=HOST-003
TaskCategory=Authentication Policy Change
OpCode=Info
RecordNumber=837366557
Keywords=Audit Success
Message=An account failed to log on.

Subject:
	Security ID:		NT AUTHORITY\SYSTEM
	Account Name:		ADMINISTRATOR
	Account Domain:		Builtin
	Logon ID:		0x8

Logon Type:		4

Account For Which Logon Failed:
	Security ID:		NT AUTHORITY\SYSTEM
	Account Name:		ADMINISTRATOR
	Account Domain:		Builtin

Failure Information:
	Failure Reason:		Unknown User name or bad password.
	Status:			0xD392089A
	Sub Status:		0xD392089A

Process Information:
	Caller Process ID:	0x8
	Caller Process Name:	-

Network Information:
	Workstation Name:	-
	Source Network Address:	10.241.3.218
	Source Port:		1741

Detailed Authentication Information:
	Logon Process:		D392089A 
	Authentication Package:	Negotiate
	Transited Services:	-
	Package Name (NTLM only):	-
	Key Length:		4

This event is generated when a logon request fails. It is generated on the computer where access was attempted.

The Subject fields indicate the account on the local system which requested the logon. This is most commonly a service such as the Server service, or a local process such as 402BE63.exe or 402BE63.exe.

The Logon Type field indicates the kind of logon that was requested. The most common types are 2 (interactive) and 3 (network).

The Process Information fields indicate which account and process on the system requested the logon.

The Network Information fields indicate where a remote logon request originated. Workstation name is not always available and may be left blank in some cases.

The authentication information fields provide detailed information about this specific logon request.
	- Transited services indicate which intermediate services have participated in this logon request.
	- Package name indicates which sub-protocol was used among the NTLM protocols.
	- Key length indicates the length of the generated session key. This will be 0 if no session key was requested.


01/28/2020 01:20:05 PM
LogName=Security
SourceName= Microsoft Windows security auditing.
EventCode=4624
EventType=0
Type=Information
ComputerName=PROD-POS-005
TaskCategory=Logon
OpCode=Info
RecordNumber=517676232
Keywords=Audit Success
Message=An account was successfully logged on.

Subject:
 Security ID:  Domain_E\SYSTEM
 Account Name:  PROD-POS-005
 Account Domain:  Domain_E
 Logon ID:  0x70E4

Logon Information:
 Logon Type:  6
 Restricted Admin Mode: -
 Virtual Account:  Yes
 Elevated Token:  Yes

Impersonation Level:  Impersonation

New Logon:
 Security ID:  Domain_E\user_c
 Account Name:  user_c
 Account Domain:  Domain_E
 Logon ID:  0x5FC9
 Linked Logon ID:  C40A
 Network Account Name: -
 Network Account Domain: -
 Logon GUID:  {221B21A6-1AE2-3F9A-24EF-22C392AC2A47}

Process Information:
 Process ID:  0x7F0F
 Process Name:  C:\Windows\System32\example_d.exe

Network Information:
 Workstation Name: PROD-POS-005
 Source Network Address: 152.79.76.16
 Source Port:  26633

Detailed Authentication Information:
 Logon Process:  User32 
 Authentication Package: Negotiate
 Transited Services: -
 Package Name (NTLM only): -
 Key Length:  0

This event is generated when a logon session is created. It is generated on the computer that was accessed.

The subject fields indicate the account on the local system which requested the logon. This is most commonly a service such as the Server service, or a local process such as 5FFA4.exe or 5FFA4.exe.

The logon type field indicates the kind of logon that occurred. The most common types are 2 (interactive) and 3 (network).

The New Logon fields indicate the account for whom the new logon was created, i.e. the account that was logged on.

The network fields indicate where a remote logon request originated. Workstation name is not always available and may be left blank in some cases.

The impersonation level field indicates the extent to which a process in the logon session can impersonate.

The authentication information fields provide detailed information about this specific logon request.
 - Logon GUID is a unique identifier that can be used to correlate this event with a KDC event.
 - Transited services indicate which intermediate services have participated in this logon request.
 - Package name indicates which sub-protocol was used among the NTLM protocols.
 - Key length indicates the length of the generated session key. This will be 0 if no session key was requested.


01/28/2020 01:20:05 PM
LogName=Security
SourceName=Microsoft Windows security auditing.
EventCode=4648
EventType=Information
Type=Information
ComputerName=COREDEV-004
TaskCategory=Authentication Policy Change
OpCode=Info
RecordNumber=249162387
Keywords=Audit Success
Message=A logon was attempted using explicit credentials.

Subject:
	Security ID:		NT AUTHORITY\SYSTEM
	Account Name:		ADMINISTRATOR
	Account Domain:		SERVER2012R2$
	Logon ID:		0x62C	Logon GUID:		5F25

Account Whose Credentials Were Used:
	Account Name:		ADMINISTRATOR
	Account Domain:		SERVER2012R2$
	Logon GUID:		5F25

Target Server:
	Target Server Name:	SERVER2012R2$
	Additional Information:	SERVER2012R2$

Process Information:
	Process ID:		0x62C	Process Name:		win\directory\directory2\05775E5.exe

Network Information:
	Network Address:	179.228.125.149
	Port:			535

This event is generated when a process attempts to log on an account by explicitly specifying that accounts credentials.  This most commonly occurs in batch-type configurations such as scheduled tasks, or when using the RUNAS command.


01/28/2020 01:20:05 PM 
LogName=Security 
SourceName=Microsoft Windows security auditing.
EventCode=4740 
EventType=0 
Type=Information
ComputerName=BUSDEV-002 
TaskCategory=User Account Management
OpCode=Info 
RecordNumber=187753036
Keywords=Audit Success
Message=A user account was locked out. 
Subject: 
	Security ID: Domain_B\user_b 
	Account Name: user_b
	Account Domain: Domain_B
	Logon ID: 0x3A81
Account That Was Locked Out: 
	Security ID: Domain_B\user_d 
	Account Name: user_d
Additional Information: 
	Caller Computer Name: BUSDEV-002

01/28/2020 01:20:05 PM
LogName=Security
SourceName=Microsoft Windows security auditing.
EventCode=4726
EventType=0
Type=Information
ComputerName=PROD-POS-002
TaskCategory=User Account Management
OpCode=Info
RecordNumber=143361881
Keywords=Audit Success
Message=A user account was deleted.

Subject:
	Security ID:		Domain_A\user_g
	Account Name:		user_g
	Account Domain:		Domain_A
	Logon ID:		0xEB5F

Target Account:
	Security ID:		Domain_A\user_j
	Account Name:		user_j
	Account Domain:		Domain_A

Additional Information:
	Privileges	-

01/28/2020 01:20:05 PM
LogName=Security
SourceName=Microsoft Windows security auditing.
EventCode=4689
EventType=0
Type=Information
ComputerName=ACME-006
TaskCategory=Process Termination
OpCode=Info
RecordNumber=939394881
Keywords=Audit Success
Message=A process has exited.

Subject:
	Security ID:		Domain_D\user_m
	Account Name:		user_m
	Account Domain:		Domain_D
	Logon ID:		0x46BA

Process Information:
	Process ID:	0x9D07
	Process Name:	C:\Windows\System32\example_c.exe
	Exit Status:	0xDD7A01

01/28/2020 01:20:05 PM
LogName=Security
SourceName=Microsoft Windows security auditing.
EventCode=4689
EventType=0
Type=Information
ComputerName=BUSDEV-007
TaskCategory=Process Termination
OpCode=Info
RecordNumber=878393017
Keywords=Audit Success
Message=A process has exited.

Subject:
	Security ID:		Domain_A\user_j
	Account Name:		user_j
	Account Domain:		Domain_A
	Logon ID:		0xB111

Process Information:
	Process ID:	0x2F6A
	Process Name:	C:\Windows\System32\example_f.exe
	Exit Status:	0xB569AF

01/28/2020 01:20:05 PM
LogName=Security
SourceName=Microsoft Windows security auditing.
EventCode=4717
EventType=0
Type=Information
ComputerName=PROD-POS-006
TaskCategory=Authentication Policy Change
OpCode=Info
RecordNumber=67528363
Keywords=Audit Success
Message=System security access was granted to an account.

Subject:
	Security ID:		Domain_E\SYSTEM
	Account Name:		PROD-POS-006
	Account Domain:		Domain_E
	Logon ID:		0xA19C

Account Modified:
	Account Name:		Domain_E\user_h

Access Granted:
	Access Right:		SeBatchLogonRight

01/28/2020 01:20:05 PM
LogName=Security
SourceName=Microsoft Windows security auditing.
EventCode=4724
EventType=0
Type=Information
ComputerName=HOST-005
TaskCategory=User Account Management
OpCode=Info
RecordNumber=662538238
Keywords=Audit Success
Message=An attempt was made to reset an account's password.
Subject:
	Security ID:  Domain_C\user_e
	Account Name:  user_e
	Account Domain:  Domain_C
	Logon ID:  0x0452
Target Account:
	Security ID:  Domain_C\user_l
	Account Name:  user_l
	Account Domain:  Domain_C

01/28/2020 01:20:05 PM
LogName=Security
SourceName=Microsoft Windows security auditing.
EventCode=4648
EventType=0
Type=Information
ComputerName=HOST-002
TaskCategory=Logon
OpCode=Info
RecordNumber=433598119
Keywords=Audit Success
Message=A logon was attempted using explicit credentials.
Subject:
	Security ID:  Domain_B\SYSTEM
	Account Name:  HOST-002
	Account Domain:  Domain_B
	Logon ID:  0x70E4
	Logon GUID:		{0887F1E4-39EA-D53C-804F-31D568A06274}
Account Whose Credentials Were Used:
	Account Name:		TheWanted4Life
	Account Domain:		Domain_B
	Logon GUID:		{00000000-0000-0000-0000-000000000000}
Target Server:
	Target Server Name:	dcab.acmbh.com
	Additional Information:	dcab.acmbh.com
Process Information:
	Process ID:		5119
	Process Name:		C:\Windows\System32\example_e.exe
Network Information:
	Network Address:	116.17.42.155
	Port:			-
This event is generated when a process attempts to log on an account by explicitly specifying that account's credentials. This most commonly occurs in batch-type configurations such as scheduled tasks, or when using the RUNAS command.

01/28/2020 01:20:04 PM
LogName=Security
SourceName=Microsoft Windows security auditing.
EventCode=4726
EventType=0
Type=Information
ComputerName=PROD-POS-006
TaskCategory=User Account Management
OpCode=Info
RecordNumber=897349976
Keywords=Audit Success
Message=A user account was deleted.

Subject:
	Security ID:		Domain_C\user_b
	Account Name:		user_b
	Account Domain:		Domain_C
	Logon ID:		0x3A81

Target Account:
	Security ID:		Domain_C\user_k
	Account Name:		user_k
	Account Domain:		Domain_C

Additional Information:
	Privileges	-

01/28/2020 01:20:04 PM
LogName=Security
SourceName=Microsoft Windows security auditing.
EventCode=4688
EventType=0
Type=Information
ComputerName=$SPLUNK_HOME/etc/apps/Splunk_TA_windows/samples/hostname.sample
TaskCategory=Process Creation
OpCode=Info
RecordNumber=283771155
Keywords=Audit Success
Message=A new process has been created.
Subject:
	Security ID:		Domain_A\user_k
	Account Name:		user_k
	Account Domain:		Domain_A
	Logon ID:		0xBAC3
Process Information:
	New Process ID:		0xD288
	New Process Name:	C:\Windows\System32\example_d.exe
	Token Elevation Type:	TokenElevationTypeDefault (1)
	Creator Process ID:	0x08F4
Token Elevation Type indicates the type of token that was assigned to the new process in accordance with User Account Control policy.
Type 1 is a full token with no privileges removed or groups disabled.  A full token is only used if User Account Control is disabled or if the User is the built-in Administrator account or a service account.
Type 2 is an elevated token with no privileges removed or groups disabled.  An elevated token is used when User Account Control is enabled and the User chooses to start the program using Run as administrator.  An elevated token is also used when an application is configured to always require administrative privilege or to always require maximum privilege, and the User is a member of the Administrators group.
Type 3 is a limited token with administrative privileges removed and administrative groups disabled.  The limited token is used when User Account Control is enabled, the application does not require administrative privilege, and the User does not choose to start the program using Run as administrator.

01/28/2020 01:20:04 PM
LogName=Security
SourceName=Microsoft Windows security auditing.
EventCode=4625
EventType=Information
Type=Information
ComputerName=SE-001
TaskCategory=Authentication Policy Change
OpCode=Info
RecordNumber=837279597
Keywords=Audit Success
Message=An account failed to log on.

Subject:
	Security ID:		WINDOWS\krbtgt
	Account Name:		ADMINISTRATOR
	Account Domain:		TASERVER$
	Logon ID:		0xE

Logon Type:		20

Account For Which Logon Failed:
	Security ID:		WINDOWS\krbtgt
	Account Name:		ADMINISTRATOR
	Account Domain:		TASERVER$

Failure Information:
	Failure Reason:		Unknown User name or bad password.
	Status:			0x9E47F3A9
	Sub Status:		0x9E47F3A9

Process Information:
	Caller Process ID:	0xE
	Caller Process Name:	-

Network Information:
	Workstation Name:	-
	Source Network Address:	237.156.8.78
	Source Port:		25573

Detailed Authentication Information:
	Logon Process:		9E47F3A9 
	Authentication Package:	NTLM
	Transited Services:	-
	Package Name (NTLM only):	-
	Key Length:		20

This event is generated when a logon request fails. It is generated on the computer where access was attempted.

The Subject fields indicate the account on the local system which requested the logon. This is most commonly a service such as the Server service, or a local process such as 2E8BF91.exe or 2E8BF91.exe.

The Logon Type field indicates the kind of logon that was requested. The most common types are 2 (interactive) and 3 (network).

The Process Information fields indicate which account and process on the system requested the logon.

The Network Information fields indicate where a remote logon request originated. Workstation name is not always available and may be left blank in some cases.

The authentication information fields provide detailed information about this specific logon request.
	- Transited services indicate which intermediate services have participated in this logon request.
	- Package name indicates which sub-protocol was used among the NTLM protocols.
	- Key length indicates the length of the generated session key. This will be 0 if no session key was requested.


01/28/2020 01:20:04 PM
LogName=Security
SourceName=Microsoft Windows security auditing.
EventCode=4673
EventType=0
Type=Information
ComputerName=COREDEV-004
TaskCategory=Sensitive Privilege Use
OpCode=Info
RecordNumber=867159362
Keywords=Audit Success
Message=A privileged service was called.

Subject:
	Security ID:		Domain_E\user_l
	Account Name:		user_l
	Account Domain:		Domain_E
	Logon ID:		0xAB37

Service:
	Server:	NT Local Security Authority / Authentication Service
	Service Name:	LsaRegisterLogonProcess()

Process:
	Process ID:	0x586E
	Process Name:	C:\Windows\System32\example_c.exe

Service Request Information:
	Privileges:		SeLoadDriverPrivilege

01/28/2020 01:20:04 PM
LogName=Security
SourceName=Microsoft Windows security auditing.
EventCode=4738
EventType=0
Type=Information
ComputerName=ops-sys-005
TaskCategory=User Account Management
OpCode=Info
RecordNumber=422883093
Keywords=Audit Success
Message=A User account was changed.

Subject:
 Security ID:  Domain_C\user_c
 Account Name:  user_c
 Account Domain:  Domain_C
 Logon ID:  0x5FC9

Target Account:
 Security ID:  Domain_C\user_n
 Account Name:  user_n
 Account Domain:  Domain_C

Changed Attributes:
 SAM Account Name: user_d
 Display Name:  fff
 User Principal Name: ddd@BBB.local
 Home Directory:  \a\g
 Home Drive:  <value not set>
 Script Path:  \a\b\c
 Profile Path:  \a\g
 User Workstations: DDD
 Password Last Set: 2020-01-28 13:20:04 PM
 Account Expires:  <never>
 Primary Group ID: 301
 AllowedToDelegateTo: server_2/computer_b
 Old UAC Value:  B3CFFA9
 New UAC Value:  1F24961
 User Account Control: TEMP_DUPLICATE_ACCOUNT - Disabled
 User Parameters: <value changed, but not displayed>
 SID History:  Domain_b/bbb
 Logon Hours:  All

Additional Information:
 Privileges:  -

01/28/2020 01:20:04 PM
LogName=Security
SourceName=Microsoft Windows security auditing.
EventCode=5058
EventType=Information
Type=Information
ComputerName=HOST-003
TaskCategory=Authentication Policy Change
OpCode=Info
RecordNumber=573243228
Keywords=Audit Success
Message=Key file operation.

Subject:
	Security ID:		WINDOWS\krbtgt
	Account Name:		ABCDE
	Account Domain:		Backup Operators
	Logon ID:		0x3CE
Cryptographic Parameters:
	Provider Name:	Microsoft Software Key Storage Provider
	Algorithm Name:	UNKNOWN
	Key Name:	867410BF-3899-3899-3899-038EC2E55053
	Key Type: User key.

Key File Operation Information:
	File Path:	aa\bb\cc\dd\59128B449B730DD39997A886296F1CCA_867410BF-3899-3899-3899-038EC2E55053
	Operation:	Read persisted key from file.
	Return Code:	0x8


01/28/2020 01:20:04 PM
LogName=Security
SourceName=Microsoft Windows security auditing.
EventCode=4726
EventType=0
Type=Information
ComputerName=PROD-MFS-001
TaskCategory=User Account Management
OpCode=Info
RecordNumber=657738636
Keywords=Audit Success
Message=A user account was deleted.

Subject:
	Security ID:		Domain_E\user_f
	Account Name:		user_f
	Account Domain:		Domain_E
	Logon ID:		0xA369

Target Account:
	Security ID:		Domain_E\user_d
	Account Name:		user_d
	Account Domain:		Domain_E

Additional Information:
	Privileges	-

01/28/2020 01:20:04 PM
LogName=Security
SourceName=Microsoft Windows security auditing.
EventCode=4726
EventType=0
Type=Information
ComputerName=ops-sys-006
TaskCategory=User Account Management
OpCode=Info
RecordNumber=381580786
Keywords=Audit Success
Message=A user account was deleted.

Subject:
	Security ID:		Domain_B\user_c
	Account Name:		user_c
	Account Domain:		Domain_B
	Logon ID:		0x5FC9

Target Account:
	Security ID:		Domain_B\user_b
	Account Name:		user_b
	Account Domain:		Domain_B

Additional Information:
	Privileges	-

01/28/2020 01:20:04 PM
LogName=Security
SourceName=Microsoft Windows security auditing.
EventCode=4717
EventType=0
Type=Information
ComputerName=HOST-005
TaskCategory=Authentication Policy Change
OpCode=Info
RecordNumber=171892829
Keywords=Audit Success
Message=System security access was granted to an account.

Subject:
	Security ID:		Domain_B\SYSTEM
	Account Name:		HOST-005
	Account Domain:		Domain_B
	Logon ID:		0xBAC3

Account Modified:
	Account Name:		Domain_B\user_k

Access Granted:
	Access Right:		SeInteractiveLogonRight

01/28/2020 01:20:04 PM
LogName=Security
SourceName=Microsoft Windows security auditing.
EventCode=4688
EventType=0
Type=Information
ComputerName=$SPLUNK_HOME/etc/apps/Splunk_TA_windows/samples/hostname.sample
TaskCategory=Process Creation
OpCode=Info
RecordNumber=745811958
Keywords=Audit Success
Message=A new process has been created.
Subject:
	Security ID:		Domain_B\user_n
	Account Name:		user_n
	Account Domain:		Domain_B
	Logon ID:		0x4D76
Process Information:
	New Process ID:		0x8FF8
	New Process Name:	C:\Windows\System32\example_e.exe
	Token Elevation Type:	TokenElevationTypeLimited (3)
	Creator Process ID:	0x97D9
Token Elevation Type indicates the type of token that was assigned to the new process in accordance with User Account Control policy.
Type 1 is a full token with no privileges removed or groups disabled.  A full token is only used if User Account Control is disabled or if the User is the built-in Administrator account or a service account.
Type 2 is an elevated token with no privileges removed or groups disabled.  An elevated token is used when User Account Control is enabled and the User chooses to start the program using Run as administrator.  An elevated token is also used when an application is configured to always require administrative privilege or to always require maximum privilege, and the User is a member of the Administrators group.
Type 3 is a limited token with administrative privileges removed and administrative groups disabled.  The limited token is used when User Account Control is enabled, the application does not require administrative privilege, and the User does not choose to start the program using Run as administrator.

01/28/2020 01:20:04 PM
LogName=Security
SourceName=Microsoft Windows security auditing.
EventCode=4672
EventType=0
Type=Information
ComputerName=SE-005
TaskCategory=Special Logon
OpCode=Info
RecordNumber=907394817
Keywords=Audit Success
Message=Special privileges assigned to new logon.
Subject:
	Security ID:		Domain_B\user_h
	Account Name:		user_h
	Account Domain:		Domain_B
	Logon ID:		0xA19C
Privileges:	SeSecurityPrivilege
			SeTakeOwnershipPrivilege
			SeLoadDriverPrivilege
			SeBackupPrivilege
			SeRestorePrivilege
			SeDebugPrivilege
			SeSystemEnvironmentPrivilege
			SeImpersonatePrivilege

01/28/2020 01:20:03 PM
LogName=Security
SourceName=Microsoft Windows security auditing.
EventCode=4718
EventType=0
Type=Information
ComputerName=COREDEV-004
TaskCategory=Authentication Policy Change
OpCode=Info
RecordNumber=769713980
Keywords=Audit Success
Message=System security access was removed from an account.

Subject:
	Security ID:		Domain_A\SYSTEM
	Account Name:		COREDEV-004
	Account Domain:		Domain_A
	Logon ID:		0x4D76

Account Modified:
	Account Name:		Domain_A\user_n

Access Removed:
	Access Right:		SeBatchLogonRight

01/28/2020 01:20:03 PM
LogName=Security
SourceName=Microsoft Windows security auditing.
EventCode=4688
EventType=0
Type=Information
ComputerName=$SPLUNK_HOME/etc/apps/Splunk_TA_windows/samples/hostname.sample
TaskCategory=Process Creation
OpCode=Info
RecordNumber=796797911
Keywords=Audit Success
Message=A new process has been created.
Subject:
	Security ID:		Domain_A\user_m
	Account Name:		user_m
	Account Domain:		Domain_A
	Logon ID:		0x46BA
Process Information:
	New Process ID:		0xDC97
	New Process Name:	C:\Windows\System32\example_b.exe
	Token Elevation Type:	TokenElevationTypeLimited (3)
	Creator Process ID:	0xFEF1
Token Elevation Type indicates the type of token that was assigned to the new process in accordance with User Account Control policy.
Type 1 is a full token with no privileges removed or groups disabled.  A full token is only used if User Account Control is disabled or if the User is the built-in Administrator account or a service account.
Type 2 is an elevated token with no privileges removed or groups disabled.  An elevated token is used when User Account Control is enabled and the User chooses to start the program using Run as administrator.  An elevated token is also used when an application is configured to always require administrative privilege or to always require maximum privilege, and the User is a member of the Administrators group.
Type 3 is a limited token with administrative privileges removed and administrative groups disabled.  The limited token is used when User Account Control is enabled, the application does not require administrative privilege, and the User does not choose to start the program using Run as administrator.

01/28/2020 01:20:03 PM 
LogName=Security 
SourceName=Microsoft Windows security auditing.
EventCode=4740 
EventType=0 
Type=Information
ComputerName=HOST-004 
TaskCategory=User Account Management
OpCode=Info 
RecordNumber=492234481
Keywords=Audit Success
Message=A user account was locked out. 
Subject: 
	Security ID: Domain_E\user_l 
	Account Name: user_l
	Account Domain: Domain_E
	Logon ID: 0xAB37
Account That Was Locked Out: 
	Security ID: Domain_E\user_l 
	Account Name: user_l
Additional Information: 
	Caller Computer Name: HOST-004

01/28/2020 01:20:03 PM
LogName=Security
SourceName= Microsoft Windows security auditing.
EventCode=4624
EventType=0
Type=Information
ComputerName=BUSDEV-001
TaskCategory=Logon
OpCode=Info
RecordNumber=180116265
Keywords=Audit Success
Message=An account was successfully logged on.

Subject:
 Security ID:  Domain_D\SYSTEM
 Account Name:  BUSDEV-001
 Account Domain:  Domain_D
 Logon ID:  0x70E4

Logon Information:
 Logon Type:  7
 Restricted Admin Mode: Yes
 Virtual Account:  No
 Elevated Token:  No

Impersonation Level:  Impersonation

New Logon:
 Security ID:  Domain_D\user_n
 Account Name:  user_n
 Account Domain:  Domain_D
 Logon ID:  0x4D76
 Linked Logon ID:  1704
 Network Account Name: -
 Network Account Domain: Domain_E
 Logon GUID:  {27C4A2F2-13CA-AA25-E903-D31268740239}

Process Information:
 Process ID:  0x9F38
 Process Name:  C:\Windows\System32\example_a.exe

Network Information:
 Workstation Name: BUSDEV-001
 Source Network Address: -
 Source Port:  49443

Detailed Authentication Information:
 Logon Process:  User32 
 Authentication Package: Negotiate
 Transited Services: service_B
 Package Name (NTLM only): -
 Key Length:  0

This event is generated when a logon session is created. It is generated on the computer that was accessed.

The subject fields indicate the account on the local system which requested the logon. This is most commonly a service such as the Server service, or a local process such as 53F35.exe or 53F35.exe.

The logon type field indicates the kind of logon that occurred. The most common types are 2 (interactive) and 3 (network).

The New Logon fields indicate the account for whom the new logon was created, i.e. the account that was logged on.

The network fields indicate where a remote logon request originated. Workstation name is not always available and may be left blank in some cases.

The impersonation level field indicates the extent to which a process in the logon session can impersonate.

The authentication information fields provide detailed information about this specific logon request.
 - Logon GUID is a unique identifier that can be used to correlate this event with a KDC event.
 - Transited services indicate which intermediate services have participated in this logon request.
 - Package name indicates which sub-protocol was used among the NTLM protocols.
 - Key length indicates the length of the generated session key. This will be 0 if no session key was requested.


01/28/2020 01:20:03 PM
LogName=Security
SourceName=Microsoft Windows security auditing.
EventCode=4743
EventType=0
Type=Information
ComputerName=SE-001
TaskCategory=Computer Account Management
OpCode=Info
RecordNumber=525220915
Keywords=Audit Success
Message=A computer account was deleted.

Subject:
	Security ID:		Domain_E\user_k
	Account Name:		user_k
	Account Domain:		Domain_E
	Logon ID:		0xBAC3

Target Computer:
	Security ID:		Domain_E\user_h
	Account Name:		user_h
	Account Domain:		Domain_E

Additional Information:
	Privileges:	SeImpersonatePrivilege

01/28/2020 01:20:03 PM
LogName=Security
SourceName=Microsoft Windows security auditing.
EventCode=4718
EventType=0
Type=Information
ComputerName=COREDEV-004
TaskCategory=Authentication Policy Change
OpCode=Info
RecordNumber=573393138
Keywords=Audit Success
Message=System security access was removed from an account.

Subject:
	Security ID:		Domain_D\SYSTEM
	Account Name:		COREDEV-004
	Account Domain:		Domain_D
	Logon ID:		0xA19C

Account Modified:
	Account Name:		Domain_D\user_h

Access Removed:
	Access Right:		SeNetworkLogonRight

01/28/2020 01:20:03 PM
LogName=Security
SourceName=Microsoft Windows security auditing.
EventCode=4720
EventType=0
Type=Information
ComputerName=BUSDEV-002
TaskCategory=User Account Management
OpCode=Info
RecordNumber=638220930
Keywords=Audit Success
Message=A User account was created. 
Subject: 
	Security ID: Domain_D\user_d
	Account Name: user_d
	Account Domain: Domain_D
	Logon ID: 0x3EC3
New Account: 
	Security ID: Domain_D\user_m
	Account Name: user_m
	Account Domain: Domain_D
Attributes: 
	SAM Account Name: user_f
	Display Name: ddd
	User Principal Name: ccc@AAA.local
	Home Directory: \a
	Home Drive: B:
	Script Path: \a\b
	Profile Path: \a\b
	User Workstations: DDD
	Password Last Set: <never>
	Account Expires: 2020-01-28 13:20:03 PM
	Primary Group ID: 890
	Allowed To Delegate To: server_2/computer_b
	Old UAC Value: 02DFB18
	New UAC Value: 4C6D336
	User Account Control: ENCRYPTED_TEXT_PWD_ALLOWED - Enabled
	User Parameters: <value not set>
	SID History: Domain_b/bbb
	Logon Hours: Tuesday 8:00 PM -Wednesday 10:00 AM
Additional Information:
	Privileges SeRestorePrivilege

01/28/2020 01:20:03 PM
LogName=Security
SourceName=Microsoft Windows security auditing.
EventCode=4673
EventType=0
Type=Information
ComputerName=HOST-006
TaskCategory=Sensitive Privilege Use
OpCode=Info
RecordNumber=802212017
Keywords=Audit Success
Message=A privileged service was called.

Subject:
	Security ID:		Domain_C\user_e
	Account Name:		user_e
	Account Domain:		Domain_C
	Logon ID:		0x0452

Service:
	Server:	NT Local Security Authority / Authentication Service
	Service Name:	LsaRegisterLogonProcess()

Process:
	Process ID:	0xCE3E
	Process Name:	C:\Windows\System32\example_a.exe

Service Request Information:
	Privileges:		SeImpersonatePrivilege

01/28/2020 01:20:03 PM
LogName=Security
SourceName=Microsoft Windows security auditing.
EventCode=4720
EventType=0
Type=Information
ComputerName=PROD-MFS-001
TaskCategory=User Account Management
OpCode=Info
RecordNumber=123755306
Keywords=Audit Success
Message=A User account was created. 
Subject: 
	Security ID: Domain_B\user_i
	Account Name: user_i
	Account Domain: Domain_B
	Logon ID: 0x5F25
New Account: 
	Security ID: Domain_B\user_k
	Account Name: user_k
	Account Domain: Domain_B
Attributes: 
	SAM Account Name: user_i
	Display Name: ccc
	User Principal Name: eee@AAA.local
	Home Directory: \a\b\c
	Home Drive: E:
	Script Path: \a\b
	Profile Path: \f
	User Workstations: BBB
	Password Last Set: 2020-01-28 13:20:03 PM
	Account Expires: <never>
	Primary Group ID: 814
	Allowed To Delegate To: server_2/computer_b
	Old UAC Value: B0ECFDB
	New UAC Value: 4BE80FE
	User Account Control: TRUSTED_TO_AUTH_FOR_DELEGATION - Enabled
	User Parameters: <value changed, but not displayed>
	SID History: Domain_b/bbb
	Logon Hours: Monday 2:00 PM -Tuesday 6:00 PM
Additional Information:
	Privileges SeTcbPrivilege

01/28/2020 01:20:03 PM
LogName=Security
SourceName=Microsoft Windows security auditing.
EventCode=4743
EventType=0
Type=Information
ComputerName=ops-sys-005
TaskCategory=Computer Account Management
OpCode=Info
RecordNumber=438959875
Keywords=Audit Success
Message=A computer account was deleted.

Subject:
	Security ID:		Domain_C\user_i
	Account Name:		user_i
	Account Domain:		Domain_C
	Logon ID:		0x5F25

Target Computer:
	Security ID:		Domain_C\user_a
	Account Name:		user_a
	Account Domain:		Domain_C

Additional Information:
	Privileges:	-

01/28/2020 01:20:03 PM 
LogName=Security 
SourceName=Microsoft Windows security auditing.
EventCode=4740 
EventType=0 
Type=Information
ComputerName=ops-sys-004 
TaskCategory=User Account Management
OpCode=Info 
RecordNumber=906462820
Keywords=Audit Success
Message=A user account was locked out. 
Subject: 
	Security ID: Domain_B\user_j 
	Account Name: user_j
	Account Domain: Domain_B
	Logon ID: 0xB111
Account That Was Locked Out: 
	Security ID: Domain_B\user_m 
	Account Name: user_m
Additional Information: 
	Caller Computer Name: ops-sys-004

01/28/2020 01:20:02 PM 
LogName=Security 
SourceName=Microsoft Windows security auditing.
EventCode=4740 
EventType=0 
Type=Information
ComputerName=PROD-POS-001 
TaskCategory=User Account Management
OpCode=Info 
RecordNumber=512515124
Keywords=Audit Success
Message=A user account was locked out. 
Subject: 
	Security ID: Domain_A\user_f 
	Account Name: user_f
	Account Domain: Domain_A
	Logon ID: 0xA369
Account That Was Locked Out: 
	Security ID: Domain_A\user_h 
	Account Name: user_h
Additional Information: 
	Caller Computer Name: PROD-POS-001

01/28/2020 01:20:02 PM
LogName=Security
SourceName=Microsoft Windows security auditing.
EventCode=4720
EventType=0
Type=Information
ComputerName=COREDEV-004
TaskCategory=User Account Management
OpCode=Info
RecordNumber=666645340
Keywords=Audit Success
Message=A User account was created. 
Subject: 
	Security ID: Domain_C\user_a
	Account Name: user_a
	Account Domain: Domain_C
	Logon ID: 0x6C10
New Account: 
	Security ID: Domain_C\user_l
	Account Name: user_l
	Account Domain: Domain_C
Attributes: 
	SAM Account Name: user_a
	Display Name: ccc
	User Principal Name: ccc@AAA.local
	Home Directory: \a
	Home Drive: B:
	Script Path: <value not set>
	Profile Path: \a\e
	User Workstations: BBB
	Password Last Set: 2020-01-28 13:20:02 PM
	Account Expires: <never>
	Primary Group ID: 837
	Allowed To Delegate To: server_1/coumputer_a
	Old UAC Value: CA35E1C
	New UAC Value: B37C137
	User Account Control: NORMAL_ACCOUNT - Disabled
	User Parameters: <value changed, but not displayed>
	SID History: Domain_b/bbb
	Logon Hours: Monday 2:00 PM -Tuesday 6:00 PM
Additional Information:
	Privileges -

01/28/2020 01:20:02 PM
LogName=Security
SourceName=Microsoft-Windows-Eventlog
EventCode=1102
EventType=4
Type=Information
ComputerName=BUSDEV-004
TaskCategory=Log clear
OpCode=Info
RecordNumber=194829465
Keywords=Audit Success
Message=The audit log was cleared.
Subject:
	Security ID:		Domain_B\user_l
	Account Name:		user_l
	Account Domain:		Domain_B
	Logon ID:		0xAB37

01/28/2020 01:20:02 PM
LogName=Security
SourceName=Microsoft Windows security auditing.
EventCode=4743
EventType=0
Type=Information
ComputerName=SE-004
TaskCategory=Computer Account Management
OpCode=Info
RecordNumber=17453303
Keywords=Audit Success
Message=A computer account was deleted.

Subject:
	Security ID:		Domain_A\user_e
	Account Name:		user_e
	Account Domain:		Domain_A
	Logon ID:		0x0452

Target Computer:
	Security ID:		Domain_A\user_j
	Account Name:		user_j
	Account Domain:		Domain_A

Additional Information:
	Privileges:	SeAssignPrimaryTokenPrivilege

01/28/2020 01:20:02 PM
LogName=Security
SourceName=Microsoft Windows security auditing.
EventCode=4724
EventType=0
Type=Information
ComputerName=SE-006
TaskCategory=User Account Management
OpCode=Info
RecordNumber=511562341
Keywords=Audit Success
Message=An attempt was made to reset an account's password.
Subject:
	Security ID:  Domain_C\user_j
	Account Name:  user_j
	Account Domain:  Domain_C
	Logon ID:  0xB111
Target Account:
	Security ID:  Domain_C\user_i
	Account Name:  user_i
	Account Domain:  Domain_C

01/28/2020 01:20:02 PM
LogName=Security
SourceName=Microsoft Windows security auditing.
EventCode=4718
EventType=0
Type=Information
ComputerName=SE-002
TaskCategory=Authentication Policy Change
OpCode=Info
RecordNumber=194340547
Keywords=Audit Success
Message=System security access was removed from an account.

Subject:
	Security ID:		Domain_B\SYSTEM
	Account Name:		SE-002
	Account Domain:		Domain_B
	Logon ID:		0x0452

Account Modified:
	Account Name:		Domain_B\user_e

Access Removed:
	Access Right:		SeRemoteInteractiveLogonRight

01/28/2020 01:20:02 PM
LogName=Security
SourceName=Microsoft-Windows-Eventlog
EventCode=1102
EventType=4
Type=Information
ComputerName=PROD-MFS-004
TaskCategory=Log clear
OpCode=Info
RecordNumber=377949170
Keywords=Audit Success
Message=The audit log was cleared.
Subject:
	Security ID:		Domain_A\user_l
	Account Name:		user_l
	Account Domain:		Domain_A
	Logon ID:		0xAB37

01/28/2020 01:20:02 PM
LogName=Security
SourceName=Microsoft Windows security auditing.
EventCode=4738
EventType=0
Type=Information
ComputerName=BUSDEV-005
TaskCategory=User Account Management
OpCode=Info
RecordNumber=925154904
Keywords=Audit Success
Message=A User account was changed.

Subject:
 Security ID:  Domain_B\user_k
 Account Name:  user_k
 Account Domain:  Domain_B
 Logon ID:  0xBAC3

Target Account:
 Security ID:  Domain_B\user_n
 Account Name:  user_n
 Account Domain:  Domain_B

Changed Attributes:
 SAM Account Name: user_m
 Display Name:  eee
 User Principal Name: ccc@AAA.local
 Home Directory:  \f
 Home Drive:  B:
 Script Path:  \f
 Profile Path:  <value not set>
 User Workstations: EEE
 Password Last Set: <never>
 Account Expires:  <never>
 Primary Group ID: 918
 AllowedToDelegateTo: server_2/computer_b
 Old UAC Value:  4E935F4
 New UAC Value:  D0055B9
 User Account Control: INTERDOMAIN_TRUST_ACCOUNT - Enabled
 User Parameters: <value changed, but not displayed>
 SID History:  Domain_b/bbb
 Logon Hours:  Tuesday 8:00 PM -Wednesday 10:00 AM

Additional Information:
 Privileges:  -

