01/28/2020 01:20:56 PM
LogName=Security
SourceName=Microsoft Windows security auditing.
EventCode=4688
EventType=0
Type=Information
ComputerName=$SPLUNK_HOME/etc/apps/Splunk_TA_windows/samples/hostname.sample
TaskCategory=Process Creation
OpCode=Info
RecordNumber=503447417
Keywords=Audit Success
Message=A new process has been created.
Subject:
	Security ID:		Domain_A\user_a
	Account Name:		user_a
	Account Domain:		Domain_A
	Logon ID:		0x6C10
Process Information:
	New Process ID:		0x710E
	New Process Name:	C:\Windows\System32\example_f.exe
	Token Elevation Type:	TokenElevationTypeFull (2)
	Creator Process ID:	0xA40B
Token Elevation Type indicates the type of token that was assigned to the new process in accordance with User Account Control policy.
Type 1 is a full token with no privileges removed or groups disabled.  A full token is only used if User Account Control is disabled or if the User is the built-in Administrator account or a service account.
Type 2 is an elevated token with no privileges removed or groups disabled.  An elevated token is used when User Account Control is enabled and the User chooses to start the program using Run as administrator.  An elevated token is also used when an application is configured to always require administrative privilege or to always require maximum privilege, and the User is a member of the Administrators group.
Type 3 is a limited token with administrative privileges removed and administrative groups disabled.  The limited token is used when User Account Control is enabled, the application does not require administrative privilege, and the User does not choose to start the program using Run as administrator.

01/28/2020 01:20:56 PM
LogName=Security
SourceName=Microsoft Windows security auditing.
EventCode=4648
EventType=0
Type=Information
ComputerName=PROD-POS-004
TaskCategory=Logon
OpCode=Info
RecordNumber=641145323
Keywords=Audit Success
Message=A logon was attempted using explicit credentials.
Subject:
	Security ID:  Domain_C\SYSTEM
	Account Name:  PROD-POS-004
	Account Domain:  Domain_C
	Logon ID:  0x70E4
	Logon GUID:		{221B21A6-1AE2-3F9A-24EF-22C392AC2A47}
Account Whose Credentials Were Used:
	Account Name:		MonikaByrdieu
	Account Domain:		Domain_C
	Logon GUID:		{0887F1E4-39EA-D53C-804F-31D568A06274}
Target Server:
	Target Server Name:	Server_D.com
	Additional Information:	Server_D.com
Process Information:
	Process ID:		EA1A
	Process Name:		C:\Windows\System32\example_g.exe
Network Information:
	Network Address:	120.82.49.233
	Port:			-
This event is generated when a process attempts to log on an account by explicitly specifying that account's credentials. This most commonly occurs in batch-type configurations such as scheduled tasks, or when using the RUNAS command.

01/28/2020 01:20:55 PM
LogName=Security
SourceName=Microsoft Windows security auditing.
EventCode=4738
EventType=0
Type=Information
ComputerName=SE-003
TaskCategory=User Account Management
OpCode=Info
RecordNumber=89617863
Keywords=Audit Success
Message=A User account was changed.

Subject:
 Security ID:  Domain_C\user_c
 Account Name:  user_c
 Account Domain:  Domain_C
 Logon ID:  0x5FC9

Target Account:
 Security ID:  Domain_C\user_h
 Account Name:  user_h
 Account Domain:  Domain_C

Changed Attributes:
 SAM Account Name: user_a
 Display Name:  ddd
 User Principal Name: eee@AAA.local
 Home Directory:  \a\g
 Home Drive:  C:
 Script Path:  \a\e
 Profile Path:  \f
 User Workstations: BBB
 Password Last Set: 2020-01-28 13:20:55 PM
 Account Expires:  <never>
 Primary Group ID: 162
 AllowedToDelegateTo: -
 Old UAC Value:  1A8797F
 New UAC Value:  9C81361
 User Account Control: WORKSTATION_TRUST_ACCOUNT - Disabled
 User Parameters: <value changed, but not displayed>
 SID History:  -
 Logon Hours:  Monday 2:00 PM -Tuesday 6:00 PM

Additional Information:
 Privileges:  SeTcbPrivilege

01/28/2020 01:20:55 PM
LogName=Security
SourceName=Microsoft Windows security auditing.
EventCode=4739
EventType=0
Type=Information
ComputerName=BUSDEV-007
TaskCategory=Authentication Policy Change
OpCode=Info
RecordNumber=824379374
Keywords=Audit Success
Message=Domain Policy was changed.

Change Type:		Password Policy modified

Subject:
	Security ID:  Domain_C\user_m
	Account Name:  user_m
	Account Domain:  Domain_C
	Logon ID:  0x46BA

Domain:
	Domain Name:		Domain_C
	Domain ID:		Domain_C\

Changed Attributes:
	Min. Password Age:	-
	Max. Password Age:	-
	Force Logoff:		-
	Lockout Threshold:	-
	Lockout Observation Window:	-
	Lockout Duration:	-
	Password Properties:	-
	Min. Password Length:	6
	Password History Length:	23
	Machine Account Quota:	-
	Mixed Domain Mode:	-
	Domain Behavior Version:	-
	OEM Information:	-

Additional Information:
	Privileges:		-

01/28/2020 01:20:55 PM
LogName=Security
SourceName=Microsoft Windows security auditing.
EventCode=5061
EventType=Information
Type=Information
ComputerName=ops-sys-006
TaskCategory=Authentication Policy Change
OpCode=Info
RecordNumber=841911861
Keywords=Audit Success
Message=Cryptographic operation.

Subject:
	Security ID:		abc\def
	Account Name:		ABCDE
	Account Domain:		WIN81$
	Logon ID:		0xFA0
Cryptographic Parameters:
	Provider Name: E43228396E9B	
	Algorithm Name:	
	Key Name:	332fe7e7-d709-e3d8-af9e-7236c48f4c55
	Key Type: User key.

Cryptographic Operation:
	Operation:	Open Key.
	Return Code:	0x4


01/28/2020 01:20:54 PM
LogName=Security
SourceName=Microsoft Windows security auditing.
EventCode=4688
EventType=0
Type=Information
ComputerName=$SPLUNK_HOME/etc/apps/Splunk_TA_windows/samples/hostname.sample
TaskCategory=Process Creation
OpCode=Info
RecordNumber=2185116
Keywords=Audit Success
Message=A new process has been created.
Subject:
	Security ID:		Domain_B\user_k
	Account Name:		user_k
	Account Domain:		Domain_B
	Logon ID:		0xBAC3
Process Information:
	New Process ID:		0x1C2F
	New Process Name:	C:\Windows\System32\example_d.exe
	Token Elevation Type:	TokenElevationTypeLimited (3)
	Creator Process ID:	0xE128
Token Elevation Type indicates the type of token that was assigned to the new process in accordance with User Account Control policy.
Type 1 is a full token with no privileges removed or groups disabled.  A full token is only used if User Account Control is disabled or if the User is the built-in Administrator account or a service account.
Type 2 is an elevated token with no privileges removed or groups disabled.  An elevated token is used when User Account Control is enabled and the User chooses to start the program using Run as administrator.  An elevated token is also used when an application is configured to always require administrative privilege or to always require maximum privilege, and the User is a member of the Administrators group.
Type 3 is a limited token with administrative privileges removed and administrative groups disabled.  The limited token is used when User Account Control is enabled, the application does not require administrative privilege, and the User does not choose to start the program using Run as administrator.

01/28/2020 01:20:54 PM
LogName=Security
SourceName=Microsoft Windows security auditing.
EventCode=4688
EventType=0
Type=Information
ComputerName=$SPLUNK_HOME/etc/apps/Splunk_TA_windows/samples/hostname.sample
TaskCategory=Process Creation
OpCode=Info
RecordNumber=747240970
Keywords=Audit Success
Message=A new process has been created.
Subject:
	Security ID:		Domain_A\user_i
	Account Name:		user_i
	Account Domain:		Domain_A
	Logon ID:		0x5F25
Process Information:
	New Process ID:		0xD62C
	New Process Name:	C:\Windows\System32\example_a.exe
	Token Elevation Type:	TokenElevationTypeFull (2)
	Creator Process ID:	0x74B6
Token Elevation Type indicates the type of token that was assigned to the new process in accordance with User Account Control policy.
Type 1 is a full token with no privileges removed or groups disabled.  A full token is only used if User Account Control is disabled or if the User is the built-in Administrator account or a service account.
Type 2 is an elevated token with no privileges removed or groups disabled.  An elevated token is used when User Account Control is enabled and the User chooses to start the program using Run as administrator.  An elevated token is also used when an application is configured to always require administrative privilege or to always require maximum privilege, and the User is a member of the Administrators group.
Type 3 is a limited token with administrative privileges removed and administrative groups disabled.  The limited token is used when User Account Control is enabled, the application does not require administrative privilege, and the User does not choose to start the program using Run as administrator.

01/28/2020 01:20:54 PM
LogName=Security
SourceName=Microsoft Windows security auditing.
EventCode=4688
EventType=0
Type=Information
ComputerName=$SPLUNK_HOME/etc/apps/Splunk_TA_windows/samples/hostname.sample
TaskCategory=Process Creation
OpCode=Info
RecordNumber=926790148
Keywords=Audit Success
Message=A new process has been created.
Subject:
	Security ID:		Domain_C\user_b
	Account Name:		user_b
	Account Domain:		Domain_C
	Logon ID:		0x3A81
Process Information:
	New Process ID:		0xAA21
	New Process Name:	C:\Windows\System32\example_d.exe
	Token Elevation Type:	TokenElevationTypeLimited (3)
	Creator Process ID:	0x77EB
Token Elevation Type indicates the type of token that was assigned to the new process in accordance with User Account Control policy.
Type 1 is a full token with no privileges removed or groups disabled.  A full token is only used if User Account Control is disabled or if the User is the built-in Administrator account or a service account.
Type 2 is an elevated token with no privileges removed or groups disabled.  An elevated token is used when User Account Control is enabled and the User chooses to start the program using Run as administrator.  An elevated token is also used when an application is configured to always require administrative privilege or to always require maximum privilege, and the User is a member of the Administrators group.
Type 3 is a limited token with administrative privileges removed and administrative groups disabled.  The limited token is used when User Account Control is enabled, the application does not require administrative privilege, and the User does not choose to start the program using Run as administrator.

01/28/2020 01:20:54 PM
LogName=Security
SourceName=Microsoft Windows security auditing.
EventCode=4724
EventType=0
Type=Information
ComputerName=PROD-MFS-005
TaskCategory=User Account Management
OpCode=Info
RecordNumber=372038978
Keywords=Audit Success
Message=An attempt was made to reset an account's password.
Subject:
	Security ID:  Domain_A\user_k
	Account Name:  user_k
	Account Domain:  Domain_A
	Logon ID:  0xBAC3
Target Account:
	Security ID:  Domain_A\user_i
	Account Name:  user_i
	Account Domain:  Domain_A

01/28/2020 01:20:54 PM
LogName=Security
SourceName=Microsoft Windows security auditing.
EventCode=4726
EventType=0
Type=Information
ComputerName=PROD-MFS-005
TaskCategory=User Account Management
OpCode=Info
RecordNumber=438927690
Keywords=Audit Success
Message=A user account was deleted.

Subject:
	Security ID:		Domain_B\user_b
	Account Name:		user_b
	Account Domain:		Domain_B
	Logon ID:		0x3A81

Target Account:
	Security ID:		Domain_B\user_n
	Account Name:		user_n
	Account Domain:		Domain_B

Additional Information:
	Privileges	-

01/28/2020 01:20:54 PM
LogName=Security
SourceName=Microsoft Windows security auditing.
EventCode=4776
EventType=Information
Type=Information
ComputerName=ops-sys-006
TaskCategory=Authentication Policy Change
OpCode=Info
RecordNumber=729478792
Keywords=Audit Success
Message=The computer attempted to validate the credentials for an account.

Authentication Package:	NTLM
Logon Account:	BBAD
Source Workstation:	EF1DF396
Error Code:	0x5


01/28/2020 01:20:53 PM
LogName=Security
SourceName=Microsoft-Windows-Eventlog
EventCode=1102
EventType=4
Type=Information
ComputerName=SE-005
TaskCategory=Log clear
OpCode=Info
RecordNumber=404562436
Keywords=Audit Success
Message=The audit log was cleared.
Subject:
	Security ID:		Domain_B\user_k
	Account Name:		user_k
	Account Domain:		Domain_B
	Logon ID:		0xBAC3

01/28/2020 01:20:53 PM
LogName=Security
SourceName=Microsoft Windows security auditing.
EventCode=4717
EventType=0
Type=Information
ComputerName=BUSDEV-007
TaskCategory=Authentication Policy Change
OpCode=Info
RecordNumber=905699662
Keywords=Audit Success
Message=System security access was granted to an account.

Subject:
	Security ID:		Domain_A\SYSTEM
	Account Name:		BUSDEV-007
	Account Domain:		Domain_A
	Logon ID:		0x3A81

Account Modified:
	Account Name:		Domain_A\user_b

Access Granted:
	Access Right:		SeInteractiveLogonRight

01/28/2020 01:20:53 PM
LogName=Security
SourceName=Microsoft Windows security auditing.
EventCode=4648
EventType=Information
Type=Information
ComputerName=PROD-MFS-002
TaskCategory=Authentication Policy Change
OpCode=Info
RecordNumber=214224704
Keywords=Audit Success
Message=A logon was attempted using explicit credentials.

Subject:
	Security ID:		WINDOWS\ADSERVER
	Account Name:		ABCDE
	Account Domain:		krbtgt
	Logon ID:		0x9D4	Logon GUID:		EB5F

Account Whose Credentials Were Used:
	Account Name:		ABCDE
	Account Domain:		krbtgt
	Logon GUID:		EB5F

Target Server:
	Target Server Name:	krbtgt
	Additional Information:	krbtgt

Process Information:
	Process ID:		0x9D4	Process Name:		aa\bb\cc\dd\020A1E9.exe

Network Information:
	Network Address:	175.230.39.158
	Port:			770

This event is generated when a process attempts to log on an account by explicitly specifying that accounts credentials.  This most commonly occurs in batch-type configurations such as scheduled tasks, or when using the RUNAS command.


01/28/2020 01:20:53 PM
LogName=Security
SourceName=Microsoft Windows security auditing.
EventCode=4739
EventType=0
Type=Information
ComputerName=COREDEV-004
TaskCategory=Authentication Policy Change
OpCode=Info
RecordNumber=27593686
Keywords=Audit Success
Message=Domain Policy was changed.

Change Type:		Password Policy modified

Subject:
	Security ID:  Domain_C\user_l
	Account Name:  user_l
	Account Domain:  Domain_C
	Logon ID:  0xAB37

Domain:
	Domain Name:		Domain_C
	Domain ID:		Domain_C\

Changed Attributes:
	Min. Password Age:	-
	Max. Password Age:	-
	Force Logoff:		-
	Lockout Threshold:	-
	Lockout Observation Window:	-
	Lockout Duration:	-
	Password Properties:	-
	Min. Password Length:	6
	Password History Length:	23
	Machine Account Quota:	-
	Mixed Domain Mode:	-
	Domain Behavior Version:	-
	OEM Information:	-

Additional Information:
	Privileges:		-

01/28/2020 01:20:52 PM
LogName=Security
SourceName=Microsoft Windows security auditing.
EventCode=4688
EventType=0
Type=Information
ComputerName=$SPLUNK_HOME/etc/apps/Splunk_TA_windows/samples/hostname.sample
TaskCategory=Process Creation
OpCode=Info
RecordNumber=220589232
Keywords=Audit Success
Message=A new process has been created.
Subject:
	Security ID:		Domain_E\user_i
	Account Name:		user_i
	Account Domain:		Domain_E
	Logon ID:		0x5F25
Process Information:
	New Process ID:		0xF32B
	New Process Name:	C:\Windows\System32\example_f.exe
	Token Elevation Type:	TokenElevationTypeFull (2)
	Creator Process ID:	0x31C8
Token Elevation Type indicates the type of token that was assigned to the new process in accordance with User Account Control policy.
Type 1 is a full token with no privileges removed or groups disabled.  A full token is only used if User Account Control is disabled or if the User is the built-in Administrator account or a service account.
Type 2 is an elevated token with no privileges removed or groups disabled.  An elevated token is used when User Account Control is enabled and the User chooses to start the program using Run as administrator.  An elevated token is also used when an application is configured to always require administrative privilege or to always require maximum privilege, and the User is a member of the Administrators group.
Type 3 is a limited token with administrative privileges removed and administrative groups disabled.  The limited token is used when User Account Control is enabled, the application does not require administrative privilege, and the User does not choose to start the program using Run as administrator.

01/28/2020 01:20:52 PM
LogName=Security
SourceName=Microsoft Windows security auditing.
EventCode=4648
EventType=0
Type=Information
ComputerName=ops-sys-005
TaskCategory=Logon
OpCode=Info
RecordNumber=608300569
Keywords=Audit Success
Message=A logon was attempted using explicit credentials.
Subject:
	Security ID:  Domain_E\SYSTEM
	Account Name:  ops-sys-005
	Account Domain:  Domain_E
	Logon ID:  0x70E4
	Logon GUID:		{0887F1E4-39EA-D53C-804F-31D568A06274}
Account Whose Credentials Were Used:
	Account Name:		Latias619bot
	Account Domain:		Domain_E
	Logon GUID:		{221B21A6-1AE2-3F9A-24EF-22C392AC2A47}
Target Server:
	Target Server Name:	dcab.acmbh.com
	Additional Information:	dcab.acmbh.com
Process Information:
	Process ID:		9113
	Process Name:		C:\Windows\System32\example_a.exe
Network Information:
	Network Address:	-
	Port:			-
This event is generated when a process attempts to log on an account by explicitly specifying that account's credentials. This most commonly occurs in batch-type configurations such as scheduled tasks, or when using the RUNAS command.

01/28/2020 01:20:52 PM
LogName=Security
SourceName=Microsoft Windows security auditing.
EventCode=4672
EventType=0
Type=Information
ComputerName=PROD-MFS-005
TaskCategory=Special Logon
OpCode=Info
RecordNumber=60489219
Keywords=Audit Success
Message=Special privileges assigned to new logon.
Subject:
	Security ID:		Domain_A\user_n
	Account Name:		user_n
	Account Domain:		Domain_A
	Logon ID:		0x4D76
Privileges:	SeSecurityPrivilege
			SeTakeOwnershipPrivilege
			SeLoadDriverPrivilege
			SeBackupPrivilege
			SeRestorePrivilege
			SeDebugPrivilege
			SeSystemEnvironmentPrivilege
			SeImpersonatePrivilege

01/28/2020 01:20:52 PM
LogName=Security
SourceName=Microsoft Windows security auditing.
EventCode=4672
EventType=Information
Type=Information
ComputerName=PROD-MFS-005
TaskCategory=Authentication Policy Change
OpCode=Info
RecordNumber=219038266
Keywords=Audit Success
Message=Special privileges assigned to new logon.

Subject:
	Security ID:		NT AUTHORITY\SYSTEM
	Account Name:		ADMINISTRATOR
	Account Domain:		WIN81$
	Logon ID:		0x597
Privileges:		SeAssignPrimaryTokenPrivilege
			SeTcbPrivilege
			SeSecurityPrivilege
			SeTakeOwnershipPrivilege
			SeLoadDriverPrivilege
			SeBackupPrivilege
			SeRestorePrivilege
			SeDebugPrivilege
			SeAuditPrivilege
			SeSystemEnvironmentPrivilege
			SeImpersonatePrivilege
			SeDelegateSessionUserImpersonatePrivilege


01/28/2020 01:20:52 PM
LogName=Security
SourceName=Microsoft Windows security auditing.
EventCode=4776
EventType=0
Type=Information
ComputerName=COREDEV-005
TaskCategory=Credential Validation
OpCode=Info
RecordNumber=220923607
Keywords=Failure Audit
Message=The computer attempted to validate the credentials for an account.
Authentication Package: MICROSOFT_AUTHENTICATION_PACKAGE_V1_0
Logon Account: user_b
Source Workstation: COREDEV-005
Error Code: 0xC000006A

01/28/2020 01:20:51 PM
LogName=Security
SourceName=Microsoft Windows security auditing.
EventCode=4718
EventType=0
Type=Information
ComputerName=SE-002
TaskCategory=Authentication Policy Change
OpCode=Info
RecordNumber=865177089
Keywords=Audit Success
Message=System security access was removed from an account.

Subject:
	Security ID:		Domain_E\SYSTEM
	Account Name:		SE-002
	Account Domain:		Domain_E
	Logon ID:		0xA19C

Account Modified:
	Account Name:		Domain_E\user_h

Access Removed:
	Access Right:		SeServiceLogonRight

01/28/2020 01:20:50 PM
LogName=Security
SourceName=Microsoft Windows security auditing.
EventCode=4720
EventType=0
Type=Information
ComputerName=PROD-POS-002
TaskCategory=User Account Management
OpCode=Info
RecordNumber=182168596
Keywords=Audit Success
Message=A User account was created. 
Subject: 
	Security ID: Domain_D\user_h
	Account Name: user_h
	Account Domain: Domain_D
	Logon ID: 0xA19C
New Account: 
	Security ID: Domain_D\user_a
	Account Name: user_a
	Account Domain: Domain_D
Attributes: 
	SAM Account Name: user_l
	Display Name: aaa
	User Principal Name: bbb@BBB.local
	Home Directory: <value not set>
	Home Drive: C:
	Script Path: <value not set>
	Profile Path: \a\b\c
	User Workstations: BBB
	Password Last Set: <never>
	Account Expires: 2020-01-28 13:20:50 PM
	Primary Group ID: 488
	Allowed To Delegate To: server_2/computer_b
	Old UAC Value: C97731A
	New UAC Value: 6174A25
	User Account Control: PARTIAL_SECRETS_ACCOUNT - Enabled
	User Parameters: <value not set>
	SID History: Domain_b/bbb
	Logon Hours: Monday 2:00 PM -Tuesday 6:00 PM
Additional Information:
	Privileges -

01/28/2020 01:20:50 PM
LogName=Security
SourceName=Microsoft-Windows-Eventlog
EventCode=1102
EventType=4
Type=Information
ComputerName=BUSDEV-002
TaskCategory=Log clear
OpCode=Info
RecordNumber=49647701
Keywords=Audit Success
Message=The audit log was cleared.
Subject:
	Security ID:		Domain_A\user_h
	Account Name:		user_h
	Account Domain:		Domain_A
	Logon ID:		0xA19C

01/28/2020 01:20:50 PM
LogName=Security
SourceName=Microsoft Windows security auditing.
EventCode=4717
EventType=0
Type=Information
ComputerName=COREDEV-005
TaskCategory=Authentication Policy Change
OpCode=Info
RecordNumber=964109010
Keywords=Audit Success
Message=System security access was granted to an account.

Subject:
	Security ID:		Domain_A\SYSTEM
	Account Name:		COREDEV-005
	Account Domain:		Domain_A
	Logon ID:		0xA19C

Account Modified:
	Account Name:		Domain_A\user_h

Access Granted:
	Access Right:		SeServiceLogonRight

01/28/2020 01:20:50 PM
LogName=Security
SourceName= Microsoft Windows security auditing.
EventCode=4624
EventType=0
Type=Information
ComputerName=ops-sys-002
TaskCategory=Logon
OpCode=Info
RecordNumber=162902394
Keywords=Audit Success
Message=An account was successfully logged on.

Subject:
 Security ID:  Domain_B\SYSTEM
 Account Name:  ops-sys-002
 Account Domain:  Domain_B
 Logon ID:  0x70E4

Logon Information:
 Logon Type:  3
 Restricted Admin Mode: Yes
 Virtual Account:  No
 Elevated Token:  No

Impersonation Level:  Identification

New Logon:
 Security ID:  Domain_B\user_a
 Account Name:  user_a
 Account Domain:  Domain_B
 Logon ID:  0x6C10
 Linked Logon ID:  C40B
 Network Account Name: user_c
 Network Account Domain: Domain_E
 Logon GUID:  {27C4A2F2-13CA-AA25-E903-D31268740239}

Process Information:
 Process ID:  0x1456
 Process Name:  C:\Windows\System32\example_a.exe

Network Information:
 Workstation Name: ops-sys-002
 Source Network Address: -
 Source Port:  46255

Detailed Authentication Information:
 Logon Process:  Winlogon 
 Authentication Package: Negotiate
 Transited Services: service_A
 Package Name (NTLM only): -
 Key Length:  0

This event is generated when a logon session is created. It is generated on the computer that was accessed.

The subject fields indicate the account on the local system which requested the logon. This is most commonly a service such as the Server service, or a local process such as 12F0E.exe or 12F0E.exe.

The logon type field indicates the kind of logon that occurred. The most common types are 2 (interactive) and 3 (network).

The New Logon fields indicate the account for whom the new logon was created, i.e. the account that was logged on.

The network fields indicate where a remote logon request originated. Workstation name is not always available and may be left blank in some cases.

The impersonation level field indicates the extent to which a process in the logon session can impersonate.

The authentication information fields provide detailed information about this specific logon request.
 - Logon GUID is a unique identifier that can be used to correlate this event with a KDC event.
 - Transited services indicate which intermediate services have participated in this logon request.
 - Package name indicates which sub-protocol was used among the NTLM protocols.
 - Key length indicates the length of the generated session key. This will be 0 if no session key was requested.


01/28/2020 01:20:50 PM
LogName=Security
SourceName=Microsoft Windows security auditing.
EventCode=4726
EventType=0
Type=Information
ComputerName=HOST-004
TaskCategory=User Account Management
OpCode=Info
RecordNumber=714968230
Keywords=Audit Success
Message=A user account was deleted.

Subject:
	Security ID:		Domain_A\user_f
	Account Name:		user_f
	Account Domain:		Domain_A
	Logon ID:		0xA369

Target Account:
	Security ID:		Domain_A\user_j
	Account Name:		user_j
	Account Domain:		Domain_A

Additional Information:
	Privileges	SeTakeOwnershipPrivilege

01/28/2020 01:20:50 PM
LogName=Security
SourceName=Microsoft-Windows-Eventlog
EventCode=1102
EventType=4
Type=Information
ComputerName=SE-004
TaskCategory=Log clear
OpCode=Info
RecordNumber=649883409
Keywords=Audit Success
Message=The audit log was cleared.
Subject:
	Security ID:		Domain_D\user_a
	Account Name:		user_a
	Account Domain:		Domain_D
	Logon ID:		0x6C10

01/28/2020 01:20:50 PM
LogName=Security
SourceName=Microsoft Windows security auditing.
EventCode=4648
EventType=0
Type=Information
ComputerName=PROD-POS-002
TaskCategory=Logon
OpCode=Info
RecordNumber=932211476
Keywords=Audit Success
Message=A logon was attempted using explicit credentials.
Subject:
	Security ID:  Domain_B\SYSTEM
	Account Name:  PROD-POS-002
	Account Domain:  Domain_B
	Logon ID:  0x70E4
	Logon GUID:		{0887F1E4-39EA-D53C-804F-31D568A06274}
Account Whose Credentials Were Used:
	Account Name:		iAmRoc
	Account Domain:		Domain_B
	Logon GUID:		{0887F1E4-39EA-D53C-804F-31D568A06274}
Target Server:
	Target Server Name:	Server_D.com
	Additional Information:	Server_D.com
Process Information:
	Process ID:		135D
	Process Name:		C:\Windows\System32\example_d.exe
Network Information:
	Network Address:	-
	Port:			-
This event is generated when a process attempts to log on an account by explicitly specifying that account's credentials. This most commonly occurs in batch-type configurations such as scheduled tasks, or when using the RUNAS command.

01/28/2020 01:20:50 PM
LogName=Security
SourceName=Microsoft Windows security auditing.
EventCode=4743
EventType=0
Type=Information
ComputerName=PROD-MFS-004
TaskCategory=Computer Account Management
OpCode=Info
RecordNumber=535463731
Keywords=Audit Success
Message=A computer account was deleted.

Subject:
	Security ID:		Domain_A\user_e
	Account Name:		user_e
	Account Domain:		Domain_A
	Logon ID:		0x0452

Target Computer:
	Security ID:		Domain_A\user_h
	Account Name:		user_h
	Account Domain:		Domain_A

Additional Information:
	Privileges:	SeLoadDriverPrivilege

01/28/2020 01:20:50 PM
LogName=Security
SourceName=Microsoft-Windows-Eventlog
EventCode=1102
EventType=4
Type=Information
ComputerName=SE-003
TaskCategory=Log clear
OpCode=Info
RecordNumber=861706649
Keywords=Audit Success
Message=The audit log was cleared.
Subject:
	Security ID:		Domain_C\user_d
	Account Name:		user_d
	Account Domain:		Domain_C
	Logon ID:		0x3EC3

01/28/2020 01:20:50 PM
LogName=Security
SourceName=Microsoft Windows security auditing.
EventCode=4672
EventType=0
Type=Information
ComputerName=PROD-POS-006
TaskCategory=Special Logon
OpCode=Info
RecordNumber=875958318
Keywords=Audit Success
Message=Special privileges assigned to new logon.
Subject:
	Security ID:		Domain_E\user_d
	Account Name:		user_d
	Account Domain:		Domain_E
	Logon ID:		0x3EC3
Privileges:	SeSecurityPrivilege
			SeTakeOwnershipPrivilege
			SeLoadDriverPrivilege
			SeBackupPrivilege
			SeRestorePrivilege
			SeDebugPrivilege
			SeSystemEnvironmentPrivilege
			SeImpersonatePrivilege

01/28/2020 01:20:50 PM
LogName=Security
SourceName=Microsoft Windows security auditing.
EventCode=4673
EventType=0
Type=Information
ComputerName=HOST-001
TaskCategory=Sensitive Privilege Use
OpCode=Info
RecordNumber=109444521
Keywords=Audit Success
Message=A privileged service was called.

Subject:
	Security ID:		Domain_E\user_a
	Account Name:		user_a
	Account Domain:		Domain_E
	Logon ID:		0x6C10

Service:
	Server:	NT Local Security Authority / Authentication Service
	Service Name:	LsaRegisterLogonProcess()

Process:
	Process ID:	0x840D
	Process Name:	C:\Windows\System32\example_c.exe

Service Request Information:
	Privileges:		SeDelegateSessionUserImpersonatePrivilege

01/28/2020 01:20:50 PM
LogName=Security
SourceName=Microsoft Windows security auditing.
EventCode=4738
EventType=0
Type=Information
ComputerName=PROD-MFS-004
TaskCategory=User Account Management
OpCode=Info
RecordNumber=42051417
Keywords=Audit Success
Message=A User account was changed.

Subject:
 Security ID:  Domain_A\user_h
 Account Name:  user_h
 Account Domain:  Domain_A
 Logon ID:  0xA19C

Target Account:
 Security ID:  Domain_A\user_j
 Account Name:  user_j
 Account Domain:  Domain_A

Changed Attributes:
 SAM Account Name: user_m
 Display Name:  fff
 User Principal Name: -
 Home Directory:  \a\b
 Home Drive:  A:
 Script Path:  \a
 Profile Path:  \a\e
 User Workstations: DDD
 Password Last Set: <never>
 Account Expires:  2020-01-28 13:20:50 PM
 Primary Group ID: 53
 AllowedToDelegateTo: server_1/coumputer_a
 Old UAC Value:  C83E804
 New UAC Value:  A8EA249
 User Account Control: SMARTCARD_REQUIRED - Disabled
 User Parameters: <value changed, but not displayed>
 SID History:  Domain_b/bbb
 Logon Hours:  All

Additional Information:
 Privileges:  -

01/28/2020 01:20:50 PM
LogName=Security
SourceName=Microsoft Windows security auditing.
EventCode=4776
EventType=0
Type=Information
ComputerName=HOST-003
TaskCategory=Credential Validation
OpCode=Info
RecordNumber=811932783
Keywords=Failure Audit
Message=The computer attempted to validate the credentials for an account.
Authentication Package: MICROSOFT_AUTHENTICATION_PACKAGE_V1_0
Logon Account: user_k
Source Workstation: HOST-003
Error Code: 0xC0000064

01/28/2020 01:20:50 PM
LogName=Security
SourceName=Microsoft Windows security auditing.
EventCode=4776
EventType=0
Type=Information
ComputerName=BUSDEV-008
TaskCategory=Credential Validation
OpCode=Info
RecordNumber=98112318
Keywords=Failure Audit
Message=The computer attempted to validate the credentials for an account.
Authentication Package: MICROSOFT_AUTHENTICATION_PACKAGE_V1_0
Logon Account: user_m
Source Workstation: BUSDEV-008
Error Code: 0xC000006D

01/28/2020 01:20:49 PM
LogName=Security
SourceName=Microsoft Windows security auditing.
EventCode=4743
EventType=0
Type=Information
ComputerName=ops-sys-003
TaskCategory=Computer Account Management
OpCode=Info
RecordNumber=236952788
Keywords=Audit Success
Message=A computer account was deleted.

Subject:
	Security ID:		Domain_C\user_i
	Account Name:		user_i
	Account Domain:		Domain_C
	Logon ID:		0x5F25

Target Computer:
	Security ID:		Domain_C\user_e
	Account Name:		user_e
	Account Domain:		Domain_C

Additional Information:
	Privileges:	SeLoadDriverPrivilege

01/28/2020 01:20:49 PM
LogName=Security
SourceName=Microsoft Windows security auditing.
EventCode=4648
EventType=Information
Type=Information
ComputerName=PROD-MFS-001
TaskCategory=Authentication Policy Change
OpCode=Info
RecordNumber=154645825
Keywords=Audit Success
Message=A logon was attempted using explicit credentials.

Subject:
	Security ID:		abc\def
	Account Name:		GUEST
	Account Domain:		krbtgt
	Logon ID:		0x3B3	Logon GUID:		46BA

Account Whose Credentials Were Used:
	Account Name:		GUEST
	Account Domain:		krbtgt
	Logon GUID:		46BA

Target Server:
	Target Server Name:	krbtgt
	Additional Information:	krbtgt

Process Information:
	Process ID:		0x3B3	Process Name:		aa\bb\cc\dd\86CCB86.exe

Network Information:
	Network Address:	95.186.236.148
	Port:			851

This event is generated when a process attempts to log on an account by explicitly specifying that accounts credentials.  This most commonly occurs in batch-type configurations such as scheduled tasks, or when using the RUNAS command.


01/28/2020 01:20:49 PM
LogName=Security
SourceName=Microsoft Windows security auditing.
EventCode=4738
EventType=0
Type=Information
ComputerName=COREDEV-001
TaskCategory=User Account Management
OpCode=Info
RecordNumber=784203543
Keywords=Audit Success
Message=A User account was changed.

Subject:
 Security ID:  Domain_D\user_k
 Account Name:  user_k
 Account Domain:  Domain_D
 Logon ID:  0xBAC3

Target Account:
 Security ID:  Domain_D\user_l
 Account Name:  user_l
 Account Domain:  Domain_D

Changed Attributes:
 SAM Account Name: user_i
 Display Name:  eee
 User Principal Name: bbb@BBB.local
 Home Directory:  \a\b\c
 Home Drive:  A:
 Script Path:  \a\b\c
 Profile Path:  <value not set>
 User Workstations: <value not set>
 Password Last Set: <never>
 Account Expires:  2020-01-28 13:20:49 PM
 Primary Group ID: 565
 AllowedToDelegateTo: server_2/computer_b
 Old UAC Value:  D6DBD70
 New UAC Value:  2B3ADD7
 User Account Control: PARTIAL_SECRETS_ACCOUNT - Disabled
 User Parameters: <value changed, but not displayed>
 SID History:  Domain_b/bbb
 Logon Hours:  All

Additional Information:
 Privileges:  -

01/28/2020 01:20:49 PM
LogName=Security
SourceName=Microsoft Windows security auditing.
EventCode=4672
EventType=0
Type=Information
ComputerName=SE-001
TaskCategory=Special Logon
OpCode=Info
RecordNumber=413261719
Keywords=Audit Success
Message=Special privileges assigned to new logon.
Subject:
	Security ID:		Domain_E\user_k
	Account Name:		user_k
	Account Domain:		Domain_E
	Logon ID:		0xBAC3
Privileges:	SeSecurityPrivilege
			SeTakeOwnershipPrivilege
			SeLoadDriverPrivilege
			SeBackupPrivilege
			SeRestorePrivilege
			SeDebugPrivilege
			SeSystemEnvironmentPrivilege
			SeImpersonatePrivilege

01/28/2020 01:20:48 PM
LogName=Security
SourceName=Microsoft-Windows-Eventlog
EventCode=1102
EventType=4
Type=Information
ComputerName=BUSDEV-001
TaskCategory=Log clear
OpCode=Info
RecordNumber=483291408
Keywords=Audit Success
Message=The audit log was cleared.
Subject:
	Security ID:		Domain_C\user_d
	Account Name:		user_d
	Account Domain:		Domain_C
	Logon ID:		0x3EC3

01/28/2020 01:20:48 PM
LogName=Security
SourceName=Microsoft Windows security auditing.
EventCode=4634
EventType=Information
Type=Information
ComputerName=ops-sys-006
TaskCategory=Authentication Policy Change
OpCode=Info
RecordNumber=103304414
Keywords=Audit Success
Message=An account was logged off.

Subject:
	Security ID:		NT AUTHORITY\SYSTEM
	Account Name:		ADMINISTRATOR
	Account Domain:		TASERVER$
	Logon ID:		0xF3287DF

Logon Type:		9

This event is generated when a logon session is destroyed. It may be positively correlated with a logon event using the Logon ID value. Logon IDs are only unique between reboots on the same computer.


01/28/2020 01:20:47 PM
LogName=Security
SourceName=Microsoft Windows security auditing.
EventCode=5061
EventType=Information
Type=Information
ComputerName=BUSDEV-007
TaskCategory=Authentication Policy Change
OpCode=Info
RecordNumber=894399459
Keywords=Audit Success
Message=Cryptographic operation.

Subject:
	Security ID:		NT AUTHORITY\SYSTEM
	Account Name:		GUEST
	Account Domain:		krbtgt
	Logon ID:		0xC47
Cryptographic Parameters:
	Provider Name: 63EA9DAEB73D	
	Algorithm Name:	
	Key Name:	332fe7e7-d709-e3d8-af9e-7236c48f4c55
	Key Type: User key.

Cryptographic Operation:
	Operation:	Open Key.
	Return Code:	0xE


01/28/2020 01:20:47 PM
LogName=Security
SourceName=Microsoft Windows security auditing.
EventCode=4688
EventType=0
Type=Information
ComputerName=$SPLUNK_HOME/etc/apps/Splunk_TA_windows/samples/hostname.sample
TaskCategory=Process Creation
OpCode=Info
RecordNumber=714270325
Keywords=Audit Success
Message=A new process has been created.
Subject:
	Security ID:		Domain_D\user_h
	Account Name:		user_h
	Account Domain:		Domain_D
	Logon ID:		0xA19C
Process Information:
	New Process ID:		0x2A35
	New Process Name:	C:\Windows\System32\example_a.exe
	Token Elevation Type:	TokenElevationTypeFull (2)
	Creator Process ID:	0xC7A0
Token Elevation Type indicates the type of token that was assigned to the new process in accordance with User Account Control policy.
Type 1 is a full token with no privileges removed or groups disabled.  A full token is only used if User Account Control is disabled or if the User is the built-in Administrator account or a service account.
Type 2 is an elevated token with no privileges removed or groups disabled.  An elevated token is used when User Account Control is enabled and the User chooses to start the program using Run as administrator.  An elevated token is also used when an application is configured to always require administrative privilege or to always require maximum privilege, and the User is a member of the Administrators group.
Type 3 is a limited token with administrative privileges removed and administrative groups disabled.  The limited token is used when User Account Control is enabled, the application does not require administrative privilege, and the User does not choose to start the program using Run as administrator.

01/28/2020 01:20:47 PM
LogName=Security
SourceName=Microsoft Windows security auditing.
EventCode=4689
EventType=0
Type=Information
ComputerName=PROD-MFS-004
TaskCategory=Process Termination
OpCode=Info
RecordNumber=240764792
Keywords=Audit Success
Message=A process has exited.

Subject:
	Security ID:		Domain_C\user_n
	Account Name:		user_n
	Account Domain:		Domain_C
	Logon ID:		0x4D76

Process Information:
	Process ID:	0x56BE
	Process Name:	C:\Windows\System32\example_e.exe
	Exit Status:	0x263D3C

01/28/2020 01:20:47 PM
LogName=Security
SourceName=Microsoft Windows security auditing.
EventCode=5061
EventType=Information
Type=Information
ComputerName=HOST-005
TaskCategory=Authentication Policy Change
OpCode=Info
RecordNumber=409622261
Keywords=Audit Success
Message=Cryptographic operation.

Subject:
	Security ID:		WINDOWS\ADSERVER
	Account Name:		GUEST
	Account Domain:		Builtin
	Logon ID:		0x103
Cryptographic Parameters:
	Provider Name: 12C55062B6F0	
	Algorithm Name:	
	Key Name:	332fe7e7-d709-e3d8-af9e-7236c48f4c55
	Key Type: User key.

Cryptographic Operation:
	Operation:	Open Key.
	Return Code:	0xA


01/28/2020 01:20:47 PM
LogName=Security
SourceName= Microsoft Windows security auditing.
EventCode=4624
EventType=0
Type=Information
ComputerName=BUSDEV-006
TaskCategory=Logon
OpCode=Info
RecordNumber=652541300
Keywords=Audit Success
Message=An account was successfully logged on.

Subject:
 Security ID:  Domain_B\SYSTEM
 Account Name:  BUSDEV-006
 Account Domain:  Domain_B
 Logon ID:  0x70E4

Logon Information:
 Logon Type:  6
 Restricted Admin Mode: -
 Virtual Account:  Yes
 Elevated Token:  Yes

Impersonation Level:  Impersonation

New Logon:
 Security ID:  Domain_B\user_g
 Account Name:  user_g
 Account Domain:  Domain_B
 Logon ID:  0xEB5F
 Linked Logon ID:  E3E5
 Network Account Name: user_h
 Network Account Domain: Domain_D
 Logon GUID:  {221B21A6-1AE2-3F9A-24EF-22C392AC2A47}

Process Information:
 Process ID:  0x9837
 Process Name:  C:\Windows\System32\example_a.exe

Network Information:
 Workstation Name: BUSDEV-006
 Source Network Address: 213.248.91.150
 Source Port:  20947

Detailed Authentication Information:
 Logon Process:  User32 
 Authentication Package: Kerberos
 Transited Services: -
 Package Name (NTLM only): -
 Key Length:  0

This event is generated when a logon session is created. It is generated on the computer that was accessed.

The subject fields indicate the account on the local system which requested the logon. This is most commonly a service such as the Server service, or a local process such as FE4BC.exe or FE4BC.exe.

The logon type field indicates the kind of logon that occurred. The most common types are 2 (interactive) and 3 (network).

The New Logon fields indicate the account for whom the new logon was created, i.e. the account that was logged on.

The network fields indicate where a remote logon request originated. Workstation name is not always available and may be left blank in some cases.

The impersonation level field indicates the extent to which a process in the logon session can impersonate.

The authentication information fields provide detailed information about this specific logon request.
 - Logon GUID is a unique identifier that can be used to correlate this event with a KDC event.
 - Transited services indicate which intermediate services have participated in this logon request.
 - Package name indicates which sub-protocol was used among the NTLM protocols.
 - Key length indicates the length of the generated session key. This will be 0 if no session key was requested.


01/28/2020 01:20:46 PM
LogName=Security
SourceName=Microsoft Windows security auditing.
EventCode=4673
EventType=0
Type=Information
ComputerName=HOST-004
TaskCategory=Sensitive Privilege Use
OpCode=Info
RecordNumber=69756166
Keywords=Audit Success
Message=A privileged service was called.

Subject:
	Security ID:		Domain_B\user_g
	Account Name:		user_g
	Account Domain:		Domain_B
	Logon ID:		0xEB5F

Service:
	Server:	NT Local Security Authority / Authentication Service
	Service Name:	LsaRegisterLogonProcess()

Process:
	Process ID:	0xABFD
	Process Name:	C:\Windows\System32\example_e.exe

Service Request Information:
	Privileges:		SeDelegateSessionUserImpersonatePrivilege

01/28/2020 01:20:46 PM
LogName=Security
SourceName=Microsoft-Windows-Eventlog
EventCode=1102
EventType=4
Type=Information
ComputerName=ACME-006
TaskCategory=Log clear
OpCode=Info
RecordNumber=46240415
Keywords=Audit Success
Message=The audit log was cleared.
Subject:
	Security ID:		Domain_C\user_n
	Account Name:		user_n
	Account Domain:		Domain_C
	Logon ID:		0x4D76

01/28/2020 01:20:46 PM
LogName=Security
SourceName=Microsoft Windows security auditing.
EventCode=4673
EventType=0
Type=Information
ComputerName=COREDEV-003
TaskCategory=Sensitive Privilege Use
OpCode=Info
RecordNumber=630333544
Keywords=Audit Success
Message=A privileged service was called.

Subject:
	Security ID:		Domain_B\user_g
	Account Name:		user_g
	Account Domain:		Domain_B
	Logon ID:		0xEB5F

Service:
	Server:	NT Local Security Authority / Authentication Service
	Service Name:	LsaRegisterLogonProcess()

Process:
	Process ID:	0xF00E
	Process Name:	C:\Windows\System32\example_a.exe

Service Request Information:
	Privileges:		SeSystemEnvironmentPrivilege

01/28/2020 01:20:46 PM
LogName=Security
SourceName=Microsoft Windows security auditing.
EventCode=4672
EventType=0
Type=Information
ComputerName=HOST-002
TaskCategory=Special Logon
OpCode=Info
RecordNumber=199864317
Keywords=Audit Success
Message=Special privileges assigned to new logon.
Subject:
	Security ID:		Domain_D\user_f
	Account Name:		user_f
	Account Domain:		Domain_D
	Logon ID:		0xA369
Privileges:	SeSecurityPrivilege
			SeTakeOwnershipPrivilege
			SeLoadDriverPrivilege
			SeBackupPrivilege
			SeRestorePrivilege
			SeDebugPrivilege
			SeSystemEnvironmentPrivilege
			SeImpersonatePrivilege

01/28/2020 01:20:45 PM
LogName=Security
SourceName=Microsoft Windows security auditing.
EventCode=4672
EventType=0
Type=Information
ComputerName=ops-sys-001
TaskCategory=Special Logon
OpCode=Info
RecordNumber=981645447
Keywords=Audit Success
Message=Special privileges assigned to new logon.
Subject:
	Security ID:		Domain_B\user_g
	Account Name:		user_g
	Account Domain:		Domain_B
	Logon ID:		0xEB5F
Privileges:	SeSecurityPrivilege
			SeTakeOwnershipPrivilege
			SeLoadDriverPrivilege
			SeBackupPrivilege
			SeRestorePrivilege
			SeDebugPrivilege
			SeSystemEnvironmentPrivilege
			SeImpersonatePrivilege

01/28/2020 01:20:45 PM
LogName=Security
SourceName=Microsoft Windows security auditing.
EventCode=4672
EventType=0
Type=Information
ComputerName=COREDEV-002
TaskCategory=Special Logon
OpCode=Info
RecordNumber=80307943
Keywords=Audit Success
Message=Special privileges assigned to new logon.
Subject:
	Security ID:		Domain_A\user_m
	Account Name:		user_m
	Account Domain:		Domain_A
	Logon ID:		0x46BA
Privileges:	SeSecurityPrivilege
			SeTakeOwnershipPrivilege
			SeLoadDriverPrivilege
			SeBackupPrivilege
			SeRestorePrivilege
			SeDebugPrivilege
			SeSystemEnvironmentPrivilege
			SeImpersonatePrivilege

01/28/2020 01:20:44 PM
LogName=Security
SourceName=Microsoft-Windows-Eventlog
EventCode=1102
EventType=4
Type=Information
ComputerName=ACME-005
TaskCategory=Log clear
OpCode=Info
RecordNumber=552365391
Keywords=Audit Success
Message=The audit log was cleared.
Subject:
	Security ID:		Domain_A\user_k
	Account Name:		user_k
	Account Domain:		Domain_A
	Logon ID:		0xBAC3

01/28/2020 01:20:44 PM 
LogName=Security 
SourceName=Microsoft Windows security auditing.
EventCode=4740 
EventType=0 
Type=Information
ComputerName=BUSDEV-001 
TaskCategory=User Account Management
OpCode=Info 
RecordNumber=7589079
Keywords=Audit Success
Message=A user account was locked out. 
Subject: 
	Security ID: Domain_C\user_b 
	Account Name: user_b
	Account Domain: Domain_C
	Logon ID: 0x3A81
Account That Was Locked Out: 
	Security ID: Domain_C\user_j 
	Account Name: user_j
Additional Information: 
	Caller Computer Name: BUSDEV-001

01/28/2020 01:20:44 PM 
LogName=Security 
SourceName=Microsoft Windows security auditing.
EventCode=4740 
EventType=0 
Type=Information
ComputerName=PROD-POS-001 
TaskCategory=User Account Management
OpCode=Info 
RecordNumber=207465086
Keywords=Audit Success
Message=A user account was locked out. 
Subject: 
	Security ID: Domain_D\user_h 
	Account Name: user_h
	Account Domain: Domain_D
	Logon ID: 0xA19C
Account That Was Locked Out: 
	Security ID: Domain_D\user_a 
	Account Name: user_a
Additional Information: 
	Caller Computer Name: PROD-POS-001

01/28/2020 01:20:44 PM
LogName=Security
SourceName=Microsoft Windows security auditing.
EventCode=4738
EventType=0
Type=Information
ComputerName=BUSDEV-005
TaskCategory=User Account Management
OpCode=Info
RecordNumber=690350292
Keywords=Audit Success
Message=A User account was changed.

Subject:
 Security ID:  Domain_B\user_l
 Account Name:  user_l
 Account Domain:  Domain_B
 Logon ID:  0xAB37

Target Account:
 Security ID:  Domain_B\user_e
 Account Name:  user_e
 Account Domain:  Domain_B

Changed Attributes:
 SAM Account Name: user_k
 Display Name:  aaa
 User Principal Name: -
 Home Directory:  \a\b\c
 Home Drive:  B:
 Script Path:  \f
 Profile Path:  \a\b
 User Workstations: <value not set>
 Password Last Set: 2020-01-28 13:20:44 PM
 Account Expires:  2020-01-28 13:20:44 PM
 Primary Group ID: 597
 AllowedToDelegateTo: server_1/coumputer_a
 Old UAC Value:  A3254F1
 New UAC Value:  CA275F9
 User Account Control: TRUSTED_TO_AUTH_FOR_DELEGATION - Disabled
 User Parameters: <value changed, but not displayed>
 SID History:  Domain_a/aaa
 Logon Hours:  Tuesday 8:00 PM -Wednesday 10:00 AM

Additional Information:
 Privileges:  -

01/28/2020 01:20:44 PM
LogName=Security
SourceName=Microsoft Windows security auditing.
EventCode=4688
EventType=0
Type=Information
ComputerName=$SPLUNK_HOME/etc/apps/Splunk_TA_windows/samples/hostname.sample
TaskCategory=Process Creation
OpCode=Info
RecordNumber=461114548
Keywords=Audit Success
Message=A new process has been created.
Subject:
	Security ID:		Domain_E\user_j
	Account Name:		user_j
	Account Domain:		Domain_E
	Logon ID:		0xB111
Process Information:
	New Process ID:		0x0FA4
	New Process Name:	C:\Windows\System32\example_c.exe
	Token Elevation Type:	TokenElevationTypeLimited (3)
	Creator Process ID:	0xFA96
Token Elevation Type indicates the type of token that was assigned to the new process in accordance with User Account Control policy.
Type 1 is a full token with no privileges removed or groups disabled.  A full token is only used if User Account Control is disabled or if the User is the built-in Administrator account or a service account.
Type 2 is an elevated token with no privileges removed or groups disabled.  An elevated token is used when User Account Control is enabled and the User chooses to start the program using Run as administrator.  An elevated token is also used when an application is configured to always require administrative privilege or to always require maximum privilege, and the User is a member of the Administrators group.
Type 3 is a limited token with administrative privileges removed and administrative groups disabled.  The limited token is used when User Account Control is enabled, the application does not require administrative privilege, and the User does not choose to start the program using Run as administrator.

01/28/2020 01:20:44 PM
LogName=Security
SourceName=Microsoft Windows security auditing.
EventCode=4726
EventType=0
Type=Information
ComputerName=BUSDEV-006
TaskCategory=User Account Management
OpCode=Info
RecordNumber=37129247
Keywords=Audit Success
Message=A user account was deleted.

Subject:
	Security ID:		Domain_C\user_j
	Account Name:		user_j
	Account Domain:		Domain_C
	Logon ID:		0xB111

Target Account:
	Security ID:		Domain_C\user_k
	Account Name:		user_k
	Account Domain:		Domain_C

Additional Information:
	Privileges	-

01/28/2020 01:20:44 PM
LogName=Security
SourceName=Microsoft Windows security auditing.
EventCode=4776
EventType=0
Type=Information
ComputerName=ACME-002
TaskCategory=Credential Validation
OpCode=Info
RecordNumber=861498231
Keywords=Audit Success
Message=The computer attempted to validate the credentials for an account.
Authentication Package: MICROSOFT_AUTHENTICATION_PACKAGE_V1_0
Logon Account: user_i
Source Workstation: ACME-002
Error Code: 0x0

