01/28/2020 01:20:02 PM
LogName=Security
SourceName=Microsoft Windows security auditing.
EventCode=4625
EventType=Information
Type=Information
ComputerName=ops-sys-002
TaskCategory=Authentication Policy Change
OpCode=Info
RecordNumber=461621487
Keywords=Audit Success
Message=An account failed to log on.

Subject:
	Security ID:		abc\def
	Account Name:		ADMINISTRATOR
	Account Domain:		krbtgt
	Logon ID:		0xC

Logon Type:		10

Account For Which Logon Failed:
	Security ID:		abc\def
	Account Name:		ADMINISTRATOR
	Account Domain:		krbtgt

Failure Information:
	Failure Reason:		Unknown User name or bad password.
	Status:			0xF4A966D7
	Sub Status:		0xF4A966D7

Process Information:
	Caller Process ID:	0xC
	Caller Process Name:	-

Network Information:
	Workstation Name:	-
	Source Network Address:	44.194.108.50
	Source Port:		56161

Detailed Authentication Information:
	Logon Process:		F4A966D7 
	Authentication Package:	Negotiate
	Transited Services:	-
	Package Name (NTLM only):	-
	Key Length:		10

This event is generated when a logon request fails. It is generated on the computer where access was attempted.

The Subject fields indicate the account on the local system which requested the logon. This is most commonly a service such as the Server service, or a local process such as 76FA62C.exe or 76FA62C.exe.

The Logon Type field indicates the kind of logon that was requested. The most common types are 2 (interactive) and 3 (network).

The Process Information fields indicate which account and process on the system requested the logon.

The Network Information fields indicate where a remote logon request originated. Workstation name is not always available and may be left blank in some cases.

The authentication information fields provide detailed information about this specific logon request.
	- Transited services indicate which intermediate services have participated in this logon request.
	- Package name indicates which sub-protocol was used among the NTLM protocols.
	- Key length indicates the length of the generated session key. This will be 0 if no session key was requested.


01/28/2020 01:20:01 PM
LogName=Security
SourceName=Microsoft Windows security auditing.
EventCode=4689
EventType=0
Type=Information
ComputerName=COREDEV-001
TaskCategory=Process Termination
OpCode=Info
RecordNumber=478231379
Keywords=Audit Success
Message=A process has exited.

Subject:
	Security ID:		Domain_C\user_a
	Account Name:		user_a
	Account Domain:		Domain_C
	Logon ID:		0x6C10

Process Information:
	Process ID:	0xA6B1
	Process Name:	C:\Windows\System32\example_e.exe
	Exit Status:	0x7C5296

01/28/2020 01:20:01 PM
LogName=Security
SourceName=Microsoft Windows security auditing.
EventCode=4689
EventType=0
Type=Information
ComputerName=SE-006
TaskCategory=Process Termination
OpCode=Info
RecordNumber=742354615
Keywords=Audit Success
Message=A process has exited.

Subject:
	Security ID:		Domain_A\user_d
	Account Name:		user_d
	Account Domain:		Domain_A
	Logon ID:		0x3EC3

Process Information:
	Process ID:	0x4FB6
	Process Name:	C:\Windows\System32\example_f.exe
	Exit Status:	0x559B6A

01/28/2020 01:20:01 PM
LogName=Security
SourceName=Microsoft Windows security auditing.
EventCode=4673
EventType=0
Type=Information
ComputerName=PROD-POS-004
TaskCategory=Sensitive Privilege Use
OpCode=Info
RecordNumber=331911307
Keywords=Audit Success
Message=A privileged service was called.

Subject:
	Security ID:		Domain_D\user_h
	Account Name:		user_h
	Account Domain:		Domain_D
	Logon ID:		0xA19C

Service:
	Server:	NT Local Security Authority / Authentication Service
	Service Name:	LsaRegisterLogonProcess()

Process:
	Process ID:	0xBFCC
	Process Name:	C:\Windows\System32\example_g.exe

Service Request Information:
	Privileges:		SeTcbPrivilege

01/28/2020 01:20:01 PM
LogName=Security
SourceName=Microsoft Windows security auditing.
EventCode=4689
EventType=0
Type=Information
ComputerName=ops-sys-005
TaskCategory=Process Termination
OpCode=Info
RecordNumber=768484947
Keywords=Audit Success
Message=A process has exited.

Subject:
	Security ID:		Domain_E\user_g
	Account Name:		user_g
	Account Domain:		Domain_E
	Logon ID:		0xEB5F

Process Information:
	Process ID:	0xEDE3
	Process Name:	C:\Windows\System32\example_b.exe
	Exit Status:	0xA690A9

01/28/2020 01:20:01 PM
LogName=Security
SourceName=Microsoft Windows security auditing.
EventCode=4717
EventType=0
Type=Information
ComputerName=PROD-POS-002
TaskCategory=Authentication Policy Change
OpCode=Info
RecordNumber=605166191
Keywords=Audit Success
Message=System security access was granted to an account.

Subject:
	Security ID:		Domain_C\SYSTEM
	Account Name:		PROD-POS-002
	Account Domain:		Domain_C
	Logon ID:		0x46BA

Account Modified:
	Account Name:		Domain_C\user_m

Access Granted:
	Access Right:		SeRemoteInteractiveLogonRight

01/28/2020 01:20:00 PM
LogName=Security
SourceName=Microsoft Windows security auditing.
EventCode=4718
EventType=0
Type=Information
ComputerName=ACME-001
TaskCategory=Authentication Policy Change
OpCode=Info
RecordNumber=615769533
Keywords=Audit Success
Message=System security access was removed from an account.

Subject:
	Security ID:		Domain_E\SYSTEM
	Account Name:		ACME-001
	Account Domain:		Domain_E
	Logon ID:		0x46BA

Account Modified:
	Account Name:		Domain_E\user_m

Access Removed:
	Access Right:		SeNetworkLogonRight

01/28/2020 01:20:00 PM
LogName=Security
SourceName=Microsoft Windows security auditing.
EventCode=4738
EventType=0
Type=Information
ComputerName=BUSDEV-002
TaskCategory=User Account Management
OpCode=Info
RecordNumber=787298691
Keywords=Audit Success
Message=A User account was changed.

Subject:
 Security ID:  Domain_A\user_n
 Account Name:  user_n
 Account Domain:  Domain_A
 Logon ID:  0x4D76

Target Account:
 Security ID:  Domain_A\user_e
 Account Name:  user_e
 Account Domain:  Domain_A

Changed Attributes:
 SAM Account Name: user_f
 Display Name:  ddd
 User Principal Name: aaa@AAA.local
 Home Directory:  <value not set>
 Home Drive:  B:
 Script Path:  \a\e
 Profile Path:  \a\b\c
 User Workstations: DDD
 Password Last Set: <never>
 Account Expires:  2020-01-28 13:20:00 PM
 Primary Group ID: 361
 AllowedToDelegateTo: -
 Old UAC Value:  4D00A23
 New UAC Value:  F5F4785
 User Account Control: TEMP_DUPLICATE_ACCOUNT - Disabled
 User Parameters: <value changed, but not displayed>
 SID History:  Domain_a/aaa
 Logon Hours:  Monday 2:00 PM -Tuesday 6:00 PM

Additional Information:
 Privileges:  -

01/28/2020 01:20:00 PM
LogName=Security
SourceName=Microsoft Windows security auditing.
EventCode=4718
EventType=0
Type=Information
ComputerName=PROD-MFS-003
TaskCategory=Authentication Policy Change
OpCode=Info
RecordNumber=351054884
Keywords=Audit Success
Message=System security access was removed from an account.

Subject:
	Security ID:		Domain_B\SYSTEM
	Account Name:		PROD-MFS-003
	Account Domain:		Domain_B
	Logon ID:		0x4D76

Account Modified:
	Account Name:		Domain_B\user_n

Access Removed:
	Access Right:		SeNetworkLogonRight

01/28/2020 01:20:00 PM
LogName=Security
SourceName=Microsoft Windows security auditing.
EventCode=4720
EventType=0
Type=Information
ComputerName=ops-sys-005
TaskCategory=User Account Management
OpCode=Info
RecordNumber=714931512
Keywords=Audit Success
Message=A User account was created. 
Subject: 
	Security ID: Domain_C\user_a
	Account Name: user_a
	Account Domain: Domain_C
	Logon ID: 0x6C10
New Account: 
	Security ID: Domain_C\user_k
	Account Name: user_k
	Account Domain: Domain_C
Attributes: 
	SAM Account Name: user_i
	Display Name: aaa
	User Principal Name: ccc@AAA.local
	Home Directory: \a\g
	Home Drive: <value not set>
	Script Path: \a\e
	Profile Path: \a
	User Workstations: CCC
	Password Last Set: 2020-01-28 13:20:00 PM
	Account Expires: <never>
	Primary Group ID: 639
	Allowed To Delegate To: server_2/computer_b
	Old UAC Value: 4342409
	New UAC Value: D46D2A4
	User Account Control: DONT_REQ_PREAUTH - Enabled
	User Parameters: <value not set>
	SID History: Domain_a/aaa
	Logon Hours: Monday 2:00 PM -Tuesday 6:00 PM
Additional Information:
	Privileges SeSecurityPrivilege

01/28/2020 01:20:00 PM
LogName=Security
SourceName=Microsoft Windows security auditing.
EventCode=4673
EventType=0
Type=Information
ComputerName=PROD-POS-006
TaskCategory=Sensitive Privilege Use
OpCode=Info
RecordNumber=223458521
Keywords=Audit Success
Message=A privileged service was called.

Subject:
	Security ID:		Domain_D\user_l
	Account Name:		user_l
	Account Domain:		Domain_D
	Logon ID:		0xAB37

Service:
	Server:	NT Local Security Authority / Authentication Service
	Service Name:	LsaRegisterLogonProcess()

Process:
	Process ID:	0x0E89
	Process Name:	C:\Windows\System32\example_e.exe

Service Request Information:
	Privileges:		SeAssignPrimaryTokenPrivilege

01/28/2020 01:20:00 PM
LogName=Security
SourceName=Microsoft Windows security auditing.
EventCode=4717
EventType=0
Type=Information
ComputerName=PROD-MFS-006
TaskCategory=Authentication Policy Change
OpCode=Info
RecordNumber=161107128
Keywords=Audit Success
Message=System security access was granted to an account.

Subject:
	Security ID:		Domain_D\SYSTEM
	Account Name:		PROD-MFS-006
	Account Domain:		Domain_D
	Logon ID:		0x4D76

Account Modified:
	Account Name:		Domain_D\user_n

Access Granted:
	Access Right:		SeRemoteInteractiveLogonRight

01/28/2020 01:20:00 PM
LogName=Security
SourceName=Microsoft Windows security auditing.
EventCode=4718
EventType=0
Type=Information
ComputerName=BUSDEV-004
TaskCategory=Authentication Policy Change
OpCode=Info
RecordNumber=162400983
Keywords=Audit Success
Message=System security access was removed from an account.

Subject:
	Security ID:		Domain_C\SYSTEM
	Account Name:		BUSDEV-004
	Account Domain:		Domain_C
	Logon ID:		0x6C10

Account Modified:
	Account Name:		Domain_C\user_a

Access Removed:
	Access Right:		SeRemoteInteractiveLogonRight

01/28/2020 01:20:00 PM
LogName=Security
SourceName=Microsoft Windows security auditing.
EventCode=4688
EventType=0
Type=Information
ComputerName=$SPLUNK_HOME/etc/apps/Splunk_TA_windows/samples/hostname.sample
TaskCategory=Process Creation
OpCode=Info
RecordNumber=184531614
Keywords=Audit Success
Message=A new process has been created.
Subject:
	Security ID:		Domain_C\user_h
	Account Name:		user_h
	Account Domain:		Domain_C
	Logon ID:		0xA19C
Process Information:
	New Process ID:		0xEBBD
	New Process Name:	C:\Windows\System32\example_f.exe
	Token Elevation Type:	TokenElevationTypeFull (2)
	Creator Process ID:	0xF9FC
Token Elevation Type indicates the type of token that was assigned to the new process in accordance with User Account Control policy.
Type 1 is a full token with no privileges removed or groups disabled.  A full token is only used if User Account Control is disabled or if the User is the built-in Administrator account or a service account.
Type 2 is an elevated token with no privileges removed or groups disabled.  An elevated token is used when User Account Control is enabled and the User chooses to start the program using Run as administrator.  An elevated token is also used when an application is configured to always require administrative privilege or to always require maximum privilege, and the User is a member of the Administrators group.
Type 3 is a limited token with administrative privileges removed and administrative groups disabled.  The limited token is used when User Account Control is enabled, the application does not require administrative privilege, and the User does not choose to start the program using Run as administrator.

01/28/2020 01:19:59 PM
LogName=Security
SourceName=Microsoft Windows security auditing.
EventCode=4689
EventType=0
Type=Information
ComputerName=PROD-MFS-005
TaskCategory=Process Termination
OpCode=Info
RecordNumber=892455529
Keywords=Audit Success
Message=A process has exited.

Subject:
	Security ID:		Domain_C\user_h
	Account Name:		user_h
	Account Domain:		Domain_C
	Logon ID:		0xA19C

Process Information:
	Process ID:	0xB158
	Process Name:	C:\Windows\System32\example_g.exe
	Exit Status:	0xEA1066

01/28/2020 01:19:59 PM
LogName=Security
SourceName=Microsoft Windows security auditing.
EventCode=4625
EventType=Information
Type=Information
ComputerName=ACME-006
TaskCategory=Authentication Policy Change
OpCode=Info
RecordNumber=444558882
Keywords=Audit Success
Message=An account failed to log on.

Subject:
	Security ID:		NT AUTHORITY\SYSTEM
	Account Name:		ADMINISTRATOR
	Account Domain:		Backup Operators
	Logon ID:		0xA

Logon Type:		19

Account For Which Logon Failed:
	Security ID:		NT AUTHORITY\SYSTEM
	Account Name:		ADMINISTRATOR
	Account Domain:		Backup Operators

Failure Information:
	Failure Reason:		Unknown User name or bad password.
	Status:			0xB35C77D3
	Sub Status:		0xB35C77D3

Process Information:
	Caller Process ID:	0xA
	Caller Process Name:	-

Network Information:
	Workstation Name:	-
	Source Network Address:	241.77.76.134
	Source Port:		50786

Detailed Authentication Information:
	Logon Process:		B35C77D3 
	Authentication Package:	NTLM
	Transited Services:	-
	Package Name (NTLM only):	-
	Key Length:		19

This event is generated when a logon request fails. It is generated on the computer where access was attempted.

The Subject fields indicate the account on the local system which requested the logon. This is most commonly a service such as the Server service, or a local process such as CB1B6D5.exe or CB1B6D5.exe.

The Logon Type field indicates the kind of logon that was requested. The most common types are 2 (interactive) and 3 (network).

The Process Information fields indicate which account and process on the system requested the logon.

The Network Information fields indicate where a remote logon request originated. Workstation name is not always available and may be left blank in some cases.

The authentication information fields provide detailed information about this specific logon request.
	- Transited services indicate which intermediate services have participated in this logon request.
	- Package name indicates which sub-protocol was used among the NTLM protocols.
	- Key length indicates the length of the generated session key. This will be 0 if no session key was requested.


01/28/2020 01:19:59 PM
LogName=Security
SourceName=Microsoft Windows security auditing.
EventCode=4648
EventType=0
Type=Information
ComputerName=HOST-004
TaskCategory=Logon
OpCode=Info
RecordNumber=260652389
Keywords=Audit Success
Message=A logon was attempted using explicit credentials.
Subject:
	Security ID:  Domain_B\SYSTEM
	Account Name:  HOST-004
	Account Domain:  Domain_B
	Logon ID:  0x70E4
	Logon GUID:		{221B21A6-1AE2-3F9A-24EF-22C392AC2A47}
Account Whose Credentials Were Used:
	Account Name:		CurlsRunDaworld
	Account Domain:		Domain_B
	Logon GUID:		{0887F1E4-39EA-D53C-804F-31D568A06274}
Target Server:
	Target Server Name:	Server_A.com
	Additional Information:	Server_A.com
Process Information:
	Process ID:		E046
	Process Name:		C:\Windows\System32\example_b.exe
Network Information:
	Network Address:	42.55.85.29
	Port:			-
This event is generated when a process attempts to log on an account by explicitly specifying that account's credentials. This most commonly occurs in batch-type configurations such as scheduled tasks, or when using the RUNAS command.

01/28/2020 01:19:59 PM
LogName=Security
SourceName=Microsoft Windows security auditing.
EventCode=4648
EventType=0
Type=Information
ComputerName=ACME-005
TaskCategory=Logon
OpCode=Info
RecordNumber=107071599
Keywords=Audit Success
Message=A logon was attempted using explicit credentials.
Subject:
	Security ID:  Domain_C\SYSTEM
	Account Name:  ACME-005
	Account Domain:  Domain_C
	Logon ID:  0x70E4
	Logon GUID:		{0887F1E4-39EA-D53C-804F-31D568A06274}
Account Whose Credentials Were Used:
	Account Name:		RetweetsKWT
	Account Domain:		Domain_C
	Logon GUID:		{00000000-0000-0000-0000-000000000000}
Target Server:
	Target Server Name:	dcab.acmbh.com
	Additional Information:	dcab.acmbh.com
Process Information:
	Process ID:		3B61
	Process Name:		C:\Windows\System32\example_e.exe
Network Information:
	Network Address:	-
	Port:			-
This event is generated when a process attempts to log on an account by explicitly specifying that account's credentials. This most commonly occurs in batch-type configurations such as scheduled tasks, or when using the RUNAS command.

01/28/2020 01:19:59 PM
LogName=Security
SourceName=Microsoft Windows security auditing.
EventCode=4673
EventType=0
Type=Information
ComputerName=HOST-004
TaskCategory=Sensitive Privilege Use
OpCode=Info
RecordNumber=247131213
Keywords=Audit Success
Message=A privileged service was called.

Subject:
	Security ID:		Domain_D\user_e
	Account Name:		user_e
	Account Domain:		Domain_D
	Logon ID:		0x0452

Service:
	Server:	NT Local Security Authority / Authentication Service
	Service Name:	LsaRegisterLogonProcess()

Process:
	Process ID:	0x8C80
	Process Name:	C:\Windows\System32\example_e.exe

Service Request Information:
	Privileges:		SeDelegateSessionUserImpersonatePrivilege

01/28/2020 01:19:59 PM
LogName=Security
SourceName=Microsoft Windows security auditing.
EventCode=4672
EventType=0
Type=Information
ComputerName=BUSDEV-004
TaskCategory=Special Logon
OpCode=Info
RecordNumber=376868495
Keywords=Audit Success
Message=Special privileges assigned to new logon.
Subject:
	Security ID:		Domain_C\user_j
	Account Name:		user_j
	Account Domain:		Domain_C
	Logon ID:		0xB111
Privileges:	SeSecurityPrivilege
			SeTakeOwnershipPrivilege
			SeLoadDriverPrivilege
			SeBackupPrivilege
			SeRestorePrivilege
			SeDebugPrivilege
			SeSystemEnvironmentPrivilege
			SeImpersonatePrivilege

01/28/2020 01:19:59 PM
LogName=Security
SourceName=Microsoft Windows security auditing.
EventCode=4720
EventType=0
Type=Information
ComputerName=SE-004
TaskCategory=User Account Management
OpCode=Info
RecordNumber=392195755
Keywords=Audit Success
Message=A User account was created. 
Subject: 
	Security ID: Domain_C\user_b
	Account Name: user_b
	Account Domain: Domain_C
	Logon ID: 0x3A81
New Account: 
	Security ID: Domain_C\user_b
	Account Name: user_b
	Account Domain: Domain_C
Attributes: 
	SAM Account Name: user_e
	Display Name: aaa
	User Principal Name: ccc@AAA.local
	Home Directory: \a
	Home Drive: A:
	Script Path: \a
	Profile Path: \a\b\c
	User Workstations: BBB
	Password Last Set: <never>
	Account Expires: 2020-01-28 13:19:59 PM
	Primary Group ID: 262
	Allowed To Delegate To: server_1/coumputer_a
	Old UAC Value: 34A4C5E
	New UAC Value: C6305FE
	User Account Control: HOMEDIR_REQUIRED - Enabled
	User Parameters: <value not set>
	SID History: Domain_a/aaa
	Logon Hours: All
Additional Information:
	Privileges -

01/28/2020 01:19:59 PM
LogName=Security
SourceName=Microsoft Windows security auditing.
EventCode=4738
EventType=0
Type=Information
ComputerName=ops-sys-003
TaskCategory=User Account Management
OpCode=Info
RecordNumber=6074784
Keywords=Audit Success
Message=A User account was changed.

Subject:
 Security ID:  Domain_D\user_n
 Account Name:  user_n
 Account Domain:  Domain_D
 Logon ID:  0x4D76

Target Account:
 Security ID:  Domain_D\user_m
 Account Name:  user_m
 Account Domain:  Domain_D

Changed Attributes:
 SAM Account Name: user_d
 Display Name:  ccc
 User Principal Name: -
 Home Directory:  \f
 Home Drive:  A:
 Script Path:  \a
 Profile Path:  \a\b
 User Workstations: CCC
 Password Last Set: 2020-01-28 13:19:59 PM
 Account Expires:  <never>
 Primary Group ID: 586
 AllowedToDelegateTo: server_2/computer_b
 Old UAC Value:  D14A03C
 New UAC Value:  E87B900
 User Account Control: SCRIPT - Disabled
 User Parameters: <value not set>
 SID History:  -
 Logon Hours:  Monday 2:00 PM -Tuesday 6:00 PM

Additional Information:
 Privileges:  SeLoadDriverPrivilege

01/28/2020 01:19:59 PM
LogName=Security
SourceName=Microsoft Windows security auditing.
EventCode=4720
EventType=0
Type=Information
ComputerName=HOST-003
TaskCategory=User Account Management
OpCode=Info
RecordNumber=627886082
Keywords=Audit Success
Message=A User account was created. 
Subject: 
	Security ID: Domain_B\user_i
	Account Name: user_i
	Account Domain: Domain_B
	Logon ID: 0x5F25
New Account: 
	Security ID: Domain_B\user_e
	Account Name: user_e
	Account Domain: Domain_B
Attributes: 
	SAM Account Name: user_l
	Display Name: fff
	User Principal Name: ccc@AAA.local
	Home Directory: \a\b
	Home Drive: B:
	Script Path: \a\e
	Profile Path: \a\e
	User Workstations: BBB
	Password Last Set: <never>
	Account Expires: 2020-01-28 13:19:59 PM
	Primary Group ID: 839
	Allowed To Delegate To: -
	Old UAC Value: 78BBD82
	New UAC Value: FDFA2F4
	User Account Control: TRUSTED_FOR_DELEGATION - Disabled
	User Parameters: <value changed, but not displayed>
	SID History: -
	Logon Hours: Monday 2:00 PM -Tuesday 6:00 PM
Additional Information:
	Privileges -

01/28/2020 01:19:59 PM
LogName=Security
SourceName=Microsoft Windows security auditing.
EventCode=4672
EventType=0
Type=Information
ComputerName=BUSDEV-007
TaskCategory=Special Logon
OpCode=Info
RecordNumber=890252179
Keywords=Audit Success
Message=Special privileges assigned to new logon.
Subject:
	Security ID:		Domain_A\user_c
	Account Name:		user_c
	Account Domain:		Domain_A
	Logon ID:		0x5FC9
Privileges:	SeSecurityPrivilege
			SeTakeOwnershipPrivilege
			SeLoadDriverPrivilege
			SeBackupPrivilege
			SeRestorePrivilege
			SeDebugPrivilege
			SeSystemEnvironmentPrivilege
			SeImpersonatePrivilege

01/28/2020 01:19:59 PM
LogName=Security
SourceName=Microsoft Windows security auditing.
EventCode=4672
EventType=0
Type=Information
ComputerName=HOST-004
TaskCategory=Special Logon
OpCode=Info
RecordNumber=606168403
Keywords=Audit Success
Message=Special privileges assigned to new logon.
Subject:
	Security ID:		Domain_A\user_g
	Account Name:		user_g
	Account Domain:		Domain_A
	Logon ID:		0xEB5F
Privileges:	SeSecurityPrivilege
			SeTakeOwnershipPrivilege
			SeLoadDriverPrivilege
			SeBackupPrivilege
			SeRestorePrivilege
			SeDebugPrivilege
			SeSystemEnvironmentPrivilege
			SeImpersonatePrivilege

01/28/2020 01:19:59 PM
LogName=Security
SourceName= Microsoft Windows security auditing.
EventCode=4624
EventType=0
Type=Information
ComputerName=PROD-POS-006
TaskCategory=Logon
OpCode=Info
RecordNumber=602231834
Keywords=Audit Success
Message=An account was successfully logged on.

Subject:
 Security ID:  Domain_E\SYSTEM
 Account Name:  PROD-POS-006
 Account Domain:  Domain_E
 Logon ID:  0x70E4

Logon Information:
 Logon Type:  4
 Restricted Admin Mode: Yes
 Virtual Account:  Yes
 Elevated Token:  Yes

Impersonation Level:  Delegation

New Logon:
 Security ID:  Domain_E\user_l
 Account Name:  user_l
 Account Domain:  Domain_E
 Logon ID:  0xAB37
 Linked Logon ID:  DF08
 Network Account Name: user_c
 Network Account Domain: -
 Logon GUID:  {0887F1E4-39EA-D53C-804F-31D568A06274}

Process Information:
 Process ID:  0x52D8
 Process Name:  C:\Windows\System32\example_a.exe

Network Information:
 Workstation Name: PROD-POS-006
 Source Network Address: 226.10.77.156
 Source Port:  3454

Detailed Authentication Information:
 Logon Process:  User32 
 Authentication Package: Negotiate
 Transited Services: service_B
 Package Name (NTLM only): -
 Key Length:  0

This event is generated when a logon session is created. It is generated on the computer that was accessed.

The subject fields indicate the account on the local system which requested the logon. This is most commonly a service such as the Server service, or a local process such as 6E488.exe or 6E488.exe.

The logon type field indicates the kind of logon that occurred. The most common types are 2 (interactive) and 3 (network).

The New Logon fields indicate the account for whom the new logon was created, i.e. the account that was logged on.

The network fields indicate where a remote logon request originated. Workstation name is not always available and may be left blank in some cases.

The impersonation level field indicates the extent to which a process in the logon session can impersonate.

The authentication information fields provide detailed information about this specific logon request.
 - Logon GUID is a unique identifier that can be used to correlate this event with a KDC event.
 - Transited services indicate which intermediate services have participated in this logon request.
 - Package name indicates which sub-protocol was used among the NTLM protocols.
 - Key length indicates the length of the generated session key. This will be 0 if no session key was requested.


01/28/2020 01:19:58 PM
LogName=Security
SourceName= Microsoft Windows security auditing.
EventCode=4624
EventType=0
Type=Information
ComputerName=COREDEV-004
TaskCategory=Logon
OpCode=Info
RecordNumber=649361631
Keywords=Audit Success
Message=An account was successfully logged on.

Subject:
 Security ID:  Domain_D\SYSTEM
 Account Name:  COREDEV-004
 Account Domain:  Domain_D
 Logon ID:  0x70E4

Logon Information:
 Logon Type:  6
 Restricted Admin Mode: -
 Virtual Account:  No
 Elevated Token:  No

Impersonation Level:  Delegation

New Logon:
 Security ID:  Domain_D\user_j
 Account Name:  user_j
 Account Domain:  Domain_D
 Logon ID:  0xB111
 Linked Logon ID:  66AA
 Network Account Name: user_b
 Network Account Domain: -
 Logon GUID:  {0887F1E4-39EA-D53C-804F-31D568A06274}

Process Information:
 Process ID:  0xB168
 Process Name:  C:\Windows\System32\example_a.exe

Network Information:
 Workstation Name: COREDEV-004
 Source Network Address: 144.83.141.168
 Source Port:  49674

Detailed Authentication Information:
 Logon Process:  User32 
 Authentication Package: Negotiate
 Transited Services: service_B
 Package Name (NTLM only): -
 Key Length:  0

This event is generated when a logon session is created. It is generated on the computer that was accessed.

The subject fields indicate the account on the local system which requested the logon. This is most commonly a service such as the Server service, or a local process such as 1A277.exe or 1A277.exe.

The logon type field indicates the kind of logon that occurred. The most common types are 2 (interactive) and 3 (network).

The New Logon fields indicate the account for whom the new logon was created, i.e. the account that was logged on.

The network fields indicate where a remote logon request originated. Workstation name is not always available and may be left blank in some cases.

The impersonation level field indicates the extent to which a process in the logon session can impersonate.

The authentication information fields provide detailed information about this specific logon request.
 - Logon GUID is a unique identifier that can be used to correlate this event with a KDC event.
 - Transited services indicate which intermediate services have participated in this logon request.
 - Package name indicates which sub-protocol was used among the NTLM protocols.
 - Key length indicates the length of the generated session key. This will be 0 if no session key was requested.


01/28/2020 01:19:58 PM
LogName=Security
SourceName=Microsoft Windows security auditing.
EventCode=4673
EventType=0
Type=Information
ComputerName=SE-005
TaskCategory=Sensitive Privilege Use
OpCode=Info
RecordNumber=499557990
Keywords=Audit Success
Message=A privileged service was called.

Subject:
	Security ID:		Domain_E\user_f
	Account Name:		user_f
	Account Domain:		Domain_E
	Logon ID:		0xA369

Service:
	Server:	NT Local Security Authority / Authentication Service
	Service Name:	LsaRegisterLogonProcess()

Process:
	Process ID:	0xD12A
	Process Name:	C:\Windows\System32\example_c.exe

Service Request Information:
	Privileges:		SeTcbPrivilege

01/28/2020 01:19:58 PM
LogName=Security
SourceName=Microsoft Windows security auditing.
EventCode=4726
EventType=0
Type=Information
ComputerName=SE-001
TaskCategory=User Account Management
OpCode=Info
RecordNumber=933831461
Keywords=Audit Success
Message=A user account was deleted.

Subject:
	Security ID:		Domain_A\user_n
	Account Name:		user_n
	Account Domain:		Domain_A
	Logon ID:		0x4D76

Target Account:
	Security ID:		Domain_A\user_e
	Account Name:		user_e
	Account Domain:		Domain_A

Additional Information:
	Privileges	-

01/28/2020 01:19:58 PM
LogName=Security
SourceName=Microsoft Windows security auditing.
EventCode=4720
EventType=0
Type=Information
ComputerName=BUSDEV-007
TaskCategory=User Account Management
OpCode=Info
RecordNumber=796506368
Keywords=Audit Success
Message=A User account was created. 
Subject: 
	Security ID: Domain_D\user_m
	Account Name: user_m
	Account Domain: Domain_D
	Logon ID: 0x46BA
New Account: 
	Security ID: Domain_D\user_l
	Account Name: user_l
	Account Domain: Domain_D
Attributes: 
	SAM Account Name: user_m
	Display Name: ccc
	User Principal Name: ccc@AAA.local
	Home Directory: <value not set>
	Home Drive: F:
	Script Path: <value not set>
	Profile Path: <value not set>
	User Workstations: AAA
	Password Last Set: <never>
	Account Expires: <never>
	Primary Group ID: 664
	Allowed To Delegate To: server_1/coumputer_a
	Old UAC Value: 2ABC813
	New UAC Value: B072DAA
	User Account Control: NOT_DELEGATED - Enabled
	User Parameters: <value not set>
	SID History: -
	Logon Hours: Tuesday 8:00 PM -Wednesday 10:00 AM
Additional Information:
	Privileges SeSecurityPrivilege

01/28/2020 01:19:58 PM
LogName=Security
SourceName=Microsoft Windows security auditing.
EventCode=4720
EventType=0
Type=Information
ComputerName=SE-006
TaskCategory=User Account Management
OpCode=Info
RecordNumber=778077534
Keywords=Audit Success
Message=A User account was created. 
Subject: 
	Security ID: Domain_C\user_e
	Account Name: user_e
	Account Domain: Domain_C
	Logon ID: 0x0452
New Account: 
	Security ID: Domain_C\user_l
	Account Name: user_l
	Account Domain: Domain_C
Attributes: 
	SAM Account Name: user_f
	Display Name: eee
	User Principal Name: -
	Home Directory: \a\g
	Home Drive: D:
	Script Path: \a\g
	Profile Path: <value not set>
	User Workstations: <value not set>
	Password Last Set: <never>
	Account Expires: <never>
	Primary Group ID: 250
	Allowed To Delegate To: -
	Old UAC Value: 16ECE4B
	New UAC Value: 75CC532
	User Account Control: TRUSTED_FOR_DELEGATION - Disabled
	User Parameters: <value not set>
	SID History: Domain_a/aaa
	Logon Hours: Monday 2:00 PM -Tuesday 6:00 PM
Additional Information:
	Privileges -

01/28/2020 01:19:57 PM
LogName=Security
SourceName=Microsoft Windows security auditing.
EventCode=4688
EventType=0
Type=Information
ComputerName=$SPLUNK_HOME/etc/apps/Splunk_TA_windows/samples/hostname.sample
TaskCategory=Process Creation
OpCode=Info
RecordNumber=727362307
Keywords=Audit Success
Message=A new process has been created.
Subject:
	Security ID:		Domain_E\user_i
	Account Name:		user_i
	Account Domain:		Domain_E
	Logon ID:		0x5F25
Process Information:
	New Process ID:		0xB173
	New Process Name:	C:\Windows\System32\example_c.exe
	Token Elevation Type:	TokenElevationTypeLimited (3)
	Creator Process ID:	0x74F9
Token Elevation Type indicates the type of token that was assigned to the new process in accordance with User Account Control policy.
Type 1 is a full token with no privileges removed or groups disabled.  A full token is only used if User Account Control is disabled or if the User is the built-in Administrator account or a service account.
Type 2 is an elevated token with no privileges removed or groups disabled.  An elevated token is used when User Account Control is enabled and the User chooses to start the program using Run as administrator.  An elevated token is also used when an application is configured to always require administrative privilege or to always require maximum privilege, and the User is a member of the Administrators group.
Type 3 is a limited token with administrative privileges removed and administrative groups disabled.  The limited token is used when User Account Control is enabled, the application does not require administrative privilege, and the User does not choose to start the program using Run as administrator.

01/28/2020 01:19:57 PM
LogName=Security
SourceName=Microsoft Windows security auditing.
EventCode=4738
EventType=0
Type=Information
ComputerName=PROD-MFS-001
TaskCategory=User Account Management
OpCode=Info
RecordNumber=232923745
Keywords=Audit Success
Message=A User account was changed.

Subject:
 Security ID:  Domain_C\user_d
 Account Name:  user_d
 Account Domain:  Domain_C
 Logon ID:  0x3EC3

Target Account:
 Security ID:  Domain_C\user_i
 Account Name:  user_i
 Account Domain:  Domain_C

Changed Attributes:
 SAM Account Name: user_g
 Display Name:  <value not set>
 User Principal Name: bbb@BBB.local
 Home Directory:  \a\e
 Home Drive:  <value not set>
 Script Path:  <value not set>
 Profile Path:  \a\e
 User Workstations: DDD
 Password Last Set: 2020-01-28 13:19:57 PM
 Account Expires:  <never>
 Primary Group ID: 179
 AllowedToDelegateTo: server_2/computer_b
 Old UAC Value:  531786A
 New UAC Value:  364C67D
 User Account Control: PASSWD_CANT_CHANGE - Enabled
 User Parameters: <value not set>
 SID History:  -
 Logon Hours:  All

Additional Information:
 Privileges:  SeTcbPrivilege

01/28/2020 01:19:57 PM
LogName=Security
SourceName=Microsoft Windows security auditing.
EventCode=4739
EventType=0
Type=Information
ComputerName=PROD-MFS-006
TaskCategory=Authentication Policy Change
OpCode=Info
RecordNumber=608052311
Keywords=Audit Success
Message=Domain Policy was changed.

Change Type:		Password Policy modified

Subject:
	Security ID:  Domain_A\user_c
	Account Name:  user_c
	Account Domain:  Domain_A
	Logon ID:  0x5FC9

Domain:
	Domain Name:		Domain_A
	Domain ID:		Domain_A\

Changed Attributes:
	Min. Password Age:	-
	Max. Password Age:	-
	Force Logoff:		-
	Lockout Threshold:	-
	Lockout Observation Window:	-
	Lockout Duration:	-
	Password Properties:	-
	Min. Password Length:	6
	Password History Length:	23
	Machine Account Quota:	-
	Mixed Domain Mode:	-
	Domain Behavior Version:	-
	OEM Information:	-

Additional Information:
	Privileges:		-

01/28/2020 01:19:57 PM
LogName=Security
SourceName=Microsoft Windows security auditing.
EventCode=4724
EventType=0
Type=Information
ComputerName=SE-002
TaskCategory=User Account Management
OpCode=Info
RecordNumber=898953455
Keywords=Audit Success
Message=An attempt was made to reset an account's password.
Subject:
	Security ID:  Domain_A\user_i
	Account Name:  user_i
	Account Domain:  Domain_A
	Logon ID:  0x5F25
Target Account:
	Security ID:  Domain_A\user_k
	Account Name:  user_k
	Account Domain:  Domain_A

01/28/2020 01:19:57 PM
LogName=Security
SourceName=Microsoft Windows security auditing.
EventCode=4672
EventType=0
Type=Information
ComputerName=ACME-005
TaskCategory=Special Logon
OpCode=Info
RecordNumber=338901976
Keywords=Audit Success
Message=Special privileges assigned to new logon.
Subject:
	Security ID:		Domain_A\user_a
	Account Name:		user_a
	Account Domain:		Domain_A
	Logon ID:		0x6C10
Privileges:	SeSecurityPrivilege
			SeTakeOwnershipPrivilege
			SeLoadDriverPrivilege
			SeBackupPrivilege
			SeRestorePrivilege
			SeDebugPrivilege
			SeSystemEnvironmentPrivilege
			SeImpersonatePrivilege

01/28/2020 01:19:57 PM
LogName=Security
SourceName=Microsoft Windows security auditing.
EventCode=4648
EventType=Information
Type=Information
ComputerName=ops-sys-002
TaskCategory=Authentication Policy Change
OpCode=Info
RecordNumber=225064690
Keywords=Audit Success
Message=A logon was attempted using explicit credentials.

Subject:
	Security ID:		WINDOWS\ADSERVER
	Account Name:		GUEST
	Account Domain:		krbtgt
	Logon ID:		0xAFB	Logon GUID:		EB5F

Account Whose Credentials Were Used:
	Account Name:		GUEST
	Account Domain:		krbtgt
	Logon GUID:		EB5F

Target Server:
	Target Server Name:	krbtgt
	Additional Information:	krbtgt

Process Information:
	Process ID:		0xAFB	Process Name:		aa\bb\cc\dd\A483365.exe

Network Information:
	Network Address:	188.0.181.23
	Port:			951

This event is generated when a process attempts to log on an account by explicitly specifying that accounts credentials.  This most commonly occurs in batch-type configurations such as scheduled tasks, or when using the RUNAS command.


01/28/2020 01:19:56 PM
LogName=Security
SourceName=Microsoft Windows security auditing.
EventCode=4739
EventType=0
Type=Information
ComputerName=COREDEV-001
TaskCategory=Authentication Policy Change
OpCode=Info
RecordNumber=377826788
Keywords=Audit Success
Message=Domain Policy was changed.

Change Type:		Password Policy modified

Subject:
	Security ID:  Domain_D\user_k
	Account Name:  user_k
	Account Domain:  Domain_D
	Logon ID:  0xBAC3

Domain:
	Domain Name:		Domain_D
	Domain ID:		Domain_D\

Changed Attributes:
	Min. Password Age:	-
	Max. Password Age:	-
	Force Logoff:		-
	Lockout Threshold:	-
	Lockout Observation Window:	-
	Lockout Duration:	-
	Password Properties:	-
	Min. Password Length:	6
	Password History Length:	23
	Machine Account Quota:	-
	Mixed Domain Mode:	-
	Domain Behavior Version:	-
	OEM Information:	-

Additional Information:
	Privileges:		-

01/28/2020 01:19:56 PM
LogName=Security
SourceName=Microsoft Windows security auditing.
EventCode=4720
EventType=0
Type=Information
ComputerName=HOST-006
TaskCategory=User Account Management
OpCode=Info
RecordNumber=520328661
Keywords=Audit Success
Message=A User account was created. 
Subject: 
	Security ID: Domain_D\user_d
	Account Name: user_d
	Account Domain: Domain_D
	Logon ID: 0x3EC3
New Account: 
	Security ID: Domain_D\user_g
	Account Name: user_g
	Account Domain: Domain_D
Attributes: 
	SAM Account Name: user_l
	Display Name: ccc
	User Principal Name: bbb@BBB.local
	Home Directory: \a\b\c
	Home Drive: E:
	Script Path: \a\b
	Profile Path: \a\g
	User Workstations: CCC
	Password Last Set: 2020-01-28 13:19:56 PM
	Account Expires: <never>
	Primary Group ID: 711
	Allowed To Delegate To: server_2/computer_b
	Old UAC Value: 836AC66
	New UAC Value: 40CF339
	User Account Control: SCRIPT - Enabled
	User Parameters: <value not set>
	SID History: Domain_a/aaa
	Logon Hours: Monday 2:00 PM -Tuesday 6:00 PM
Additional Information:
	Privileges -

01/28/2020 01:19:56 PM
LogName=Security
SourceName=Microsoft Windows security auditing.
EventCode=4738
EventType=0
Type=Information
ComputerName=ops-sys-005
TaskCategory=User Account Management
OpCode=Info
RecordNumber=108238211
Keywords=Audit Success
Message=A User account was changed.

Subject:
 Security ID:  Domain_D\user_i
 Account Name:  user_i
 Account Domain:  Domain_D
 Logon ID:  0x5F25

Target Account:
 Security ID:  Domain_D\user_k
 Account Name:  user_k
 Account Domain:  Domain_D

Changed Attributes:
 SAM Account Name: user_g
 Display Name:  aaa
 User Principal Name: ccc@AAA.local
 Home Directory:  \f
 Home Drive:  B:
 Script Path:  \f
 Profile Path:  <value not set>
 User Workstations: CCC
 Password Last Set: <never>
 Account Expires:  2020-01-28 13:19:56 PM
 Primary Group ID: 880
 AllowedToDelegateTo: -
 Old UAC Value:  26070B5
 New UAC Value:  2AE583D
 User Account Control: LOCKOUT - Disabled
 User Parameters: <value not set>
 SID History:  Domain_b/bbb
 Logon Hours:  Tuesday 8:00 PM -Wednesday 10:00 AM

Additional Information:
 Privileges:  SeRestorePrivilege

01/28/2020 01:19:56 PM
LogName=Security
SourceName=Microsoft Windows security auditing.
EventCode=4738
EventType=0
Type=Information
ComputerName=PROD-POS-005
TaskCategory=User Account Management
OpCode=Info
RecordNumber=92721890
Keywords=Audit Success
Message=A User account was changed.

Subject:
 Security ID:  Domain_D\user_b
 Account Name:  user_b
 Account Domain:  Domain_D
 Logon ID:  0x3A81

Target Account:
 Security ID:  Domain_D\user_l
 Account Name:  user_l
 Account Domain:  Domain_D

Changed Attributes:
 SAM Account Name: user_n
 Display Name:  aaa
 User Principal Name: bbb@BBB.local
 Home Directory:  \f
 Home Drive:  D:
 Script Path:  \f
 Profile Path:  \a\b\c
 User Workstations: <value not set>
 Password Last Set: <never>
 Account Expires:  2020-01-28 13:19:56 PM
 Primary Group ID: 852
 AllowedToDelegateTo: -
 Old UAC Value:  261B164
 New UAC Value:  62EF94E
 User Account Control: TRUSTED_TO_AUTH_FOR_DELEGATION - Disabled
 User Parameters: <value not set>
 SID History:  Domain_a/aaa
 Logon Hours:  Tuesday 8:00 PM -Wednesday 10:00 AM

Additional Information:
 Privileges:  SeLoadDriverPrivilege

01/28/2020 01:19:56 PM
LogName=Security
SourceName=Microsoft Windows security auditing.
EventCode=4724
EventType=0
Type=Information
ComputerName=BUSDEV-002
TaskCategory=User Account Management
OpCode=Info
RecordNumber=942653868
Keywords=Audit Failure
Message=An attempt was made to reset an account's password.
Subject:
	Security ID:  Domain_E\user_f
	Account Name:  user_f
	Account Domain:  Domain_E
	Logon ID:  0xA369
Target Account:
	Security ID:  Domain_E\user_f
	Account Name:  user_f
	Account Domain:  Domain_E

01/28/2020 01:19:56 PM
LogName=Security
SourceName= Microsoft Windows security auditing.
EventCode=4624
EventType=0
Type=Information
ComputerName=SE-003
TaskCategory=Logon
OpCode=Info
RecordNumber=954006465
Keywords=Audit Success
Message=An account was successfully logged on.

Subject:
 Security ID:  Domain_B\SYSTEM
 Account Name:  SE-003
 Account Domain:  Domain_B
 Logon ID:  0x70E4

Logon Information:
 Logon Type:  6
 Restricted Admin Mode: No
 Virtual Account:  No
 Elevated Token:  Yes

Impersonation Level:  Delegation

New Logon:
 Security ID:  Domain_B\user_n
 Account Name:  user_n
 Account Domain:  Domain_B
 Logon ID:  0x4D76
 Linked Logon ID:  4FA6
 Network Account Name: -
 Network Account Domain: -
 Logon GUID:  {27C4A2F2-13CA-AA25-E903-D31268740239}

Process Information:
 Process ID:  0x748D
 Process Name:  C:\Windows\System32\example_e.exe

Network Information:
 Workstation Name: SE-003
 Source Network Address: 200.159.75.150
 Source Port:  37511

Detailed Authentication Information:
 Logon Process:  User32 
 Authentication Package: Kerberos
 Transited Services: -
 Package Name (NTLM only): -
 Key Length:  0

This event is generated when a logon session is created. It is generated on the computer that was accessed.

The subject fields indicate the account on the local system which requested the logon. This is most commonly a service such as the Server service, or a local process such as A7E72.exe or A7E72.exe.

The logon type field indicates the kind of logon that occurred. The most common types are 2 (interactive) and 3 (network).

The New Logon fields indicate the account for whom the new logon was created, i.e. the account that was logged on.

The network fields indicate where a remote logon request originated. Workstation name is not always available and may be left blank in some cases.

The impersonation level field indicates the extent to which a process in the logon session can impersonate.

The authentication information fields provide detailed information about this specific logon request.
 - Logon GUID is a unique identifier that can be used to correlate this event with a KDC event.
 - Transited services indicate which intermediate services have participated in this logon request.
 - Package name indicates which sub-protocol was used among the NTLM protocols.
 - Key length indicates the length of the generated session key. This will be 0 if no session key was requested.


01/28/2020 01:19:56 PM
LogName=Security
SourceName=Microsoft Windows security auditing.
EventCode=4776
EventType=0
Type=Information
ComputerName=HOST-006
TaskCategory=Credential Validation
OpCode=Info
RecordNumber=39610442
Keywords=Audit Success
Message=The computer attempted to validate the credentials for an account.
Authentication Package: MICROSOFT_AUTHENTICATION_PACKAGE_V1_0
Logon Account: user_b
Source Workstation: HOST-006
Error Code: 0x0

01/28/2020 01:19:55 PM
LogName=Security
SourceName=Microsoft Windows security auditing.
EventCode=4688
EventType=0
Type=Information
ComputerName=$SPLUNK_HOME/etc/apps/Splunk_TA_windows/samples/hostname.sample
TaskCategory=Process Creation
OpCode=Info
RecordNumber=933716496
Keywords=Audit Success
Message=A new process has been created.
Subject:
	Security ID:		Domain_D\user_n
	Account Name:		user_n
	Account Domain:		Domain_D
	Logon ID:		0x4D76
Process Information:
	New Process ID:		0x0342
	New Process Name:	C:\Windows\System32\example_b.exe
	Token Elevation Type:	TokenElevationTypeDefault (1)
	Creator Process ID:	0xB1BD
Token Elevation Type indicates the type of token that was assigned to the new process in accordance with User Account Control policy.
Type 1 is a full token with no privileges removed or groups disabled.  A full token is only used if User Account Control is disabled or if the User is the built-in Administrator account or a service account.
Type 2 is an elevated token with no privileges removed or groups disabled.  An elevated token is used when User Account Control is enabled and the User chooses to start the program using Run as administrator.  An elevated token is also used when an application is configured to always require administrative privilege or to always require maximum privilege, and the User is a member of the Administrators group.
Type 3 is a limited token with administrative privileges removed and administrative groups disabled.  The limited token is used when User Account Control is enabled, the application does not require administrative privilege, and the User does not choose to start the program using Run as administrator.

01/28/2020 01:19:55 PM
LogName=Security
SourceName=Microsoft Windows security auditing.
EventCode=4717
EventType=0
Type=Information
ComputerName=BUSDEV-003
TaskCategory=Authentication Policy Change
OpCode=Info
RecordNumber=366863888
Keywords=Audit Success
Message=System security access was granted to an account.

Subject:
	Security ID:		Domain_C\SYSTEM
	Account Name:		BUSDEV-003
	Account Domain:		Domain_C
	Logon ID:		0xA19C

Account Modified:
	Account Name:		Domain_C\user_h

Access Granted:
	Access Right:		SeNetworkLogonRight

01/28/2020 01:19:55 PM
LogName=Security
SourceName=Microsoft Windows security auditing.
EventCode=4724
EventType=0
Type=Information
ComputerName=BUSDEV-008
TaskCategory=User Account Management
OpCode=Info
RecordNumber=380945224
Keywords=Audit Failure
Message=An attempt was made to reset an account's password.
Subject:
	Security ID:  Domain_B\user_e
	Account Name:  user_e
	Account Domain:  Domain_B
	Logon ID:  0x0452
Target Account:
	Security ID:  Domain_B\user_a
	Account Name:  user_a
	Account Domain:  Domain_B

01/28/2020 01:19:55 PM 
LogName=Security 
SourceName=Microsoft Windows security auditing.
EventCode=4740 
EventType=0 
Type=Information
ComputerName=PROD-MFS-001 
TaskCategory=User Account Management
OpCode=Info 
RecordNumber=542305740
Keywords=Audit Success
Message=A user account was locked out. 
Subject: 
	Security ID: Domain_A\user_n 
	Account Name: user_n
	Account Domain: Domain_A
	Logon ID: 0x4D76
Account That Was Locked Out: 
	Security ID: Domain_A\user_l 
	Account Name: user_l
Additional Information: 
	Caller Computer Name: PROD-MFS-001

01/28/2020 01:19:55 PM
LogName=Security
SourceName=Microsoft Windows security auditing.
EventCode=4720
EventType=0
Type=Information
ComputerName=COREDEV-001
TaskCategory=User Account Management
OpCode=Info
RecordNumber=951025010
Keywords=Audit Success
Message=A User account was created. 
Subject: 
	Security ID: Domain_B\user_g
	Account Name: user_g
	Account Domain: Domain_B
	Logon ID: 0xEB5F
New Account: 
	Security ID: Domain_B\user_c
	Account Name: user_c
	Account Domain: Domain_B
Attributes: 
	SAM Account Name: user_g
	Display Name: ddd
	User Principal Name: bbb@BBB.local
	Home Directory: \a\g
	Home Drive: D:
	Script Path: \a\b\c
	Profile Path: \f
	User Workstations: <value not set>
	Password Last Set: <never>
	Account Expires: 2020-01-28 13:19:55 PM
	Primary Group ID: 589
	Allowed To Delegate To: server_1/coumputer_a
	Old UAC Value: E2D34E3
	New UAC Value: 0924A9B
	User Account Control: DONT_EXPIRE_PASSWORD - Disabled
	User Parameters: <value not set>
	SID History: Domain_b/bbb
	Logon Hours: Monday 2:00 PM -Tuesday 6:00 PM
Additional Information:
	Privileges -

