01/28/2020 01:22:14 PM
LogName=Security
SourceName=Microsoft Windows security auditing.
EventCode=4726
EventType=0
Type=Information
ComputerName=BUSDEV-001
TaskCategory=User Account Management
OpCode=Info
RecordNumber=524033484
Keywords=Audit Success
Message=A user account was deleted.

Subject:
	Security ID:		Domain_B\user_d
	Account Name:		user_d
	Account Domain:		Domain_B
	Logon ID:		0x3EC3

Target Account:
	Security ID:		Domain_B\user_i
	Account Name:		user_i
	Account Domain:		Domain_B

Additional Information:
	Privileges	SeDebugPrivilege

01/28/2020 01:22:10 PM
LogName=Security
SourceName=Microsoft Windows security auditing.
EventCode=4634
EventType=Information
Type=Information
ComputerName=COREDEV-003
TaskCategory=Authentication Policy Change
OpCode=Info
RecordNumber=659308697
Keywords=Audit Success
Message=An account was logged off.

Subject:
	Security ID:		NT AUTHORITY\SYSTEM
	Account Name:		ABCDE
	Account Domain:		WINDOWS
	Logon ID:		0xF8BA644

Logon Type:		18

This event is generated when a logon session is destroyed. It may be positively correlated with a logon event using the Logon ID value. Logon IDs are only unique between reboots on the same computer.


01/28/2020 01:22:09 PM
LogName=Security
SourceName=Microsoft Windows security auditing.
EventCode=4776
EventType=0
Type=Information
ComputerName=HOST-002
TaskCategory=Credential Validation
OpCode=Info
RecordNumber=158174246
Keywords=Failure Audit
Message=The computer attempted to validate the credentials for an account.
Authentication Package: MICROSOFT_AUTHENTICATION_PACKAGE_V1_0
Logon Account: user_f
Source Workstation: HOST-002
Error Code: 0xC000006A

01/28/2020 01:22:08 PM 
LogName=Security 
SourceName=Microsoft Windows security auditing.
EventCode=4740 
EventType=0 
Type=Information
ComputerName=PROD-POS-006 
TaskCategory=User Account Management
OpCode=Info 
RecordNumber=798536011
Keywords=Audit Success
Message=A user account was locked out. 
Subject: 
	Security ID: Domain_B\user_d 
	Account Name: user_d
	Account Domain: Domain_B
	Logon ID: 0x3EC3
Account That Was Locked Out: 
	Security ID: Domain_B\user_c 
	Account Name: user_c
Additional Information: 
	Caller Computer Name: PROD-POS-006

01/28/2020 01:22:06 PM 
LogName=Security 
SourceName=Microsoft Windows security auditing.
EventCode=4740 
EventType=0 
Type=Information
ComputerName=SE-002 
TaskCategory=User Account Management
OpCode=Info 
RecordNumber=579534101
Keywords=Audit Success
Message=A user account was locked out. 
Subject: 
	Security ID: Domain_D\user_e 
	Account Name: user_e
	Account Domain: Domain_D
	Logon ID: 0x0452
Account That Was Locked Out: 
	Security ID: Domain_D\user_d 
	Account Name: user_d
Additional Information: 
	Caller Computer Name: SE-002

01/28/2020 01:22:05 PM
LogName=Security
SourceName=Microsoft Windows security auditing.
EventCode=4672
EventType=0
Type=Information
ComputerName=ops-sys-003
TaskCategory=Special Logon
OpCode=Info
RecordNumber=530774313
Keywords=Audit Success
Message=Special privileges assigned to new logon.
Subject:
	Security ID:		Domain_B\user_n
	Account Name:		user_n
	Account Domain:		Domain_B
	Logon ID:		0x4D76
Privileges:	SeSecurityPrivilege
			SeTakeOwnershipPrivilege
			SeLoadDriverPrivilege
			SeBackupPrivilege
			SeRestorePrivilege
			SeDebugPrivilege
			SeSystemEnvironmentPrivilege
			SeImpersonatePrivilege

01/28/2020 01:22:05 PM
LogName=Security
SourceName=Microsoft Windows security auditing.
EventCode=4688
EventType=0
Type=Information
ComputerName=$SPLUNK_HOME/etc/apps/Splunk_TA_windows/samples/hostname.sample
TaskCategory=Process Creation
OpCode=Info
RecordNumber=120502497
Keywords=Audit Success
Message=A new process has been created.
Subject:
	Security ID:		Domain_B\user_e
	Account Name:		user_e
	Account Domain:		Domain_B
	Logon ID:		0x0452
Process Information:
	New Process ID:		0x418C
	New Process Name:	C:\Windows\System32\example_g.exe
	Token Elevation Type:	TokenElevationTypeLimited (3)
	Creator Process ID:	0x8ABB
Token Elevation Type indicates the type of token that was assigned to the new process in accordance with User Account Control policy.
Type 1 is a full token with no privileges removed or groups disabled.  A full token is only used if User Account Control is disabled or if the User is the built-in Administrator account or a service account.
Type 2 is an elevated token with no privileges removed or groups disabled.  An elevated token is used when User Account Control is enabled and the User chooses to start the program using Run as administrator.  An elevated token is also used when an application is configured to always require administrative privilege or to always require maximum privilege, and the User is a member of the Administrators group.
Type 3 is a limited token with administrative privileges removed and administrative groups disabled.  The limited token is used when User Account Control is enabled, the application does not require administrative privilege, and the User does not choose to start the program using Run as administrator.

01/28/2020 01:22:00 PM
LogName=Security
SourceName=Microsoft Windows security auditing.
EventCode=4648
EventType=0
Type=Information
ComputerName=ACME-002
TaskCategory=Logon
OpCode=Info
RecordNumber=380476679
Keywords=Audit Success
Message=A logon was attempted using explicit credentials.
Subject:
	Security ID:  Domain_B\SYSTEM
	Account Name:  ACME-002
	Account Domain:  Domain_B
	Logon ID:  0x70E4
	Logon GUID:		{00000000-0000-0000-0000-000000000000}
Account Whose Credentials Were Used:
	Account Name:		LoveHer
	Account Domain:		Domain_B
	Logon GUID:		{221B21A6-1AE2-3F9A-24EF-22C392AC2A47}
Target Server:
	Target Server Name:	Server_D.com
	Additional Information:	Server_D.com
Process Information:
	Process ID:		8A3C
	Process Name:		C:\Windows\System32\example_f.exe
Network Information:
	Network Address:	-
	Port:			24717
This event is generated when a process attempts to log on an account by explicitly specifying that account's credentials. This most commonly occurs in batch-type configurations such as scheduled tasks, or when using the RUNAS command.

01/28/2020 01:21:59 PM
LogName=Security
SourceName=Microsoft Windows security auditing.
EventCode=4743
EventType=0
Type=Information
ComputerName=ACME-003
TaskCategory=Computer Account Management
OpCode=Info
RecordNumber=707366309
Keywords=Audit Success
Message=A computer account was deleted.

Subject:
	Security ID:		Domain_B\user_l
	Account Name:		user_l
	Account Domain:		Domain_B
	Logon ID:		0xAB37

Target Computer:
	Security ID:		Domain_B\user_a
	Account Name:		user_a
	Account Domain:		Domain_B

Additional Information:
	Privileges:	SeDebugPrivilege

01/28/2020 01:21:59 PM
LogName=Security
SourceName=Microsoft Windows security auditing.
EventCode=4738
EventType=0
Type=Information
ComputerName=ACME-002
TaskCategory=User Account Management
OpCode=Info
RecordNumber=45175204
Keywords=Audit Success
Message=A User account was changed.

Subject:
 Security ID:  Domain_C\user_c
 Account Name:  user_c
 Account Domain:  Domain_C
 Logon ID:  0x5FC9

Target Account:
 Security ID:  Domain_C\user_a
 Account Name:  user_a
 Account Domain:  Domain_C

Changed Attributes:
 SAM Account Name: user_c
 Display Name:  eee
 User Principal Name: ddd@BBB.local
 Home Directory:  \a\b\c
 Home Drive:  E:
 Script Path:  \f
 Profile Path:  \a\b\c
 User Workstations: AAA
 Password Last Set: <never>
 Account Expires:  <never>
 Primary Group ID: 602
 AllowedToDelegateTo: server_2/computer_b
 Old UAC Value:  4641D59
 New UAC Value:  0F2F7A2
 User Account Control: WORKSTATION_TRUST_ACCOUNT - Disabled
 User Parameters: <value changed, but not displayed>
 SID History:  Domain_a/aaa
 Logon Hours:  Tuesday 8:00 PM -Wednesday 10:00 AM

Additional Information:
 Privileges:  SeTakeOwnershipPrivilege

01/28/2020 01:21:59 PM
LogName=Security
SourceName=Microsoft Windows security auditing.
EventCode=4648
EventType=0
Type=Information
ComputerName=COREDEV-006
TaskCategory=Logon
OpCode=Info
RecordNumber=605199584
Keywords=Audit Success
Message=A logon was attempted using explicit credentials.
Subject:
	Security ID:  Domain_C\SYSTEM
	Account Name:  COREDEV-006
	Account Domain:  Domain_C
	Logon ID:  0x70E4
	Logon GUID:		{00000000-0000-0000-0000-000000000000}
Account Whose Credentials Were Used:
	Account Name:		WorldOfMattL
	Account Domain:		Domain_C
	Logon GUID:		{27C4A2F2-13CA-AA25-E903-D31268740239}
Target Server:
	Target Server Name:	Server_A.com
	Additional Information:	Server_A.com
Process Information:
	Process ID:		637F
	Process Name:		C:\Windows\System32\example_g.exe
Network Information:
	Network Address:	48.77.127.233
	Port:			-
This event is generated when a process attempts to log on an account by explicitly specifying that account's credentials. This most commonly occurs in batch-type configurations such as scheduled tasks, or when using the RUNAS command.

01/28/2020 01:21:59 PM
LogName=Security
SourceName=Microsoft Windows security auditing.
EventCode=4673
EventType=0
Type=Information
ComputerName=PROD-MFS-002
TaskCategory=Sensitive Privilege Use
OpCode=Info
RecordNumber=419412558
Keywords=Audit Success
Message=A privileged service was called.

Subject:
	Security ID:		Domain_B\user_f
	Account Name:		user_f
	Account Domain:		Domain_B
	Logon ID:		0xA369

Service:
	Server:	NT Local Security Authority / Authentication Service
	Service Name:	LsaRegisterLogonProcess()

Process:
	Process ID:	0x03DD
	Process Name:	C:\Windows\System32\example_a.exe

Service Request Information:
	Privileges:		SeDelegateSessionUserImpersonatePrivilege

01/28/2020 01:21:57 PM
LogName=Security
SourceName=Microsoft Windows security auditing.
EventCode=4739
EventType=0
Type=Information
ComputerName=BUSDEV-005
TaskCategory=Authentication Policy Change
OpCode=Info
RecordNumber=267525685
Keywords=Audit Success
Message=Domain Policy was changed.

Change Type:		Password Policy modified

Subject:
	Security ID:  Domain_E\user_n
	Account Name:  user_n
	Account Domain:  Domain_E
	Logon ID:  0x4D76

Domain:
	Domain Name:		Domain_E
	Domain ID:		Domain_E\

Changed Attributes:
	Min. Password Age:	-
	Max. Password Age:	-
	Force Logoff:		-
	Lockout Threshold:	-
	Lockout Observation Window:	-
	Lockout Duration:	-
	Password Properties:	-
	Min. Password Length:	6
	Password History Length:	23
	Machine Account Quota:	-
	Mixed Domain Mode:	-
	Domain Behavior Version:	-
	OEM Information:	-

Additional Information:
	Privileges:		-

01/28/2020 01:21:56 PM
LogName=Security
SourceName=Microsoft-Windows-Eventlog
EventCode=1102
EventType=4
Type=Information
ComputerName=BUSDEV-008
TaskCategory=Log clear
OpCode=Info
RecordNumber=779473611
Keywords=Audit Success
Message=The audit log was cleared.
Subject:
	Security ID:		Domain_A\user_d
	Account Name:		user_d
	Account Domain:		Domain_A
	Logon ID:		0x3EC3

01/28/2020 01:21:56 PM
LogName=Security
SourceName=Microsoft Windows security auditing.
EventCode=4724
EventType=0
Type=Information
ComputerName=SE-006
TaskCategory=User Account Management
OpCode=Info
RecordNumber=98976887
Keywords=Audit Failure
Message=An attempt was made to reset an account's password.
Subject:
	Security ID:  Domain_E\user_h
	Account Name:  user_h
	Account Domain:  Domain_E
	Logon ID:  0xA19C
Target Account:
	Security ID:  Domain_E\user_h
	Account Name:  user_h
	Account Domain:  Domain_E

01/28/2020 01:21:55 PM
LogName=Security
SourceName=Microsoft Windows security auditing.
EventCode=4718
EventType=0
Type=Information
ComputerName=HOST-004
TaskCategory=Authentication Policy Change
OpCode=Info
RecordNumber=517608375
Keywords=Audit Success
Message=System security access was removed from an account.

Subject:
	Security ID:		Domain_D\SYSTEM
	Account Name:		HOST-004
	Account Domain:		Domain_D
	Logon ID:		0x5F25

Account Modified:
	Account Name:		Domain_D\user_i

Access Removed:
	Access Right:		SeRemoteInteractiveLogonRight

01/28/2020 01:21:55 PM
LogName=Security
SourceName=Microsoft Windows security auditing.
EventCode=4738
EventType=0
Type=Information
ComputerName=HOST-003
TaskCategory=User Account Management
OpCode=Info
RecordNumber=975659116
Keywords=Audit Success
Message=A User account was changed.

Subject:
 Security ID:  Domain_D\user_g
 Account Name:  user_g
 Account Domain:  Domain_D
 Logon ID:  0xEB5F

Target Account:
 Security ID:  Domain_D\user_l
 Account Name:  user_l
 Account Domain:  Domain_D

Changed Attributes:
 SAM Account Name: user_h
 Display Name:  aaa
 User Principal Name: ddd@BBB.local
 Home Directory:  \a\e
 Home Drive:  F:
 Script Path:  \a\g
 Profile Path:  \a\b\c
 User Workstations: EEE
 Password Last Set: 2020-01-28 13:21:55 PM
 Account Expires:  2020-01-28 13:21:55 PM
 Primary Group ID: 485
 AllowedToDelegateTo: server_1/coumputer_a
 Old UAC Value:  A331460
 New UAC Value:  F44C600
 User Account Control: WORKSTATION_TRUST_ACCOUNT - Enabled
 User Parameters: <value changed, but not displayed>
 SID History:  Domain_b/bbb
 Logon Hours:  Tuesday 8:00 PM -Wednesday 10:00 AM

Additional Information:
 Privileges:  SeLoadDriverPrivilege

01/28/2020 01:21:55 PM
LogName=Security
SourceName=Microsoft Windows security auditing.
EventCode=4720
EventType=0
Type=Information
ComputerName=HOST-006
TaskCategory=User Account Management
OpCode=Info
RecordNumber=128477813
Keywords=Audit Success
Message=A User account was created. 
Subject: 
	Security ID: Domain_B\user_l
	Account Name: user_l
	Account Domain: Domain_B
	Logon ID: 0xAB37
New Account: 
	Security ID: Domain_B\user_f
	Account Name: user_f
	Account Domain: Domain_B
Attributes: 
	SAM Account Name: user_f
	Display Name: eee
	User Principal Name: ccc@AAA.local
	Home Directory: \a\b\c
	Home Drive: B:
	Script Path: <value not set>
	Profile Path: \a\b\c
	User Workstations: CCC
	Password Last Set: 2020-01-28 13:21:55 PM
	Account Expires: 2020-01-28 13:21:55 PM
	Primary Group ID: 496
	Allowed To Delegate To: -
	Old UAC Value: B724C33
	New UAC Value: 5DAC69E
	User Account Control: NORMAL_ACCOUNT - Enabled
	User Parameters: <value not set>
	SID History: -
	Logon Hours: All
Additional Information:
	Privileges -

01/28/2020 01:21:55 PM
LogName=Security
SourceName= Microsoft Windows security auditing.
EventCode=4624
EventType=0
Type=Information
ComputerName=PROD-POS-002
TaskCategory=Logon
OpCode=Info
RecordNumber=999043306
Keywords=Audit Success
Message=An account was successfully logged on.

Subject:
 Security ID:  Domain_B\SYSTEM
 Account Name:  PROD-POS-002
 Account Domain:  Domain_B
 Logon ID:  0x70E4

Logon Information:
 Logon Type:  2
 Restricted Admin Mode: Yes
 Virtual Account:  No
 Elevated Token:  Yes

Impersonation Level:  Delegation

New Logon:
 Security ID:  Domain_B\user_d
 Account Name:  user_d
 Account Domain:  Domain_B
 Logon ID:  0x3EC3
 Linked Logon ID:  0A7C
 Network Account Name: -
 Network Account Domain: Domain_A
 Logon GUID:  {221B21A6-1AE2-3F9A-24EF-22C392AC2A47}

Process Information:
 Process ID:  0xF83C
 Process Name:  C:\Windows\System32\example_f.exe

Network Information:
 Workstation Name: PROD-POS-002
 Source Network Address: 237.42.135.113
 Source Port:  56848

Detailed Authentication Information:
 Logon Process:  User32 
 Authentication Package: Negotiate
 Transited Services: -
 Package Name (NTLM only): -
 Key Length:  0

This event is generated when a logon session is created. It is generated on the computer that was accessed.

The subject fields indicate the account on the local system which requested the logon. This is most commonly a service such as the Server service, or a local process such as 1635E.exe or 1635E.exe.

The logon type field indicates the kind of logon that occurred. The most common types are 2 (interactive) and 3 (network).

The New Logon fields indicate the account for whom the new logon was created, i.e. the account that was logged on.

The network fields indicate where a remote logon request originated. Workstation name is not always available and may be left blank in some cases.

The impersonation level field indicates the extent to which a process in the logon session can impersonate.

The authentication information fields provide detailed information about this specific logon request.
 - Logon GUID is a unique identifier that can be used to correlate this event with a KDC event.
 - Transited services indicate which intermediate services have participated in this logon request.
 - Package name indicates which sub-protocol was used among the NTLM protocols.
 - Key length indicates the length of the generated session key. This will be 0 if no session key was requested.


01/28/2020 01:21:54 PM
LogName=Security
SourceName=Microsoft Windows security auditing.
EventCode=4718
EventType=0
Type=Information
ComputerName=PROD-MFS-002
TaskCategory=Authentication Policy Change
OpCode=Info
RecordNumber=359549707
Keywords=Audit Success
Message=System security access was removed from an account.

Subject:
	Security ID:		Domain_B\SYSTEM
	Account Name:		PROD-MFS-002
	Account Domain:		Domain_B
	Logon ID:		0x5F25

Account Modified:
	Account Name:		Domain_B\user_i

Access Removed:
	Access Right:		SeNetworkLogonRight

01/28/2020 01:21:52 PM
LogName=Security
SourceName=Microsoft Windows security auditing.
EventCode=4672
EventType=0
Type=Information
ComputerName=HOST-004
TaskCategory=Special Logon
OpCode=Info
RecordNumber=574776322
Keywords=Audit Success
Message=Special privileges assigned to new logon.
Subject:
	Security ID:		Domain_A\user_e
	Account Name:		user_e
	Account Domain:		Domain_A
	Logon ID:		0x0452
Privileges:	SeSecurityPrivilege
			SeTakeOwnershipPrivilege
			SeLoadDriverPrivilege
			SeBackupPrivilege
			SeRestorePrivilege
			SeDebugPrivilege
			SeSystemEnvironmentPrivilege
			SeImpersonatePrivilege

01/28/2020 01:21:51 PM
LogName=Security
SourceName=Microsoft Windows security auditing.
EventCode=4720
EventType=0
Type=Information
ComputerName=COREDEV-001
TaskCategory=User Account Management
OpCode=Info
RecordNumber=524323837
Keywords=Audit Success
Message=A User account was created. 
Subject: 
	Security ID: Domain_C\user_h
	Account Name: user_h
	Account Domain: Domain_C
	Logon ID: 0xA19C
New Account: 
	Security ID: Domain_C\user_j
	Account Name: user_j
	Account Domain: Domain_C
Attributes: 
	SAM Account Name: user_l
	Display Name: ddd
	User Principal Name: -
	Home Directory: \a\g
	Home Drive: <value not set>
	Script Path: \a\e
	Profile Path: \a\e
	User Workstations: <value not set>
	Password Last Set: 2020-01-28 13:21:51 PM
	Account Expires: <never>
	Primary Group ID: 756
	Allowed To Delegate To: -
	Old UAC Value: 50E0C12
	New UAC Value: D49DAC1
	User Account Control: SERVER_TRUST_ACCOUNT - Disabled
	User Parameters: <value not set>
	SID History: Domain_b/bbb
	Logon Hours: Tuesday 8:00 PM -Wednesday 10:00 AM
Additional Information:
	Privileges -

01/28/2020 01:21:51 PM
LogName=Security
SourceName=Microsoft Windows security auditing.
EventCode=4739
EventType=0
Type=Information
ComputerName=PROD-MFS-004
TaskCategory=Authentication Policy Change
OpCode=Info
RecordNumber=585990202
Keywords=Audit Success
Message=Domain Policy was changed.

Change Type:		Password Policy modified

Subject:
	Security ID:  Domain_B\user_i
	Account Name:  user_i
	Account Domain:  Domain_B
	Logon ID:  0x5F25

Domain:
	Domain Name:		Domain_B
	Domain ID:		Domain_B\

Changed Attributes:
	Min. Password Age:	-
	Max. Password Age:	-
	Force Logoff:		-
	Lockout Threshold:	-
	Lockout Observation Window:	-
	Lockout Duration:	-
	Password Properties:	-
	Min. Password Length:	6
	Password History Length:	23
	Machine Account Quota:	-
	Mixed Domain Mode:	-
	Domain Behavior Version:	-
	OEM Information:	-

Additional Information:
	Privileges:		-

01/28/2020 01:21:50 PM
LogName=Security
SourceName=Microsoft Windows security auditing.
EventCode=4724
EventType=0
Type=Information
ComputerName=BUSDEV-008
TaskCategory=User Account Management
OpCode=Info
RecordNumber=497123608
Keywords=Audit Failure
Message=An attempt was made to reset an account's password.
Subject:
	Security ID:  Domain_C\user_b
	Account Name:  user_b
	Account Domain:  Domain_C
	Logon ID:  0x3A81
Target Account:
	Security ID:  Domain_C\user_f
	Account Name:  user_f
	Account Domain:  Domain_C

01/28/2020 01:21:49 PM
LogName=Security
SourceName=Microsoft Windows security auditing.
EventCode=4743
EventType=0
Type=Information
ComputerName=ACME-004
TaskCategory=Computer Account Management
OpCode=Info
RecordNumber=609618275
Keywords=Audit Success
Message=A computer account was deleted.

Subject:
	Security ID:		Domain_B\user_c
	Account Name:		user_c
	Account Domain:		Domain_B
	Logon ID:		0x5FC9

Target Computer:
	Security ID:		Domain_B\user_c
	Account Name:		user_c
	Account Domain:		Domain_B

Additional Information:
	Privileges:	SeTcbPrivilege

01/28/2020 01:21:49 PM
LogName=Security
SourceName=Microsoft Windows security auditing.
EventCode=4718
EventType=0
Type=Information
ComputerName=SE-005
TaskCategory=Authentication Policy Change
OpCode=Info
RecordNumber=850602555
Keywords=Audit Success
Message=System security access was removed from an account.

Subject:
	Security ID:		Domain_E\SYSTEM
	Account Name:		SE-005
	Account Domain:		Domain_E
	Logon ID:		0xA19C

Account Modified:
	Account Name:		Domain_E\user_h

Access Removed:
	Access Right:		SeRemoteInteractiveLogonRight

01/28/2020 01:21:47 PM
LogName=Security
SourceName=Microsoft Windows security auditing.
EventCode=4717
EventType=0
Type=Information
ComputerName=COREDEV-005
TaskCategory=Authentication Policy Change
OpCode=Info
RecordNumber=724341244
Keywords=Audit Success
Message=System security access was granted to an account.

Subject:
	Security ID:		Domain_B\SYSTEM
	Account Name:		COREDEV-005
	Account Domain:		Domain_B
	Logon ID:		0x46BA

Account Modified:
	Account Name:		Domain_B\user_m

Access Granted:
	Access Right:		SeInteractiveLogonRight

01/28/2020 01:21:47 PM
LogName=Security
SourceName=Microsoft Windows security auditing.
EventCode=4743
EventType=0
Type=Information
ComputerName=COREDEV-003
TaskCategory=Computer Account Management
OpCode=Info
RecordNumber=736010504
Keywords=Audit Success
Message=A computer account was deleted.

Subject:
	Security ID:		Domain_C\user_e
	Account Name:		user_e
	Account Domain:		Domain_C
	Logon ID:		0x0452

Target Computer:
	Security ID:		Domain_C\user_h
	Account Name:		user_h
	Account Domain:		Domain_C

Additional Information:
	Privileges:	SeAuditPrivilege

01/28/2020 01:21:47 PM
LogName=Security
SourceName=Microsoft-Windows-Eventlog
EventCode=1102
EventType=4
Type=Information
ComputerName=PROD-POS-005
TaskCategory=Log clear
OpCode=Info
RecordNumber=980029755
Keywords=Audit Success
Message=The audit log was cleared.
Subject:
	Security ID:		Domain_B\user_l
	Account Name:		user_l
	Account Domain:		Domain_B
	Logon ID:		0xAB37

01/28/2020 01:21:46 PM
LogName=Security
SourceName=Microsoft Windows security auditing.
EventCode=4726
EventType=0
Type=Information
ComputerName=HOST-002
TaskCategory=User Account Management
OpCode=Info
RecordNumber=281428020
Keywords=Audit Success
Message=A user account was deleted.

Subject:
	Security ID:		Domain_D\user_i
	Account Name:		user_i
	Account Domain:		Domain_D
	Logon ID:		0x5F25

Target Account:
	Security ID:		Domain_D\user_l
	Account Name:		user_l
	Account Domain:		Domain_D

Additional Information:
	Privileges	-

01/28/2020 01:21:46 PM
LogName=Security
SourceName=Microsoft Windows security auditing.
EventCode=4689
EventType=0
Type=Information
ComputerName=ACME-004
TaskCategory=Process Termination
OpCode=Info
RecordNumber=116537530
Keywords=Audit Success
Message=A process has exited.

Subject:
	Security ID:		Domain_C\user_e
	Account Name:		user_e
	Account Domain:		Domain_C
	Logon ID:		0x0452

Process Information:
	Process ID:	0x7185
	Process Name:	C:\Windows\System32\example_d.exe
	Exit Status:	0xF9B3B7

01/28/2020 01:21:45 PM 
LogName=Security 
SourceName=Microsoft Windows security auditing.
EventCode=4740 
EventType=0 
Type=Information
ComputerName=ops-sys-004 
TaskCategory=User Account Management
OpCode=Info 
RecordNumber=462744639
Keywords=Audit Success
Message=A user account was locked out. 
Subject: 
	Security ID: Domain_D\user_d 
	Account Name: user_d
	Account Domain: Domain_D
	Logon ID: 0x3EC3
Account That Was Locked Out: 
	Security ID: Domain_D\user_d 
	Account Name: user_d
Additional Information: 
	Caller Computer Name: ops-sys-004

01/28/2020 01:21:45 PM
LogName=Security
SourceName=Microsoft Windows security auditing.
EventCode=4717
EventType=0
Type=Information
ComputerName=PROD-POS-004
TaskCategory=Authentication Policy Change
OpCode=Info
RecordNumber=291935543
Keywords=Audit Success
Message=System security access was granted to an account.

Subject:
	Security ID:		Domain_C\SYSTEM
	Account Name:		PROD-POS-004
	Account Domain:		Domain_C
	Logon ID:		0xAB37

Account Modified:
	Account Name:		Domain_C\user_l

Access Granted:
	Access Right:		SeRemoteInteractiveLogonRight

01/28/2020 01:21:44 PM
LogName=Security
SourceName=Microsoft Windows security auditing.
EventCode=4717
EventType=0
Type=Information
ComputerName=ops-sys-003
TaskCategory=Authentication Policy Change
OpCode=Info
RecordNumber=645358066
Keywords=Audit Success
Message=System security access was granted to an account.

Subject:
	Security ID:		Domain_B\SYSTEM
	Account Name:		ops-sys-003
	Account Domain:		Domain_B
	Logon ID:		0xA369

Account Modified:
	Account Name:		Domain_B\user_f

Access Granted:
	Access Right:		SeInteractiveLogonRight

01/28/2020 01:21:44 PM
LogName=Security
SourceName=Microsoft Windows security auditing.
EventCode=4718
EventType=0
Type=Information
ComputerName=COREDEV-003
TaskCategory=Authentication Policy Change
OpCode=Info
RecordNumber=274809994
Keywords=Audit Success
Message=System security access was removed from an account.

Subject:
	Security ID:		Domain_A\SYSTEM
	Account Name:		COREDEV-003
	Account Domain:		Domain_A
	Logon ID:		0x3A81

Account Modified:
	Account Name:		Domain_A\user_b

Access Removed:
	Access Right:		SeRemoteInteractiveLogonRight

01/28/2020 01:21:44 PM
LogName=Security
SourceName=Microsoft Windows security auditing.
EventCode=4672
EventType=0
Type=Information
ComputerName=BUSDEV-007
TaskCategory=Special Logon
OpCode=Info
RecordNumber=326917347
Keywords=Audit Success
Message=Special privileges assigned to new logon.
Subject:
	Security ID:		Domain_D\user_j
	Account Name:		user_j
	Account Domain:		Domain_D
	Logon ID:		0xB111
Privileges:	SeSecurityPrivilege
			SeTakeOwnershipPrivilege
			SeLoadDriverPrivilege
			SeBackupPrivilege
			SeRestorePrivilege
			SeDebugPrivilege
			SeSystemEnvironmentPrivilege
			SeImpersonatePrivilege

01/28/2020 01:21:43 PM
LogName=Security
SourceName=Microsoft Windows security auditing.
EventCode=4672
EventType=0
Type=Information
ComputerName=SE-003
TaskCategory=Special Logon
OpCode=Info
RecordNumber=380080592
Keywords=Audit Success
Message=Special privileges assigned to new logon.
Subject:
	Security ID:		Domain_B\user_g
	Account Name:		user_g
	Account Domain:		Domain_B
	Logon ID:		0xEB5F
Privileges:	SeSecurityPrivilege
			SeTakeOwnershipPrivilege
			SeLoadDriverPrivilege
			SeBackupPrivilege
			SeRestorePrivilege
			SeDebugPrivilege
			SeSystemEnvironmentPrivilege
			SeImpersonatePrivilege

01/28/2020 01:21:42 PM
LogName=Security
SourceName=Microsoft Windows security auditing.
EventCode=4718
EventType=0
Type=Information
ComputerName=ops-sys-005
TaskCategory=Authentication Policy Change
OpCode=Info
RecordNumber=125325056
Keywords=Audit Success
Message=System security access was removed from an account.

Subject:
	Security ID:		Domain_B\SYSTEM
	Account Name:		ops-sys-005
	Account Domain:		Domain_B
	Logon ID:		0x46BA

Account Modified:
	Account Name:		Domain_B\user_m

Access Removed:
	Access Right:		SeInteractiveLogonRight

01/28/2020 01:21:42 PM 
LogName=Security 
SourceName=Microsoft Windows security auditing.
EventCode=4740 
EventType=0 
Type=Information
ComputerName=BUSDEV-006 
TaskCategory=User Account Management
OpCode=Info 
RecordNumber=501119595
Keywords=Audit Success
Message=A user account was locked out. 
Subject: 
	Security ID: Domain_A\user_g 
	Account Name: user_g
	Account Domain: Domain_A
	Logon ID: 0xEB5F
Account That Was Locked Out: 
	Security ID: Domain_A\user_f 
	Account Name: user_f
Additional Information: 
	Caller Computer Name: BUSDEV-006

01/28/2020 01:21:42 PM
LogName=Security
SourceName=Microsoft Windows security auditing.
EventCode=4776
EventType=0
Type=Information
ComputerName=SE-003
TaskCategory=Credential Validation
OpCode=Info
RecordNumber=302179152
Keywords=Failure Audit
Message=The computer attempted to validate the credentials for an account.
Authentication Package: MICROSOFT_AUTHENTICATION_PACKAGE_V1_0
Logon Account: user_g
Source Workstation: SE-003
Error Code: 0xC000006A

01/28/2020 01:21:41 PM
LogName=Security
SourceName=Microsoft-Windows-Eventlog
EventCode=1102
EventType=4
Type=Information
ComputerName=PROD-POS-003
TaskCategory=Log clear
OpCode=Info
RecordNumber=323675251
Keywords=Audit Success
Message=The audit log was cleared.
Subject:
	Security ID:		Domain_E\user_n
	Account Name:		user_n
	Account Domain:		Domain_E
	Logon ID:		0x4D76

01/28/2020 01:21:41 PM
LogName=Security
SourceName=Microsoft Windows security auditing.
EventCode=4743
EventType=0
Type=Information
ComputerName=ops-sys-004
TaskCategory=Computer Account Management
OpCode=Info
RecordNumber=85421442
Keywords=Audit Success
Message=A computer account was deleted.

Subject:
	Security ID:		Domain_E\user_k
	Account Name:		user_k
	Account Domain:		Domain_E
	Logon ID:		0xBAC3

Target Computer:
	Security ID:		Domain_E\user_l
	Account Name:		user_l
	Account Domain:		Domain_E

Additional Information:
	Privileges:	SeSystemEnvironmentPrivilege

01/28/2020 01:21:41 PM
LogName=Security
SourceName=Microsoft Windows security auditing.
EventCode=4720
EventType=0
Type=Information
ComputerName=ACME-002
TaskCategory=User Account Management
OpCode=Info
RecordNumber=629618408
Keywords=Audit Success
Message=A User account was created. 
Subject: 
	Security ID: Domain_B\user_c
	Account Name: user_c
	Account Domain: Domain_B
	Logon ID: 0x5FC9
New Account: 
	Security ID: Domain_B\user_d
	Account Name: user_d
	Account Domain: Domain_B
Attributes: 
	SAM Account Name: user_c
	Display Name: aaa
	User Principal Name: -
	Home Directory: \a\b\c
	Home Drive: C:
	Script Path: \a\b
	Profile Path: <value not set>
	User Workstations: BBB
	Password Last Set: <never>
	Account Expires: <never>
	Primary Group ID: 854
	Allowed To Delegate To: server_2/computer_b
	Old UAC Value: C88EB4C
	New UAC Value: 34DC806
	User Account Control: TRUSTED_TO_AUTH_FOR_DELEGATION - Disabled
	User Parameters: <value not set>
	SID History: -
	Logon Hours: Monday 2:00 PM -Tuesday 6:00 PM
Additional Information:
	Privileges SeTcbPrivilege

01/28/2020 01:21:40 PM
LogName=Security
SourceName=Microsoft Windows security auditing.
EventCode=4672
EventType=0
Type=Information
ComputerName=PROD-POS-001
TaskCategory=Special Logon
OpCode=Info
RecordNumber=410953124
Keywords=Audit Success
Message=Special privileges assigned to new logon.
Subject:
	Security ID:		Domain_D\user_f
	Account Name:		user_f
	Account Domain:		Domain_D
	Logon ID:		0xA369
Privileges:	SeSecurityPrivilege
			SeTakeOwnershipPrivilege
			SeLoadDriverPrivilege
			SeBackupPrivilege
			SeRestorePrivilege
			SeDebugPrivilege
			SeSystemEnvironmentPrivilege
			SeImpersonatePrivilege

01/28/2020 01:21:40 PM
LogName=Security
SourceName=Microsoft Windows security auditing.
EventCode=4720
EventType=0
Type=Information
ComputerName=PROD-POS-002
TaskCategory=User Account Management
OpCode=Info
RecordNumber=991830762
Keywords=Audit Success
Message=A User account was created. 
Subject: 
	Security ID: Domain_D\user_d
	Account Name: user_d
	Account Domain: Domain_D
	Logon ID: 0x3EC3
New Account: 
	Security ID: Domain_D\user_l
	Account Name: user_l
	Account Domain: Domain_D
Attributes: 
	SAM Account Name: user_b
	Display Name: bbb
	User Principal Name: aaa@AAA.local
	Home Directory: \a\b
	Home Drive: E:
	Script Path: \a
	Profile Path: \a\g
	User Workstations: EEE
	Password Last Set: <never>
	Account Expires: 2020-01-28 13:21:40 PM
	Primary Group ID: 385
	Allowed To Delegate To: server_2/computer_b
	Old UAC Value: 04E52A1
	New UAC Value: 648117C
	User Account Control: USE_DES_KEY_ONLY - Enabled
	User Parameters: <value not set>
	SID History: Domain_a/aaa
	Logon Hours: Monday 2:00 PM -Tuesday 6:00 PM
Additional Information:
	Privileges SeDebugPrivilege

01/28/2020 01:21:40 PM
LogName=Security
SourceName= Microsoft Windows security auditing.
EventCode=4624
EventType=0
Type=Information
ComputerName=ops-sys-005
TaskCategory=Logon
OpCode=Info
RecordNumber=299425023
Keywords=Audit Success
Message=An account was successfully logged on.

Subject:
 Security ID:  Domain_B\SYSTEM
 Account Name:  ops-sys-005
 Account Domain:  Domain_B
 Logon ID:  0x70E4

Logon Information:
 Logon Type:  7
 Restricted Admin Mode: Yes
 Virtual Account:  Yes
 Elevated Token:  No

Impersonation Level:  Impersonation

New Logon:
 Security ID:  Domain_B\user_f
 Account Name:  user_f
 Account Domain:  Domain_B
 Logon ID:  0xA369
 Linked Logon ID:  AFFA
 Network Account Name: -
 Network Account Domain: Domain_E
 Logon GUID:  {0887F1E4-39EA-D53C-804F-31D568A06274}

Process Information:
 Process ID:  0x47CC
 Process Name:  C:\Windows\System32\example_f.exe

Network Information:
 Workstation Name: ops-sys-005
 Source Network Address: 88.135.106.46
 Source Port:  18660

Detailed Authentication Information:
 Logon Process:  logonProcess1 
 Authentication Package: Negotiate
 Transited Services: service_D
 Package Name (NTLM only): -
 Key Length:  0

This event is generated when a logon session is created. It is generated on the computer that was accessed.

The subject fields indicate the account on the local system which requested the logon. This is most commonly a service such as the Server service, or a local process such as 943D3.exe or 943D3.exe.

The logon type field indicates the kind of logon that occurred. The most common types are 2 (interactive) and 3 (network).

The New Logon fields indicate the account for whom the new logon was created, i.e. the account that was logged on.

The network fields indicate where a remote logon request originated. Workstation name is not always available and may be left blank in some cases.

The impersonation level field indicates the extent to which a process in the logon session can impersonate.

The authentication information fields provide detailed information about this specific logon request.
 - Logon GUID is a unique identifier that can be used to correlate this event with a KDC event.
 - Transited services indicate which intermediate services have participated in this logon request.
 - Package name indicates which sub-protocol was used among the NTLM protocols.
 - Key length indicates the length of the generated session key. This will be 0 if no session key was requested.


01/28/2020 01:21:40 PM
LogName=Security
SourceName=Microsoft Windows security auditing.
EventCode=4743
EventType=0
Type=Information
ComputerName=ACME-006
TaskCategory=Computer Account Management
OpCode=Info
RecordNumber=220601392
Keywords=Audit Success
Message=A computer account was deleted.

Subject:
	Security ID:		Domain_A\user_e
	Account Name:		user_e
	Account Domain:		Domain_A
	Logon ID:		0x0452

Target Computer:
	Security ID:		Domain_A\user_h
	Account Name:		user_h
	Account Domain:		Domain_A

Additional Information:
	Privileges:	-

01/28/2020 01:21:39 PM
LogName=Security
SourceName=Microsoft-Windows-Eventlog
EventCode=1102
EventType=4
Type=Information
ComputerName=ops-sys-003
TaskCategory=Log clear
OpCode=Info
RecordNumber=906060673
Keywords=Audit Success
Message=The audit log was cleared.
Subject:
	Security ID:		Domain_B\user_f
	Account Name:		user_f
	Account Domain:		Domain_B
	Logon ID:		0xA369

01/28/2020 01:21:38 PM
LogName=Security
SourceName=Microsoft Windows security auditing.
EventCode=4738
EventType=0
Type=Information
ComputerName=HOST-004
TaskCategory=User Account Management
OpCode=Info
RecordNumber=971508411
Keywords=Audit Success
Message=A User account was changed.

Subject:
 Security ID:  Domain_A\user_i
 Account Name:  user_i
 Account Domain:  Domain_A
 Logon ID:  0x5F25

Target Account:
 Security ID:  Domain_A\user_g
 Account Name:  user_g
 Account Domain:  Domain_A

Changed Attributes:
 SAM Account Name: user_k
 Display Name:  aaa
 User Principal Name: ccc@AAA.local
 Home Directory:  \a\b\c
 Home Drive:  A:
 Script Path:  \f
 Profile Path:  \a
 User Workstations: EEE
 Password Last Set: 2020-01-28 13:21:38 PM
 Account Expires:  <never>
 Primary Group ID: 523
 AllowedToDelegateTo: server_2/computer_b
 Old UAC Value:  CB8353C
 New UAC Value:  BC46593
 User Account Control: ENCRYPTED_TEXT_PWD_ALLOWED - Disabled
 User Parameters: <value not set>
 SID History:  -
 Logon Hours:  Tuesday 8:00 PM -Wednesday 10:00 AM

Additional Information:
 Privileges:  -

01/28/2020 01:21:37 PM
LogName=Security
SourceName=Microsoft Windows security auditing.
EventCode=4724
EventType=0
Type=Information
ComputerName=PROD-POS-005
TaskCategory=User Account Management
OpCode=Info
RecordNumber=522519918
Keywords=Audit Success
Message=An attempt was made to reset an account's password.
Subject:
	Security ID:  Domain_B\user_g
	Account Name:  user_g
	Account Domain:  Domain_B
	Logon ID:  0xEB5F
Target Account:
	Security ID:  Domain_B\user_i
	Account Name:  user_i
	Account Domain:  Domain_B

01/28/2020 01:21:37 PM
LogName=Security
SourceName=Microsoft Windows security auditing.
EventCode=4688
EventType=0
Type=Information
ComputerName=$SPLUNK_HOME/etc/apps/Splunk_TA_windows/samples/hostname.sample
TaskCategory=Process Creation
OpCode=Info
RecordNumber=403580115
Keywords=Audit Success
Message=A new process has been created.
Subject:
	Security ID:		Domain_D\user_l
	Account Name:		user_l
	Account Domain:		Domain_D
	Logon ID:		0xAB37
Process Information:
	New Process ID:		0x1483
	New Process Name:	C:\Windows\System32\example_a.exe
	Token Elevation Type:	TokenElevationTypeDefault (1)
	Creator Process ID:	0x8DE3
Token Elevation Type indicates the type of token that was assigned to the new process in accordance with User Account Control policy.
Type 1 is a full token with no privileges removed or groups disabled.  A full token is only used if User Account Control is disabled or if the User is the built-in Administrator account or a service account.
Type 2 is an elevated token with no privileges removed or groups disabled.  An elevated token is used when User Account Control is enabled and the User chooses to start the program using Run as administrator.  An elevated token is also used when an application is configured to always require administrative privilege or to always require maximum privilege, and the User is a member of the Administrators group.
Type 3 is a limited token with administrative privileges removed and administrative groups disabled.  The limited token is used when User Account Control is enabled, the application does not require administrative privilege, and the User does not choose to start the program using Run as administrator.

01/28/2020 01:21:37 PM
LogName=Security
SourceName=Microsoft Windows security auditing.
EventCode=4717
EventType=0
Type=Information
ComputerName=SE-002
TaskCategory=Authentication Policy Change
OpCode=Info
RecordNumber=841662245
Keywords=Audit Success
Message=System security access was granted to an account.

Subject:
	Security ID:		Domain_B\SYSTEM
	Account Name:		SE-002
	Account Domain:		Domain_B
	Logon ID:		0x5FC9

Account Modified:
	Account Name:		Domain_B\user_c

Access Granted:
	Access Right:		SeInteractiveLogonRight

01/28/2020 01:21:37 PM 
LogName=Security 
SourceName=Microsoft Windows security auditing.
EventCode=4740 
EventType=0 
Type=Information
ComputerName=PROD-POS-005 
TaskCategory=User Account Management
OpCode=Info 
RecordNumber=106633332
Keywords=Audit Success
Message=A user account was locked out. 
Subject: 
	Security ID: Domain_D\user_b 
	Account Name: user_b
	Account Domain: Domain_D
	Logon ID: 0x3A81
Account That Was Locked Out: 
	Security ID: Domain_D\user_n 
	Account Name: user_n
Additional Information: 
	Caller Computer Name: PROD-POS-005

01/28/2020 01:21:37 PM
LogName=Security
SourceName=Microsoft Windows security auditing.
EventCode=4673
EventType=0
Type=Information
ComputerName=COREDEV-001
TaskCategory=Sensitive Privilege Use
OpCode=Info
RecordNumber=884786013
Keywords=Audit Success
Message=A privileged service was called.

Subject:
	Security ID:		Domain_A\user_m
	Account Name:		user_m
	Account Domain:		Domain_A
	Logon ID:		0x46BA

Service:
	Server:	NT Local Security Authority / Authentication Service
	Service Name:	LsaRegisterLogonProcess()

Process:
	Process ID:	0x5E1A
	Process Name:	C:\Windows\System32\example_e.exe

Service Request Information:
	Privileges:		SeRestorePrivilege

01/28/2020 01:21:36 PM 
LogName=Security 
SourceName=Microsoft Windows security auditing.
EventCode=4740 
EventType=0 
Type=Information
ComputerName=ACME-005 
TaskCategory=User Account Management
OpCode=Info 
RecordNumber=499847923
Keywords=Audit Success
Message=A user account was locked out. 
Subject: 
	Security ID: Domain_C\user_l 
	Account Name: user_l
	Account Domain: Domain_C
	Logon ID: 0xAB37
Account That Was Locked Out: 
	Security ID: Domain_C\user_a 
	Account Name: user_a
Additional Information: 
	Caller Computer Name: ACME-005

01/28/2020 01:21:35 PM
LogName=Security
SourceName=Microsoft Windows security auditing.
EventCode=4724
EventType=0
Type=Information
ComputerName=SE-004
TaskCategory=User Account Management
OpCode=Info
RecordNumber=625960646
Keywords=Audit Success
Message=An attempt was made to reset an account's password.
Subject:
	Security ID:  Domain_D\user_g
	Account Name:  user_g
	Account Domain:  Domain_D
	Logon ID:  0xEB5F
Target Account:
	Security ID:  Domain_D\user_c
	Account Name:  user_c
	Account Domain:  Domain_D

01/28/2020 01:21:35 PM
LogName=Security
SourceName=Microsoft Windows security auditing.
EventCode=4688
EventType=0
Type=Information
ComputerName=$SPLUNK_HOME/etc/apps/Splunk_TA_windows/samples/hostname.sample
TaskCategory=Process Creation
OpCode=Info
RecordNumber=942286155
Keywords=Audit Success
Message=A new process has been created.
Subject:
	Security ID:		Domain_C\user_i
	Account Name:		user_i
	Account Domain:		Domain_C
	Logon ID:		0x5F25
Process Information:
	New Process ID:		0x8DD6
	New Process Name:	C:\Windows\System32\example_a.exe
	Token Elevation Type:	TokenElevationTypeDefault (1)
	Creator Process ID:	0xA9D9
Token Elevation Type indicates the type of token that was assigned to the new process in accordance with User Account Control policy.
Type 1 is a full token with no privileges removed or groups disabled.  A full token is only used if User Account Control is disabled or if the User is the built-in Administrator account or a service account.
Type 2 is an elevated token with no privileges removed or groups disabled.  An elevated token is used when User Account Control is enabled and the User chooses to start the program using Run as administrator.  An elevated token is also used when an application is configured to always require administrative privilege or to always require maximum privilege, and the User is a member of the Administrators group.
Type 3 is a limited token with administrative privileges removed and administrative groups disabled.  The limited token is used when User Account Control is enabled, the application does not require administrative privilege, and the User does not choose to start the program using Run as administrator.

01/28/2020 01:21:35 PM
LogName=Security
SourceName=Microsoft Windows security auditing.
EventCode=4724
EventType=0
Type=Information
ComputerName=BUSDEV-001
TaskCategory=User Account Management
OpCode=Info
RecordNumber=203351627
Keywords=Audit Success
Message=An attempt was made to reset an account's password.
Subject:
	Security ID:  Domain_D\user_f
	Account Name:  user_f
	Account Domain:  Domain_D
	Logon ID:  0xA369
Target Account:
	Security ID:  Domain_D\user_j
	Account Name:  user_j
	Account Domain:  Domain_D

01/28/2020 01:21:35 PM
LogName=Security
SourceName=Microsoft Windows security auditing.
EventCode=4739
EventType=0
Type=Information
ComputerName=BUSDEV-002
TaskCategory=Authentication Policy Change
OpCode=Info
RecordNumber=91081179
Keywords=Audit Success
Message=Domain Policy was changed.

Change Type:		Password Policy modified

Subject:
	Security ID:  Domain_B\user_c
	Account Name:  user_c
	Account Domain:  Domain_B
	Logon ID:  0x5FC9

Domain:
	Domain Name:		Domain_B
	Domain ID:		Domain_B\

Changed Attributes:
	Min. Password Age:	-
	Max. Password Age:	-
	Force Logoff:		-
	Lockout Threshold:	-
	Lockout Observation Window:	-
	Lockout Duration:	-
	Password Properties:	-
	Min. Password Length:	6
	Password History Length:	23
	Machine Account Quota:	-
	Mixed Domain Mode:	-
	Domain Behavior Version:	-
	OEM Information:	-

Additional Information:
	Privileges:		-

01/28/2020 01:21:34 PM
LogName=Security
SourceName=Microsoft Windows security auditing.
EventCode=4673
EventType=0
Type=Information
ComputerName=PROD-MFS-001
TaskCategory=Sensitive Privilege Use
OpCode=Info
RecordNumber=676618138
Keywords=Audit Success
Message=A privileged service was called.

Subject:
	Security ID:		Domain_D\user_n
	Account Name:		user_n
	Account Domain:		Domain_D
	Logon ID:		0x4D76

Service:
	Server:	NT Local Security Authority / Authentication Service
	Service Name:	LsaRegisterLogonProcess()

Process:
	Process ID:	0x522E
	Process Name:	C:\Windows\System32\example_b.exe

Service Request Information:
	Privileges:		SeImpersonatePrivilege

01/28/2020 01:21:34 PM
LogName=Security
SourceName=Microsoft Windows security auditing.
EventCode=4739
EventType=0
Type=Information
ComputerName=HOST-004
TaskCategory=Authentication Policy Change
OpCode=Info
RecordNumber=117272985
Keywords=Audit Success
Message=Domain Policy was changed.

Change Type:		Password Policy modified

Subject:
	Security ID:  Domain_A\user_b
	Account Name:  user_b
	Account Domain:  Domain_A
	Logon ID:  0x3A81

Domain:
	Domain Name:		Domain_A
	Domain ID:		Domain_A\

Changed Attributes:
	Min. Password Age:	-
	Max. Password Age:	-
	Force Logoff:		-
	Lockout Threshold:	-
	Lockout Observation Window:	-
	Lockout Duration:	-
	Password Properties:	-
	Min. Password Length:	6
	Password History Length:	23
	Machine Account Quota:	-
	Mixed Domain Mode:	-
	Domain Behavior Version:	-
	OEM Information:	-

Additional Information:
	Privileges:		-

01/28/2020 01:21:33 PM
LogName=Security
SourceName= Microsoft Windows security auditing.
EventCode=4624
EventType=0
Type=Information
ComputerName=ACME-005
TaskCategory=Logon
OpCode=Info
RecordNumber=842192265
Keywords=Audit Success
Message=An account was successfully logged on.

Subject:
 Security ID:  Domain_C\SYSTEM
 Account Name:  ACME-005
 Account Domain:  Domain_C
 Logon ID:  0x70E4

Logon Information:
 Logon Type:  11
 Restricted Admin Mode: Yes
 Virtual Account:  No
 Elevated Token:  Yes

Impersonation Level:  Impersonation

New Logon:
 Security ID:  Domain_C\user_b
 Account Name:  user_b
 Account Domain:  Domain_C
 Logon ID:  0x3A81
 Linked Logon ID:  A289
 Network Account Name: -
 Network Account Domain: Domain_E
 Logon GUID:  {27C4A2F2-13CA-AA25-E903-D31268740239}

Process Information:
 Process ID:  0xF1A9
 Process Name:  C:\Windows\System32\example_d.exe

Network Information:
 Workstation Name: ACME-005
 Source Network Address: -
 Source Port:  30922

Detailed Authentication Information:
 Logon Process:  logonProcess1 
 Authentication Package: Kerberos
 Transited Services: -
 Package Name (NTLM only): -
 Key Length:  0

This event is generated when a logon session is created. It is generated on the computer that was accessed.

The subject fields indicate the account on the local system which requested the logon. This is most commonly a service such as the Server service, or a local process such as 92582.exe or 92582.exe.

The logon type field indicates the kind of logon that occurred. The most common types are 2 (interactive) and 3 (network).

The New Logon fields indicate the account for whom the new logon was created, i.e. the account that was logged on.

The network fields indicate where a remote logon request originated. Workstation name is not always available and may be left blank in some cases.

The impersonation level field indicates the extent to which a process in the logon session can impersonate.

The authentication information fields provide detailed information about this specific logon request.
 - Logon GUID is a unique identifier that can be used to correlate this event with a KDC event.
 - Transited services indicate which intermediate services have participated in this logon request.
 - Package name indicates which sub-protocol was used among the NTLM protocols.
 - Key length indicates the length of the generated session key. This will be 0 if no session key was requested.


01/28/2020 01:21:33 PM
LogName=Security
SourceName=Microsoft Windows security auditing.
EventCode=4673
EventType=0
Type=Information
ComputerName=BUSDEV-004
TaskCategory=Sensitive Privilege Use
OpCode=Info
RecordNumber=348460734
Keywords=Audit Success
Message=A privileged service was called.

Subject:
	Security ID:		Domain_E\user_n
	Account Name:		user_n
	Account Domain:		Domain_E
	Logon ID:		0x4D76

Service:
	Server:	NT Local Security Authority / Authentication Service
	Service Name:	LsaRegisterLogonProcess()

Process:
	Process ID:	0xF853
	Process Name:	C:\Windows\System32\example_c.exe

Service Request Information:
	Privileges:		SeAssignPrimaryTokenPrivilege

