01/28/2020 01:19:55 PM
LogName=Security
SourceName= Microsoft Windows security auditing.
EventCode=4624
EventType=0
Type=Information
ComputerName=SE-003
TaskCategory=Logon
OpCode=Info
RecordNumber=319908044
Keywords=Audit Success
Message=An account was successfully logged on.

Subject:
 Security ID:  Domain_C\SYSTEM
 Account Name:  SE-003
 Account Domain:  Domain_C
 Logon ID:  0x70E4

Logon Information:
 Logon Type:  6
 Restricted Admin Mode: Yes
 Virtual Account:  No
 Elevated Token:  Yes

Impersonation Level:  Delegation

New Logon:
 Security ID:  Domain_C\user_e
 Account Name:  user_e
 Account Domain:  Domain_C
 Logon ID:  0x0452
 Linked Logon ID:  47C2
 Network Account Name: -
 Network Account Domain: -
 Logon GUID:  {221B21A6-1AE2-3F9A-24EF-22C392AC2A47}

Process Information:
 Process ID:  0x63CC
 Process Name:  C:\Windows\System32\example_e.exe

Network Information:
 Workstation Name: SE-003
 Source Network Address: -
 Source Port:  57066

Detailed Authentication Information:
 Logon Process:  Winlogon 
 Authentication Package: Kerberos
 Transited Services: service_A
 Package Name (NTLM only): -
 Key Length:  0

This event is generated when a logon session is created. It is generated on the computer that was accessed.

The subject fields indicate the account on the local system which requested the logon. This is most commonly a service such as the Server service, or a local process such as 659FE.exe or 659FE.exe.

The logon type field indicates the kind of logon that occurred. The most common types are 2 (interactive) and 3 (network).

The New Logon fields indicate the account for whom the new logon was created, i.e. the account that was logged on.

The network fields indicate where a remote logon request originated. Workstation name is not always available and may be left blank in some cases.

The impersonation level field indicates the extent to which a process in the logon session can impersonate.

The authentication information fields provide detailed information about this specific logon request.
 - Logon GUID is a unique identifier that can be used to correlate this event with a KDC event.
 - Transited services indicate which intermediate services have participated in this logon request.
 - Package name indicates which sub-protocol was used among the NTLM protocols.
 - Key length indicates the length of the generated session key. This will be 0 if no session key was requested.


01/28/2020 01:19:54 PM
LogName=Security
SourceName=Microsoft Windows security auditing.
EventCode=4689
EventType=0
Type=Information
ComputerName=ops-sys-001
TaskCategory=Process Termination
OpCode=Info
RecordNumber=913886815
Keywords=Audit Success
Message=A process has exited.

Subject:
	Security ID:		Domain_D\user_b
	Account Name:		user_b
	Account Domain:		Domain_D
	Logon ID:		0x3A81

Process Information:
	Process ID:	0xB1B6
	Process Name:	C:\Windows\System32\example_f.exe
	Exit Status:	0x8F8624

01/28/2020 01:19:54 PM
LogName=Security
SourceName=Microsoft Windows security auditing.
EventCode=4689
EventType=0
Type=Information
ComputerName=HOST-003
TaskCategory=Process Termination
OpCode=Info
RecordNumber=26365693
Keywords=Audit Success
Message=A process has exited.

Subject:
	Security ID:		Domain_A\user_j
	Account Name:		user_j
	Account Domain:		Domain_A
	Logon ID:		0xB111

Process Information:
	Process ID:	0xB402
	Process Name:	C:\Windows\System32\example_c.exe
	Exit Status:	0x0B8617

01/28/2020 01:19:54 PM
LogName=Security
SourceName=Microsoft Windows security auditing.
EventCode=4738
EventType=0
Type=Information
ComputerName=PROD-POS-001
TaskCategory=User Account Management
OpCode=Info
RecordNumber=276183277
Keywords=Audit Success
Message=A User account was changed.

Subject:
 Security ID:  Domain_C\user_f
 Account Name:  user_f
 Account Domain:  Domain_C
 Logon ID:  0xA369

Target Account:
 Security ID:  Domain_C\user_l
 Account Name:  user_l
 Account Domain:  Domain_C

Changed Attributes:
 SAM Account Name: user_h
 Display Name:  ddd
 User Principal Name: bbb@BBB.local
 Home Directory:  \a\e
 Home Drive:  F:
 Script Path:  \a\e
 Profile Path:  \a\b\c
 User Workstations: CCC
 Password Last Set: 2020-01-28 13:19:54 PM
 Account Expires:  <never>
 Primary Group ID: 571
 AllowedToDelegateTo: server_1/coumputer_a
 Old UAC Value:  54CA73B
 New UAC Value:  4170D77
 User Account Control: TEMP_DUPLICATE_ACCOUNT - Disabled
 User Parameters: <value not set>
 SID History:  -
 Logon Hours:  Monday 2:00 PM -Tuesday 6:00 PM

Additional Information:
 Privileges:  -

01/28/2020 01:19:54 PM
LogName=Security
SourceName=Microsoft Windows security auditing.
EventCode=4648
EventType=0
Type=Information
ComputerName=HOST-006
TaskCategory=Logon
OpCode=Info
RecordNumber=767762009
Keywords=Audit Success
Message=A logon was attempted using explicit credentials.
Subject:
	Security ID:  Domain_C\SYSTEM
	Account Name:  HOST-006
	Account Domain:  Domain_C
	Logon ID:  0x70E4
	Logon GUID:		{27C4A2F2-13CA-AA25-E903-D31268740239}
Account Whose Credentials Were Used:
	Account Name:		jinkiey
	Account Domain:		Domain_C
	Logon GUID:		{221B21A6-1AE2-3F9A-24EF-22C392AC2A47}
Target Server:
	Target Server Name:	Server_A.com
	Additional Information:	Server_A.com
Process Information:
	Process ID:		8984
	Process Name:		C:\Windows\System32\example_c.exe
Network Information:
	Network Address:	-
	Port:			45883
This event is generated when a process attempts to log on an account by explicitly specifying that account's credentials. This most commonly occurs in batch-type configurations such as scheduled tasks, or when using the RUNAS command.

01/28/2020 01:19:54 PM
LogName=Security
SourceName=Microsoft Windows security auditing.
EventCode=4739
EventType=0
Type=Information
ComputerName=PROD-POS-005
TaskCategory=Authentication Policy Change
OpCode=Info
RecordNumber=945526459
Keywords=Audit Success
Message=Domain Policy was changed.

Change Type:		Password Policy modified

Subject:
	Security ID:  Domain_A\user_f
	Account Name:  user_f
	Account Domain:  Domain_A
	Logon ID:  0xA369

Domain:
	Domain Name:		Domain_A
	Domain ID:		Domain_A\

Changed Attributes:
	Min. Password Age:	-
	Max. Password Age:	-
	Force Logoff:		-
	Lockout Threshold:	-
	Lockout Observation Window:	-
	Lockout Duration:	-
	Password Properties:	-
	Min. Password Length:	6
	Password History Length:	23
	Machine Account Quota:	-
	Mixed Domain Mode:	-
	Domain Behavior Version:	-
	OEM Information:	-

Additional Information:
	Privileges:		-

01/28/2020 01:19:54 PM
LogName=Security
SourceName=Microsoft Windows security auditing.
EventCode=4738
EventType=0
Type=Information
ComputerName=ACME-006
TaskCategory=User Account Management
OpCode=Info
RecordNumber=828062730
Keywords=Audit Success
Message=A User account was changed.

Subject:
 Security ID:  Domain_C\user_k
 Account Name:  user_k
 Account Domain:  Domain_C
 Logon ID:  0xBAC3

Target Account:
 Security ID:  Domain_C\user_d
 Account Name:  user_d
 Account Domain:  Domain_C

Changed Attributes:
 SAM Account Name: user_a
 Display Name:  ddd
 User Principal Name: ddd@BBB.local
 Home Directory:  <value not set>
 Home Drive:  F:
 Script Path:  \a\e
 Profile Path:  <value not set>
 User Workstations: AAA
 Password Last Set: 2020-01-28 13:19:54 PM
 Account Expires:  <never>
 Primary Group ID: 429
 AllowedToDelegateTo: server_2/computer_b
 Old UAC Value:  3225040
 New UAC Value:  9077DBF
 User Account Control: TEMP_DUPLICATE_ACCOUNT - Enabled
 User Parameters: <value not set>
 SID History:  -
 Logon Hours:  Monday 2:00 PM -Tuesday 6:00 PM

Additional Information:
 Privileges:  SeTakeOwnershipPrivilege

01/28/2020 01:19:54 PM 
LogName=Security 
SourceName=Microsoft Windows security auditing.
EventCode=4740 
EventType=0 
Type=Information
ComputerName=HOST-006 
TaskCategory=User Account Management
OpCode=Info 
RecordNumber=544023176
Keywords=Audit Success
Message=A user account was locked out. 
Subject: 
	Security ID: Domain_D\user_a 
	Account Name: user_a
	Account Domain: Domain_D
	Logon ID: 0x6C10
Account That Was Locked Out: 
	Security ID: Domain_D\user_f 
	Account Name: user_f
Additional Information: 
	Caller Computer Name: HOST-006

01/28/2020 01:19:54 PM
LogName=Security
SourceName=Microsoft Windows security auditing.
EventCode=4724
EventType=0
Type=Information
ComputerName=ACME-004
TaskCategory=User Account Management
OpCode=Info
RecordNumber=29056446
Keywords=Audit Failure
Message=An attempt was made to reset an account's password.
Subject:
	Security ID:  Domain_C\user_d
	Account Name:  user_d
	Account Domain:  Domain_C
	Logon ID:  0x3EC3
Target Account:
	Security ID:  Domain_C\user_c
	Account Name:  user_c
	Account Domain:  Domain_C

01/28/2020 01:19:54 PM
LogName=Security
SourceName=Microsoft Windows security auditing.
EventCode=4673
EventType=0
Type=Information
ComputerName=SE-006
TaskCategory=Sensitive Privilege Use
OpCode=Info
RecordNumber=581055527
Keywords=Audit Success
Message=A privileged service was called.

Subject:
	Security ID:		Domain_D\user_k
	Account Name:		user_k
	Account Domain:		Domain_D
	Logon ID:		0xBAC3

Service:
	Server:	NT Local Security Authority / Authentication Service
	Service Name:	LsaRegisterLogonProcess()

Process:
	Process ID:	0x17F3
	Process Name:	C:\Windows\System32\example_b.exe

Service Request Information:
	Privileges:		SeTakeOwnershipPrivilege

01/28/2020 01:19:54 PM
LogName=Security
SourceName=Microsoft Windows security auditing.
EventCode=4739
EventType=0
Type=Information
ComputerName=BUSDEV-008
TaskCategory=Authentication Policy Change
OpCode=Info
RecordNumber=774788321
Keywords=Audit Success
Message=Domain Policy was changed.

Change Type:		Password Policy modified

Subject:
	Security ID:  Domain_A\user_m
	Account Name:  user_m
	Account Domain:  Domain_A
	Logon ID:  0x46BA

Domain:
	Domain Name:		Domain_A
	Domain ID:		Domain_A\

Changed Attributes:
	Min. Password Age:	-
	Max. Password Age:	-
	Force Logoff:		-
	Lockout Threshold:	-
	Lockout Observation Window:	-
	Lockout Duration:	-
	Password Properties:	-
	Min. Password Length:	6
	Password History Length:	23
	Machine Account Quota:	-
	Mixed Domain Mode:	-
	Domain Behavior Version:	-
	OEM Information:	-

Additional Information:
	Privileges:		-

01/28/2020 01:19:54 PM
LogName=Security
SourceName=Microsoft Windows security auditing.
EventCode=4673
EventType=0
Type=Information
ComputerName=ACME-002
TaskCategory=Sensitive Privilege Use
OpCode=Info
RecordNumber=435530501
Keywords=Audit Success
Message=A privileged service was called.

Subject:
	Security ID:		Domain_C\user_m
	Account Name:		user_m
	Account Domain:		Domain_C
	Logon ID:		0x46BA

Service:
	Server:	NT Local Security Authority / Authentication Service
	Service Name:	LsaRegisterLogonProcess()

Process:
	Process ID:	0x959D
	Process Name:	C:\Windows\System32\example_b.exe

Service Request Information:
	Privileges:		SeBackupPrivilege

01/28/2020 01:19:54 PM
LogName=Security
SourceName=Microsoft Windows security auditing.
EventCode=4688
EventType=0
Type=Information
ComputerName=$SPLUNK_HOME/etc/apps/Splunk_TA_windows/samples/hostname.sample
TaskCategory=Process Creation
OpCode=Info
RecordNumber=184912602
Keywords=Audit Success
Message=A new process has been created.
Subject:
	Security ID:		Domain_C\user_l
	Account Name:		user_l
	Account Domain:		Domain_C
	Logon ID:		0xAB37
Process Information:
	New Process ID:		0x76BF
	New Process Name:	C:\Windows\System32\example_c.exe
	Token Elevation Type:	TokenElevationTypeLimited (3)
	Creator Process ID:	0xA645
Token Elevation Type indicates the type of token that was assigned to the new process in accordance with User Account Control policy.
Type 1 is a full token with no privileges removed or groups disabled.  A full token is only used if User Account Control is disabled or if the User is the built-in Administrator account or a service account.
Type 2 is an elevated token with no privileges removed or groups disabled.  An elevated token is used when User Account Control is enabled and the User chooses to start the program using Run as administrator.  An elevated token is also used when an application is configured to always require administrative privilege or to always require maximum privilege, and the User is a member of the Administrators group.
Type 3 is a limited token with administrative privileges removed and administrative groups disabled.  The limited token is used when User Account Control is enabled, the application does not require administrative privilege, and the User does not choose to start the program using Run as administrator.

01/28/2020 01:19:54 PM
LogName=Security
SourceName=Microsoft Windows security auditing.
EventCode=4672
EventType=0
Type=Information
ComputerName=ops-sys-003
TaskCategory=Special Logon
OpCode=Info
RecordNumber=776066429
Keywords=Audit Success
Message=Special privileges assigned to new logon.
Subject:
	Security ID:		Domain_D\user_g
	Account Name:		user_g
	Account Domain:		Domain_D
	Logon ID:		0xEB5F
Privileges:	SeSecurityPrivilege
			SeTakeOwnershipPrivilege
			SeLoadDriverPrivilege
			SeBackupPrivilege
			SeRestorePrivilege
			SeDebugPrivilege
			SeSystemEnvironmentPrivilege
			SeImpersonatePrivilege

01/28/2020 01:19:54 PM
LogName=Security
SourceName=Microsoft Windows security auditing.
EventCode=4739
EventType=0
Type=Information
ComputerName=HOST-005
TaskCategory=Authentication Policy Change
OpCode=Info
RecordNumber=687199515
Keywords=Audit Success
Message=Domain Policy was changed.

Change Type:		Password Policy modified

Subject:
	Security ID:  Domain_A\user_a
	Account Name:  user_a
	Account Domain:  Domain_A
	Logon ID:  0x6C10

Domain:
	Domain Name:		Domain_A
	Domain ID:		Domain_A\

Changed Attributes:
	Min. Password Age:	-
	Max. Password Age:	-
	Force Logoff:		-
	Lockout Threshold:	-
	Lockout Observation Window:	-
	Lockout Duration:	-
	Password Properties:	-
	Min. Password Length:	6
	Password History Length:	23
	Machine Account Quota:	-
	Mixed Domain Mode:	-
	Domain Behavior Version:	-
	OEM Information:	-

Additional Information:
	Privileges:		-

01/28/2020 01:19:54 PM
LogName=Security
SourceName= Microsoft Windows security auditing.
EventCode=4624
EventType=0
Type=Information
ComputerName=ops-sys-002
TaskCategory=Logon
OpCode=Info
RecordNumber=780110409
Keywords=Audit Success
Message=An account was successfully logged on.

Subject:
 Security ID:  Domain_B\SYSTEM
 Account Name:  ops-sys-002
 Account Domain:  Domain_B
 Logon ID:  0x70E4

Logon Information:
 Logon Type:  9
 Restricted Admin Mode: Yes
 Virtual Account:  No
 Elevated Token:  No

Impersonation Level:  Identification

New Logon:
 Security ID:  Domain_B\user_k
 Account Name:  user_k
 Account Domain:  Domain_B
 Logon ID:  0xBAC3
 Linked Logon ID:  86C5
 Network Account Name: -
 Network Account Domain: Domain_B
 Logon GUID:  {00000000-0000-0000-0000-000000000000}

Process Information:
 Process ID:  0x2A03
 Process Name:  C:\Windows\System32\example_a.exe

Network Information:
 Workstation Name: ops-sys-002
 Source Network Address: 87.233.112.217
 Source Port:  63126

Detailed Authentication Information:
 Logon Process:  Winlogon 
 Authentication Package: Negotiate
 Transited Services: -
 Package Name (NTLM only): -
 Key Length:  0

This event is generated when a logon session is created. It is generated on the computer that was accessed.

The subject fields indicate the account on the local system which requested the logon. This is most commonly a service such as the Server service, or a local process such as C859E.exe or C859E.exe.

The logon type field indicates the kind of logon that occurred. The most common types are 2 (interactive) and 3 (network).

The New Logon fields indicate the account for whom the new logon was created, i.e. the account that was logged on.

The network fields indicate where a remote logon request originated. Workstation name is not always available and may be left blank in some cases.

The impersonation level field indicates the extent to which a process in the logon session can impersonate.

The authentication information fields provide detailed information about this specific logon request.
 - Logon GUID is a unique identifier that can be used to correlate this event with a KDC event.
 - Transited services indicate which intermediate services have participated in this logon request.
 - Package name indicates which sub-protocol was used among the NTLM protocols.
 - Key length indicates the length of the generated session key. This will be 0 if no session key was requested.


01/28/2020 01:19:53 PM
LogName=Security
SourceName=Microsoft Windows security auditing.
EventCode=4718
EventType=0
Type=Information
ComputerName=ops-sys-002
TaskCategory=Authentication Policy Change
OpCode=Info
RecordNumber=19826068
Keywords=Audit Success
Message=System security access was removed from an account.

Subject:
	Security ID:		Domain_B\SYSTEM
	Account Name:		ops-sys-002
	Account Domain:		Domain_B
	Logon ID:		0xA369

Account Modified:
	Account Name:		Domain_B\user_f

Access Removed:
	Access Right:		SeServiceLogonRight

01/28/2020 01:19:53 PM
LogName=Security
SourceName=Microsoft Windows security auditing.
EventCode=4743
EventType=0
Type=Information
ComputerName=PROD-POS-004
TaskCategory=Computer Account Management
OpCode=Info
RecordNumber=197347445
Keywords=Audit Success
Message=A computer account was deleted.

Subject:
	Security ID:		Domain_B\user_e
	Account Name:		user_e
	Account Domain:		Domain_B
	Logon ID:		0x0452

Target Computer:
	Security ID:		Domain_B\user_h
	Account Name:		user_h
	Account Domain:		Domain_B

Additional Information:
	Privileges:	-

01/28/2020 01:19:53 PM
LogName=Security
SourceName=Microsoft Windows security auditing.
EventCode=4739
EventType=0
Type=Information
ComputerName=SE-004
TaskCategory=Authentication Policy Change
OpCode=Info
RecordNumber=647723035
Keywords=Audit Success
Message=Domain Policy was changed.

Change Type:		Password Policy modified

Subject:
	Security ID:  Domain_D\user_b
	Account Name:  user_b
	Account Domain:  Domain_D
	Logon ID:  0x3A81

Domain:
	Domain Name:		Domain_D
	Domain ID:		Domain_D\

Changed Attributes:
	Min. Password Age:	-
	Max. Password Age:	-
	Force Logoff:		-
	Lockout Threshold:	-
	Lockout Observation Window:	-
	Lockout Duration:	-
	Password Properties:	-
	Min. Password Length:	6
	Password History Length:	23
	Machine Account Quota:	-
	Mixed Domain Mode:	-
	Domain Behavior Version:	-
	OEM Information:	-

Additional Information:
	Privileges:		-

01/28/2020 01:19:53 PM
LogName=Security
SourceName=Microsoft Windows security auditing.
EventCode=4673
EventType=0
Type=Information
ComputerName=BUSDEV-003
TaskCategory=Sensitive Privilege Use
OpCode=Info
RecordNumber=960191714
Keywords=Audit Success
Message=A privileged service was called.

Subject:
	Security ID:		Domain_C\user_a
	Account Name:		user_a
	Account Domain:		Domain_C
	Logon ID:		0x6C10

Service:
	Server:	NT Local Security Authority / Authentication Service
	Service Name:	LsaRegisterLogonProcess()

Process:
	Process ID:	0xA57A
	Process Name:	C:\Windows\System32\example_c.exe

Service Request Information:
	Privileges:		SeLoadDriverPrivilege

01/28/2020 01:19:53 PM 
LogName=Security 
SourceName=Microsoft Windows security auditing.
EventCode=4740 
EventType=0 
Type=Information
ComputerName=HOST-003 
TaskCategory=User Account Management
OpCode=Info 
RecordNumber=646490073
Keywords=Audit Success
Message=A user account was locked out. 
Subject: 
	Security ID: Domain_E\user_a 
	Account Name: user_a
	Account Domain: Domain_E
	Logon ID: 0x6C10
Account That Was Locked Out: 
	Security ID: Domain_E\user_f 
	Account Name: user_f
Additional Information: 
	Caller Computer Name: HOST-003

01/28/2020 01:19:52 PM
LogName=Security
SourceName=Microsoft-Windows-Eventlog
EventCode=1102
EventType=4
Type=Information
ComputerName=PROD-POS-001
TaskCategory=Log clear
OpCode=Info
RecordNumber=796101145
Keywords=Audit Success
Message=The audit log was cleared.
Subject:
	Security ID:		Domain_A\user_k
	Account Name:		user_k
	Account Domain:		Domain_A
	Logon ID:		0xBAC3

01/28/2020 01:19:52 PM
LogName=Security
SourceName=Microsoft Windows security auditing.
EventCode=4717
EventType=0
Type=Information
ComputerName=BUSDEV-005
TaskCategory=Authentication Policy Change
OpCode=Info
RecordNumber=481379728
Keywords=Audit Success
Message=System security access was granted to an account.

Subject:
	Security ID:		Domain_E\SYSTEM
	Account Name:		BUSDEV-005
	Account Domain:		Domain_E
	Logon ID:		0xA19C

Account Modified:
	Account Name:		Domain_E\user_h

Access Granted:
	Access Right:		SeRemoteInteractiveLogonRight

01/28/2020 01:19:52 PM
LogName=Security
SourceName=Microsoft Windows security auditing.
EventCode=4718
EventType=0
Type=Information
ComputerName=SE-001
TaskCategory=Authentication Policy Change
OpCode=Info
RecordNumber=907639332
Keywords=Audit Success
Message=System security access was removed from an account.

Subject:
	Security ID:		Domain_D\SYSTEM
	Account Name:		SE-001
	Account Domain:		Domain_D
	Logon ID:		0x4D76

Account Modified:
	Account Name:		Domain_D\user_n

Access Removed:
	Access Right:		SeInteractiveLogonRight

01/28/2020 01:19:52 PM
LogName=Security
SourceName=Microsoft Windows security auditing.
EventCode=4739
EventType=0
Type=Information
ComputerName=BUSDEV-007
TaskCategory=Authentication Policy Change
OpCode=Info
RecordNumber=277676810
Keywords=Audit Success
Message=Domain Policy was changed.

Change Type:		Password Policy modified

Subject:
	Security ID:  Domain_A\user_g
	Account Name:  user_g
	Account Domain:  Domain_A
	Logon ID:  0xEB5F

Domain:
	Domain Name:		Domain_A
	Domain ID:		Domain_A\

Changed Attributes:
	Min. Password Age:	-
	Max. Password Age:	-
	Force Logoff:		-
	Lockout Threshold:	-
	Lockout Observation Window:	-
	Lockout Duration:	-
	Password Properties:	-
	Min. Password Length:	6
	Password History Length:	23
	Machine Account Quota:	-
	Mixed Domain Mode:	-
	Domain Behavior Version:	-
	OEM Information:	-

Additional Information:
	Privileges:		-

01/28/2020 01:19:52 PM
LogName=Security
SourceName=Microsoft Windows security auditing.
EventCode=4720
EventType=0
Type=Information
ComputerName=BUSDEV-006
TaskCategory=User Account Management
OpCode=Info
RecordNumber=27977085
Keywords=Audit Success
Message=A User account was created. 
Subject: 
	Security ID: Domain_A\user_d
	Account Name: user_d
	Account Domain: Domain_A
	Logon ID: 0x3EC3
New Account: 
	Security ID: Domain_A\user_g
	Account Name: user_g
	Account Domain: Domain_A
Attributes: 
	SAM Account Name: user_f
	Display Name: aaa
	User Principal Name: -
	Home Directory: \a\b
	Home Drive: D:
	Script Path: <value not set>
	Profile Path: <value not set>
	User Workstations: EEE
	Password Last Set: 2020-01-28 13:19:52 PM
	Account Expires: 2020-01-28 13:19:52 PM
	Primary Group ID: 344
	Allowed To Delegate To: server_2/computer_b
	Old UAC Value: 0546F2A
	New UAC Value: 1BD1207
	User Account Control: NOT_DELEGATED - Enabled
	User Parameters: <value not set>
	SID History: Domain_a/aaa
	Logon Hours: All
Additional Information:
	Privileges -

01/28/2020 01:19:52 PM
LogName=Security
SourceName=Microsoft Windows security auditing.
EventCode=4688
EventType=0
Type=Information
ComputerName=$SPLUNK_HOME/etc/apps/Splunk_TA_windows/samples/hostname.sample
TaskCategory=Process Creation
OpCode=Info
RecordNumber=724276580
Keywords=Audit Success
Message=A new process has been created.
Subject:
	Security ID:		Domain_B\user_g
	Account Name:		user_g
	Account Domain:		Domain_B
	Logon ID:		0xEB5F
Process Information:
	New Process ID:		0xC9A9
	New Process Name:	C:\Windows\System32\example_c.exe
	Token Elevation Type:	TokenElevationTypeFull (2)
	Creator Process ID:	0x8300
Token Elevation Type indicates the type of token that was assigned to the new process in accordance with User Account Control policy.
Type 1 is a full token with no privileges removed or groups disabled.  A full token is only used if User Account Control is disabled or if the User is the built-in Administrator account or a service account.
Type 2 is an elevated token with no privileges removed or groups disabled.  An elevated token is used when User Account Control is enabled and the User chooses to start the program using Run as administrator.  An elevated token is also used when an application is configured to always require administrative privilege or to always require maximum privilege, and the User is a member of the Administrators group.
Type 3 is a limited token with administrative privileges removed and administrative groups disabled.  The limited token is used when User Account Control is enabled, the application does not require administrative privilege, and the User does not choose to start the program using Run as administrator.

01/28/2020 01:19:52 PM
LogName=Security
SourceName=Microsoft-Windows-Eventlog
EventCode=1102
EventType=4
Type=Information
ComputerName=COREDEV-006
TaskCategory=Log clear
OpCode=Info
RecordNumber=407484239
Keywords=Audit Success
Message=The audit log was cleared.
Subject:
	Security ID:		Domain_B\user_a
	Account Name:		user_a
	Account Domain:		Domain_B
	Logon ID:		0x6C10

01/28/2020 01:19:51 PM
LogName=Security
SourceName=Microsoft Windows security auditing.
EventCode=4739
EventType=0
Type=Information
ComputerName=SE-002
TaskCategory=Authentication Policy Change
OpCode=Info
RecordNumber=371683962
Keywords=Audit Success
Message=Domain Policy was changed.

Change Type:		Password Policy modified

Subject:
	Security ID:  Domain_D\user_l
	Account Name:  user_l
	Account Domain:  Domain_D
	Logon ID:  0xAB37

Domain:
	Domain Name:		Domain_D
	Domain ID:		Domain_D\

Changed Attributes:
	Min. Password Age:	-
	Max. Password Age:	-
	Force Logoff:		-
	Lockout Threshold:	-
	Lockout Observation Window:	-
	Lockout Duration:	-
	Password Properties:	-
	Min. Password Length:	6
	Password History Length:	23
	Machine Account Quota:	-
	Mixed Domain Mode:	-
	Domain Behavior Version:	-
	OEM Information:	-

Additional Information:
	Privileges:		-

01/28/2020 01:19:51 PM
LogName=Security
SourceName=Microsoft Windows security auditing.
EventCode=4672
EventType=0
Type=Information
ComputerName=PROD-MFS-004
TaskCategory=Special Logon
OpCode=Info
RecordNumber=806182033
Keywords=Audit Success
Message=Special privileges assigned to new logon.
Subject:
	Security ID:		Domain_B\user_a
	Account Name:		user_a
	Account Domain:		Domain_B
	Logon ID:		0x6C10
Privileges:	SeSecurityPrivilege
			SeTakeOwnershipPrivilege
			SeLoadDriverPrivilege
			SeBackupPrivilege
			SeRestorePrivilege
			SeDebugPrivilege
			SeSystemEnvironmentPrivilege
			SeImpersonatePrivilege

01/28/2020 01:19:51 PM
LogName=Security
SourceName=Microsoft Windows security auditing.
EventCode=4672
EventType=0
Type=Information
ComputerName=SE-004
TaskCategory=Special Logon
OpCode=Info
RecordNumber=286315011
Keywords=Audit Success
Message=Special privileges assigned to new logon.
Subject:
	Security ID:		Domain_E\user_j
	Account Name:		user_j
	Account Domain:		Domain_E
	Logon ID:		0xB111
Privileges:	SeSecurityPrivilege
			SeTakeOwnershipPrivilege
			SeLoadDriverPrivilege
			SeBackupPrivilege
			SeRestorePrivilege
			SeDebugPrivilege
			SeSystemEnvironmentPrivilege
			SeImpersonatePrivilege

01/28/2020 01:19:51 PM
LogName=Security
SourceName=Microsoft Windows security auditing.
EventCode=4688
EventType=0
Type=Information
ComputerName=$SPLUNK_HOME/etc/apps/Splunk_TA_windows/samples/hostname.sample
TaskCategory=Process Creation
OpCode=Info
RecordNumber=804168282
Keywords=Audit Success
Message=A new process has been created.
Subject:
	Security ID:		Domain_B\user_a
	Account Name:		user_a
	Account Domain:		Domain_B
	Logon ID:		0x6C10
Process Information:
	New Process ID:		0xABA3
	New Process Name:	C:\Windows\System32\example_f.exe
	Token Elevation Type:	TokenElevationTypeLimited (3)
	Creator Process ID:	0x0022
Token Elevation Type indicates the type of token that was assigned to the new process in accordance with User Account Control policy.
Type 1 is a full token with no privileges removed or groups disabled.  A full token is only used if User Account Control is disabled or if the User is the built-in Administrator account or a service account.
Type 2 is an elevated token with no privileges removed or groups disabled.  An elevated token is used when User Account Control is enabled and the User chooses to start the program using Run as administrator.  An elevated token is also used when an application is configured to always require administrative privilege or to always require maximum privilege, and the User is a member of the Administrators group.
Type 3 is a limited token with administrative privileges removed and administrative groups disabled.  The limited token is used when User Account Control is enabled, the application does not require administrative privilege, and the User does not choose to start the program using Run as administrator.

01/28/2020 01:19:51 PM
LogName=Security
SourceName=Microsoft Windows security auditing.
EventCode=4672
EventType=0
Type=Information
ComputerName=ACME-004
TaskCategory=Special Logon
OpCode=Info
RecordNumber=356105768
Keywords=Audit Success
Message=Special privileges assigned to new logon.
Subject:
	Security ID:		Domain_A\user_c
	Account Name:		user_c
	Account Domain:		Domain_A
	Logon ID:		0x5FC9
Privileges:	SeSecurityPrivilege
			SeTakeOwnershipPrivilege
			SeLoadDriverPrivilege
			SeBackupPrivilege
			SeRestorePrivilege
			SeDebugPrivilege
			SeSystemEnvironmentPrivilege
			SeImpersonatePrivilege

01/28/2020 01:19:51 PM
LogName=Security
SourceName= Microsoft Windows security auditing.
EventCode=4624
EventType=0
Type=Information
ComputerName=ACME-001
TaskCategory=Logon
OpCode=Info
RecordNumber=834452017
Keywords=Audit Success
Message=An account was successfully logged on.

Subject:
 Security ID:  Domain_D\SYSTEM
 Account Name:  ACME-001
 Account Domain:  Domain_D
 Logon ID:  0x70E4

Logon Information:
 Logon Type:  8
 Restricted Admin Mode: -
 Virtual Account:  No
 Elevated Token:  Yes

Impersonation Level:  Impersonation

New Logon:
 Security ID:  Domain_D\user_f
 Account Name:  user_f
 Account Domain:  Domain_D
 Logon ID:  0xA369
 Linked Logon ID:  FDFD
 Network Account Name: -
 Network Account Domain: -
 Logon GUID:  {0887F1E4-39EA-D53C-804F-31D568A06274}

Process Information:
 Process ID:  0x018E
 Process Name:  C:\Windows\System32\example_c.exe

Network Information:
 Workstation Name: ACME-001
 Source Network Address: 172.87.183.93
 Source Port:  25512

Detailed Authentication Information:
 Logon Process:  logonProcess1 
 Authentication Package: Kerberos
 Transited Services: -
 Package Name (NTLM only): -
 Key Length:  0

This event is generated when a logon session is created. It is generated on the computer that was accessed.

The subject fields indicate the account on the local system which requested the logon. This is most commonly a service such as the Server service, or a local process such as 4C0A9.exe or 4C0A9.exe.

The logon type field indicates the kind of logon that occurred. The most common types are 2 (interactive) and 3 (network).

The New Logon fields indicate the account for whom the new logon was created, i.e. the account that was logged on.

The network fields indicate where a remote logon request originated. Workstation name is not always available and may be left blank in some cases.

The impersonation level field indicates the extent to which a process in the logon session can impersonate.

The authentication information fields provide detailed information about this specific logon request.
 - Logon GUID is a unique identifier that can be used to correlate this event with a KDC event.
 - Transited services indicate which intermediate services have participated in this logon request.
 - Package name indicates which sub-protocol was used among the NTLM protocols.
 - Key length indicates the length of the generated session key. This will be 0 if no session key was requested.


01/28/2020 01:19:50 PM
LogName=Security
SourceName=Microsoft Windows security auditing.
EventCode=4726
EventType=0
Type=Information
ComputerName=SE-003
TaskCategory=User Account Management
OpCode=Info
RecordNumber=60600085
Keywords=Audit Success
Message=A user account was deleted.

Subject:
	Security ID:		Domain_A\user_g
	Account Name:		user_g
	Account Domain:		Domain_A
	Logon ID:		0xEB5F

Target Account:
	Security ID:		Domain_A\user_a
	Account Name:		user_a
	Account Domain:		Domain_A

Additional Information:
	Privileges	SeLoadDriverPrivilege

01/28/2020 01:19:50 PM
LogName=Security
SourceName=Microsoft Windows security auditing.
EventCode=4798
EventType=Information
Type=Information
ComputerName=PROD-MFS-003
TaskCategory=Authentication Policy Change
OpCode=Info
RecordNumber=866841104
Keywords=Audit Success
Message=A User's local group membership was enumerated.

Subject:
	Security ID:		WINDOWS\ADSERVER
	Account Name:		ABCDE
	Account Domain:		WINDOWS
	Logon ID:		0x744
User:
	Security ID:		WINDOWS\ADSERVER
	Account Name:		ABCDE
	Account Domain:		WINDOWS

Process Information:
	Process ID:		0x16c4
	Process Name:		win\directory\directory2\BB1413B.exe


01/28/2020 01:19:50 PM
LogName=Security
SourceName= Microsoft Windows security auditing.
EventCode=4624
EventType=0
Type=Information
ComputerName=PROD-MFS-006
TaskCategory=Logon
OpCode=Info
RecordNumber=70478098
Keywords=Audit Success
Message=An account was successfully logged on.

Subject:
 Security ID:  Domain_E\SYSTEM
 Account Name:  PROD-MFS-006
 Account Domain:  Domain_E
 Logon ID:  0x70E4

Logon Information:
 Logon Type:  7
 Restricted Admin Mode: -
 Virtual Account:  Yes
 Elevated Token:  No

Impersonation Level:  Impersonation

New Logon:
 Security ID:  Domain_E\user_c
 Account Name:  user_c
 Account Domain:  Domain_E
 Logon ID:  0x5FC9
 Linked Logon ID:  A07F
 Network Account Name: -
 Network Account Domain: Domain_B
 Logon GUID:  {221B21A6-1AE2-3F9A-24EF-22C392AC2A47}

Process Information:
 Process ID:  0xECF8
 Process Name:  C:\Windows\System32\example_g.exe

Network Information:
 Workstation Name: PROD-MFS-006
 Source Network Address: 185.172.109.164
 Source Port:  24559

Detailed Authentication Information:
 Logon Process:  logonProcess1 
 Authentication Package: Negotiate
 Transited Services: service_A
 Package Name (NTLM only): -
 Key Length:  0

This event is generated when a logon session is created. It is generated on the computer that was accessed.

The subject fields indicate the account on the local system which requested the logon. This is most commonly a service such as the Server service, or a local process such as 8988A.exe or 8988A.exe.

The logon type field indicates the kind of logon that occurred. The most common types are 2 (interactive) and 3 (network).

The New Logon fields indicate the account for whom the new logon was created, i.e. the account that was logged on.

The network fields indicate where a remote logon request originated. Workstation name is not always available and may be left blank in some cases.

The impersonation level field indicates the extent to which a process in the logon session can impersonate.

The authentication information fields provide detailed information about this specific logon request.
 - Logon GUID is a unique identifier that can be used to correlate this event with a KDC event.
 - Transited services indicate which intermediate services have participated in this logon request.
 - Package name indicates which sub-protocol was used among the NTLM protocols.
 - Key length indicates the length of the generated session key. This will be 0 if no session key was requested.


01/28/2020 01:19:50 PM
LogName=Security
SourceName=Microsoft Windows security auditing.
EventCode=4673
EventType=0
Type=Information
ComputerName=ACME-002
TaskCategory=Sensitive Privilege Use
OpCode=Info
RecordNumber=506103769
Keywords=Audit Success
Message=A privileged service was called.

Subject:
	Security ID:		Domain_C\user_k
	Account Name:		user_k
	Account Domain:		Domain_C
	Logon ID:		0xBAC3

Service:
	Server:	NT Local Security Authority / Authentication Service
	Service Name:	LsaRegisterLogonProcess()

Process:
	Process ID:	0x6F7E
	Process Name:	C:\Windows\System32\example_d.exe

Service Request Information:
	Privileges:		SeTcbPrivilege

01/28/2020 01:19:50 PM
LogName=Security
SourceName=Microsoft Windows security auditing.
EventCode=4672
EventType=0
Type=Information
ComputerName=HOST-003
TaskCategory=Special Logon
OpCode=Info
RecordNumber=451658010
Keywords=Audit Success
Message=Special privileges assigned to new logon.
Subject:
	Security ID:		Domain_B\user_f
	Account Name:		user_f
	Account Domain:		Domain_B
	Logon ID:		0xA369
Privileges:	SeSecurityPrivilege
			SeTakeOwnershipPrivilege
			SeLoadDriverPrivilege
			SeBackupPrivilege
			SeRestorePrivilege
			SeDebugPrivilege
			SeSystemEnvironmentPrivilege
			SeImpersonatePrivilege

01/28/2020 01:19:50 PM
LogName=Security
SourceName=Microsoft-Windows-Eventlog
EventCode=1102
EventType=4
Type=Information
ComputerName=SE-001
TaskCategory=Log clear
OpCode=Info
RecordNumber=969108625
Keywords=Audit Success
Message=The audit log was cleared.
Subject:
	Security ID:		Domain_A\user_g
	Account Name:		user_g
	Account Domain:		Domain_A
	Logon ID:		0xEB5F

01/28/2020 01:19:49 PM
LogName=Security
SourceName=Microsoft Windows security auditing.
EventCode=4720
EventType=0
Type=Information
ComputerName=ACME-003
TaskCategory=User Account Management
OpCode=Info
RecordNumber=397955882
Keywords=Audit Success
Message=A User account was created. 
Subject: 
	Security ID: Domain_E\user_h
	Account Name: user_h
	Account Domain: Domain_E
	Logon ID: 0xA19C
New Account: 
	Security ID: Domain_E\user_l
	Account Name: user_l
	Account Domain: Domain_E
Attributes: 
	SAM Account Name: user_b
	Display Name: eee
	User Principal Name: ccc@AAA.local
	Home Directory: \a\e
	Home Drive: C:
	Script Path: \a\b\c
	Profile Path: <value not set>
	User Workstations: EEE
	Password Last Set: 2020-01-28 13:19:49 PM
	Account Expires: 2020-01-28 13:19:49 PM
	Primary Group ID: 300
	Allowed To Delegate To: server_1/coumputer_a
	Old UAC Value: 34F082E
	New UAC Value: 591EB1B
	User Account Control: LOCKOUT - Disabled
	User Parameters: <value changed, but not displayed>
	SID History: Domain_a/aaa
	Logon Hours: Monday 2:00 PM -Tuesday 6:00 PM
Additional Information:
	Privileges -

01/28/2020 01:19:49 PM
LogName=Security
SourceName=Microsoft Windows security auditing.
EventCode=4776
EventType=0
Type=Information
ComputerName=PROD-POS-003
TaskCategory=Credential Validation
OpCode=Info
RecordNumber=5573158
Keywords=Failure Audit
Message=The computer attempted to validate the credentials for an account.
Authentication Package: MICROSOFT_AUTHENTICATION_PACKAGE_V1_0
Logon Account: user_k
Source Workstation: PROD-POS-003
Error Code: 0xC000006D

01/28/2020 01:19:49 PM
LogName=Security
SourceName=Microsoft Windows security auditing.
EventCode=4720
EventType=0
Type=Information
ComputerName=PROD-MFS-004
TaskCategory=User Account Management
OpCode=Info
RecordNumber=963918402
Keywords=Audit Success
Message=A User account was created. 
Subject: 
	Security ID: Domain_B\user_e
	Account Name: user_e
	Account Domain: Domain_B
	Logon ID: 0x0452
New Account: 
	Security ID: Domain_B\user_e
	Account Name: user_e
	Account Domain: Domain_B
Attributes: 
	SAM Account Name: user_g
	Display Name: bbb
	User Principal Name: aaa@AAA.local
	Home Directory: \a\e
	Home Drive: A:
	Script Path: \a\b
	Profile Path: \a
	User Workstations: BBB
	Password Last Set: 2020-01-28 13:19:49 PM
	Account Expires: 2020-01-28 13:19:49 PM
	Primary Group ID: 9
	Allowed To Delegate To: server_1/coumputer_a
	Old UAC Value: AEE96E5
	New UAC Value: 86845C4
	User Account Control: PARTIAL_SECRETS_ACCOUNT - Disabled
	User Parameters: <value not set>
	SID History: -
	Logon Hours: Monday 2:00 PM -Tuesday 6:00 PM
Additional Information:
	Privileges SeSecurityPrivilege

01/28/2020 01:19:49 PM 
LogName=Security 
SourceName=Microsoft Windows security auditing.
EventCode=4740 
EventType=0 
Type=Information
ComputerName=PROD-POS-003 
TaskCategory=User Account Management
OpCode=Info 
RecordNumber=224737719
Keywords=Audit Success
Message=A user account was locked out. 
Subject: 
	Security ID: Domain_E\user_i 
	Account Name: user_i
	Account Domain: Domain_E
	Logon ID: 0x5F25
Account That Was Locked Out: 
	Security ID: Domain_E\user_m 
	Account Name: user_m
Additional Information: 
	Caller Computer Name: PROD-POS-003

01/28/2020 01:19:49 PM
LogName=Security
SourceName=Microsoft Windows security auditing.
EventCode=4672
EventType=0
Type=Information
ComputerName=ACME-004
TaskCategory=Special Logon
OpCode=Info
RecordNumber=232436007
Keywords=Audit Success
Message=Special privileges assigned to new logon.
Subject:
	Security ID:		Domain_A\user_i
	Account Name:		user_i
	Account Domain:		Domain_A
	Logon ID:		0x5F25
Privileges:	SeSecurityPrivilege
			SeTakeOwnershipPrivilege
			SeLoadDriverPrivilege
			SeBackupPrivilege
			SeRestorePrivilege
			SeDebugPrivilege
			SeSystemEnvironmentPrivilege
			SeImpersonatePrivilege

01/28/2020 01:19:49 PM
LogName=Security
SourceName=Microsoft Windows security auditing.
EventCode=4717
EventType=0
Type=Information
ComputerName=ops-sys-002
TaskCategory=Authentication Policy Change
OpCode=Info
RecordNumber=773344078
Keywords=Audit Success
Message=System security access was granted to an account.

Subject:
	Security ID:		Domain_C\SYSTEM
	Account Name:		ops-sys-002
	Account Domain:		Domain_C
	Logon ID:		0x3A81

Account Modified:
	Account Name:		Domain_C\user_b

Access Granted:
	Access Right:		SeBatchLogonRight

01/28/2020 01:19:49 PM
LogName=Security
SourceName=Microsoft Windows security auditing.
EventCode=5061
EventType=Information
Type=Information
ComputerName=PROD-MFS-001
TaskCategory=Authentication Policy Change
OpCode=Info
RecordNumber=880621768
Keywords=Audit Success
Message=Cryptographic operation.

Subject:
	Security ID:		WINDOWS\ADSERVER
	Account Name:		ADMINISTRATOR
	Account Domain:		abc
	Logon ID:		0xA47
Cryptographic Parameters:
	Provider Name: B49B8A20343E	
	Algorithm Name:	
	Key Name:	332fe7e7-d709-e3d8-af9e-7236c48f4c55
	Key Type: User key.

Cryptographic Operation:
	Operation:	Open Key.
	Return Code:	0x6


01/28/2020 01:19:48 PM
LogName=Security
SourceName=Microsoft Windows security auditing.
EventCode=4718
EventType=0
Type=Information
ComputerName=BUSDEV-006
TaskCategory=Authentication Policy Change
OpCode=Info
RecordNumber=669594804
Keywords=Audit Success
Message=System security access was removed from an account.

Subject:
	Security ID:		Domain_C\SYSTEM
	Account Name:		BUSDEV-006
	Account Domain:		Domain_C
	Logon ID:		0xAB37

Account Modified:
	Account Name:		Domain_C\user_l

Access Removed:
	Access Right:		SeServiceLogonRight

01/28/2020 01:19:48 PM 
LogName=Security 
SourceName=Microsoft Windows security auditing.
EventCode=4740 
EventType=0 
Type=Information
ComputerName=COREDEV-006 
TaskCategory=User Account Management
OpCode=Info 
RecordNumber=842336906
Keywords=Audit Success
Message=A user account was locked out. 
Subject: 
	Security ID: Domain_B\user_m 
	Account Name: user_m
	Account Domain: Domain_B
	Logon ID: 0x46BA
Account That Was Locked Out: 
	Security ID: Domain_B\user_g 
	Account Name: user_g
Additional Information: 
	Caller Computer Name: COREDEV-006

01/28/2020 01:19:48 PM
LogName=Security
SourceName=Microsoft Windows security auditing.
EventCode=4739
EventType=0
Type=Information
ComputerName=COREDEV-001
TaskCategory=Authentication Policy Change
OpCode=Info
RecordNumber=530951781
Keywords=Audit Success
Message=Domain Policy was changed.

Change Type:		Password Policy modified

Subject:
	Security ID:  Domain_D\user_m
	Account Name:  user_m
	Account Domain:  Domain_D
	Logon ID:  0x46BA

Domain:
	Domain Name:		Domain_D
	Domain ID:		Domain_D\

Changed Attributes:
	Min. Password Age:	-
	Max. Password Age:	-
	Force Logoff:		-
	Lockout Threshold:	-
	Lockout Observation Window:	-
	Lockout Duration:	-
	Password Properties:	-
	Min. Password Length:	6
	Password History Length:	23
	Machine Account Quota:	-
	Mixed Domain Mode:	-
	Domain Behavior Version:	-
	OEM Information:	-

Additional Information:
	Privileges:		-

01/28/2020 01:19:48 PM
LogName=Security
SourceName=Microsoft Windows security auditing.
EventCode=4724
EventType=0
Type=Information
ComputerName=COREDEV-001
TaskCategory=User Account Management
OpCode=Info
RecordNumber=215573098
Keywords=Audit Failure
Message=An attempt was made to reset an account's password.
Subject:
	Security ID:  Domain_B\user_h
	Account Name:  user_h
	Account Domain:  Domain_B
	Logon ID:  0xA19C
Target Account:
	Security ID:  Domain_B\user_i
	Account Name:  user_i
	Account Domain:  Domain_B

01/28/2020 01:19:48 PM
LogName=Security
SourceName=Microsoft Windows security auditing.
EventCode=4689
EventType=0
Type=Information
ComputerName=BUSDEV-002
TaskCategory=Process Termination
OpCode=Info
RecordNumber=791950427
Keywords=Audit Success
Message=A process has exited.

Subject:
	Security ID:		Domain_B\user_g
	Account Name:		user_g
	Account Domain:		Domain_B
	Logon ID:		0xEB5F

Process Information:
	Process ID:	0x8026
	Process Name:	C:\Windows\System32\example_a.exe
	Exit Status:	0x1DFE48

01/28/2020 01:19:47 PM
LogName=Security
SourceName=Microsoft Windows security auditing.
EventCode=4718
EventType=0
Type=Information
ComputerName=COREDEV-004
TaskCategory=Authentication Policy Change
OpCode=Info
RecordNumber=52593950
Keywords=Audit Success
Message=System security access was removed from an account.

Subject:
	Security ID:		Domain_E\SYSTEM
	Account Name:		COREDEV-004
	Account Domain:		Domain_E
	Logon ID:		0xEB5F

Account Modified:
	Account Name:		Domain_E\user_g

Access Removed:
	Access Right:		SeServiceLogonRight

01/28/2020 01:19:47 PM 
LogName=Security 
SourceName=Microsoft Windows security auditing.
EventCode=4740 
EventType=0 
Type=Information
ComputerName=ops-sys-005 
TaskCategory=User Account Management
OpCode=Info 
RecordNumber=478701671
Keywords=Audit Success
Message=A user account was locked out. 
Subject: 
	Security ID: Domain_C\user_f 
	Account Name: user_f
	Account Domain: Domain_C
	Logon ID: 0xA369
Account That Was Locked Out: 
	Security ID: Domain_C\user_e 
	Account Name: user_e
Additional Information: 
	Caller Computer Name: ops-sys-005

01/28/2020 01:19:47 PM
LogName=Security
SourceName= Microsoft Windows security auditing.
EventCode=4624
EventType=0
Type=Information
ComputerName=HOST-005
TaskCategory=Logon
OpCode=Info
RecordNumber=698967109
Keywords=Audit Success
Message=An account was successfully logged on.

Subject:
 Security ID:  Domain_B\SYSTEM
 Account Name:  HOST-005
 Account Domain:  Domain_B
 Logon ID:  0x70E4

Logon Information:
 Logon Type:  9
 Restricted Admin Mode: No
 Virtual Account:  No
 Elevated Token:  Yes

Impersonation Level:  Impersonation

New Logon:
 Security ID:  Domain_B\user_c
 Account Name:  user_c
 Account Domain:  Domain_B
 Logon ID:  0x5FC9
 Linked Logon ID:  5479
 Network Account Name: -
 Network Account Domain: -
 Logon GUID:  {00000000-0000-0000-0000-000000000000}

Process Information:
 Process ID:  0x938E
 Process Name:  C:\Windows\System32\example_a.exe

Network Information:
 Workstation Name: HOST-005
 Source Network Address: -
 Source Port:  29971

Detailed Authentication Information:
 Logon Process:  User32 
 Authentication Package: Negotiate
 Transited Services: service_A
 Package Name (NTLM only): -
 Key Length:  0

This event is generated when a logon session is created. It is generated on the computer that was accessed.

The subject fields indicate the account on the local system which requested the logon. This is most commonly a service such as the Server service, or a local process such as CBE8F.exe or CBE8F.exe.

The logon type field indicates the kind of logon that occurred. The most common types are 2 (interactive) and 3 (network).

The New Logon fields indicate the account for whom the new logon was created, i.e. the account that was logged on.

The network fields indicate where a remote logon request originated. Workstation name is not always available and may be left blank in some cases.

The impersonation level field indicates the extent to which a process in the logon session can impersonate.

The authentication information fields provide detailed information about this specific logon request.
 - Logon GUID is a unique identifier that can be used to correlate this event with a KDC event.
 - Transited services indicate which intermediate services have participated in this logon request.
 - Package name indicates which sub-protocol was used among the NTLM protocols.
 - Key length indicates the length of the generated session key. This will be 0 if no session key was requested.


01/28/2020 01:19:47 PM
LogName=Security
SourceName=Microsoft Windows security auditing.
EventCode=4776
EventType=0
Type=Information
ComputerName=PROD-MFS-003
TaskCategory=Credential Validation
OpCode=Info
RecordNumber=448421662
Keywords=Failure Audit
Message=The computer attempted to validate the credentials for an account.
Authentication Package: MICROSOFT_AUTHENTICATION_PACKAGE_V1_0
Logon Account: user_e
Source Workstation: PROD-MFS-003
Error Code: 0xC000006D

01/28/2020 01:19:47 PM
LogName=Security
SourceName=Microsoft Windows security auditing.
EventCode=4672
EventType=0
Type=Information
ComputerName=COREDEV-005
TaskCategory=Special Logon
OpCode=Info
RecordNumber=502158658
Keywords=Audit Success
Message=Special privileges assigned to new logon.
Subject:
	Security ID:		Domain_A\user_l
	Account Name:		user_l
	Account Domain:		Domain_A
	Logon ID:		0xAB37
Privileges:	SeSecurityPrivilege
			SeTakeOwnershipPrivilege
			SeLoadDriverPrivilege
			SeBackupPrivilege
			SeRestorePrivilege
			SeDebugPrivilege
			SeSystemEnvironmentPrivilege
			SeImpersonatePrivilege

