01/28/2020 01:19:40 PM
LogName=Security
SourceName=Microsoft Windows security auditing.
EventCode=4738
EventType=0
Type=Information
ComputerName=ops-sys-004
TaskCategory=User Account Management
OpCode=Info
RecordNumber=573087856
Keywords=Audit Success
Message=A User account was changed.

Subject:
 Security ID:  Domain_E\user_l
 Account Name:  user_l
 Account Domain:  Domain_E
 Logon ID:  0xAB37

Target Account:
 Security ID:  Domain_E\user_d
 Account Name:  user_d
 Account Domain:  Domain_E

Changed Attributes:
 SAM Account Name: user_g
 Display Name:  eee
 User Principal Name: ccc@AAA.local
 Home Directory:  \a\e
 Home Drive:  F:
 Script Path:  \a\g
 Profile Path:  \a\b
 User Workstations: DDD
 Password Last Set: <never>
 Account Expires:  <never>
 Primary Group ID: 373
 AllowedToDelegateTo: server_1/coumputer_a
 Old UAC Value:  03C28FD
 New UAC Value:  D19A5CE
 User Account Control: PASSWD_NOTREQD - Disabled
 User Parameters: <value not set>
 SID History:  Domain_a/aaa
 Logon Hours:  All

Additional Information:
 Privileges:  -

01/28/2020 01:19:40 PM
LogName=Security
SourceName=Microsoft Windows security auditing.
EventCode=4724
EventType=0
Type=Information
ComputerName=HOST-004
TaskCategory=User Account Management
OpCode=Info
RecordNumber=84026605
Keywords=Audit Failure
Message=An attempt was made to reset an account's password.
Subject:
	Security ID:  Domain_A\user_d
	Account Name:  user_d
	Account Domain:  Domain_A
	Logon ID:  0x3EC3
Target Account:
	Security ID:  Domain_A\user_i
	Account Name:  user_i
	Account Domain:  Domain_A

01/28/2020 01:19:40 PM
LogName=Security
SourceName=Microsoft Windows security auditing.
EventCode=4689
EventType=0
Type=Information
ComputerName=PROD-MFS-003
TaskCategory=Process Termination
OpCode=Info
RecordNumber=510802084
Keywords=Audit Success
Message=A process has exited.

Subject:
	Security ID:		Domain_C\user_j
	Account Name:		user_j
	Account Domain:		Domain_C
	Logon ID:		0xB111

Process Information:
	Process ID:	0x0362
	Process Name:	C:\Windows\System32\example_d.exe
	Exit Status:	0xBA01BF

01/28/2020 01:19:40 PM
LogName=Security
SourceName=Microsoft Windows security auditing.
EventCode=4689
EventType=0
Type=Information
ComputerName=COREDEV-001
TaskCategory=Process Termination
OpCode=Info
RecordNumber=693508596
Keywords=Audit Success
Message=A process has exited.

Subject:
	Security ID:		Domain_E\user_j
	Account Name:		user_j
	Account Domain:		Domain_E
	Logon ID:		0xB111

Process Information:
	Process ID:	0x69A1
	Process Name:	C:\Windows\System32\example_a.exe
	Exit Status:	0xB8CEA9

01/28/2020 01:19:40 PM
LogName=Security
SourceName=Microsoft-Windows-Eventlog
EventCode=1102
EventType=4
Type=Information
ComputerName=COREDEV-002
TaskCategory=Log clear
OpCode=Info
RecordNumber=283367561
Keywords=Audit Success
Message=The audit log was cleared.
Subject:
	Security ID:		Domain_D\user_c
	Account Name:		user_c
	Account Domain:		Domain_D
	Logon ID:		0x5FC9

01/28/2020 01:19:39 PM
LogName=Security
SourceName=Microsoft Windows security auditing.
EventCode=4739
EventType=0
Type=Information
ComputerName=ACME-001
TaskCategory=Authentication Policy Change
OpCode=Info
RecordNumber=472370476
Keywords=Audit Success
Message=Domain Policy was changed.

Change Type:		Password Policy modified

Subject:
	Security ID:  Domain_B\user_d
	Account Name:  user_d
	Account Domain:  Domain_B
	Logon ID:  0x3EC3

Domain:
	Domain Name:		Domain_B
	Domain ID:		Domain_B\

Changed Attributes:
	Min. Password Age:	-
	Max. Password Age:	-
	Force Logoff:		-
	Lockout Threshold:	-
	Lockout Observation Window:	-
	Lockout Duration:	-
	Password Properties:	-
	Min. Password Length:	6
	Password History Length:	23
	Machine Account Quota:	-
	Mixed Domain Mode:	-
	Domain Behavior Version:	-
	OEM Information:	-

Additional Information:
	Privileges:		-

01/28/2020 01:19:39 PM
LogName=Security
SourceName=Microsoft Windows security auditing.
EventCode=4717
EventType=0
Type=Information
ComputerName=SE-005
TaskCategory=Authentication Policy Change
OpCode=Info
RecordNumber=314597192
Keywords=Audit Success
Message=System security access was granted to an account.

Subject:
	Security ID:		Domain_E\SYSTEM
	Account Name:		SE-005
	Account Domain:		Domain_E
	Logon ID:		0x6C10

Account Modified:
	Account Name:		Domain_E\user_a

Access Granted:
	Access Right:		SeNetworkLogonRight

01/28/2020 01:19:39 PM
LogName=Security
SourceName=Microsoft Windows security auditing.
EventCode=4689
EventType=0
Type=Information
ComputerName=PROD-POS-006
TaskCategory=Process Termination
OpCode=Info
RecordNumber=533168216
Keywords=Audit Success
Message=A process has exited.

Subject:
	Security ID:		Domain_D\user_l
	Account Name:		user_l
	Account Domain:		Domain_D
	Logon ID:		0xAB37

Process Information:
	Process ID:	0xC192
	Process Name:	C:\Windows\System32\example_b.exe
	Exit Status:	0x96A003

01/28/2020 01:19:39 PM
LogName=Security
SourceName= Microsoft Windows security auditing.
EventCode=4624
EventType=0
Type=Information
ComputerName=HOST-005
TaskCategory=Logon
OpCode=Info
RecordNumber=255708383
Keywords=Audit Success
Message=An account was successfully logged on.

Subject:
 Security ID:  Domain_B\SYSTEM
 Account Name:  HOST-005
 Account Domain:  Domain_B
 Logon ID:  0x70E4

Logon Information:
 Logon Type:  8
 Restricted Admin Mode: No
 Virtual Account:  No
 Elevated Token:  No

Impersonation Level:  Delegation

New Logon:
 Security ID:  Domain_B\user_k
 Account Name:  user_k
 Account Domain:  Domain_B
 Logon ID:  0xBAC3
 Linked Logon ID:  A7C7
 Network Account Name: user_n
 Network Account Domain: -
 Logon GUID:  {221B21A6-1AE2-3F9A-24EF-22C392AC2A47}

Process Information:
 Process ID:  0x5BDA
 Process Name:  C:\Windows\System32\example_d.exe

Network Information:
 Workstation Name: HOST-005
 Source Network Address: -
 Source Port:  32142

Detailed Authentication Information:
 Logon Process:  Winlogon 
 Authentication Package: Kerberos
 Transited Services: service_A
 Package Name (NTLM only): -
 Key Length:  0

This event is generated when a logon session is created. It is generated on the computer that was accessed.

The subject fields indicate the account on the local system which requested the logon. This is most commonly a service such as the Server service, or a local process such as ADA17.exe or ADA17.exe.

The logon type field indicates the kind of logon that occurred. The most common types are 2 (interactive) and 3 (network).

The New Logon fields indicate the account for whom the new logon was created, i.e. the account that was logged on.

The network fields indicate where a remote logon request originated. Workstation name is not always available and may be left blank in some cases.

The impersonation level field indicates the extent to which a process in the logon session can impersonate.

The authentication information fields provide detailed information about this specific logon request.
 - Logon GUID is a unique identifier that can be used to correlate this event with a KDC event.
 - Transited services indicate which intermediate services have participated in this logon request.
 - Package name indicates which sub-protocol was used among the NTLM protocols.
 - Key length indicates the length of the generated session key. This will be 0 if no session key was requested.


01/28/2020 01:19:39 PM
LogName=Security
SourceName=Microsoft Windows security auditing.
EventCode=4738
EventType=0
Type=Information
ComputerName=ops-sys-005
TaskCategory=User Account Management
OpCode=Info
RecordNumber=63835789
Keywords=Audit Success
Message=A User account was changed.

Subject:
 Security ID:  Domain_C\user_f
 Account Name:  user_f
 Account Domain:  Domain_C
 Logon ID:  0xA369

Target Account:
 Security ID:  Domain_C\user_h
 Account Name:  user_h
 Account Domain:  Domain_C

Changed Attributes:
 SAM Account Name: user_k
 Display Name:  <value not set>
 User Principal Name: eee@AAA.local
 Home Directory:  \a
 Home Drive:  A:
 Script Path:  <value not set>
 Profile Path:  \a\b\c
 User Workstations: DDD
 Password Last Set: <never>
 Account Expires:  <never>
 Primary Group ID: 354
 AllowedToDelegateTo: server_2/computer_b
 Old UAC Value:  834077D
 New UAC Value:  929A083
 User Account Control: HOMEDIR_REQUIRED - Enabled
 User Parameters: <value not set>
 SID History:  -
 Logon Hours:  All

Additional Information:
 Privileges:  -

01/28/2020 01:19:39 PM
LogName=Security
SourceName=Microsoft Windows security auditing.
EventCode=4648
EventType=0
Type=Information
ComputerName=BUSDEV-002
TaskCategory=Logon
OpCode=Info
RecordNumber=67123316
Keywords=Audit Success
Message=A logon was attempted using explicit credentials.
Subject:
	Security ID:  Domain_D\SYSTEM
	Account Name:  BUSDEV-002
	Account Domain:  Domain_D
	Logon ID:  0x70E4
	Logon GUID:		{221B21A6-1AE2-3F9A-24EF-22C392AC2A47}
Account Whose Credentials Were Used:
	Account Name:		triperim74
	Account Domain:		Domain_D
	Logon GUID:		{221B21A6-1AE2-3F9A-24EF-22C392AC2A47}
Target Server:
	Target Server Name:	Server_A.com
	Additional Information:	Server_A.com
Process Information:
	Process ID:		2F17
	Process Name:		C:\Windows\System32\example_e.exe
Network Information:
	Network Address:	245.184.91.72
	Port:			-
This event is generated when a process attempts to log on an account by explicitly specifying that account's credentials. This most commonly occurs in batch-type configurations such as scheduled tasks, or when using the RUNAS command.

01/28/2020 01:19:39 PM
LogName=Security
SourceName=Microsoft Windows security auditing.
EventCode=4776
EventType=0
Type=Information
ComputerName=PROD-POS-005
TaskCategory=Credential Validation
OpCode=Info
RecordNumber=754623787
Keywords=Failure Audit
Message=The computer attempted to validate the credentials for an account.
Authentication Package: MICROSOFT_AUTHENTICATION_PACKAGE_V1_0
Logon Account: user_b
Source Workstation: PROD-POS-005
Error Code: 0xC0000234

01/28/2020 01:19:39 PM
LogName=Security
SourceName=Microsoft Windows security auditing.
EventCode=4689
EventType=0
Type=Information
ComputerName=HOST-006
TaskCategory=Process Termination
OpCode=Info
RecordNumber=123857263
Keywords=Audit Success
Message=A process has exited.

Subject:
	Security ID:		Domain_E\user_c
	Account Name:		user_c
	Account Domain:		Domain_E
	Logon ID:		0x5FC9

Process Information:
	Process ID:	0xC931
	Process Name:	C:\Windows\System32\example_b.exe
	Exit Status:	0xF8712B

01/28/2020 01:19:39 PM
LogName=Security
SourceName=Microsoft-Windows-Eventlog
EventCode=1102
EventType=4
Type=Information
ComputerName=BUSDEV-003
TaskCategory=Log clear
OpCode=Info
RecordNumber=667836495
Keywords=Audit Success
Message=The audit log was cleared.
Subject:
	Security ID:		Domain_C\user_b
	Account Name:		user_b
	Account Domain:		Domain_C
	Logon ID:		0x3A81

01/28/2020 01:19:39 PM
LogName=Security
SourceName= Microsoft Windows security auditing.
EventCode=4624
EventType=0
Type=Information
ComputerName=ops-sys-001
TaskCategory=Logon
OpCode=Info
RecordNumber=851606364
Keywords=Audit Success
Message=An account was successfully logged on.

Subject:
 Security ID:  Domain_B\SYSTEM
 Account Name:  ops-sys-001
 Account Domain:  Domain_B
 Logon ID:  0x70E4

Logon Information:
 Logon Type:  6
 Restricted Admin Mode: -
 Virtual Account:  No
 Elevated Token:  Yes

Impersonation Level:  Identification

New Logon:
 Security ID:  Domain_B\user_g
 Account Name:  user_g
 Account Domain:  Domain_B
 Logon ID:  0xEB5F
 Linked Logon ID:  A69B
 Network Account Name: user_k
 Network Account Domain: Domain_C
 Logon GUID:  {00000000-0000-0000-0000-000000000000}

Process Information:
 Process ID:  0x31D7
 Process Name:  C:\Windows\System32\example_b.exe

Network Information:
 Workstation Name: ops-sys-001
 Source Network Address: 94.226.160.123
 Source Port:  42971

Detailed Authentication Information:
 Logon Process:  User32 
 Authentication Package: Negotiate
 Transited Services: service_A
 Package Name (NTLM only): -
 Key Length:  0

This event is generated when a logon session is created. It is generated on the computer that was accessed.

The subject fields indicate the account on the local system which requested the logon. This is most commonly a service such as the Server service, or a local process such as 33B6B.exe or 33B6B.exe.

The logon type field indicates the kind of logon that occurred. The most common types are 2 (interactive) and 3 (network).

The New Logon fields indicate the account for whom the new logon was created, i.e. the account that was logged on.

The network fields indicate where a remote logon request originated. Workstation name is not always available and may be left blank in some cases.

The impersonation level field indicates the extent to which a process in the logon session can impersonate.

The authentication information fields provide detailed information about this specific logon request.
 - Logon GUID is a unique identifier that can be used to correlate this event with a KDC event.
 - Transited services indicate which intermediate services have participated in this logon request.
 - Package name indicates which sub-protocol was used among the NTLM protocols.
 - Key length indicates the length of the generated session key. This will be 0 if no session key was requested.


01/28/2020 01:19:39 PM
LogName=Security
SourceName=Microsoft Windows security auditing.
EventCode=4776
EventType=Information
Type=Information
ComputerName=BUSDEV-002
TaskCategory=Authentication Policy Change
OpCode=Info
RecordNumber=524671777
Keywords=Audit Success
Message=The computer attempted to validate the credentials for an account.

Authentication Package:	NTLM
Logon Account:	F48F
Source Workstation:	835BD2D9
Error Code:	0xE


01/28/2020 01:19:39 PM
LogName=Security
SourceName=Microsoft Windows security auditing.
EventCode=4738
EventType=0
Type=Information
ComputerName=BUSDEV-006
TaskCategory=User Account Management
OpCode=Info
RecordNumber=763139096
Keywords=Audit Success
Message=A User account was changed.

Subject:
 Security ID:  Domain_B\user_l
 Account Name:  user_l
 Account Domain:  Domain_B
 Logon ID:  0xAB37

Target Account:
 Security ID:  Domain_B\user_b
 Account Name:  user_b
 Account Domain:  Domain_B

Changed Attributes:
 SAM Account Name: user_n
 Display Name:  ccc
 User Principal Name: -
 Home Directory:  \a\b\c
 Home Drive:  C:
 Script Path:  \a\b
 Profile Path:  \a
 User Workstations: DDD
 Password Last Set: <never>
 Account Expires:  2020-01-28 13:19:39 PM
 Primary Group ID: 81
 AllowedToDelegateTo: server_2/computer_b
 Old UAC Value:  35A3C2A
 New UAC Value:  3C26D78
 User Account Control: LOCKOUT - Disabled
 User Parameters: <value changed, but not displayed>
 SID History:  Domain_b/bbb
 Logon Hours:  Tuesday 8:00 PM -Wednesday 10:00 AM

Additional Information:
 Privileges:  -

01/28/2020 01:19:38 PM
LogName=Security
SourceName=Microsoft Windows security auditing.
EventCode=4717
EventType=0
Type=Information
ComputerName=COREDEV-004
TaskCategory=Authentication Policy Change
OpCode=Info
RecordNumber=965882623
Keywords=Audit Success
Message=System security access was granted to an account.

Subject:
	Security ID:		Domain_C\SYSTEM
	Account Name:		COREDEV-004
	Account Domain:		Domain_C
	Logon ID:		0x3EC3

Account Modified:
	Account Name:		Domain_C\user_d

Access Granted:
	Access Right:		SeBatchLogonRight

01/28/2020 01:19:38 PM
LogName=Security
SourceName=Microsoft Windows security auditing.
EventCode=4648
EventType=0
Type=Information
ComputerName=PROD-POS-005
TaskCategory=Logon
OpCode=Info
RecordNumber=762550378
Keywords=Audit Success
Message=A logon was attempted using explicit credentials.
Subject:
	Security ID:  Domain_D\SYSTEM
	Account Name:  PROD-POS-005
	Account Domain:  Domain_D
	Logon ID:  0x70E4
	Logon GUID:		{27C4A2F2-13CA-AA25-E903-D31268740239}
Account Whose Credentials Were Used:
	Account Name:		BeylessMa5celen
	Account Domain:		Domain_D
	Logon GUID:		{00000000-0000-0000-0000-000000000000}
Target Server:
	Target Server Name:	dcab.acmbh.com
	Additional Information:	dcab.acmbh.com
Process Information:
	Process ID:		EC73
	Process Name:		C:\Windows\System32\example_b.exe
Network Information:
	Network Address:	-
	Port:			-
This event is generated when a process attempts to log on an account by explicitly specifying that account's credentials. This most commonly occurs in batch-type configurations such as scheduled tasks, or when using the RUNAS command.

01/28/2020 01:19:38 PM
LogName=Security
SourceName= Microsoft Windows security auditing.
EventCode=4624
EventType=0
Type=Information
ComputerName=COREDEV-002
TaskCategory=Logon
OpCode=Info
RecordNumber=147951806
Keywords=Audit Success
Message=An account was successfully logged on.

Subject:
 Security ID:  Domain_B\SYSTEM
 Account Name:  COREDEV-002
 Account Domain:  Domain_B
 Logon ID:  0x70E4

Logon Information:
 Logon Type:  4
 Restricted Admin Mode: No
 Virtual Account:  Yes
 Elevated Token:  Yes

Impersonation Level:  Delegation

New Logon:
 Security ID:  Domain_B\user_i
 Account Name:  user_i
 Account Domain:  Domain_B
 Logon ID:  0x5F25
 Linked Logon ID:  4BAB
 Network Account Name: -
 Network Account Domain: -
 Logon GUID:  {0887F1E4-39EA-D53C-804F-31D568A06274}

Process Information:
 Process ID:  0x6E41
 Process Name:  C:\Windows\System32\example_a.exe

Network Information:
 Workstation Name: COREDEV-002
 Source Network Address: -
 Source Port:  30337

Detailed Authentication Information:
 Logon Process:  logonProcess1 
 Authentication Package: Kerberos
 Transited Services: service_B
 Package Name (NTLM only): -
 Key Length:  0

This event is generated when a logon session is created. It is generated on the computer that was accessed.

The subject fields indicate the account on the local system which requested the logon. This is most commonly a service such as the Server service, or a local process such as 7505C.exe or 7505C.exe.

The logon type field indicates the kind of logon that occurred. The most common types are 2 (interactive) and 3 (network).

The New Logon fields indicate the account for whom the new logon was created, i.e. the account that was logged on.

The network fields indicate where a remote logon request originated. Workstation name is not always available and may be left blank in some cases.

The impersonation level field indicates the extent to which a process in the logon session can impersonate.

The authentication information fields provide detailed information about this specific logon request.
 - Logon GUID is a unique identifier that can be used to correlate this event with a KDC event.
 - Transited services indicate which intermediate services have participated in this logon request.
 - Package name indicates which sub-protocol was used among the NTLM protocols.
 - Key length indicates the length of the generated session key. This will be 0 if no session key was requested.


01/28/2020 01:19:38 PM
LogName=Security
SourceName=Microsoft Windows security auditing.
EventCode=4648
EventType=0
Type=Information
ComputerName=ACME-005
TaskCategory=Logon
OpCode=Info
RecordNumber=664884705
Keywords=Audit Success
Message=A logon was attempted using explicit credentials.
Subject:
	Security ID:  Domain_B\SYSTEM
	Account Name:  ACME-005
	Account Domain:  Domain_B
	Logon ID:  0x70E4
	Logon GUID:		{0887F1E4-39EA-D53C-804F-31D568A06274}
Account Whose Credentials Were Used:
	Account Name:		DearOldBitter
	Account Domain:		Domain_B
	Logon GUID:		{00000000-0000-0000-0000-000000000000}
Target Server:
	Target Server Name:	localhost
	Additional Information:	localhost
Process Information:
	Process ID:		20CD
	Process Name:		C:\Windows\System32\example_f.exe
Network Information:
	Network Address:	-
	Port:			62410
This event is generated when a process attempts to log on an account by explicitly specifying that account's credentials. This most commonly occurs in batch-type configurations such as scheduled tasks, or when using the RUNAS command.

01/28/2020 01:19:38 PM
LogName=Security
SourceName= Microsoft Windows security auditing.
EventCode=4624
EventType=0
Type=Information
ComputerName=BUSDEV-003
TaskCategory=Logon
OpCode=Info
RecordNumber=164823391
Keywords=Audit Success
Message=An account was successfully logged on.

Subject:
 Security ID:  Domain_C\SYSTEM
 Account Name:  BUSDEV-003
 Account Domain:  Domain_C
 Logon ID:  0x70E4

Logon Information:
 Logon Type:  11
 Restricted Admin Mode: Yes
 Virtual Account:  No
 Elevated Token:  Yes

Impersonation Level:  Delegation

New Logon:
 Security ID:  Domain_C\user_d
 Account Name:  user_d
 Account Domain:  Domain_C
 Logon ID:  0x3EC3
 Linked Logon ID:  3B4A
 Network Account Name: -
 Network Account Domain: -
 Logon GUID:  {221B21A6-1AE2-3F9A-24EF-22C392AC2A47}

Process Information:
 Process ID:  0x9C5A
 Process Name:  C:\Windows\System32\example_a.exe

Network Information:
 Workstation Name: BUSDEV-003
 Source Network Address: -
 Source Port:  38418

Detailed Authentication Information:
 Logon Process:  logonProcess1 
 Authentication Package: Kerberos
 Transited Services: service_A
 Package Name (NTLM only): -
 Key Length:  0

This event is generated when a logon session is created. It is generated on the computer that was accessed.

The subject fields indicate the account on the local system which requested the logon. This is most commonly a service such as the Server service, or a local process such as 631C5.exe or 631C5.exe.

The logon type field indicates the kind of logon that occurred. The most common types are 2 (interactive) and 3 (network).

The New Logon fields indicate the account for whom the new logon was created, i.e. the account that was logged on.

The network fields indicate where a remote logon request originated. Workstation name is not always available and may be left blank in some cases.

The impersonation level field indicates the extent to which a process in the logon session can impersonate.

The authentication information fields provide detailed information about this specific logon request.
 - Logon GUID is a unique identifier that can be used to correlate this event with a KDC event.
 - Transited services indicate which intermediate services have participated in this logon request.
 - Package name indicates which sub-protocol was used among the NTLM protocols.
 - Key length indicates the length of the generated session key. This will be 0 if no session key was requested.


01/28/2020 01:19:38 PM
LogName=Security
SourceName=Microsoft Windows security auditing.
EventCode=4738
EventType=0
Type=Information
ComputerName=PROD-MFS-004
TaskCategory=User Account Management
OpCode=Info
RecordNumber=479380497
Keywords=Audit Success
Message=A User account was changed.

Subject:
 Security ID:  Domain_B\user_a
 Account Name:  user_a
 Account Domain:  Domain_B
 Logon ID:  0x6C10

Target Account:
 Security ID:  Domain_B\user_a
 Account Name:  user_a
 Account Domain:  Domain_B

Changed Attributes:
 SAM Account Name: user_k
 Display Name:  fff
 User Principal Name: bbb@BBB.local
 Home Directory:  \a
 Home Drive:  D:
 Script Path:  <value not set>
 Profile Path:  <value not set>
 User Workstations: BBB
 Password Last Set: 2020-01-28 13:19:38 PM
 Account Expires:  <never>
 Primary Group ID: 537
 AllowedToDelegateTo: server_1/coumputer_a
 Old UAC Value:  EDC307A
 New UAC Value:  CF2590B
 User Account Control: TRUSTED_TO_AUTH_FOR_DELEGATION - Enabled
 User Parameters: <value changed, but not displayed>
 SID History:  Domain_b/bbb
 Logon Hours:  Monday 2:00 PM -Tuesday 6:00 PM

Additional Information:
 Privileges:  SeBackupPrivilege

01/28/2020 01:19:38 PM
LogName=Security
SourceName=Microsoft Windows security auditing.
EventCode=4648
EventType=0
Type=Information
ComputerName=ACME-006
TaskCategory=Logon
OpCode=Info
RecordNumber=210845976
Keywords=Audit Success
Message=A logon was attempted using explicit credentials.
Subject:
	Security ID:  Domain_B\SYSTEM
	Account Name:  ACME-006
	Account Domain:  Domain_B
	Logon ID:  0x70E4
	Logon GUID:		{0887F1E4-39EA-D53C-804F-31D568A06274}
Account Whose Credentials Were Used:
	Account Name:		Wuichan
	Account Domain:		Domain_B
	Logon GUID:		{0887F1E4-39EA-D53C-804F-31D568A06274}
Target Server:
	Target Server Name:	Server_C.com
	Additional Information:	Server_C.com
Process Information:
	Process ID:		348C
	Process Name:		C:\Windows\System32\example_b.exe
Network Information:
	Network Address:	-
	Port:			24351
This event is generated when a process attempts to log on an account by explicitly specifying that account's credentials. This most commonly occurs in batch-type configurations such as scheduled tasks, or when using the RUNAS command.

01/28/2020 01:19:38 PM
LogName=Security
SourceName=Microsoft Windows security auditing.
EventCode=4738
EventType=0
Type=Information
ComputerName=PROD-POS-003
TaskCategory=User Account Management
OpCode=Info
RecordNumber=115392689
Keywords=Audit Success
Message=A User account was changed.

Subject:
 Security ID:  Domain_C\user_a
 Account Name:  user_a
 Account Domain:  Domain_C
 Logon ID:  0x6C10

Target Account:
 Security ID:  Domain_C\user_f
 Account Name:  user_f
 Account Domain:  Domain_C

Changed Attributes:
 SAM Account Name: user_d
 Display Name:  aaa
 User Principal Name: ddd@BBB.local
 Home Directory:  \a
 Home Drive:  <value not set>
 Script Path:  \a\b
 Profile Path:  \a\b
 User Workstations: EEE
 Password Last Set: 2020-01-28 13:19:38 PM
 Account Expires:  <never>
 Primary Group ID: 966
 AllowedToDelegateTo: server_2/computer_b
 Old UAC Value:  4A0815B
 New UAC Value:  6E4EBE2
 User Account Control: PARTIAL_SECRETS_ACCOUNT - Disabled
 User Parameters: <value changed, but not displayed>
 SID History:  Domain_b/bbb
 Logon Hours:  Monday 2:00 PM -Tuesday 6:00 PM

Additional Information:
 Privileges:  SeRestorePrivilege

01/28/2020 01:19:38 PM
LogName=Security
SourceName=Microsoft Windows security auditing.
EventCode=4726
EventType=0
Type=Information
ComputerName=BUSDEV-003
TaskCategory=User Account Management
OpCode=Info
RecordNumber=688072339
Keywords=Audit Success
Message=A user account was deleted.

Subject:
	Security ID:		Domain_D\user_j
	Account Name:		user_j
	Account Domain:		Domain_D
	Logon ID:		0xB111

Target Account:
	Security ID:		Domain_D\user_n
	Account Name:		user_n
	Account Domain:		Domain_D

Additional Information:
	Privileges	SeSecurityPrivilege

01/28/2020 01:19:38 PM
LogName=Security
SourceName=Microsoft Windows security auditing.
EventCode=4776
EventType=0
Type=Information
ComputerName=BUSDEV-001
TaskCategory=Credential Validation
OpCode=Info
RecordNumber=362247109
Keywords=Audit Success
Message=The computer attempted to validate the credentials for an account.
Authentication Package: MICROSOFT_AUTHENTICATION_PACKAGE_V1_0
Logon Account: user_e
Source Workstation: BUSDEV-001
Error Code: 0x0

01/28/2020 01:19:37 PM
LogName=Security
SourceName=Microsoft-Windows-Eventlog
EventCode=1102
EventType=4
Type=Information
ComputerName=ACME-003
TaskCategory=Log clear
OpCode=Info
RecordNumber=254321417
Keywords=Audit Success
Message=The audit log was cleared.
Subject:
	Security ID:		Domain_D\user_j
	Account Name:		user_j
	Account Domain:		Domain_D
	Logon ID:		0xB111

01/28/2020 01:19:37 PM
LogName=Security
SourceName=Microsoft Windows security auditing.
EventCode=4717
EventType=0
Type=Information
ComputerName=PROD-MFS-006
TaskCategory=Authentication Policy Change
OpCode=Info
RecordNumber=417276524
Keywords=Audit Success
Message=System security access was granted to an account.

Subject:
	Security ID:		Domain_B\SYSTEM
	Account Name:		PROD-MFS-006
	Account Domain:		Domain_B
	Logon ID:		0xAB37

Account Modified:
	Account Name:		Domain_B\user_l

Access Granted:
	Access Right:		SeInteractiveLogonRight

01/28/2020 01:19:37 PM
LogName=Security
SourceName=Microsoft Windows security auditing.
EventCode=4672
EventType=0
Type=Information
ComputerName=BUSDEV-005
TaskCategory=Special Logon
OpCode=Info
RecordNumber=189839767
Keywords=Audit Success
Message=Special privileges assigned to new logon.
Subject:
	Security ID:		Domain_C\user_g
	Account Name:		user_g
	Account Domain:		Domain_C
	Logon ID:		0xEB5F
Privileges:	SeSecurityPrivilege
			SeTakeOwnershipPrivilege
			SeLoadDriverPrivilege
			SeBackupPrivilege
			SeRestorePrivilege
			SeDebugPrivilege
			SeSystemEnvironmentPrivilege
			SeImpersonatePrivilege

01/28/2020 01:19:37 PM
LogName=Security
SourceName=Microsoft Windows security auditing.
EventCode=4738
EventType=0
Type=Information
ComputerName=HOST-001
TaskCategory=User Account Management
OpCode=Info
RecordNumber=512030095
Keywords=Audit Success
Message=A User account was changed.

Subject:
 Security ID:  Domain_E\user_l
 Account Name:  user_l
 Account Domain:  Domain_E
 Logon ID:  0xAB37

Target Account:
 Security ID:  Domain_E\user_k
 Account Name:  user_k
 Account Domain:  Domain_E

Changed Attributes:
 SAM Account Name: user_c
 Display Name:  aaa
 User Principal Name: ccc@AAA.local
 Home Directory:  <value not set>
 Home Drive:  C:
 Script Path:  \a\b
 Profile Path:  \a\e
 User Workstations: DDD
 Password Last Set: <never>
 Account Expires:  <never>
 Primary Group ID: 152
 AllowedToDelegateTo: server_2/computer_b
 Old UAC Value:  D4B0D63
 New UAC Value:  5C1B132
 User Account Control: HOMEDIR_REQUIRED - Enabled
 User Parameters: <value changed, but not displayed>
 SID History:  Domain_b/bbb
 Logon Hours:  Tuesday 8:00 PM -Wednesday 10:00 AM

Additional Information:
 Privileges:  -

01/28/2020 01:19:37 PM
LogName=Security
SourceName=Microsoft Windows security auditing.
EventCode=4776
EventType=0
Type=Information
ComputerName=HOST-002
TaskCategory=Credential Validation
OpCode=Info
RecordNumber=862734100
Keywords=Failure Audit
Message=The computer attempted to validate the credentials for an account.
Authentication Package: MICROSOFT_AUTHENTICATION_PACKAGE_V1_0
Logon Account: user_i
Source Workstation: HOST-002
Error Code: 0xC0000234

01/28/2020 01:19:37 PM
LogName=Security
SourceName=Microsoft Windows security auditing.
EventCode=4724
EventType=0
Type=Information
ComputerName=COREDEV-004
TaskCategory=User Account Management
OpCode=Info
RecordNumber=684959622
Keywords=Audit Success
Message=An attempt was made to reset an account's password.
Subject:
	Security ID:  Domain_D\user_h
	Account Name:  user_h
	Account Domain:  Domain_D
	Logon ID:  0xA19C
Target Account:
	Security ID:  Domain_D\user_l
	Account Name:  user_l
	Account Domain:  Domain_D

01/28/2020 01:19:37 PM
LogName=Security
SourceName=Microsoft Windows security auditing.
EventCode=4689
EventType=0
Type=Information
ComputerName=HOST-001
TaskCategory=Process Termination
OpCode=Info
RecordNumber=115141946
Keywords=Audit Success
Message=A process has exited.

Subject:
	Security ID:		Domain_D\user_n
	Account Name:		user_n
	Account Domain:		Domain_D
	Logon ID:		0x4D76

Process Information:
	Process ID:	0x950D
	Process Name:	C:\Windows\System32\example_a.exe
	Exit Status:	0xB74257

01/28/2020 01:19:36 PM
LogName=Security
SourceName=Microsoft Windows security auditing.
EventCode=4717
EventType=0
Type=Information
ComputerName=BUSDEV-007
TaskCategory=Authentication Policy Change
OpCode=Info
RecordNumber=17532912
Keywords=Audit Success
Message=System security access was granted to an account.

Subject:
	Security ID:		Domain_D\SYSTEM
	Account Name:		BUSDEV-007
	Account Domain:		Domain_D
	Logon ID:		0x3EC3

Account Modified:
	Account Name:		Domain_D\user_d

Access Granted:
	Access Right:		SeBatchLogonRight

01/28/2020 01:19:36 PM
LogName=Security
SourceName=Microsoft-Windows-Eventlog
EventCode=1102
EventType=4
Type=Information
ComputerName=BUSDEV-005
TaskCategory=Log clear
OpCode=Info
RecordNumber=653162709
Keywords=Audit Success
Message=The audit log was cleared.
Subject:
	Security ID:		Domain_B\user_c
	Account Name:		user_c
	Account Domain:		Domain_B
	Logon ID:		0x5FC9

01/28/2020 01:19:36 PM
LogName=Security
SourceName=Microsoft Windows security auditing.
EventCode=4718
EventType=0
Type=Information
ComputerName=ACME-004
TaskCategory=Authentication Policy Change
OpCode=Info
RecordNumber=428111064
Keywords=Audit Success
Message=System security access was removed from an account.

Subject:
	Security ID:		Domain_B\SYSTEM
	Account Name:		ACME-004
	Account Domain:		Domain_B
	Logon ID:		0xAB37

Account Modified:
	Account Name:		Domain_B\user_l

Access Removed:
	Access Right:		SeServiceLogonRight

01/28/2020 01:19:36 PM
LogName=Security
SourceName=Microsoft Windows security auditing.
EventCode=4717
EventType=0
Type=Information
ComputerName=PROD-MFS-006
TaskCategory=Authentication Policy Change
OpCode=Info
RecordNumber=174730756
Keywords=Audit Success
Message=System security access was granted to an account.

Subject:
	Security ID:		Domain_D\SYSTEM
	Account Name:		PROD-MFS-006
	Account Domain:		Domain_D
	Logon ID:		0x6C10

Account Modified:
	Account Name:		Domain_D\user_a

Access Granted:
	Access Right:		SeBatchLogonRight

01/28/2020 01:19:36 PM
LogName=Security
SourceName=Microsoft Windows security auditing.
EventCode=4724
EventType=0
Type=Information
ComputerName=SE-001
TaskCategory=User Account Management
OpCode=Info
RecordNumber=193214351
Keywords=Audit Success
Message=An attempt was made to reset an account's password.
Subject:
	Security ID:  Domain_B\user_a
	Account Name:  user_a
	Account Domain:  Domain_B
	Logon ID:  0x6C10
Target Account:
	Security ID:  Domain_B\user_m
	Account Name:  user_m
	Account Domain:  Domain_B

01/28/2020 01:19:36 PM
LogName=Security
SourceName=Microsoft Windows security auditing.
EventCode=4743
EventType=0
Type=Information
ComputerName=COREDEV-005
TaskCategory=Computer Account Management
OpCode=Info
RecordNumber=913903064
Keywords=Audit Success
Message=A computer account was deleted.

Subject:
	Security ID:		Domain_C\user_n
	Account Name:		user_n
	Account Domain:		Domain_C
	Logon ID:		0x4D76

Target Computer:
	Security ID:		Domain_C\user_i
	Account Name:		user_i
	Account Domain:		Domain_C

Additional Information:
	Privileges:	SeLoadDriverPrivilege

01/28/2020 01:19:36 PM
LogName=Security
SourceName=Microsoft Windows security auditing.
EventCode=4738
EventType=0
Type=Information
ComputerName=COREDEV-005
TaskCategory=User Account Management
OpCode=Info
RecordNumber=651669210
Keywords=Audit Success
Message=A User account was changed.

Subject:
 Security ID:  Domain_B\user_e
 Account Name:  user_e
 Account Domain:  Domain_B
 Logon ID:  0x0452

Target Account:
 Security ID:  Domain_B\user_c
 Account Name:  user_c
 Account Domain:  Domain_B

Changed Attributes:
 SAM Account Name: user_g
 Display Name:  ddd
 User Principal Name: -
 Home Directory:  \a\b
 Home Drive:  <value not set>
 Script Path:  \f
 Profile Path:  <value not set>
 User Workstations: CCC
 Password Last Set: 2020-01-28 13:19:36 PM
 Account Expires:  <never>
 Primary Group ID: 343
 AllowedToDelegateTo: server_2/computer_b
 Old UAC Value:  93DB24E
 New UAC Value:  E5B886A
 User Account Control: WORKSTATION_TRUST_ACCOUNT - Enabled
 User Parameters: <value not set>
 SID History:  Domain_a/aaa
 Logon Hours:  Monday 2:00 PM -Tuesday 6:00 PM

Additional Information:
 Privileges:  -

01/28/2020 01:19:36 PM 
LogName=Security 
SourceName=Microsoft Windows security auditing.
EventCode=4740 
EventType=0 
Type=Information
ComputerName=PROD-MFS-002 
TaskCategory=User Account Management
OpCode=Info 
RecordNumber=888639753
Keywords=Audit Success
Message=A user account was locked out. 
Subject: 
	Security ID: Domain_C\user_b 
	Account Name: user_b
	Account Domain: Domain_C
	Logon ID: 0x3A81
Account That Was Locked Out: 
	Security ID: Domain_C\user_i 
	Account Name: user_i
Additional Information: 
	Caller Computer Name: PROD-MFS-002

01/28/2020 01:19:35 PM
LogName=Security
SourceName= Microsoft Windows security auditing.
EventCode=4624
EventType=0
Type=Information
ComputerName=COREDEV-002
TaskCategory=Logon
OpCode=Info
RecordNumber=479448889
Keywords=Audit Success
Message=An account was successfully logged on.

Subject:
 Security ID:  Domain_A\SYSTEM
 Account Name:  COREDEV-002
 Account Domain:  Domain_A
 Logon ID:  0x70E4

Logon Information:
 Logon Type:  9
 Restricted Admin Mode: -
 Virtual Account:  Yes
 Elevated Token:  No

Impersonation Level:  Impersonation

New Logon:
 Security ID:  Domain_A\user_i
 Account Name:  user_i
 Account Domain:  Domain_A
 Logon ID:  0x5F25
 Linked Logon ID:  290B
 Network Account Name: -
 Network Account Domain: Domain_A
 Logon GUID:  {221B21A6-1AE2-3F9A-24EF-22C392AC2A47}

Process Information:
 Process ID:  0x2BAE
 Process Name:  C:\Windows\System32\example_c.exe

Network Information:
 Workstation Name: COREDEV-002
 Source Network Address: 25.105.228.72
 Source Port:  42445

Detailed Authentication Information:
 Logon Process:  logonProcess1 
 Authentication Package: Negotiate
 Transited Services: service_D
 Package Name (NTLM only): -
 Key Length:  0

This event is generated when a logon session is created. It is generated on the computer that was accessed.

The subject fields indicate the account on the local system which requested the logon. This is most commonly a service such as the Server service, or a local process such as 71C35.exe or 71C35.exe.

The logon type field indicates the kind of logon that occurred. The most common types are 2 (interactive) and 3 (network).

The New Logon fields indicate the account for whom the new logon was created, i.e. the account that was logged on.

The network fields indicate where a remote logon request originated. Workstation name is not always available and may be left blank in some cases.

The impersonation level field indicates the extent to which a process in the logon session can impersonate.

The authentication information fields provide detailed information about this specific logon request.
 - Logon GUID is a unique identifier that can be used to correlate this event with a KDC event.
 - Transited services indicate which intermediate services have participated in this logon request.
 - Package name indicates which sub-protocol was used among the NTLM protocols.
 - Key length indicates the length of the generated session key. This will be 0 if no session key was requested.


01/28/2020 01:19:35 PM
LogName=Security
SourceName=Microsoft Windows security auditing.
EventCode=4738
EventType=0
Type=Information
ComputerName=HOST-003
TaskCategory=User Account Management
OpCode=Info
RecordNumber=730044789
Keywords=Audit Success
Message=A User account was changed.

Subject:
 Security ID:  Domain_E\user_d
 Account Name:  user_d
 Account Domain:  Domain_E
 Logon ID:  0x3EC3

Target Account:
 Security ID:  Domain_E\user_n
 Account Name:  user_n
 Account Domain:  Domain_E

Changed Attributes:
 SAM Account Name: user_m
 Display Name:  aaa
 User Principal Name: -
 Home Directory:  \f
 Home Drive:  C:
 Script Path:  <value not set>
 Profile Path:  \a
 User Workstations: BBB
 Password Last Set: <never>
 Account Expires:  2020-01-28 13:19:35 PM
 Primary Group ID: 911
 AllowedToDelegateTo: server_1/coumputer_a
 Old UAC Value:  DBFEA75
 New UAC Value:  3B0B394
 User Account Control: SMARTCARD_REQUIRED - Disabled
 User Parameters: <value changed, but not displayed>
 SID History:  Domain_b/bbb
 Logon Hours:  All

Additional Information:
 Privileges:  -

01/28/2020 01:19:35 PM
LogName=Security
SourceName=Microsoft Windows security auditing.
EventCode=4776
EventType=Information
Type=Information
ComputerName=PROD-POS-003
TaskCategory=Authentication Policy Change
OpCode=Info
RecordNumber=584655580
Keywords=Audit Success
Message=The computer attempted to validate the credentials for an account.

Authentication Package:	MICROSOFT_AUTHENTICATION_PACKAGE_V1_0
Logon Account:	ED5E
Source Workstation:	43EFD92A
Error Code:	0x0


01/28/2020 01:19:35 PM
LogName=Security
SourceName=Microsoft Windows security auditing.
EventCode=4689
EventType=0
Type=Information
ComputerName=ops-sys-002
TaskCategory=Process Termination
OpCode=Info
RecordNumber=944973456
Keywords=Audit Success
Message=A process has exited.

Subject:
	Security ID:		Domain_C\user_i
	Account Name:		user_i
	Account Domain:		Domain_C
	Logon ID:		0x5F25

Process Information:
	Process ID:	0x5348
	Process Name:	C:\Windows\System32\example_f.exe
	Exit Status:	0x3DBFEF

01/28/2020 01:19:35 PM
LogName=Security
SourceName=Microsoft Windows security auditing.
EventCode=4776
EventType=0
Type=Information
ComputerName=BUSDEV-001
TaskCategory=Credential Validation
OpCode=Info
RecordNumber=970992144
Keywords=Failure Audit
Message=The computer attempted to validate the credentials for an account.
Authentication Package: MICROSOFT_AUTHENTICATION_PACKAGE_V1_0
Logon Account: user_d
Source Workstation: BUSDEV-001
Error Code: 0xC000006A

01/28/2020 01:19:35 PM
LogName=Security
SourceName=Microsoft-Windows-Eventlog
EventCode=1102
EventType=4
Type=Information
ComputerName=BUSDEV-007
TaskCategory=Log clear
OpCode=Info
RecordNumber=712378711
Keywords=Audit Success
Message=The audit log was cleared.
Subject:
	Security ID:		Domain_A\user_l
	Account Name:		user_l
	Account Domain:		Domain_A
	Logon ID:		0xAB37

01/28/2020 01:19:35 PM
LogName=Security
SourceName=Microsoft Windows security auditing.
EventCode=4738
EventType=0
Type=Information
ComputerName=ACME-003
TaskCategory=User Account Management
OpCode=Info
RecordNumber=435153450
Keywords=Audit Success
Message=A User account was changed.

Subject:
 Security ID:  Domain_A\user_j
 Account Name:  user_j
 Account Domain:  Domain_A
 Logon ID:  0xB111

Target Account:
 Security ID:  Domain_A\user_n
 Account Name:  user_n
 Account Domain:  Domain_A

Changed Attributes:
 SAM Account Name: user_i
 Display Name:  bbb
 User Principal Name: aaa@AAA.local
 Home Directory:  \a\b\c
 Home Drive:  D:
 Script Path:  \a
 Profile Path:  \a\b\c
 User Workstations: BBB
 Password Last Set: 2020-01-28 13:19:35 PM
 Account Expires:  <never>
 Primary Group ID: 566
 AllowedToDelegateTo: server_1/coumputer_a
 Old UAC Value:  8BD08A4
 New UAC Value:  6A81AB3
 User Account Control: PASSWD_NOTREQD - Enabled
 User Parameters: <value changed, but not displayed>
 SID History:  Domain_a/aaa
 Logon Hours:  Tuesday 8:00 PM -Wednesday 10:00 AM

Additional Information:
 Privileges:  -

01/28/2020 01:19:35 PM
LogName=Security
SourceName=Microsoft Windows security auditing.
EventCode=4688
EventType=0
Type=Information
ComputerName=$SPLUNK_HOME/etc/apps/Splunk_TA_windows/samples/hostname.sample
TaskCategory=Process Creation
OpCode=Info
RecordNumber=807038310
Keywords=Audit Success
Message=A new process has been created.
Subject:
	Security ID:		Domain_B\user_e
	Account Name:		user_e
	Account Domain:		Domain_B
	Logon ID:		0x0452
Process Information:
	New Process ID:		0x63C6
	New Process Name:	C:\Windows\System32\example_b.exe
	Token Elevation Type:	TokenElevationTypeFull (2)
	Creator Process ID:	0xB243
Token Elevation Type indicates the type of token that was assigned to the new process in accordance with User Account Control policy.
Type 1 is a full token with no privileges removed or groups disabled.  A full token is only used if User Account Control is disabled or if the User is the built-in Administrator account or a service account.
Type 2 is an elevated token with no privileges removed or groups disabled.  An elevated token is used when User Account Control is enabled and the User chooses to start the program using Run as administrator.  An elevated token is also used when an application is configured to always require administrative privilege or to always require maximum privilege, and the User is a member of the Administrators group.
Type 3 is a limited token with administrative privileges removed and administrative groups disabled.  The limited token is used when User Account Control is enabled, the application does not require administrative privilege, and the User does not choose to start the program using Run as administrator.

01/28/2020 01:19:35 PM
LogName=Security
SourceName=Microsoft Windows security auditing.
EventCode=4724
EventType=0
Type=Information
ComputerName=COREDEV-004
TaskCategory=User Account Management
OpCode=Info
RecordNumber=495861181
Keywords=Audit Failure
Message=An attempt was made to reset an account's password.
Subject:
	Security ID:  Domain_A\user_i
	Account Name:  user_i
	Account Domain:  Domain_A
	Logon ID:  0x5F25
Target Account:
	Security ID:  Domain_A\user_l
	Account Name:  user_l
	Account Domain:  Domain_A

01/28/2020 01:19:35 PM
LogName=Security
SourceName=Microsoft Windows security auditing.
EventCode=4624
EventType=Information
Type=Information
ComputerName=PROD-MFS-002
TaskCategory=Authentication Policy Change
OpCode=Info
RecordNumber=830724194
Keywords=Audit Success
Message=An account was successfully logged on.

Subject:
	Security ID:		WINDOWS\krbtgt
	Account Name:		GUEST
	Account Domain:		Builtin
	Logon ID:		0x30A
Logon Information:
	Logon Type:		12
	Restricted Admin Mode:	-
	Virtual Account:		No
	Elevated Token:		No

Impersonation Level:		Impersonation

New Logon:
	Security ID:		WINDOWS\krbtgt
	Account Name:		GUEST
	Account Domain:		Builtin
	Logon ID:		0x30A	Linked Logon ID:		0x2
	Network Account Name:	-
	Network Account Domain:	-
	Logon GUID:		{C62D3101-5DF5-5DF5-5DF5-BEBF8EA06969}

Process Information:
	Process ID:		0x30A	Process Name:		win\directory\directory2\04C931E.exe

Network Information:
	Workstation Name:	-
	Source Network Address:	-
	Source Port:		9105

Detailed Authentication Information:
	Logon Process:		C62D3101  
	Authentication Package:	MICROSOFT_AUTHENTICATION_PACKAGE_V1_0
	Transited Services:	-
	Package Name (NTLM only):	-
	Key Length:		12

This event is generated when a logon session is created. It is generated on the computer that was accessed.

The subject fields indicate the account on the local system which requested the logon. This is most commonly a service such as the Server service, or a local process such as 04C931E.exe or 04C931E.exe.

The logon type field indicates the kind of logon that occurred. The most common types are 2 (interactive) and 3 (network).

The New Logon fields indicate the account for whom the new logon was created, i.e. the account that was logged on.

The network fields indicate where a remote logon request originated. Workstation name is not always available and may be left blank in some cases.

The impersonation level field indicates the extent to which a process in the logon session can impersonate.

The authentication information fields provide detailed information about this specific logon request.
	- Logon GUID is a unique identifier that can be used to correlate this event with a KDC event.
	- Transited services indicate which intermediate services have participated in this logon request.
	- Package name indicates which sub-protocol was used among the NTLM protocols.
	- Key length indicates the length of the generated session key. This will be 0 if no session key was requested.


01/28/2020 01:19:35 PM 
LogName=Security 
SourceName=Microsoft Windows security auditing.
EventCode=4740 
EventType=0 
Type=Information
ComputerName=BUSDEV-008 
TaskCategory=User Account Management
OpCode=Info 
RecordNumber=455389804
Keywords=Audit Success
Message=A user account was locked out. 
Subject: 
	Security ID: Domain_B\user_g 
	Account Name: user_g
	Account Domain: Domain_B
	Logon ID: 0xEB5F
Account That Was Locked Out: 
	Security ID: Domain_B\user_i 
	Account Name: user_i
Additional Information: 
	Caller Computer Name: BUSDEV-008

01/28/2020 01:19:35 PM
LogName=Security
SourceName=Microsoft Windows security auditing.
EventCode=4689
EventType=0
Type=Information
ComputerName=ops-sys-005
TaskCategory=Process Termination
OpCode=Info
RecordNumber=806496772
Keywords=Audit Success
Message=A process has exited.

Subject:
	Security ID:		Domain_E\user_b
	Account Name:		user_b
	Account Domain:		Domain_E
	Logon ID:		0x3A81

Process Information:
	Process ID:	0xAFD3
	Process Name:	C:\Windows\System32\example_c.exe
	Exit Status:	0xF30B78

01/28/2020 01:19:35 PM
LogName=Security
SourceName=Microsoft Windows security auditing.
EventCode=4776
EventType=0
Type=Information
ComputerName=COREDEV-006
TaskCategory=Credential Validation
OpCode=Info
RecordNumber=550372014
Keywords=Failure Audit
Message=The computer attempted to validate the credentials for an account.
Authentication Package: MICROSOFT_AUTHENTICATION_PACKAGE_V1_0
Logon Account: user_d
Source Workstation: COREDEV-006
Error Code: 0xC000006D

01/28/2020 01:19:35 PM
LogName=Security
SourceName=Microsoft Windows security auditing.
EventCode=4739
EventType=0
Type=Information
ComputerName=PROD-POS-006
TaskCategory=Authentication Policy Change
OpCode=Info
RecordNumber=479534897
Keywords=Audit Success
Message=Domain Policy was changed.

Change Type:		Password Policy modified

Subject:
	Security ID:  Domain_B\user_n
	Account Name:  user_n
	Account Domain:  Domain_B
	Logon ID:  0x4D76

Domain:
	Domain Name:		Domain_B
	Domain ID:		Domain_B\

Changed Attributes:
	Min. Password Age:	-
	Max. Password Age:	-
	Force Logoff:		-
	Lockout Threshold:	-
	Lockout Observation Window:	-
	Lockout Duration:	-
	Password Properties:	-
	Min. Password Length:	6
	Password History Length:	23
	Machine Account Quota:	-
	Mixed Domain Mode:	-
	Domain Behavior Version:	-
	OEM Information:	-

Additional Information:
	Privileges:		-

01/28/2020 01:19:34 PM
LogName=Security
SourceName=Microsoft Windows security auditing.
EventCode=4724
EventType=0
Type=Information
ComputerName=ops-sys-006
TaskCategory=User Account Management
OpCode=Info
RecordNumber=760710320
Keywords=Audit Failure
Message=An attempt was made to reset an account's password.
Subject:
	Security ID:  Domain_C\user_h
	Account Name:  user_h
	Account Domain:  Domain_C
	Logon ID:  0xA19C
Target Account:
	Security ID:  Domain_C\user_c
	Account Name:  user_c
	Account Domain:  Domain_C

