01/28/2020 01:21:13 PM
LogName=Security
SourceName=Microsoft Windows security auditing.
EventCode=4718
EventType=0
Type=Information
ComputerName=PROD-MFS-004
TaskCategory=Authentication Policy Change
OpCode=Info
RecordNumber=396975138
Keywords=Audit Success
Message=System security access was removed from an account.

Subject:
	Security ID:		Domain_E\SYSTEM
	Account Name:		PROD-MFS-004
	Account Domain:		Domain_E
	Logon ID:		0x4D76

Account Modified:
	Account Name:		Domain_E\user_n

Access Removed:
	Access Right:		SeBatchLogonRight

01/28/2020 01:21:13 PM
LogName=Security
SourceName=Microsoft Windows security auditing.
EventCode=4689
EventType=0
Type=Information
ComputerName=COREDEV-006
TaskCategory=Process Termination
OpCode=Info
RecordNumber=608515748
Keywords=Audit Success
Message=A process has exited.

Subject:
	Security ID:		Domain_D\user_e
	Account Name:		user_e
	Account Domain:		Domain_D
	Logon ID:		0x0452

Process Information:
	Process ID:	0x7093
	Process Name:	C:\Windows\System32\example_g.exe
	Exit Status:	0x4A3124

01/28/2020 01:21:12 PM
LogName=Security
SourceName=Microsoft Windows security auditing.
EventCode=4673
EventType=0
Type=Information
ComputerName=ops-sys-005
TaskCategory=Sensitive Privilege Use
OpCode=Info
RecordNumber=62515956
Keywords=Audit Success
Message=A privileged service was called.

Subject:
	Security ID:		Domain_B\user_j
	Account Name:		user_j
	Account Domain:		Domain_B
	Logon ID:		0xB111

Service:
	Server:	NT Local Security Authority / Authentication Service
	Service Name:	LsaRegisterLogonProcess()

Process:
	Process ID:	0xA45E
	Process Name:	C:\Windows\System32\example_b.exe

Service Request Information:
	Privileges:		SeImpersonatePrivilege

01/28/2020 01:21:12 PM
LogName=Security
SourceName=Microsoft-Windows-Eventlog
EventCode=1102
EventType=4
Type=Information
ComputerName=COREDEV-006
TaskCategory=Log clear
OpCode=Info
RecordNumber=576197762
Keywords=Audit Success
Message=The audit log was cleared.
Subject:
	Security ID:		Domain_D\user_h
	Account Name:		user_h
	Account Domain:		Domain_D
	Logon ID:		0xA19C

01/28/2020 01:21:12 PM 
LogName=Security 
SourceName=Microsoft Windows security auditing.
EventCode=4740 
EventType=0 
Type=Information
ComputerName=ops-sys-002 
TaskCategory=User Account Management
OpCode=Info 
RecordNumber=462500330
Keywords=Audit Success
Message=A user account was locked out. 
Subject: 
	Security ID: Domain_E\user_c 
	Account Name: user_c
	Account Domain: Domain_E
	Logon ID: 0x5FC9
Account That Was Locked Out: 
	Security ID: Domain_E\user_c 
	Account Name: user_c
Additional Information: 
	Caller Computer Name: ops-sys-002

01/28/2020 01:21:11 PM
LogName=Security
SourceName=Microsoft Windows security auditing.
EventCode=4673
EventType=0
Type=Information
ComputerName=BUSDEV-006
TaskCategory=Sensitive Privilege Use
OpCode=Info
RecordNumber=169209563
Keywords=Audit Success
Message=A privileged service was called.

Subject:
	Security ID:		Domain_D\user_i
	Account Name:		user_i
	Account Domain:		Domain_D
	Logon ID:		0x5F25

Service:
	Server:	NT Local Security Authority / Authentication Service
	Service Name:	LsaRegisterLogonProcess()

Process:
	Process ID:	0xF09F
	Process Name:	C:\Windows\System32\example_d.exe

Service Request Information:
	Privileges:		SeAssignPrimaryTokenPrivilege

01/28/2020 01:21:11 PM
LogName=Security
SourceName=Microsoft Windows security auditing.
EventCode=4689
EventType=0
Type=Information
ComputerName=PROD-MFS-003
TaskCategory=Process Termination
OpCode=Info
RecordNumber=631678477
Keywords=Audit Success
Message=A process has exited.

Subject:
	Security ID:		Domain_D\user_g
	Account Name:		user_g
	Account Domain:		Domain_D
	Logon ID:		0xEB5F

Process Information:
	Process ID:	0x95B2
	Process Name:	C:\Windows\System32\example_a.exe
	Exit Status:	0x61F027

01/28/2020 01:21:11 PM
LogName=Security
SourceName= Microsoft Windows security auditing.
EventCode=4624
EventType=0
Type=Information
ComputerName=SE-006
TaskCategory=Logon
OpCode=Info
RecordNumber=4450277
Keywords=Audit Success
Message=An account was successfully logged on.

Subject:
 Security ID:  Domain_C\SYSTEM
 Account Name:  SE-006
 Account Domain:  Domain_C
 Logon ID:  0x70E4

Logon Information:
 Logon Type:  7
 Restricted Admin Mode: Yes
 Virtual Account:  Yes
 Elevated Token:  No

Impersonation Level:  Delegation

New Logon:
 Security ID:  Domain_C\user_i
 Account Name:  user_i
 Account Domain:  Domain_C
 Logon ID:  0x5F25
 Linked Logon ID:  FBEC
 Network Account Name: user_d
 Network Account Domain: -
 Logon GUID:  {221B21A6-1AE2-3F9A-24EF-22C392AC2A47}

Process Information:
 Process ID:  0x9F23
 Process Name:  C:\Windows\System32\example_f.exe

Network Information:
 Workstation Name: SE-006
 Source Network Address: 99.234.52.38
 Source Port:  26891

Detailed Authentication Information:
 Logon Process:  Winlogon 
 Authentication Package: Negotiate
 Transited Services: -
 Package Name (NTLM only): -
 Key Length:  0

This event is generated when a logon session is created. It is generated on the computer that was accessed.

The subject fields indicate the account on the local system which requested the logon. This is most commonly a service such as the Server service, or a local process such as FA14E.exe or FA14E.exe.

The logon type field indicates the kind of logon that occurred. The most common types are 2 (interactive) and 3 (network).

The New Logon fields indicate the account for whom the new logon was created, i.e. the account that was logged on.

The network fields indicate where a remote logon request originated. Workstation name is not always available and may be left blank in some cases.

The impersonation level field indicates the extent to which a process in the logon session can impersonate.

The authentication information fields provide detailed information about this specific logon request.
 - Logon GUID is a unique identifier that can be used to correlate this event with a KDC event.
 - Transited services indicate which intermediate services have participated in this logon request.
 - Package name indicates which sub-protocol was used among the NTLM protocols.
 - Key length indicates the length of the generated session key. This will be 0 if no session key was requested.


01/28/2020 01:21:11 PM
LogName=Security
SourceName=Microsoft Windows security auditing.
EventCode=4743
EventType=0
Type=Information
ComputerName=BUSDEV-005
TaskCategory=Computer Account Management
OpCode=Info
RecordNumber=418821923
Keywords=Audit Success
Message=A computer account was deleted.

Subject:
	Security ID:		Domain_B\user_e
	Account Name:		user_e
	Account Domain:		Domain_B
	Logon ID:		0x0452

Target Computer:
	Security ID:		Domain_B\user_k
	Account Name:		user_k
	Account Domain:		Domain_B

Additional Information:
	Privileges:	-

01/28/2020 01:21:10 PM
LogName=Security
SourceName=Microsoft Windows security auditing.
EventCode=4673
EventType=0
Type=Information
ComputerName=BUSDEV-002
TaskCategory=Sensitive Privilege Use
OpCode=Info
RecordNumber=63850130
Keywords=Audit Success
Message=A privileged service was called.

Subject:
	Security ID:		Domain_A\user_i
	Account Name:		user_i
	Account Domain:		Domain_A
	Logon ID:		0x5F25

Service:
	Server:	NT Local Security Authority / Authentication Service
	Service Name:	LsaRegisterLogonProcess()

Process:
	Process ID:	0x8620
	Process Name:	C:\Windows\System32\example_d.exe

Service Request Information:
	Privileges:		SeDebugPrivilege

01/28/2020 01:21:10 PM
LogName=Security
SourceName=Microsoft Windows security auditing.
EventCode=4718
EventType=0
Type=Information
ComputerName=HOST-001
TaskCategory=Authentication Policy Change
OpCode=Info
RecordNumber=534691617
Keywords=Audit Success
Message=System security access was removed from an account.

Subject:
	Security ID:		Domain_B\SYSTEM
	Account Name:		HOST-001
	Account Domain:		Domain_B
	Logon ID:		0x5FC9

Account Modified:
	Account Name:		Domain_B\user_c

Access Removed:
	Access Right:		SeBatchLogonRight

01/28/2020 01:21:09 PM
LogName=Security
SourceName=Microsoft Windows security auditing.
EventCode=4776
EventType=0
Type=Information
ComputerName=HOST-005
TaskCategory=Credential Validation
OpCode=Info
RecordNumber=883754785
Keywords=Failure Audit
Message=The computer attempted to validate the credentials for an account.
Authentication Package: MICROSOFT_AUTHENTICATION_PACKAGE_V1_0
Logon Account: user_f
Source Workstation: HOST-005
Error Code: 0xC000006D

01/28/2020 01:21:09 PM
LogName=Security
SourceName=Microsoft Windows security auditing.
EventCode=4717
EventType=0
Type=Information
ComputerName=SE-003
TaskCategory=Authentication Policy Change
OpCode=Info
RecordNumber=128378601
Keywords=Audit Success
Message=System security access was granted to an account.

Subject:
	Security ID:		Domain_E\SYSTEM
	Account Name:		SE-003
	Account Domain:		Domain_E
	Logon ID:		0x4D76

Account Modified:
	Account Name:		Domain_E\user_n

Access Granted:
	Access Right:		SeBatchLogonRight

01/28/2020 01:21:09 PM 
LogName=Security 
SourceName=Microsoft Windows security auditing.
EventCode=4740 
EventType=0 
Type=Information
ComputerName=PROD-MFS-004 
TaskCategory=User Account Management
OpCode=Info 
RecordNumber=584183503
Keywords=Audit Success
Message=A user account was locked out. 
Subject: 
	Security ID: Domain_A\user_l 
	Account Name: user_l
	Account Domain: Domain_A
	Logon ID: 0xAB37
Account That Was Locked Out: 
	Security ID: Domain_A\user_n 
	Account Name: user_n
Additional Information: 
	Caller Computer Name: PROD-MFS-004

01/28/2020 01:21:08 PM
LogName=Security
SourceName=Microsoft Windows security auditing.
EventCode=4672
EventType=0
Type=Information
ComputerName=ops-sys-006
TaskCategory=Special Logon
OpCode=Info
RecordNumber=547399127
Keywords=Audit Success
Message=Special privileges assigned to new logon.
Subject:
	Security ID:		Domain_B\user_d
	Account Name:		user_d
	Account Domain:		Domain_B
	Logon ID:		0x3EC3
Privileges:	SeSecurityPrivilege
			SeTakeOwnershipPrivilege
			SeLoadDriverPrivilege
			SeBackupPrivilege
			SeRestorePrivilege
			SeDebugPrivilege
			SeSystemEnvironmentPrivilege
			SeImpersonatePrivilege

01/28/2020 01:21:08 PM
LogName=Security
SourceName=Microsoft Windows security auditing.
EventCode=4724
EventType=0
Type=Information
ComputerName=BUSDEV-007
TaskCategory=User Account Management
OpCode=Info
RecordNumber=756787878
Keywords=Audit Success
Message=An attempt was made to reset an account's password.
Subject:
	Security ID:  Domain_D\user_h
	Account Name:  user_h
	Account Domain:  Domain_D
	Logon ID:  0xA19C
Target Account:
	Security ID:  Domain_D\user_c
	Account Name:  user_c
	Account Domain:  Domain_D

01/28/2020 01:21:08 PM
LogName=Security
SourceName=Microsoft Windows security auditing.
EventCode=4689
EventType=0
Type=Information
ComputerName=BUSDEV-004
TaskCategory=Process Termination
OpCode=Info
RecordNumber=90398803
Keywords=Audit Success
Message=A process has exited.

Subject:
	Security ID:		Domain_C\user_f
	Account Name:		user_f
	Account Domain:		Domain_C
	Logon ID:		0xA369

Process Information:
	Process ID:	0x463C
	Process Name:	C:\Windows\System32\example_b.exe
	Exit Status:	0x1C4029

01/28/2020 01:21:08 PM
LogName=Security
SourceName=Microsoft Windows security auditing.
EventCode=4798
EventType=Information
Type=Information
ComputerName=ops-sys-004
TaskCategory=Authentication Policy Change
OpCode=Info
RecordNumber=55451766
Keywords=Audit Success
Message=A User's local group membership was enumerated.

Subject:
	Security ID:		NT AUTHORITY\SYSTEM
	Account Name:		GUEST
	Account Domain:		WINDOWS
	Logon ID:		0x1D8
User:
	Security ID:		NT AUTHORITY\SYSTEM
	Account Name:		GUEST
	Account Domain:		WINDOWS

Process Information:
	Process ID:		0x16c4
	Process Name:		abc\file\path\1CBE92D.exe


01/28/2020 01:21:07 PM
LogName=Security
SourceName=Microsoft Windows security auditing.
EventCode=4724
EventType=0
Type=Information
ComputerName=PROD-POS-002
TaskCategory=User Account Management
OpCode=Info
RecordNumber=782416297
Keywords=Audit Success
Message=An attempt was made to reset an account's password.
Subject:
	Security ID:  Domain_C\user_n
	Account Name:  user_n
	Account Domain:  Domain_C
	Logon ID:  0x4D76
Target Account:
	Security ID:  Domain_C\user_l
	Account Name:  user_l
	Account Domain:  Domain_C

01/28/2020 01:21:07 PM
LogName=Security
SourceName=Microsoft Windows security auditing.
EventCode=4689
EventType=0
Type=Information
ComputerName=COREDEV-006
TaskCategory=Process Termination
OpCode=Info
RecordNumber=614171891
Keywords=Audit Success
Message=A process has exited.

Subject:
	Security ID:		Domain_D\user_i
	Account Name:		user_i
	Account Domain:		Domain_D
	Logon ID:		0x5F25

Process Information:
	Process ID:	0x31F0
	Process Name:	C:\Windows\System32\example_c.exe
	Exit Status:	0xF6414E

01/28/2020 01:21:07 PM
LogName=Security
SourceName=Microsoft Windows security auditing.
EventCode=4718
EventType=0
Type=Information
ComputerName=PROD-POS-004
TaskCategory=Authentication Policy Change
OpCode=Info
RecordNumber=258903456
Keywords=Audit Success
Message=System security access was removed from an account.

Subject:
	Security ID:		Domain_E\SYSTEM
	Account Name:		PROD-POS-004
	Account Domain:		Domain_E
	Logon ID:		0xB111

Account Modified:
	Account Name:		Domain_E\user_j

Access Removed:
	Access Right:		SeBatchLogonRight

01/28/2020 01:21:07 PM
LogName=Security
SourceName=Microsoft Windows security auditing.
EventCode=4688
EventType=0
Type=Information
ComputerName=$SPLUNK_HOME/etc/apps/Splunk_TA_windows/samples/hostname.sample
TaskCategory=Process Creation
OpCode=Info
RecordNumber=568682043
Keywords=Audit Success
Message=A new process has been created.
Subject:
	Security ID:		Domain_E\user_n
	Account Name:		user_n
	Account Domain:		Domain_E
	Logon ID:		0x4D76
Process Information:
	New Process ID:		0xADE2
	New Process Name:	C:\Windows\System32\example_a.exe
	Token Elevation Type:	TokenElevationTypeDefault (1)
	Creator Process ID:	0xA15F
Token Elevation Type indicates the type of token that was assigned to the new process in accordance with User Account Control policy.
Type 1 is a full token with no privileges removed or groups disabled.  A full token is only used if User Account Control is disabled or if the User is the built-in Administrator account or a service account.
Type 2 is an elevated token with no privileges removed or groups disabled.  An elevated token is used when User Account Control is enabled and the User chooses to start the program using Run as administrator.  An elevated token is also used when an application is configured to always require administrative privilege or to always require maximum privilege, and the User is a member of the Administrators group.
Type 3 is a limited token with administrative privileges removed and administrative groups disabled.  The limited token is used when User Account Control is enabled, the application does not require administrative privilege, and the User does not choose to start the program using Run as administrator.

01/28/2020 01:21:06 PM
LogName=Security
SourceName=Microsoft Windows security auditing.
EventCode=4689
EventType=0
Type=Information
ComputerName=PROD-POS-001
TaskCategory=Process Termination
OpCode=Info
RecordNumber=749358349
Keywords=Audit Success
Message=A process has exited.

Subject:
	Security ID:		Domain_E\user_j
	Account Name:		user_j
	Account Domain:		Domain_E
	Logon ID:		0xB111

Process Information:
	Process ID:	0xE18F
	Process Name:	C:\Windows\System32\example_a.exe
	Exit Status:	0xB9E007

01/28/2020 01:21:06 PM
LogName=Security
SourceName=Microsoft Windows security auditing.
EventCode=4776
EventType=0
Type=Information
ComputerName=ACME-001
TaskCategory=Credential Validation
OpCode=Info
RecordNumber=778321338
Keywords=Failure Audit
Message=The computer attempted to validate the credentials for an account.
Authentication Package: MICROSOFT_AUTHENTICATION_PACKAGE_V1_0
Logon Account: user_j
Source Workstation: ACME-001
Error Code: 0xC000006A

01/28/2020 01:21:06 PM
LogName=Security
SourceName=Microsoft Windows security auditing.
EventCode=4718
EventType=0
Type=Information
ComputerName=HOST-006
TaskCategory=Authentication Policy Change
OpCode=Info
RecordNumber=269506304
Keywords=Audit Success
Message=System security access was removed from an account.

Subject:
	Security ID:		Domain_C\SYSTEM
	Account Name:		HOST-006
	Account Domain:		Domain_C
	Logon ID:		0xA369

Account Modified:
	Account Name:		Domain_C\user_f

Access Removed:
	Access Right:		SeRemoteInteractiveLogonRight

01/28/2020 01:21:06 PM
LogName=Security
SourceName=Microsoft Windows security auditing.
EventCode=4673
EventType=0
Type=Information
ComputerName=HOST-006
TaskCategory=Sensitive Privilege Use
OpCode=Info
RecordNumber=711432285
Keywords=Audit Success
Message=A privileged service was called.

Subject:
	Security ID:		Domain_C\user_m
	Account Name:		user_m
	Account Domain:		Domain_C
	Logon ID:		0x46BA

Service:
	Server:	NT Local Security Authority / Authentication Service
	Service Name:	LsaRegisterLogonProcess()

Process:
	Process ID:	0x9557
	Process Name:	C:\Windows\System32\example_e.exe

Service Request Information:
	Privileges:		SeSystemEnvironmentPrivilege

01/28/2020 01:21:06 PM
LogName=Security
SourceName=Microsoft Windows security auditing.
EventCode=4724
EventType=0
Type=Information
ComputerName=COREDEV-001
TaskCategory=User Account Management
OpCode=Info
RecordNumber=308048803
Keywords=Audit Failure
Message=An attempt was made to reset an account's password.
Subject:
	Security ID:  Domain_B\user_k
	Account Name:  user_k
	Account Domain:  Domain_B
	Logon ID:  0xBAC3
Target Account:
	Security ID:  Domain_B\user_i
	Account Name:  user_i
	Account Domain:  Domain_B

01/28/2020 01:21:05 PM
LogName=Security
SourceName=Microsoft Windows security auditing.
EventCode=4743
EventType=0
Type=Information
ComputerName=ACME-004
TaskCategory=Computer Account Management
OpCode=Info
RecordNumber=136314425
Keywords=Audit Success
Message=A computer account was deleted.

Subject:
	Security ID:		Domain_C\user_i
	Account Name:		user_i
	Account Domain:		Domain_C
	Logon ID:		0x5F25

Target Computer:
	Security ID:		Domain_C\user_l
	Account Name:		user_l
	Account Domain:		Domain_C

Additional Information:
	Privileges:	-

01/28/2020 01:21:05 PM
LogName=Security
SourceName=Microsoft Windows security auditing.
EventCode=4726
EventType=0
Type=Information
ComputerName=SE-005
TaskCategory=User Account Management
OpCode=Info
RecordNumber=513960520
Keywords=Audit Success
Message=A user account was deleted.

Subject:
	Security ID:		Domain_D\user_d
	Account Name:		user_d
	Account Domain:		Domain_D
	Logon ID:		0x3EC3

Target Account:
	Security ID:		Domain_D\user_g
	Account Name:		user_g
	Account Domain:		Domain_D

Additional Information:
	Privileges	-

01/28/2020 01:21:04 PM
LogName=Security
SourceName=Microsoft Windows security auditing.
EventCode=4673
EventType=0
Type=Information
ComputerName=ACME-005
TaskCategory=Sensitive Privilege Use
OpCode=Info
RecordNumber=821197144
Keywords=Audit Success
Message=A privileged service was called.

Subject:
	Security ID:		Domain_A\user_d
	Account Name:		user_d
	Account Domain:		Domain_A
	Logon ID:		0x3EC3

Service:
	Server:	NT Local Security Authority / Authentication Service
	Service Name:	LsaRegisterLogonProcess()

Process:
	Process ID:	0x6A62
	Process Name:	C:\Windows\System32\example_g.exe

Service Request Information:
	Privileges:		SeImpersonatePrivilege

01/28/2020 01:21:04 PM 
LogName=Security 
SourceName=Microsoft Windows security auditing.
EventCode=4740 
EventType=0 
Type=Information
ComputerName=PROD-POS-002 
TaskCategory=User Account Management
OpCode=Info 
RecordNumber=30570822
Keywords=Audit Success
Message=A user account was locked out. 
Subject: 
	Security ID: Domain_B\user_k 
	Account Name: user_k
	Account Domain: Domain_B
	Logon ID: 0xBAC3
Account That Was Locked Out: 
	Security ID: Domain_B\user_l 
	Account Name: user_l
Additional Information: 
	Caller Computer Name: PROD-POS-002

01/28/2020 01:21:04 PM
LogName=Security
SourceName=Microsoft Windows security auditing.
EventCode=4688
EventType=0
Type=Information
ComputerName=$SPLUNK_HOME/etc/apps/Splunk_TA_windows/samples/hostname.sample
TaskCategory=Process Creation
OpCode=Info
RecordNumber=267957227
Keywords=Audit Success
Message=A new process has been created.
Subject:
	Security ID:		Domain_C\user_d
	Account Name:		user_d
	Account Domain:		Domain_C
	Logon ID:		0x3EC3
Process Information:
	New Process ID:		0xCEDC
	New Process Name:	C:\Windows\System32\example_e.exe
	Token Elevation Type:	TokenElevationTypeLimited (3)
	Creator Process ID:	0xE6F3
Token Elevation Type indicates the type of token that was assigned to the new process in accordance with User Account Control policy.
Type 1 is a full token with no privileges removed or groups disabled.  A full token is only used if User Account Control is disabled or if the User is the built-in Administrator account or a service account.
Type 2 is an elevated token with no privileges removed or groups disabled.  An elevated token is used when User Account Control is enabled and the User chooses to start the program using Run as administrator.  An elevated token is also used when an application is configured to always require administrative privilege or to always require maximum privilege, and the User is a member of the Administrators group.
Type 3 is a limited token with administrative privileges removed and administrative groups disabled.  The limited token is used when User Account Control is enabled, the application does not require administrative privilege, and the User does not choose to start the program using Run as administrator.

01/28/2020 01:21:04 PM
LogName=Security
SourceName=Microsoft Windows security auditing.
EventCode=4776
EventType=0
Type=Information
ComputerName=ACME-003
TaskCategory=Credential Validation
OpCode=Info
RecordNumber=137022408
Keywords=Audit Success
Message=The computer attempted to validate the credentials for an account.
Authentication Package: MICROSOFT_AUTHENTICATION_PACKAGE_V1_0
Logon Account: user_i
Source Workstation: ACME-003
Error Code: 0x0

01/28/2020 01:21:03 PM
LogName=Security
SourceName=Microsoft-Windows-Eventlog
EventCode=1102
EventType=4
Type=Information
ComputerName=BUSDEV-002
TaskCategory=Log clear
OpCode=Info
RecordNumber=254835122
Keywords=Audit Success
Message=The audit log was cleared.
Subject:
	Security ID:		Domain_E\user_c
	Account Name:		user_c
	Account Domain:		Domain_E
	Logon ID:		0x5FC9

01/28/2020 01:21:03 PM
LogName=Security
SourceName=Microsoft Windows security auditing.
EventCode=4726
EventType=0
Type=Information
ComputerName=PROD-POS-004
TaskCategory=User Account Management
OpCode=Info
RecordNumber=839235473
Keywords=Audit Success
Message=A user account was deleted.

Subject:
	Security ID:		Domain_E\user_e
	Account Name:		user_e
	Account Domain:		Domain_E
	Logon ID:		0x0452

Target Account:
	Security ID:		Domain_E\user_l
	Account Name:		user_l
	Account Domain:		Domain_E

Additional Information:
	Privileges	SeSystemEnvironmentPrivilege

01/28/2020 01:21:02 PM
LogName=Security
SourceName=Microsoft Windows security auditing.
EventCode=4717
EventType=0
Type=Information
ComputerName=ops-sys-002
TaskCategory=Authentication Policy Change
OpCode=Info
RecordNumber=766720831
Keywords=Audit Success
Message=System security access was granted to an account.

Subject:
	Security ID:		Domain_A\SYSTEM
	Account Name:		ops-sys-002
	Account Domain:		Domain_A
	Logon ID:		0x5F25

Account Modified:
	Account Name:		Domain_A\user_i

Access Granted:
	Access Right:		SeInteractiveLogonRight

01/28/2020 01:21:02 PM
LogName=Security
SourceName=Microsoft Windows security auditing.
EventCode=4743
EventType=0
Type=Information
ComputerName=PROD-POS-004
TaskCategory=Computer Account Management
OpCode=Info
RecordNumber=630615333
Keywords=Audit Success
Message=A computer account was deleted.

Subject:
	Security ID:		Domain_C\user_a
	Account Name:		user_a
	Account Domain:		Domain_C
	Logon ID:		0x6C10

Target Computer:
	Security ID:		Domain_C\user_i
	Account Name:		user_i
	Account Domain:		Domain_C

Additional Information:
	Privileges:	SeBackupPrivilege

01/28/2020 01:21:01 PM
LogName=Security
SourceName=Microsoft Windows security auditing.
EventCode=4726
EventType=0
Type=Information
ComputerName=PROD-MFS-004
TaskCategory=User Account Management
OpCode=Info
RecordNumber=850194042
Keywords=Audit Success
Message=A user account was deleted.

Subject:
	Security ID:		Domain_C\user_b
	Account Name:		user_b
	Account Domain:		Domain_C
	Logon ID:		0x3A81

Target Account:
	Security ID:		Domain_C\user_a
	Account Name:		user_a
	Account Domain:		Domain_C

Additional Information:
	Privileges	-

01/28/2020 01:21:00 PM
LogName=Security
SourceName=Microsoft Windows security auditing.
EventCode=4724
EventType=0
Type=Information
ComputerName=ops-sys-004
TaskCategory=User Account Management
OpCode=Info
RecordNumber=896691178
Keywords=Audit Failure
Message=An attempt was made to reset an account's password.
Subject:
	Security ID:  Domain_A\user_f
	Account Name:  user_f
	Account Domain:  Domain_A
	Logon ID:  0xA369
Target Account:
	Security ID:  Domain_A\user_a
	Account Name:  user_a
	Account Domain:  Domain_A

01/28/2020 01:21:00 PM
LogName=Security
SourceName=Microsoft Windows security auditing.
EventCode=4738
EventType=0
Type=Information
ComputerName=COREDEV-002
TaskCategory=User Account Management
OpCode=Info
RecordNumber=16958642
Keywords=Audit Success
Message=A User account was changed.

Subject:
 Security ID:  Domain_A\user_a
 Account Name:  user_a
 Account Domain:  Domain_A
 Logon ID:  0x6C10

Target Account:
 Security ID:  Domain_A\user_i
 Account Name:  user_i
 Account Domain:  Domain_A

Changed Attributes:
 SAM Account Name: user_j
 Display Name:  aaa
 User Principal Name: bbb@BBB.local
 Home Directory:  \a
 Home Drive:  <value not set>
 Script Path:  \a\g
 Profile Path:  \a\b\c
 User Workstations: CCC
 Password Last Set: 2020-01-28 13:21:00 PM
 Account Expires:  <never>
 Primary Group ID: 734
 AllowedToDelegateTo: server_1/coumputer_a
 Old UAC Value:  643BFE7
 New UAC Value:  AECBA5B
 User Account Control: TRUSTED_TO_AUTH_FOR_DELEGATION - Enabled
 User Parameters: <value changed, but not displayed>
 SID History:  -
 Logon Hours:  Tuesday 8:00 PM -Wednesday 10:00 AM

Additional Information:
 Privileges:  -

01/28/2020 01:21:00 PM
LogName=Security
SourceName=Microsoft Windows security auditing.
EventCode=4688
EventType=0
Type=Information
ComputerName=$SPLUNK_HOME/etc/apps/Splunk_TA_windows/samples/hostname.sample
TaskCategory=Process Creation
OpCode=Info
RecordNumber=928098069
Keywords=Audit Success
Message=A new process has been created.
Subject:
	Security ID:		Domain_B\user_l
	Account Name:		user_l
	Account Domain:		Domain_B
	Logon ID:		0xAB37
Process Information:
	New Process ID:		0x654B
	New Process Name:	C:\Windows\System32\example_f.exe
	Token Elevation Type:	TokenElevationTypeDefault (1)
	Creator Process ID:	0x78F3
Token Elevation Type indicates the type of token that was assigned to the new process in accordance with User Account Control policy.
Type 1 is a full token with no privileges removed or groups disabled.  A full token is only used if User Account Control is disabled or if the User is the built-in Administrator account or a service account.
Type 2 is an elevated token with no privileges removed or groups disabled.  An elevated token is used when User Account Control is enabled and the User chooses to start the program using Run as administrator.  An elevated token is also used when an application is configured to always require administrative privilege or to always require maximum privilege, and the User is a member of the Administrators group.
Type 3 is a limited token with administrative privileges removed and administrative groups disabled.  The limited token is used when User Account Control is enabled, the application does not require administrative privilege, and the User does not choose to start the program using Run as administrator.

01/28/2020 01:21:00 PM
LogName=Security
SourceName=Microsoft-Windows-Eventlog
EventCode=1102
EventType=4
Type=Information
ComputerName=ACME-004
TaskCategory=Log clear
OpCode=Info
RecordNumber=222787755
Keywords=Audit Success
Message=The audit log was cleared.
Subject:
	Security ID:		Domain_B\user_n
	Account Name:		user_n
	Account Domain:		Domain_B
	Logon ID:		0x4D76

01/28/2020 01:21:00 PM
LogName=Security
SourceName= Microsoft Windows security auditing.
EventCode=4624
EventType=0
Type=Information
ComputerName=ACME-006
TaskCategory=Logon
OpCode=Info
RecordNumber=331685467
Keywords=Audit Success
Message=An account was successfully logged on.

Subject:
 Security ID:  Domain_E\SYSTEM
 Account Name:  ACME-006
 Account Domain:  Domain_E
 Logon ID:  0x70E4

Logon Information:
 Logon Type:  11
 Restricted Admin Mode: -
 Virtual Account:  No
 Elevated Token:  Yes

Impersonation Level:  Impersonation

New Logon:
 Security ID:  Domain_E\user_i
 Account Name:  user_i
 Account Domain:  Domain_E
 Logon ID:  0x5F25
 Linked Logon ID:  1DB4
 Network Account Name: user_j
 Network Account Domain: Domain_A
 Logon GUID:  {27C4A2F2-13CA-AA25-E903-D31268740239}

Process Information:
 Process ID:  0x155F
 Process Name:  C:\Windows\System32\example_c.exe

Network Information:
 Workstation Name: ACME-006
 Source Network Address: -
 Source Port:  18286

Detailed Authentication Information:
 Logon Process:  Winlogon 
 Authentication Package: Negotiate
 Transited Services: -
 Package Name (NTLM only): -
 Key Length:  0

This event is generated when a logon session is created. It is generated on the computer that was accessed.

The subject fields indicate the account on the local system which requested the logon. This is most commonly a service such as the Server service, or a local process such as DAD63.exe or DAD63.exe.

The logon type field indicates the kind of logon that occurred. The most common types are 2 (interactive) and 3 (network).

The New Logon fields indicate the account for whom the new logon was created, i.e. the account that was logged on.

The network fields indicate where a remote logon request originated. Workstation name is not always available and may be left blank in some cases.

The impersonation level field indicates the extent to which a process in the logon session can impersonate.

The authentication information fields provide detailed information about this specific logon request.
 - Logon GUID is a unique identifier that can be used to correlate this event with a KDC event.
 - Transited services indicate which intermediate services have participated in this logon request.
 - Package name indicates which sub-protocol was used among the NTLM protocols.
 - Key length indicates the length of the generated session key. This will be 0 if no session key was requested.


01/28/2020 01:21:00 PM
LogName=Security
SourceName=Microsoft Windows security auditing.
EventCode=4688
EventType=0
Type=Information
ComputerName=$SPLUNK_HOME/etc/apps/Splunk_TA_windows/samples/hostname.sample
TaskCategory=Process Creation
OpCode=Info
RecordNumber=905941384
Keywords=Audit Success
Message=A new process has been created.
Subject:
	Security ID:		Domain_B\user_j
	Account Name:		user_j
	Account Domain:		Domain_B
	Logon ID:		0xB111
Process Information:
	New Process ID:		0x94AA
	New Process Name:	C:\Windows\System32\example_a.exe
	Token Elevation Type:	TokenElevationTypeLimited (3)
	Creator Process ID:	0x9FDE
Token Elevation Type indicates the type of token that was assigned to the new process in accordance with User Account Control policy.
Type 1 is a full token with no privileges removed or groups disabled.  A full token is only used if User Account Control is disabled or if the User is the built-in Administrator account or a service account.
Type 2 is an elevated token with no privileges removed or groups disabled.  An elevated token is used when User Account Control is enabled and the User chooses to start the program using Run as administrator.  An elevated token is also used when an application is configured to always require administrative privilege or to always require maximum privilege, and the User is a member of the Administrators group.
Type 3 is a limited token with administrative privileges removed and administrative groups disabled.  The limited token is used when User Account Control is enabled, the application does not require administrative privilege, and the User does not choose to start the program using Run as administrator.

01/28/2020 01:20:59 PM
LogName=Security
SourceName=Microsoft Windows security auditing.
EventCode=4738
EventType=0
Type=Information
ComputerName=ACME-006
TaskCategory=User Account Management
OpCode=Info
RecordNumber=50205337
Keywords=Audit Success
Message=A User account was changed.

Subject:
 Security ID:  Domain_B\user_a
 Account Name:  user_a
 Account Domain:  Domain_B
 Logon ID:  0x6C10

Target Account:
 Security ID:  Domain_B\user_l
 Account Name:  user_l
 Account Domain:  Domain_B

Changed Attributes:
 SAM Account Name: user_b
 Display Name:  <value not set>
 User Principal Name: ccc@AAA.local
 Home Directory:  \a\b\c
 Home Drive:  A:
 Script Path:  \a\e
 Profile Path:  \a\e
 User Workstations: <value not set>
 Password Last Set: <never>
 Account Expires:  <never>
 Primary Group ID: 64
 AllowedToDelegateTo: server_2/computer_b
 Old UAC Value:  4A6F47B
 New UAC Value:  F67688F
 User Account Control: PARTIAL_SECRETS_ACCOUNT - Enabled
 User Parameters: <value not set>
 SID History:  Domain_b/bbb
 Logon Hours:  Monday 2:00 PM -Tuesday 6:00 PM

Additional Information:
 Privileges:  SeRestorePrivilege

01/28/2020 01:20:59 PM
LogName=Security
SourceName=Microsoft Windows security auditing.
EventCode=4739
EventType=0
Type=Information
ComputerName=ACME-004
TaskCategory=Authentication Policy Change
OpCode=Info
RecordNumber=997381414
Keywords=Audit Success
Message=Domain Policy was changed.

Change Type:		Password Policy modified

Subject:
	Security ID:  Domain_D\user_e
	Account Name:  user_e
	Account Domain:  Domain_D
	Logon ID:  0x0452

Domain:
	Domain Name:		Domain_D
	Domain ID:		Domain_D\

Changed Attributes:
	Min. Password Age:	-
	Max. Password Age:	-
	Force Logoff:		-
	Lockout Threshold:	-
	Lockout Observation Window:	-
	Lockout Duration:	-
	Password Properties:	-
	Min. Password Length:	6
	Password History Length:	23
	Machine Account Quota:	-
	Mixed Domain Mode:	-
	Domain Behavior Version:	-
	OEM Information:	-

Additional Information:
	Privileges:		-

01/28/2020 01:20:59 PM
LogName=Security
SourceName=Microsoft-Windows-Eventlog
EventCode=1102
EventType=4
Type=Information
ComputerName=COREDEV-004
TaskCategory=Log clear
OpCode=Info
RecordNumber=553766519
Keywords=Audit Success
Message=The audit log was cleared.
Subject:
	Security ID:		Domain_A\user_l
	Account Name:		user_l
	Account Domain:		Domain_A
	Logon ID:		0xAB37

01/28/2020 01:20:58 PM
LogName=Security
SourceName=Microsoft Windows security auditing.
EventCode=4743
EventType=0
Type=Information
ComputerName=COREDEV-005
TaskCategory=Computer Account Management
OpCode=Info
RecordNumber=634139513
Keywords=Audit Success
Message=A computer account was deleted.

Subject:
	Security ID:		Domain_B\user_l
	Account Name:		user_l
	Account Domain:		Domain_B
	Logon ID:		0xAB37

Target Computer:
	Security ID:		Domain_B\user_l
	Account Name:		user_l
	Account Domain:		Domain_B

Additional Information:
	Privileges:	-

01/28/2020 01:20:58 PM
LogName=Security
SourceName=Microsoft Windows security auditing.
EventCode=4689
EventType=0
Type=Information
ComputerName=BUSDEV-005
TaskCategory=Process Termination
OpCode=Info
RecordNumber=212641581
Keywords=Audit Success
Message=A process has exited.

Subject:
	Security ID:		Domain_C\user_e
	Account Name:		user_e
	Account Domain:		Domain_C
	Logon ID:		0x0452

Process Information:
	Process ID:	0x9B7E
	Process Name:	C:\Windows\System32\example_d.exe
	Exit Status:	0x8E0C35

01/28/2020 01:20:58 PM
LogName=Security
SourceName=Microsoft Windows security auditing.
EventCode=4673
EventType=0
Type=Information
ComputerName=PROD-MFS-006
TaskCategory=Sensitive Privilege Use
OpCode=Info
RecordNumber=490575240
Keywords=Audit Success
Message=A privileged service was called.

Subject:
	Security ID:		Domain_E\user_h
	Account Name:		user_h
	Account Domain:		Domain_E
	Logon ID:		0xA19C

Service:
	Server:	NT Local Security Authority / Authentication Service
	Service Name:	LsaRegisterLogonProcess()

Process:
	Process ID:	0xF93A
	Process Name:	C:\Windows\System32\example_g.exe

Service Request Information:
	Privileges:		SeBackupPrivilege

01/28/2020 01:20:58 PM 
LogName=Security 
SourceName=Microsoft Windows security auditing.
EventCode=4740 
EventType=0 
Type=Information
ComputerName=BUSDEV-001 
TaskCategory=User Account Management
OpCode=Info 
RecordNumber=5962727
Keywords=Audit Success
Message=A user account was locked out. 
Subject: 
	Security ID: Domain_D\user_k 
	Account Name: user_k
	Account Domain: Domain_D
	Logon ID: 0xBAC3
Account That Was Locked Out: 
	Security ID: Domain_D\user_f 
	Account Name: user_f
Additional Information: 
	Caller Computer Name: BUSDEV-001

01/28/2020 01:20:58 PM
LogName=Security
SourceName=Microsoft Windows security auditing.
EventCode=4673
EventType=0
Type=Information
ComputerName=PROD-POS-005
TaskCategory=Sensitive Privilege Use
OpCode=Info
RecordNumber=385932597
Keywords=Audit Success
Message=A privileged service was called.

Subject:
	Security ID:		Domain_D\user_l
	Account Name:		user_l
	Account Domain:		Domain_D
	Logon ID:		0xAB37

Service:
	Server:	NT Local Security Authority / Authentication Service
	Service Name:	LsaRegisterLogonProcess()

Process:
	Process ID:	0x1680
	Process Name:	C:\Windows\System32\example_c.exe

Service Request Information:
	Privileges:		SeImpersonatePrivilege

01/28/2020 01:20:58 PM
LogName=Security
SourceName=Microsoft Windows security auditing.
EventCode=4672
EventType=0
Type=Information
ComputerName=ops-sys-006
TaskCategory=Special Logon
OpCode=Info
RecordNumber=656899826
Keywords=Audit Success
Message=Special privileges assigned to new logon.
Subject:
	Security ID:		Domain_A\user_l
	Account Name:		user_l
	Account Domain:		Domain_A
	Logon ID:		0xAB37
Privileges:	SeSecurityPrivilege
			SeTakeOwnershipPrivilege
			SeLoadDriverPrivilege
			SeBackupPrivilege
			SeRestorePrivilege
			SeDebugPrivilege
			SeSystemEnvironmentPrivilege
			SeImpersonatePrivilege

01/28/2020 01:20:58 PM
LogName=Security
SourceName=Microsoft Windows security auditing.
EventCode=4625
EventType=Information
Type=Information
ComputerName=ops-sys-006
TaskCategory=Authentication Policy Change
OpCode=Info
RecordNumber=551970959
Keywords=Audit Success
Message=An account failed to log on.

Subject:
	Security ID:		NONE
	Account Name:		ABCDE
	Account Domain:		WINDOWS
	Logon ID:		0xB

Logon Type:		6

Account For Which Logon Failed:
	Security ID:		NONE
	Account Name:		ABCDE
	Account Domain:		WINDOWS

Failure Information:
	Failure Reason:		Unknown User name or bad password.
	Status:			0xFB8ED112
	Sub Status:		0xFB8ED112

Process Information:
	Caller Process ID:	0xB
	Caller Process Name:	-

Network Information:
	Workstation Name:	-
	Source Network Address:	197.236.210.98
	Source Port:		56984

Detailed Authentication Information:
	Logon Process:		FB8ED112 
	Authentication Package:	MICROSOFT_AUTHENTICATION_PACKAGE_V1_0
	Transited Services:	-
	Package Name (NTLM only):	-
	Key Length:		6

This event is generated when a logon request fails. It is generated on the computer where access was attempted.

The Subject fields indicate the account on the local system which requested the logon. This is most commonly a service such as the Server service, or a local process such as 47BCDF3.exe or 47BCDF3.exe.

The Logon Type field indicates the kind of logon that was requested. The most common types are 2 (interactive) and 3 (network).

The Process Information fields indicate which account and process on the system requested the logon.

The Network Information fields indicate where a remote logon request originated. Workstation name is not always available and may be left blank in some cases.

The authentication information fields provide detailed information about this specific logon request.
	- Transited services indicate which intermediate services have participated in this logon request.
	- Package name indicates which sub-protocol was used among the NTLM protocols.
	- Key length indicates the length of the generated session key. This will be 0 if no session key was requested.


01/28/2020 01:20:58 PM
LogName=Security
SourceName=Microsoft Windows security auditing.
EventCode=4738
EventType=0
Type=Information
ComputerName=SE-006
TaskCategory=User Account Management
OpCode=Info
RecordNumber=426158844
Keywords=Audit Success
Message=A User account was changed.

Subject:
 Security ID:  Domain_D\user_e
 Account Name:  user_e
 Account Domain:  Domain_D
 Logon ID:  0x0452

Target Account:
 Security ID:  Domain_D\user_n
 Account Name:  user_n
 Account Domain:  Domain_D

Changed Attributes:
 SAM Account Name: user_j
 Display Name:  bbb
 User Principal Name: aaa@AAA.local
 Home Directory:  \a\b
 Home Drive:  C:
 Script Path:  \a\b\c
 Profile Path:  \a\g
 User Workstations: <value not set>
 Password Last Set: <never>
 Account Expires:  2020-01-28 13:20:58 PM
 Primary Group ID: 249
 AllowedToDelegateTo: server_2/computer_b
 Old UAC Value:  2597E9A
 New UAC Value:  B323989
 User Account Control: ACCOUNTDISABLE - Enabled
 User Parameters: <value not set>
 SID History:  Domain_a/aaa
 Logon Hours:  Tuesday 8:00 PM -Wednesday 10:00 AM

Additional Information:
 Privileges:  SeSystemEnvironmentPrivilege

01/28/2020 01:20:57 PM
LogName=Security
SourceName=Microsoft Windows security auditing.
EventCode=4689
EventType=0
Type=Information
ComputerName=ops-sys-004
TaskCategory=Process Termination
OpCode=Info
RecordNumber=148710682
Keywords=Audit Success
Message=A process has exited.

Subject:
	Security ID:		Domain_B\user_f
	Account Name:		user_f
	Account Domain:		Domain_B
	Logon ID:		0xA369

Process Information:
	Process ID:	0xA628
	Process Name:	C:\Windows\System32\example_e.exe
	Exit Status:	0x962832

01/28/2020 01:20:57 PM
LogName=Security
SourceName=Microsoft Windows security auditing.
EventCode=4724
EventType=0
Type=Information
ComputerName=SE-003
TaskCategory=User Account Management
OpCode=Info
RecordNumber=962001974
Keywords=Audit Failure
Message=An attempt was made to reset an account's password.
Subject:
	Security ID:  Domain_B\user_j
	Account Name:  user_j
	Account Domain:  Domain_B
	Logon ID:  0xB111
Target Account:
	Security ID:  Domain_B\user_l
	Account Name:  user_l
	Account Domain:  Domain_B

01/28/2020 01:20:57 PM
LogName=Security
SourceName=Microsoft Windows security auditing.
EventCode=4672
EventType=0
Type=Information
ComputerName=PROD-POS-002
TaskCategory=Special Logon
OpCode=Info
RecordNumber=298680797
Keywords=Audit Success
Message=Special privileges assigned to new logon.
Subject:
	Security ID:		Domain_D\user_m
	Account Name:		user_m
	Account Domain:		Domain_D
	Logon ID:		0x46BA
Privileges:	SeSecurityPrivilege
			SeTakeOwnershipPrivilege
			SeLoadDriverPrivilege
			SeBackupPrivilege
			SeRestorePrivilege
			SeDebugPrivilege
			SeSystemEnvironmentPrivilege
			SeImpersonatePrivilege

01/28/2020 01:20:57 PM
LogName=Security
SourceName=Microsoft Windows security auditing.
EventCode=4672
EventType=0
Type=Information
ComputerName=PROD-MFS-002
TaskCategory=Special Logon
OpCode=Info
RecordNumber=86936813
Keywords=Audit Success
Message=Special privileges assigned to new logon.
Subject:
	Security ID:		Domain_B\user_k
	Account Name:		user_k
	Account Domain:		Domain_B
	Logon ID:		0xBAC3
Privileges:	SeSecurityPrivilege
			SeTakeOwnershipPrivilege
			SeLoadDriverPrivilege
			SeBackupPrivilege
			SeRestorePrivilege
			SeDebugPrivilege
			SeSystemEnvironmentPrivilege
			SeImpersonatePrivilege

01/28/2020 01:20:56 PM
LogName=Security
SourceName=Microsoft Windows security auditing.
EventCode=4689
EventType=0
Type=Information
ComputerName=HOST-002
TaskCategory=Process Termination
OpCode=Info
RecordNumber=631566093
Keywords=Audit Success
Message=A process has exited.

Subject:
	Security ID:		Domain_D\user_f
	Account Name:		user_f
	Account Domain:		Domain_D
	Logon ID:		0xA369

Process Information:
	Process ID:	0x99DE
	Process Name:	C:\Windows\System32\example_e.exe
	Exit Status:	0x232C14

01/28/2020 01:20:56 PM
LogName=Security
SourceName=Microsoft Windows security auditing.
EventCode=4798
EventType=Information
Type=Information
ComputerName=BUSDEV-008
TaskCategory=Authentication Policy Change
OpCode=Info
RecordNumber=993587049
Keywords=Audit Success
Message=A User's local group membership was enumerated.

Subject:
	Security ID:		abc\def
	Account Name:		GUEST
	Account Domain:		abc
	Logon ID:		0x3FD
User:
	Security ID:		abc\def
	Account Name:		GUEST
	Account Domain:		abc

Process Information:
	Process ID:		0x16c4
	Process Name:		abc\file\path\A931C99.exe


01/28/2020 01:20:56 PM
LogName=Security
SourceName=Microsoft Windows security auditing.
EventCode=4689
EventType=0
Type=Information
ComputerName=COREDEV-006
TaskCategory=Process Termination
OpCode=Info
RecordNumber=100443978
Keywords=Audit Success
Message=A process has exited.

Subject:
	Security ID:		Domain_B\user_g
	Account Name:		user_g
	Account Domain:		Domain_B
	Logon ID:		0xEB5F

Process Information:
	Process ID:	0xFD15
	Process Name:	C:\Windows\System32\example_f.exe
	Exit Status:	0x20C97C

01/28/2020 01:20:56 PM
LogName=Security
SourceName=Microsoft Windows security auditing.
EventCode=4720
EventType=0
Type=Information
ComputerName=BUSDEV-004
TaskCategory=User Account Management
OpCode=Info
RecordNumber=837479154
Keywords=Audit Success
Message=A User account was created. 
Subject: 
	Security ID: Domain_C\user_k
	Account Name: user_k
	Account Domain: Domain_C
	Logon ID: 0xBAC3
New Account: 
	Security ID: Domain_C\user_g
	Account Name: user_g
	Account Domain: Domain_C
Attributes: 
	SAM Account Name: user_c
	Display Name: bbb
	User Principal Name: ccc@AAA.local
	Home Directory: \f
	Home Drive: E:
	Script Path: <value not set>
	Profile Path: \a\b
	User Workstations: CCC
	Password Last Set: 2020-01-28 13:20:56 PM
	Account Expires: 2020-01-28 13:20:56 PM
	Primary Group ID: 406
	Allowed To Delegate To: -
	Old UAC Value: 383FDEB
	New UAC Value: FB91AE4
	User Account Control: SCRIPT - Enabled
	User Parameters: <value changed, but not displayed>
	SID History: Domain_b/bbb
	Logon Hours: Monday 2:00 PM -Tuesday 6:00 PM
Additional Information:
	Privileges SeBackupPrivilege

01/28/2020 01:20:56 PM
LogName=Security
SourceName=Microsoft Windows security auditing.
EventCode=4738
EventType=0
Type=Information
ComputerName=BUSDEV-004
TaskCategory=User Account Management
OpCode=Info
RecordNumber=933852804
Keywords=Audit Success
Message=A User account was changed.

Subject:
 Security ID:  Domain_B\user_j
 Account Name:  user_j
 Account Domain:  Domain_B
 Logon ID:  0xB111

Target Account:
 Security ID:  Domain_B\user_l
 Account Name:  user_l
 Account Domain:  Domain_B

Changed Attributes:
 SAM Account Name: user_c
 Display Name:  fff
 User Principal Name: bbb@BBB.local
 Home Directory:  \a\e
 Home Drive:  E:
 Script Path:  \a\b
 Profile Path:  \a\b
 User Workstations: BBB
 Password Last Set: <never>
 Account Expires:  <never>
 Primary Group ID: 189
 AllowedToDelegateTo: server_1/coumputer_a
 Old UAC Value:  48D450E
 New UAC Value:  CA6125F
 User Account Control: DONT_REQ_PREAUTH - Disabled
 User Parameters: <value not set>
 SID History:  Domain_a/aaa
 Logon Hours:  Monday 2:00 PM -Tuesday 6:00 PM

Additional Information:
 Privileges:  -

01/28/2020 01:20:56 PM
LogName=Security
SourceName=Microsoft Windows security auditing.
EventCode=4720
EventType=0
Type=Information
ComputerName=PROD-MFS-001
TaskCategory=User Account Management
OpCode=Info
RecordNumber=206174344
Keywords=Audit Success
Message=A User account was created. 
Subject: 
	Security ID: Domain_B\user_a
	Account Name: user_a
	Account Domain: Domain_B
	Logon ID: 0x6C10
New Account: 
	Security ID: Domain_B\user_n
	Account Name: user_n
	Account Domain: Domain_B
Attributes: 
	SAM Account Name: user_h
	Display Name: aaa
	User Principal Name: aaa@AAA.local
	Home Directory: \a\b\c
	Home Drive: F:
	Script Path: \a\b
	Profile Path: <value not set>
	User Workstations: CCC
	Password Last Set: 2020-01-28 13:20:56 PM
	Account Expires: 2020-01-28 13:20:56 PM
	Primary Group ID: 48
	Allowed To Delegate To: server_1/coumputer_a
	Old UAC Value: FEE34F3
	New UAC Value: C6F7AB4
	User Account Control: PARTIAL_SECRETS_ACCOUNT - Enabled
	User Parameters: <value not set>
	SID History: -
	Logon Hours: Monday 2:00 PM -Tuesday 6:00 PM
Additional Information:
	Privileges -

