01/28/2020 01:19:28 PM
LogName=Security
SourceName=Microsoft Windows security auditing.
EventCode=4720
EventType=0
Type=Information
ComputerName=PROD-POS-001
TaskCategory=User Account Management
OpCode=Info
RecordNumber=461405166
Keywords=Audit Success
Message=A User account was created. 
Subject: 
	Security ID: Domain_E\user_d
	Account Name: user_d
	Account Domain: Domain_E
	Logon ID: 0x3EC3
New Account: 
	Security ID: Domain_E\user_b
	Account Name: user_b
	Account Domain: Domain_E
Attributes: 
	SAM Account Name: user_k
	Display Name: eee
	User Principal Name: aaa@AAA.local
	Home Directory: <value not set>
	Home Drive: F:
	Script Path: \a\b\c
	Profile Path: \a\g
	User Workstations: <value not set>
	Password Last Set: 2020-01-28 13:19:28 PM
	Account Expires: <never>
	Primary Group ID: 401
	Allowed To Delegate To: -
	Old UAC Value: 58395CB
	New UAC Value: 82D824D
	User Account Control: LOCKOUT - Enabled
	User Parameters: <value changed, but not displayed>
	SID History: -
	Logon Hours: Tuesday 8:00 PM -Wednesday 10:00 AM
Additional Information:
	Privileges SeBackupPrivilege

01/28/2020 01:19:28 PM
LogName=Security
SourceName=Microsoft Windows security auditing.
EventCode=4717
EventType=0
Type=Information
ComputerName=BUSDEV-006
TaskCategory=Authentication Policy Change
OpCode=Info
RecordNumber=646401469
Keywords=Audit Success
Message=System security access was granted to an account.

Subject:
	Security ID:		Domain_B\SYSTEM
	Account Name:		BUSDEV-006
	Account Domain:		Domain_B
	Logon ID:		0x46BA

Account Modified:
	Account Name:		Domain_B\user_m

Access Granted:
	Access Right:		SeInteractiveLogonRight

01/28/2020 01:19:28 PM
LogName=Security
SourceName=Microsoft Windows security auditing.
EventCode=4724
EventType=0
Type=Information
ComputerName=ops-sys-003
TaskCategory=User Account Management
OpCode=Info
RecordNumber=195784330
Keywords=Audit Success
Message=An attempt was made to reset an account's password.
Subject:
	Security ID:  Domain_C\user_l
	Account Name:  user_l
	Account Domain:  Domain_C
	Logon ID:  0xAB37
Target Account:
	Security ID:  Domain_C\user_f
	Account Name:  user_f
	Account Domain:  Domain_C

01/28/2020 01:19:28 PM
LogName=Security
SourceName=Microsoft Windows security auditing.
EventCode=4739
EventType=0
Type=Information
ComputerName=ops-sys-004
TaskCategory=Authentication Policy Change
OpCode=Info
RecordNumber=156267505
Keywords=Audit Success
Message=Domain Policy was changed.

Change Type:		Password Policy modified

Subject:
	Security ID:  Domain_A\user_c
	Account Name:  user_c
	Account Domain:  Domain_A
	Logon ID:  0x5FC9

Domain:
	Domain Name:		Domain_A
	Domain ID:		Domain_A\

Changed Attributes:
	Min. Password Age:	-
	Max. Password Age:	-
	Force Logoff:		-
	Lockout Threshold:	-
	Lockout Observation Window:	-
	Lockout Duration:	-
	Password Properties:	-
	Min. Password Length:	6
	Password History Length:	23
	Machine Account Quota:	-
	Mixed Domain Mode:	-
	Domain Behavior Version:	-
	OEM Information:	-

Additional Information:
	Privileges:		-

01/28/2020 01:19:28 PM
LogName=Security
SourceName=Microsoft Windows security auditing.
EventCode=4717
EventType=0
Type=Information
ComputerName=ACME-004
TaskCategory=Authentication Policy Change
OpCode=Info
RecordNumber=779486009
Keywords=Audit Success
Message=System security access was granted to an account.

Subject:
	Security ID:		Domain_D\SYSTEM
	Account Name:		ACME-004
	Account Domain:		Domain_D
	Logon ID:		0x4D76

Account Modified:
	Account Name:		Domain_D\user_n

Access Granted:
	Access Right:		SeRemoteInteractiveLogonRight

01/28/2020 01:19:27 PM
LogName=Security
SourceName= Microsoft Windows security auditing.
EventCode=4624
EventType=0
Type=Information
ComputerName=ops-sys-004
TaskCategory=Logon
OpCode=Info
RecordNumber=105023330
Keywords=Audit Success
Message=An account was successfully logged on.

Subject:
 Security ID:  Domain_B\SYSTEM
 Account Name:  ops-sys-004
 Account Domain:  Domain_B
 Logon ID:  0x70E4

Logon Information:
 Logon Type:  8
 Restricted Admin Mode: Yes
 Virtual Account:  Yes
 Elevated Token:  Yes

Impersonation Level:  Identification

New Logon:
 Security ID:  Domain_B\user_g
 Account Name:  user_g
 Account Domain:  Domain_B
 Logon ID:  0xEB5F
 Linked Logon ID:  8A23
 Network Account Name: user_j
 Network Account Domain: -
 Logon GUID:  {27C4A2F2-13CA-AA25-E903-D31268740239}

Process Information:
 Process ID:  0x0A8B
 Process Name:  C:\Windows\System32\example_c.exe

Network Information:
 Workstation Name: ops-sys-004
 Source Network Address: -
 Source Port:  42152

Detailed Authentication Information:
 Logon Process:  User32 
 Authentication Package: Kerberos
 Transited Services: service_A
 Package Name (NTLM only): -
 Key Length:  0

This event is generated when a logon session is created. It is generated on the computer that was accessed.

The subject fields indicate the account on the local system which requested the logon. This is most commonly a service such as the Server service, or a local process such as 90AB6.exe or 90AB6.exe.

The logon type field indicates the kind of logon that occurred. The most common types are 2 (interactive) and 3 (network).

The New Logon fields indicate the account for whom the new logon was created, i.e. the account that was logged on.

The network fields indicate where a remote logon request originated. Workstation name is not always available and may be left blank in some cases.

The impersonation level field indicates the extent to which a process in the logon session can impersonate.

The authentication information fields provide detailed information about this specific logon request.
 - Logon GUID is a unique identifier that can be used to correlate this event with a KDC event.
 - Transited services indicate which intermediate services have participated in this logon request.
 - Package name indicates which sub-protocol was used among the NTLM protocols.
 - Key length indicates the length of the generated session key. This will be 0 if no session key was requested.


01/28/2020 01:19:27 PM
LogName=Security
SourceName=Microsoft Windows security auditing.
EventCode=4739
EventType=0
Type=Information
ComputerName=SE-004
TaskCategory=Authentication Policy Change
OpCode=Info
RecordNumber=924762904
Keywords=Audit Success
Message=Domain Policy was changed.

Change Type:		Password Policy modified

Subject:
	Security ID:  Domain_A\user_c
	Account Name:  user_c
	Account Domain:  Domain_A
	Logon ID:  0x5FC9

Domain:
	Domain Name:		Domain_A
	Domain ID:		Domain_A\

Changed Attributes:
	Min. Password Age:	-
	Max. Password Age:	-
	Force Logoff:		-
	Lockout Threshold:	-
	Lockout Observation Window:	-
	Lockout Duration:	-
	Password Properties:	-
	Min. Password Length:	6
	Password History Length:	23
	Machine Account Quota:	-
	Mixed Domain Mode:	-
	Domain Behavior Version:	-
	OEM Information:	-

Additional Information:
	Privileges:		-

01/28/2020 01:19:27 PM
LogName=Security
SourceName=Microsoft Windows security auditing.
EventCode=4688
EventType=0
Type=Information
ComputerName=$SPLUNK_HOME/etc/apps/Splunk_TA_windows/samples/hostname.sample
TaskCategory=Process Creation
OpCode=Info
RecordNumber=246005519
Keywords=Audit Success
Message=A new process has been created.
Subject:
	Security ID:		Domain_D\user_n
	Account Name:		user_n
	Account Domain:		Domain_D
	Logon ID:		0x4D76
Process Information:
	New Process ID:		0x44EE
	New Process Name:	C:\Windows\System32\example_a.exe
	Token Elevation Type:	TokenElevationTypeFull (2)
	Creator Process ID:	0x781E
Token Elevation Type indicates the type of token that was assigned to the new process in accordance with User Account Control policy.
Type 1 is a full token with no privileges removed or groups disabled.  A full token is only used if User Account Control is disabled or if the User is the built-in Administrator account or a service account.
Type 2 is an elevated token with no privileges removed or groups disabled.  An elevated token is used when User Account Control is enabled and the User chooses to start the program using Run as administrator.  An elevated token is also used when an application is configured to always require administrative privilege or to always require maximum privilege, and the User is a member of the Administrators group.
Type 3 is a limited token with administrative privileges removed and administrative groups disabled.  The limited token is used when User Account Control is enabled, the application does not require administrative privilege, and the User does not choose to start the program using Run as administrator.

01/28/2020 01:19:27 PM
LogName=Security
SourceName=Microsoft Windows security auditing.
EventCode=5058
EventType=Information
Type=Information
ComputerName=HOST-004
TaskCategory=Authentication Policy Change
OpCode=Info
RecordNumber=136038638
Keywords=Audit Success
Message=Key file operation.

Subject:
	Security ID:		WINDOWS\krbtgt
	Account Name:		ADMINISTRATOR
	Account Domain:		Backup Operators
	Logon ID:		0x4DB
Cryptographic Parameters:
	Provider Name:	Microsoft Software Key Storage Provider
	Algorithm Name:	UNKNOWN
	Key Name:	0EDD5D64-DC70-DC70-DC70-464298D0AF0E
	Key Type: User key.

Key File Operation Information:
	File Path:	aa\bb\cc\dd\6714AB9587AC8BBDAFF5276E81AEBA10_0EDD5D64-DC70-DC70-DC70-464298D0AF0E
	Operation:	Read persisted key from file.
	Return Code:	0xA


01/28/2020 01:19:27 PM
LogName=Security
SourceName=Microsoft Windows security auditing.
EventCode=4648
EventType=0
Type=Information
ComputerName=ops-sys-001
TaskCategory=Logon
OpCode=Info
RecordNumber=638917034
Keywords=Audit Success
Message=A logon was attempted using explicit credentials.
Subject:
	Security ID:  Domain_C\SYSTEM
	Account Name:  ops-sys-001
	Account Domain:  Domain_C
	Logon ID:  0x70E4
	Logon GUID:		{0887F1E4-39EA-D53C-804F-31D568A06274}
Account Whose Credentials Were Used:
	Account Name:		SambaLivre
	Account Domain:		Domain_C
	Logon GUID:		{0887F1E4-39EA-D53C-804F-31D568A06274}
Target Server:
	Target Server Name:	Server_A.com
	Additional Information:	Server_A.com
Process Information:
	Process ID:		69FD
	Process Name:		C:\Windows\System32\example_f.exe
Network Information:
	Network Address:	72.33.59.60
	Port:			-
This event is generated when a process attempts to log on an account by explicitly specifying that account's credentials. This most commonly occurs in batch-type configurations such as scheduled tasks, or when using the RUNAS command.

01/28/2020 01:19:26 PM
LogName=Security
SourceName=Microsoft Windows security auditing.
EventCode=4718
EventType=0
Type=Information
ComputerName=HOST-002
TaskCategory=Authentication Policy Change
OpCode=Info
RecordNumber=748929579
Keywords=Audit Success
Message=System security access was removed from an account.

Subject:
	Security ID:		Domain_C\SYSTEM
	Account Name:		HOST-002
	Account Domain:		Domain_C
	Logon ID:		0x4D76

Account Modified:
	Account Name:		Domain_C\user_n

Access Removed:
	Access Right:		SeServiceLogonRight

01/28/2020 01:19:26 PM
LogName=Security
SourceName=Microsoft Windows security auditing.
EventCode=4672
EventType=0
Type=Information
ComputerName=PROD-MFS-003
TaskCategory=Special Logon
OpCode=Info
RecordNumber=240271769
Keywords=Audit Success
Message=Special privileges assigned to new logon.
Subject:
	Security ID:		Domain_D\user_g
	Account Name:		user_g
	Account Domain:		Domain_D
	Logon ID:		0xEB5F
Privileges:	SeSecurityPrivilege
			SeTakeOwnershipPrivilege
			SeLoadDriverPrivilege
			SeBackupPrivilege
			SeRestorePrivilege
			SeDebugPrivilege
			SeSystemEnvironmentPrivilege
			SeImpersonatePrivilege

01/28/2020 01:19:26 PM
LogName=Security
SourceName=Microsoft Windows security auditing.
EventCode=4718
EventType=0
Type=Information
ComputerName=HOST-005
TaskCategory=Authentication Policy Change
OpCode=Info
RecordNumber=693372040
Keywords=Audit Success
Message=System security access was removed from an account.

Subject:
	Security ID:		Domain_E\SYSTEM
	Account Name:		HOST-005
	Account Domain:		Domain_E
	Logon ID:		0x3EC3

Account Modified:
	Account Name:		Domain_E\user_d

Access Removed:
	Access Right:		SeInteractiveLogonRight

01/28/2020 01:19:26 PM
LogName=Security
SourceName=Microsoft Windows security auditing.
EventCode=4689
EventType=0
Type=Information
ComputerName=SE-001
TaskCategory=Process Termination
OpCode=Info
RecordNumber=453482647
Keywords=Audit Success
Message=A process has exited.

Subject:
	Security ID:		Domain_E\user_m
	Account Name:		user_m
	Account Domain:		Domain_E
	Logon ID:		0x46BA

Process Information:
	Process ID:	0x8383
	Process Name:	C:\Windows\System32\example_a.exe
	Exit Status:	0x2FD61F

01/28/2020 01:19:26 PM
LogName=Security
SourceName=Microsoft Windows security auditing.
EventCode=4688
EventType=0
Type=Information
ComputerName=$SPLUNK_HOME/etc/apps/Splunk_TA_windows/samples/hostname.sample
TaskCategory=Process Creation
OpCode=Info
RecordNumber=867741186
Keywords=Audit Success
Message=A new process has been created.
Subject:
	Security ID:		Domain_D\user_b
	Account Name:		user_b
	Account Domain:		Domain_D
	Logon ID:		0x3A81
Process Information:
	New Process ID:		0xAB5D
	New Process Name:	C:\Windows\System32\example_a.exe
	Token Elevation Type:	TokenElevationTypeFull (2)
	Creator Process ID:	0xF2F1
Token Elevation Type indicates the type of token that was assigned to the new process in accordance with User Account Control policy.
Type 1 is a full token with no privileges removed or groups disabled.  A full token is only used if User Account Control is disabled or if the User is the built-in Administrator account or a service account.
Type 2 is an elevated token with no privileges removed or groups disabled.  An elevated token is used when User Account Control is enabled and the User chooses to start the program using Run as administrator.  An elevated token is also used when an application is configured to always require administrative privilege or to always require maximum privilege, and the User is a member of the Administrators group.
Type 3 is a limited token with administrative privileges removed and administrative groups disabled.  The limited token is used when User Account Control is enabled, the application does not require administrative privilege, and the User does not choose to start the program using Run as administrator.

01/28/2020 01:19:26 PM
LogName=Security
SourceName=Microsoft Windows security auditing.
EventCode=4648
EventType=0
Type=Information
ComputerName=SE-001
TaskCategory=Logon
OpCode=Info
RecordNumber=220339348
Keywords=Audit Success
Message=A logon was attempted using explicit credentials.
Subject:
	Security ID:  Domain_C\SYSTEM
	Account Name:  SE-001
	Account Domain:  Domain_C
	Logon ID:  0x70E4
	Logon GUID:		{221B21A6-1AE2-3F9A-24EF-22C392AC2A47}
Account Whose Credentials Were Used:
	Account Name:		Glennqxz
	Account Domain:		Domain_C
	Logon GUID:		{00000000-0000-0000-0000-000000000000}
Target Server:
	Target Server Name:	Server_B.com
	Additional Information:	Server_B.com
Process Information:
	Process ID:		5C85
	Process Name:		C:\Windows\System32\example_d.exe
Network Information:
	Network Address:	-
	Port:			64843
This event is generated when a process attempts to log on an account by explicitly specifying that account's credentials. This most commonly occurs in batch-type configurations such as scheduled tasks, or when using the RUNAS command.

01/28/2020 01:19:26 PM
LogName=Security
SourceName=Microsoft Windows security auditing.
EventCode=4673
EventType=0
Type=Information
ComputerName=PROD-POS-004
TaskCategory=Sensitive Privilege Use
OpCode=Info
RecordNumber=440998637
Keywords=Audit Success
Message=A privileged service was called.

Subject:
	Security ID:		Domain_B\user_n
	Account Name:		user_n
	Account Domain:		Domain_B
	Logon ID:		0x4D76

Service:
	Server:	NT Local Security Authority / Authentication Service
	Service Name:	LsaRegisterLogonProcess()

Process:
	Process ID:	0x9B09
	Process Name:	C:\Windows\System32\example_f.exe

Service Request Information:
	Privileges:		SeTcbPrivilege

01/28/2020 01:19:26 PM
LogName=Security
SourceName=Microsoft Windows security auditing.
EventCode=4776
EventType=0
Type=Information
ComputerName=SE-003
TaskCategory=Credential Validation
OpCode=Info
RecordNumber=95959639
Keywords=Failure Audit
Message=The computer attempted to validate the credentials for an account.
Authentication Package: MICROSOFT_AUTHENTICATION_PACKAGE_V1_0
Logon Account: user_b
Source Workstation: SE-003
Error Code: 0xC0000234

01/28/2020 01:19:26 PM
LogName=Security
SourceName=Microsoft Windows security auditing.
EventCode=4672
EventType=0
Type=Information
ComputerName=ops-sys-001
TaskCategory=Special Logon
OpCode=Info
RecordNumber=390485170
Keywords=Audit Success
Message=Special privileges assigned to new logon.
Subject:
	Security ID:		Domain_E\user_k
	Account Name:		user_k
	Account Domain:		Domain_E
	Logon ID:		0xBAC3
Privileges:	SeSecurityPrivilege
			SeTakeOwnershipPrivilege
			SeLoadDriverPrivilege
			SeBackupPrivilege
			SeRestorePrivilege
			SeDebugPrivilege
			SeSystemEnvironmentPrivilege
			SeImpersonatePrivilege

01/28/2020 01:19:25 PM
LogName=Security
SourceName=Microsoft Windows security auditing.
EventCode=4739
EventType=0
Type=Information
ComputerName=COREDEV-001
TaskCategory=Authentication Policy Change
OpCode=Info
RecordNumber=916293806
Keywords=Audit Success
Message=Domain Policy was changed.

Change Type:		Password Policy modified

Subject:
	Security ID:  Domain_A\user_l
	Account Name:  user_l
	Account Domain:  Domain_A
	Logon ID:  0xAB37

Domain:
	Domain Name:		Domain_A
	Domain ID:		Domain_A\

Changed Attributes:
	Min. Password Age:	-
	Max. Password Age:	-
	Force Logoff:		-
	Lockout Threshold:	-
	Lockout Observation Window:	-
	Lockout Duration:	-
	Password Properties:	-
	Min. Password Length:	6
	Password History Length:	23
	Machine Account Quota:	-
	Mixed Domain Mode:	-
	Domain Behavior Version:	-
	OEM Information:	-

Additional Information:
	Privileges:		-

01/28/2020 01:19:25 PM 
LogName=Security 
SourceName=Microsoft Windows security auditing.
EventCode=4740 
EventType=0 
Type=Information
ComputerName=PROD-MFS-005 
TaskCategory=User Account Management
OpCode=Info 
RecordNumber=810127230
Keywords=Audit Success
Message=A user account was locked out. 
Subject: 
	Security ID: Domain_C\user_n 
	Account Name: user_n
	Account Domain: Domain_C
	Logon ID: 0x4D76
Account That Was Locked Out: 
	Security ID: Domain_C\user_l 
	Account Name: user_l
Additional Information: 
	Caller Computer Name: PROD-MFS-005

01/28/2020 01:19:25 PM
LogName=Security
SourceName=Microsoft Windows security auditing.
EventCode=4718
EventType=0
Type=Information
ComputerName=COREDEV-004
TaskCategory=Authentication Policy Change
OpCode=Info
RecordNumber=533146366
Keywords=Audit Success
Message=System security access was removed from an account.

Subject:
	Security ID:		Domain_E\SYSTEM
	Account Name:		COREDEV-004
	Account Domain:		Domain_E
	Logon ID:		0xAB37

Account Modified:
	Account Name:		Domain_E\user_l

Access Removed:
	Access Right:		SeNetworkLogonRight

01/28/2020 01:19:25 PM
LogName=Security
SourceName=Microsoft Windows security auditing.
EventCode=4689
EventType=0
Type=Information
ComputerName=HOST-001
TaskCategory=Process Termination
OpCode=Info
RecordNumber=901368765
Keywords=Audit Success
Message=A process has exited.

Subject:
	Security ID:		Domain_D\user_n
	Account Name:		user_n
	Account Domain:		Domain_D
	Logon ID:		0x4D76

Process Information:
	Process ID:	0x3BCC
	Process Name:	C:\Windows\System32\example_e.exe
	Exit Status:	0x80A19E

01/28/2020 01:19:25 PM
LogName=Security
SourceName=Microsoft Windows security auditing.
EventCode=4673
EventType=0
Type=Information
ComputerName=COREDEV-002
TaskCategory=Sensitive Privilege Use
OpCode=Info
RecordNumber=921937119
Keywords=Audit Success
Message=A privileged service was called.

Subject:
	Security ID:		Domain_D\user_d
	Account Name:		user_d
	Account Domain:		Domain_D
	Logon ID:		0x3EC3

Service:
	Server:	NT Local Security Authority / Authentication Service
	Service Name:	LsaRegisterLogonProcess()

Process:
	Process ID:	0xF46A
	Process Name:	C:\Windows\System32\example_d.exe

Service Request Information:
	Privileges:		SeLoadDriverPrivilege

01/28/2020 01:19:25 PM
LogName=Security
SourceName=Microsoft-Windows-Eventlog
EventCode=1102
EventType=4
Type=Information
ComputerName=ops-sys-005
TaskCategory=Log clear
OpCode=Info
RecordNumber=488946697
Keywords=Audit Success
Message=The audit log was cleared.
Subject:
	Security ID:		Domain_E\user_k
	Account Name:		user_k
	Account Domain:		Domain_E
	Logon ID:		0xBAC3

01/28/2020 01:19:25 PM
LogName=Security
SourceName=Microsoft Windows security auditing.
EventCode=4738
EventType=0
Type=Information
ComputerName=BUSDEV-008
TaskCategory=User Account Management
OpCode=Info
RecordNumber=775630200
Keywords=Audit Success
Message=A User account was changed.

Subject:
 Security ID:  Domain_A\user_d
 Account Name:  user_d
 Account Domain:  Domain_A
 Logon ID:  0x3EC3

Target Account:
 Security ID:  Domain_A\user_l
 Account Name:  user_l
 Account Domain:  Domain_A

Changed Attributes:
 SAM Account Name: user_j
 Display Name:  eee
 User Principal Name: -
 Home Directory:  \a
 Home Drive:  F:
 Script Path:  \a
 Profile Path:  \a\e
 User Workstations: <value not set>
 Password Last Set: <never>
 Account Expires:  <never>
 Primary Group ID: 740
 AllowedToDelegateTo: -
 Old UAC Value:  70CB5F6
 New UAC Value:  24022A2
 User Account Control: USE_DES_KEY_ONLY - Disabled
 User Parameters: <value not set>
 SID History:  Domain_b/bbb
 Logon Hours:  All

Additional Information:
 Privileges:  SeBackupPrivilege

01/28/2020 01:19:25 PM
LogName=Security
SourceName=Microsoft Windows security auditing.
EventCode=4689
EventType=0
Type=Information
ComputerName=COREDEV-005
TaskCategory=Process Termination
OpCode=Info
RecordNumber=889877271
Keywords=Audit Success
Message=A process has exited.

Subject:
	Security ID:		Domain_C\user_j
	Account Name:		user_j
	Account Domain:		Domain_C
	Logon ID:		0xB111

Process Information:
	Process ID:	0x3D96
	Process Name:	C:\Windows\System32\example_e.exe
	Exit Status:	0x6484EC

01/28/2020 01:19:25 PM
LogName=Security
SourceName=Microsoft Windows security auditing.
EventCode=4720
EventType=0
Type=Information
ComputerName=SE-003
TaskCategory=User Account Management
OpCode=Info
RecordNumber=75326359
Keywords=Audit Success
Message=A User account was created. 
Subject: 
	Security ID: Domain_C\user_b
	Account Name: user_b
	Account Domain: Domain_C
	Logon ID: 0x3A81
New Account: 
	Security ID: Domain_C\user_a
	Account Name: user_a
	Account Domain: Domain_C
Attributes: 
	SAM Account Name: user_b
	Display Name: eee
	User Principal Name: aaa@AAA.local
	Home Directory: \a\e
	Home Drive: F:
	Script Path: \a\e
	Profile Path: \a\g
	User Workstations: AAA
	Password Last Set: 2020-01-28 13:19:25 PM
	Account Expires: 2020-01-28 13:19:25 PM
	Primary Group ID: 492
	Allowed To Delegate To: -
	Old UAC Value: 1BA288E
	New UAC Value: 596C76C
	User Account Control: DONT_EXPIRE_PASSWORD - Enabled
	User Parameters: <value changed, but not displayed>
	SID History: Domain_b/bbb
	Logon Hours: Tuesday 8:00 PM -Wednesday 10:00 AM
Additional Information:
	Privileges SeDebugPrivilege

01/28/2020 01:19:24 PM
LogName=Security
SourceName=Microsoft Windows security auditing.
EventCode=4672
EventType=Information
Type=Information
ComputerName=ACME-006
TaskCategory=Authentication Policy Change
OpCode=Info
RecordNumber=629451360
Keywords=Audit Success
Message=Special privileges assigned to new logon.

Subject:
	Security ID:		abc\def
	Account Name:		ABCDE
	Account Domain:		Builtin
	Logon ID:		0xD0A
Privileges:		SeAssignPrimaryTokenPrivilege
			SeTcbPrivilege
			SeSecurityPrivilege
			SeTakeOwnershipPrivilege
			SeLoadDriverPrivilege
			SeBackupPrivilege
			SeRestorePrivilege
			SeDebugPrivilege
			SeAuditPrivilege
			SeSystemEnvironmentPrivilege
			SeImpersonatePrivilege
			SeDelegateSessionUserImpersonatePrivilege


01/28/2020 01:19:24 PM
LogName=Security
SourceName=Microsoft Windows security auditing.
EventCode=4720
EventType=0
Type=Information
ComputerName=SE-003
TaskCategory=User Account Management
OpCode=Info
RecordNumber=925687161
Keywords=Audit Success
Message=A User account was created. 
Subject: 
	Security ID: Domain_D\user_b
	Account Name: user_b
	Account Domain: Domain_D
	Logon ID: 0x3A81
New Account: 
	Security ID: Domain_D\user_m
	Account Name: user_m
	Account Domain: Domain_D
Attributes: 
	SAM Account Name: user_k
	Display Name: <value not set>
	User Principal Name: aaa@AAA.local
	Home Directory: \a\e
	Home Drive: D:
	Script Path: \a\b
	Profile Path: \a
	User Workstations: AAA
	Password Last Set: <never>
	Account Expires: 2020-01-28 13:19:24 PM
	Primary Group ID: 387
	Allowed To Delegate To: server_1/coumputer_a
	Old UAC Value: 1A60762
	New UAC Value: 632E2A9
	User Account Control: NORMAL_ACCOUNT - Enabled
	User Parameters: <value changed, but not displayed>
	SID History: -
	Logon Hours: All
Additional Information:
	Privileges -

01/28/2020 01:19:24 PM
LogName=Security
SourceName=Microsoft Windows security auditing.
EventCode=4720
EventType=0
Type=Information
ComputerName=BUSDEV-004
TaskCategory=User Account Management
OpCode=Info
RecordNumber=462537117
Keywords=Audit Success
Message=A User account was created. 
Subject: 
	Security ID: Domain_C\user_j
	Account Name: user_j
	Account Domain: Domain_C
	Logon ID: 0xB111
New Account: 
	Security ID: Domain_C\user_h
	Account Name: user_h
	Account Domain: Domain_C
Attributes: 
	SAM Account Name: user_j
	Display Name: aaa
	User Principal Name: eee@AAA.local
	Home Directory: \a\g
	Home Drive: A:
	Script Path: \a
	Profile Path: \a\g
	User Workstations: CCC
	Password Last Set: <never>
	Account Expires: 2020-01-28 13:19:24 PM
	Primary Group ID: 471
	Allowed To Delegate To: -
	Old UAC Value: 140B960
	New UAC Value: 761F6F7
	User Account Control: MNS_LOGON_ACCOUNT - Enabled
	User Parameters: <value changed, but not displayed>
	SID History: Domain_a/aaa
	Logon Hours: All
Additional Information:
	Privileges SeAssignPrimaryTokenPrivilege

01/28/2020 01:19:24 PM
LogName=Security
SourceName=Microsoft Windows security auditing.
EventCode=4798
EventType=Information
Type=Information
ComputerName=SE-004
TaskCategory=Authentication Policy Change
OpCode=Info
RecordNumber=157577149
Keywords=Audit Success
Message=A User's local group membership was enumerated.

Subject:
	Security ID:		NULL SID
	Account Name:		ADMINISTRATOR
	Account Domain:		Backup Operators
	Logon ID:		0xE73
User:
	Security ID:		NULL SID
	Account Name:		ADMINISTRATOR
	Account Domain:		Backup Operators

Process Information:
	Process ID:		0x16c4
	Process Name:		abc\file\path\9E09EE8.exe


01/28/2020 01:19:24 PM
LogName=Security
SourceName=Microsoft Windows security auditing.
EventCode=4776
EventType=Information
Type=Information
ComputerName=BUSDEV-007
TaskCategory=Authentication Policy Change
OpCode=Info
RecordNumber=334077659
Keywords=Audit Success
Message=The computer attempted to validate the credentials for an account.

Authentication Package:	Negotiate
Logon Account:	EDA6
Source Workstation:	C3217DCF
Error Code:	0x4


01/28/2020 01:19:24 PM
LogName=Security
SourceName=Microsoft Windows security auditing.
EventCode=4720
EventType=0
Type=Information
ComputerName=PROD-POS-006
TaskCategory=User Account Management
OpCode=Info
RecordNumber=210936586
Keywords=Audit Success
Message=A User account was created. 
Subject: 
	Security ID: Domain_A\user_l
	Account Name: user_l
	Account Domain: Domain_A
	Logon ID: 0xAB37
New Account: 
	Security ID: Domain_A\user_l
	Account Name: user_l
	Account Domain: Domain_A
Attributes: 
	SAM Account Name: user_i
	Display Name: <value not set>
	User Principal Name: ddd@BBB.local
	Home Directory: \a
	Home Drive: E:
	Script Path: <value not set>
	Profile Path: \a\e
	User Workstations: EEE
	Password Last Set: 2020-01-28 13:19:24 PM
	Account Expires: <never>
	Primary Group ID: 949
	Allowed To Delegate To: server_2/computer_b
	Old UAC Value: D4FD2E2
	New UAC Value: AEEFB82
	User Account Control: WORKSTATION_TRUST_ACCOUNT - Enabled
	User Parameters: <value not set>
	SID History: Domain_a/aaa
	Logon Hours: Tuesday 8:00 PM -Wednesday 10:00 AM
Additional Information:
	Privileges -

01/28/2020 01:19:24 PM
LogName=Security
SourceName=Microsoft Windows security auditing.
EventCode=4738
EventType=0
Type=Information
ComputerName=SE-001
TaskCategory=User Account Management
OpCode=Info
RecordNumber=752356715
Keywords=Audit Success
Message=A User account was changed.

Subject:
 Security ID:  Domain_C\user_n
 Account Name:  user_n
 Account Domain:  Domain_C
 Logon ID:  0x4D76

Target Account:
 Security ID:  Domain_C\user_a
 Account Name:  user_a
 Account Domain:  Domain_C

Changed Attributes:
 SAM Account Name: user_e
 Display Name:  eee
 User Principal Name: ccc@AAA.local
 Home Directory:  \a\b\c
 Home Drive:  D:
 Script Path:  \f
 Profile Path:  \a\e
 User Workstations: <value not set>
 Password Last Set: <never>
 Account Expires:  <never>
 Primary Group ID: 535
 AllowedToDelegateTo: server_1/coumputer_a
 Old UAC Value:  1672713
 New UAC Value:  7EDFF41
 User Account Control: PASSWD_CANT_CHANGE - Enabled
 User Parameters: <value changed, but not displayed>
 SID History:  Domain_a/aaa
 Logon Hours:  Tuesday 8:00 PM -Wednesday 10:00 AM

Additional Information:
 Privileges:  -

01/28/2020 01:19:24 PM
LogName=Security
SourceName=Microsoft Windows security auditing.
EventCode=4718
EventType=0
Type=Information
ComputerName=SE-001
TaskCategory=Authentication Policy Change
OpCode=Info
RecordNumber=391099324
Keywords=Audit Success
Message=System security access was removed from an account.

Subject:
	Security ID:		Domain_D\SYSTEM
	Account Name:		SE-001
	Account Domain:		Domain_D
	Logon ID:		0x5F25

Account Modified:
	Account Name:		Domain_D\user_i

Access Removed:
	Access Right:		SeBatchLogonRight

01/28/2020 01:19:24 PM
LogName=Security
SourceName=Microsoft Windows security auditing.
EventCode=4718
EventType=0
Type=Information
ComputerName=PROD-MFS-005
TaskCategory=Authentication Policy Change
OpCode=Info
RecordNumber=78514034
Keywords=Audit Success
Message=System security access was removed from an account.

Subject:
	Security ID:		Domain_C\SYSTEM
	Account Name:		PROD-MFS-005
	Account Domain:		Domain_C
	Logon ID:		0x3EC3

Account Modified:
	Account Name:		Domain_C\user_d

Access Removed:
	Access Right:		SeInteractiveLogonRight

01/28/2020 01:19:24 PM
LogName=Security
SourceName=Microsoft Windows security auditing.
EventCode=4724
EventType=0
Type=Information
ComputerName=PROD-POS-004
TaskCategory=User Account Management
OpCode=Info
RecordNumber=12645485
Keywords=Audit Success
Message=An attempt was made to reset an account's password.
Subject:
	Security ID:  Domain_D\user_k
	Account Name:  user_k
	Account Domain:  Domain_D
	Logon ID:  0xBAC3
Target Account:
	Security ID:  Domain_D\user_a
	Account Name:  user_a
	Account Domain:  Domain_D

01/28/2020 01:19:24 PM
LogName=Security
SourceName=Microsoft Windows security auditing.
EventCode=4739
EventType=0
Type=Information
ComputerName=PROD-MFS-003
TaskCategory=Authentication Policy Change
OpCode=Info
RecordNumber=295378670
Keywords=Audit Success
Message=Domain Policy was changed.

Change Type:		Password Policy modified

Subject:
	Security ID:  Domain_B\user_e
	Account Name:  user_e
	Account Domain:  Domain_B
	Logon ID:  0x0452

Domain:
	Domain Name:		Domain_B
	Domain ID:		Domain_B\

Changed Attributes:
	Min. Password Age:	-
	Max. Password Age:	-
	Force Logoff:		-
	Lockout Threshold:	-
	Lockout Observation Window:	-
	Lockout Duration:	-
	Password Properties:	-
	Min. Password Length:	6
	Password History Length:	23
	Machine Account Quota:	-
	Mixed Domain Mode:	-
	Domain Behavior Version:	-
	OEM Information:	-

Additional Information:
	Privileges:		-

01/28/2020 01:19:24 PM
LogName=Security
SourceName=Microsoft Windows security auditing.
EventCode=4720
EventType=0
Type=Information
ComputerName=ACME-002
TaskCategory=User Account Management
OpCode=Info
RecordNumber=409629112
Keywords=Audit Success
Message=A User account was created. 
Subject: 
	Security ID: Domain_A\user_d
	Account Name: user_d
	Account Domain: Domain_A
	Logon ID: 0x3EC3
New Account: 
	Security ID: Domain_A\user_d
	Account Name: user_d
	Account Domain: Domain_A
Attributes: 
	SAM Account Name: user_f
	Display Name: ddd
	User Principal Name: ccc@AAA.local
	Home Directory: \a\b\c
	Home Drive: <value not set>
	Script Path: \f
	Profile Path: \a\b
	User Workstations: AAA
	Password Last Set: 2020-01-28 13:19:24 PM
	Account Expires: 2020-01-28 13:19:24 PM
	Primary Group ID: 699
	Allowed To Delegate To: server_2/computer_b
	Old UAC Value: 254244D
	New UAC Value: C23C75D
	User Account Control: PARTIAL_SECRETS_ACCOUNT - Enabled
	User Parameters: <value not set>
	SID History: -
	Logon Hours: All
Additional Information:
	Privileges -

01/28/2020 01:19:24 PM
LogName=Security
SourceName=Microsoft Windows security auditing.
EventCode=4738
EventType=0
Type=Information
ComputerName=BUSDEV-003
TaskCategory=User Account Management
OpCode=Info
RecordNumber=917770072
Keywords=Audit Success
Message=A User account was changed.

Subject:
 Security ID:  Domain_D\user_n
 Account Name:  user_n
 Account Domain:  Domain_D
 Logon ID:  0x4D76

Target Account:
 Security ID:  Domain_D\user_j
 Account Name:  user_j
 Account Domain:  Domain_D

Changed Attributes:
 SAM Account Name: user_a
 Display Name:  aaa
 User Principal Name: -
 Home Directory:  \a\g
 Home Drive:  E:
 Script Path:  <value not set>
 Profile Path:  \a\b\c
 User Workstations: EEE
 Password Last Set: <never>
 Account Expires:  <never>
 Primary Group ID: 753
 AllowedToDelegateTo: -
 Old UAC Value:  8C381E8
 New UAC Value:  19B79F7
 User Account Control: NORMAL_ACCOUNT - Disabled
 User Parameters: <value changed, but not displayed>
 SID History:  Domain_b/bbb
 Logon Hours:  All

Additional Information:
 Privileges:  -

01/28/2020 01:19:24 PM
LogName=Security
SourceName=Microsoft Windows security auditing.
EventCode=4673
EventType=0
Type=Information
ComputerName=PROD-MFS-006
TaskCategory=Sensitive Privilege Use
OpCode=Info
RecordNumber=544746965
Keywords=Audit Success
Message=A privileged service was called.

Subject:
	Security ID:		Domain_D\user_n
	Account Name:		user_n
	Account Domain:		Domain_D
	Logon ID:		0x4D76

Service:
	Server:	NT Local Security Authority / Authentication Service
	Service Name:	LsaRegisterLogonProcess()

Process:
	Process ID:	0x3BD8
	Process Name:	C:\Windows\System32\example_c.exe

Service Request Information:
	Privileges:		SeAuditPrivilege

01/28/2020 01:19:24 PM
LogName=Security
SourceName=Microsoft Windows security auditing.
EventCode=4634
EventType=Information
Type=Information
ComputerName=PROD-MFS-005
TaskCategory=Authentication Policy Change
OpCode=Info
RecordNumber=283253448
Keywords=Audit Success
Message=An account was logged off.

Subject:
	Security ID:		NONE
	Account Name:		ABCDE
	Account Domain:		TASERVER$
	Logon ID:		0xF6FFC21

Logon Type:		1

This event is generated when a logon session is destroyed. It may be positively correlated with a logon event using the Logon ID value. Logon IDs are only unique between reboots on the same computer.


01/28/2020 01:19:24 PM
LogName=Security
SourceName=Microsoft Windows security auditing.
EventCode=4688
EventType=0
Type=Information
ComputerName=$SPLUNK_HOME/etc/apps/Splunk_TA_windows/samples/hostname.sample
TaskCategory=Process Creation
OpCode=Info
RecordNumber=953035380
Keywords=Audit Success
Message=A new process has been created.
Subject:
	Security ID:		Domain_C\user_j
	Account Name:		user_j
	Account Domain:		Domain_C
	Logon ID:		0xB111
Process Information:
	New Process ID:		0x5EC2
	New Process Name:	C:\Windows\System32\example_e.exe
	Token Elevation Type:	TokenElevationTypeDefault (1)
	Creator Process ID:	0xA1F1
Token Elevation Type indicates the type of token that was assigned to the new process in accordance with User Account Control policy.
Type 1 is a full token with no privileges removed or groups disabled.  A full token is only used if User Account Control is disabled or if the User is the built-in Administrator account or a service account.
Type 2 is an elevated token with no privileges removed or groups disabled.  An elevated token is used when User Account Control is enabled and the User chooses to start the program using Run as administrator.  An elevated token is also used when an application is configured to always require administrative privilege or to always require maximum privilege, and the User is a member of the Administrators group.
Type 3 is a limited token with administrative privileges removed and administrative groups disabled.  The limited token is used when User Account Control is enabled, the application does not require administrative privilege, and the User does not choose to start the program using Run as administrator.

01/28/2020 01:19:24 PM
LogName=Security
SourceName=Microsoft Windows security auditing.
EventCode=4739
EventType=0
Type=Information
ComputerName=PROD-POS-005
TaskCategory=Authentication Policy Change
OpCode=Info
RecordNumber=175949944
Keywords=Audit Success
Message=Domain Policy was changed.

Change Type:		Password Policy modified

Subject:
	Security ID:  Domain_C\user_j
	Account Name:  user_j
	Account Domain:  Domain_C
	Logon ID:  0xB111

Domain:
	Domain Name:		Domain_C
	Domain ID:		Domain_C\

Changed Attributes:
	Min. Password Age:	-
	Max. Password Age:	-
	Force Logoff:		-
	Lockout Threshold:	-
	Lockout Observation Window:	-
	Lockout Duration:	-
	Password Properties:	-
	Min. Password Length:	6
	Password History Length:	23
	Machine Account Quota:	-
	Mixed Domain Mode:	-
	Domain Behavior Version:	-
	OEM Information:	-

Additional Information:
	Privileges:		-

01/28/2020 01:19:23 PM 
LogName=Security 
SourceName=Microsoft Windows security auditing.
EventCode=4740 
EventType=0 
Type=Information
ComputerName=SE-001 
TaskCategory=User Account Management
OpCode=Info 
RecordNumber=257861096
Keywords=Audit Success
Message=A user account was locked out. 
Subject: 
	Security ID: Domain_E\user_c 
	Account Name: user_c
	Account Domain: Domain_E
	Logon ID: 0x5FC9
Account That Was Locked Out: 
	Security ID: Domain_E\user_l 
	Account Name: user_l
Additional Information: 
	Caller Computer Name: SE-001

01/28/2020 01:19:23 PM
LogName=Security
SourceName=Microsoft Windows security auditing.
EventCode=4720
EventType=0
Type=Information
ComputerName=BUSDEV-008
TaskCategory=User Account Management
OpCode=Info
RecordNumber=378338928
Keywords=Audit Success
Message=A User account was created. 
Subject: 
	Security ID: Domain_C\user_c
	Account Name: user_c
	Account Domain: Domain_C
	Logon ID: 0x5FC9
New Account: 
	Security ID: Domain_C\user_d
	Account Name: user_d
	Account Domain: Domain_C
Attributes: 
	SAM Account Name: user_g
	Display Name: bbb
	User Principal Name: -
	Home Directory: \a\b\c
	Home Drive: A:
	Script Path: \a\g
	Profile Path: \a
	User Workstations: CCC
	Password Last Set: <never>
	Account Expires: <never>
	Primary Group ID: 653
	Allowed To Delegate To: server_1/coumputer_a
	Old UAC Value: 4383EB1
	New UAC Value: 7914875
	User Account Control: PASSWD_NOTREQD - Enabled
	User Parameters: <value not set>
	SID History: Domain_a/aaa
	Logon Hours: All
Additional Information:
	Privileges SeSecurityPrivilege

01/28/2020 01:19:23 PM
LogName=Security
SourceName=Microsoft Windows security auditing.
EventCode=4718
EventType=0
Type=Information
ComputerName=ACME-002
TaskCategory=Authentication Policy Change
OpCode=Info
RecordNumber=787028414
Keywords=Audit Success
Message=System security access was removed from an account.

Subject:
	Security ID:		Domain_E\SYSTEM
	Account Name:		ACME-002
	Account Domain:		Domain_E
	Logon ID:		0xEB5F

Account Modified:
	Account Name:		Domain_E\user_g

Access Removed:
	Access Right:		SeServiceLogonRight

01/28/2020 01:19:23 PM
LogName=Security
SourceName=Microsoft Windows security auditing.
EventCode=4743
EventType=0
Type=Information
ComputerName=ops-sys-005
TaskCategory=Computer Account Management
OpCode=Info
RecordNumber=275892268
Keywords=Audit Success
Message=A computer account was deleted.

Subject:
	Security ID:		Domain_A\user_h
	Account Name:		user_h
	Account Domain:		Domain_A
	Logon ID:		0xA19C

Target Computer:
	Security ID:		Domain_A\user_k
	Account Name:		user_k
	Account Domain:		Domain_A

Additional Information:
	Privileges:	-

01/28/2020 01:19:23 PM
LogName=Security
SourceName=Microsoft Windows security auditing.
EventCode=4743
EventType=0
Type=Information
ComputerName=PROD-POS-005
TaskCategory=Computer Account Management
OpCode=Info
RecordNumber=248135898
Keywords=Audit Success
Message=A computer account was deleted.

Subject:
	Security ID:		Domain_B\user_f
	Account Name:		user_f
	Account Domain:		Domain_B
	Logon ID:		0xA369

Target Computer:
	Security ID:		Domain_B\user_c
	Account Name:		user_c
	Account Domain:		Domain_B

Additional Information:
	Privileges:	SeDelegateSessionUserImpersonatePrivilege

01/28/2020 01:19:23 PM
LogName=Security
SourceName=Microsoft Windows security auditing.
EventCode=4776
EventType=0
Type=Information
ComputerName=BUSDEV-002
TaskCategory=Credential Validation
OpCode=Info
RecordNumber=613919206
Keywords=Failure Audit
Message=The computer attempted to validate the credentials for an account.
Authentication Package: MICROSOFT_AUTHENTICATION_PACKAGE_V1_0
Logon Account: user_c
Source Workstation: BUSDEV-002
Error Code: 0xC000006D

01/28/2020 01:19:23 PM
LogName=Security
SourceName=Microsoft Windows security auditing.
EventCode=4738
EventType=0
Type=Information
ComputerName=ACME-001
TaskCategory=User Account Management
OpCode=Info
RecordNumber=661891186
Keywords=Audit Success
Message=A User account was changed.

Subject:
 Security ID:  Domain_C\user_b
 Account Name:  user_b
 Account Domain:  Domain_C
 Logon ID:  0x3A81

Target Account:
 Security ID:  Domain_C\user_b
 Account Name:  user_b
 Account Domain:  Domain_C

Changed Attributes:
 SAM Account Name: user_h
 Display Name:  aaa
 User Principal Name: eee@AAA.local
 Home Directory:  <value not set>
 Home Drive:  F:
 Script Path:  \a\b
 Profile Path:  \a\b\c
 User Workstations: EEE
 Password Last Set: <never>
 Account Expires:  <never>
 Primary Group ID: 39
 AllowedToDelegateTo: -
 Old UAC Value:  DD5D8CC
 New UAC Value:  3E3E901
 User Account Control: USE_DES_KEY_ONLY - Enabled
 User Parameters: <value not set>
 SID History:  Domain_a/aaa
 Logon Hours:  Monday 2:00 PM -Tuesday 6:00 PM

Additional Information:
 Privileges:  -

01/28/2020 01:19:23 PM
LogName=Security
SourceName=Microsoft Windows security auditing.
EventCode=4743
EventType=0
Type=Information
ComputerName=ops-sys-006
TaskCategory=Computer Account Management
OpCode=Info
RecordNumber=152100424
Keywords=Audit Success
Message=A computer account was deleted.

Subject:
	Security ID:		Domain_E\user_m
	Account Name:		user_m
	Account Domain:		Domain_E
	Logon ID:		0x46BA

Target Computer:
	Security ID:		Domain_E\user_f
	Account Name:		user_f
	Account Domain:		Domain_E

Additional Information:
	Privileges:	-

01/28/2020 01:19:22 PM
LogName=Security
SourceName=Microsoft Windows security auditing.
EventCode=4720
EventType=0
Type=Information
ComputerName=PROD-POS-006
TaskCategory=User Account Management
OpCode=Info
RecordNumber=232583259
Keywords=Audit Success
Message=A User account was created. 
Subject: 
	Security ID: Domain_B\user_c
	Account Name: user_c
	Account Domain: Domain_B
	Logon ID: 0x5FC9
New Account: 
	Security ID: Domain_B\user_b
	Account Name: user_b
	Account Domain: Domain_B
Attributes: 
	SAM Account Name: user_k
	Display Name: eee
	User Principal Name: ddd@BBB.local
	Home Directory: \a\b\c
	Home Drive: D:
	Script Path: \a
	Profile Path: \a\b
	User Workstations: BBB
	Password Last Set: <never>
	Account Expires: <never>
	Primary Group ID: 374
	Allowed To Delegate To: server_1/coumputer_a
	Old UAC Value: 867D03F
	New UAC Value: 5FEFACC
	User Account Control: HOMEDIR_REQUIRED - Disabled
	User Parameters: <value not set>
	SID History: Domain_a/aaa
	Logon Hours: Tuesday 8:00 PM -Wednesday 10:00 AM
Additional Information:
	Privileges -

01/28/2020 01:19:22 PM
LogName=Security
SourceName=Microsoft Windows security auditing.
EventCode=4724
EventType=0
Type=Information
ComputerName=ops-sys-004
TaskCategory=User Account Management
OpCode=Info
RecordNumber=7379305
Keywords=Audit Success
Message=An attempt was made to reset an account's password.
Subject:
	Security ID:  Domain_B\user_i
	Account Name:  user_i
	Account Domain:  Domain_B
	Logon ID:  0x5F25
Target Account:
	Security ID:  Domain_B\user_i
	Account Name:  user_i
	Account Domain:  Domain_B

01/28/2020 01:19:22 PM
LogName=Security
SourceName=Microsoft Windows security auditing.
EventCode=5061
EventType=Information
Type=Information
ComputerName=SE-005
TaskCategory=Authentication Policy Change
OpCode=Info
RecordNumber=82589871
Keywords=Audit Success
Message=Cryptographic operation.

Subject:
	Security ID:		WINDOWS\krbtgt
	Account Name:		ABCDE
	Account Domain:		Builtin
	Logon ID:		0x9BA
Cryptographic Parameters:
	Provider Name: 8593F9C37C48	
	Algorithm Name:	
	Key Name:	332fe7e7-d709-e3d8-af9e-7236c48f4c55
	Key Type: User key.

Cryptographic Operation:
	Operation:	Open Key.
	Return Code:	0x1


01/28/2020 01:19:22 PM
LogName=Security
SourceName=Microsoft Windows security auditing.
EventCode=4739
EventType=0
Type=Information
ComputerName=BUSDEV-004
TaskCategory=Authentication Policy Change
OpCode=Info
RecordNumber=12902085
Keywords=Audit Success
Message=Domain Policy was changed.

Change Type:		Password Policy modified

Subject:
	Security ID:  Domain_A\user_c
	Account Name:  user_c
	Account Domain:  Domain_A
	Logon ID:  0x5FC9

Domain:
	Domain Name:		Domain_A
	Domain ID:		Domain_A\

Changed Attributes:
	Min. Password Age:	-
	Max. Password Age:	-
	Force Logoff:		-
	Lockout Threshold:	-
	Lockout Observation Window:	-
	Lockout Duration:	-
	Password Properties:	-
	Min. Password Length:	6
	Password History Length:	23
	Machine Account Quota:	-
	Mixed Domain Mode:	-
	Domain Behavior Version:	-
	OEM Information:	-

Additional Information:
	Privileges:		-

01/28/2020 01:19:22 PM
LogName=Security
SourceName=Microsoft Windows security auditing.
EventCode=4673
EventType=0
Type=Information
ComputerName=PROD-POS-003
TaskCategory=Sensitive Privilege Use
OpCode=Info
RecordNumber=858750742
Keywords=Audit Success
Message=A privileged service was called.

Subject:
	Security ID:		Domain_C\user_h
	Account Name:		user_h
	Account Domain:		Domain_C
	Logon ID:		0xA19C

Service:
	Server:	NT Local Security Authority / Authentication Service
	Service Name:	LsaRegisterLogonProcess()

Process:
	Process ID:	0xB2B8
	Process Name:	C:\Windows\System32\example_a.exe

Service Request Information:
	Privileges:		SeTakeOwnershipPrivilege

01/28/2020 01:19:22 PM
LogName=Security
SourceName=Microsoft Windows security auditing.
EventCode=4648
EventType=0
Type=Information
ComputerName=SE-003
TaskCategory=Logon
OpCode=Info
RecordNumber=75597284
Keywords=Audit Success
Message=A logon was attempted using explicit credentials.
Subject:
	Security ID:  Domain_A\SYSTEM
	Account Name:  SE-003
	Account Domain:  Domain_A
	Logon ID:  0x70E4
	Logon GUID:		{27C4A2F2-13CA-AA25-E903-D31268740239}
Account Whose Credentials Were Used:
	Account Name:		pckomono
	Account Domain:		Domain_A
	Logon GUID:		{0887F1E4-39EA-D53C-804F-31D568A06274}
Target Server:
	Target Server Name:	dcab.acmbh.com
	Additional Information:	dcab.acmbh.com
Process Information:
	Process ID:		4B93
	Process Name:		C:\Windows\System32\example_b.exe
Network Information:
	Network Address:	101.57.92.109
	Port:			-
This event is generated when a process attempts to log on an account by explicitly specifying that account's credentials. This most commonly occurs in batch-type configurations such as scheduled tasks, or when using the RUNAS command.

01/28/2020 01:19:22 PM
LogName=Security
SourceName=Microsoft Windows security auditing.
EventCode=5061
EventType=Information
Type=Information
ComputerName=COREDEV-004
TaskCategory=Authentication Policy Change
OpCode=Info
RecordNumber=677219587
Keywords=Audit Success
Message=Cryptographic operation.

Subject:
	Security ID:		WINDOWS\krbtgt
	Account Name:		GUEST
	Account Domain:		abc
	Logon ID:		0x2CE
Cryptographic Parameters:
	Provider Name: 3E0768BE635F	
	Algorithm Name:	
	Key Name:	332fe7e7-d709-e3d8-af9e-7236c48f4c55
	Key Type: User key.

Cryptographic Operation:
	Operation:	Open Key.
	Return Code:	0x4


01/28/2020 01:19:22 PM
LogName=Security
SourceName=Microsoft Windows security auditing.
EventCode=4724
EventType=0
Type=Information
ComputerName=ops-sys-002
TaskCategory=User Account Management
OpCode=Info
RecordNumber=371976515
Keywords=Audit Failure
Message=An attempt was made to reset an account's password.
Subject:
	Security ID:  Domain_A\user_m
	Account Name:  user_m
	Account Domain:  Domain_A
	Logon ID:  0x46BA
Target Account:
	Security ID:  Domain_A\user_f
	Account Name:  user_f
	Account Domain:  Domain_A

01/28/2020 01:19:22 PM
LogName=Security
SourceName=Microsoft Windows security auditing.
EventCode=4726
EventType=0
Type=Information
ComputerName=PROD-POS-003
TaskCategory=User Account Management
OpCode=Info
RecordNumber=989410067
Keywords=Audit Success
Message=A user account was deleted.

Subject:
	Security ID:		Domain_B\user_m
	Account Name:		user_m
	Account Domain:		Domain_B
	Logon ID:		0x46BA

Target Account:
	Security ID:		Domain_B\user_n
	Account Name:		user_n
	Account Domain:		Domain_B

Additional Information:
	Privileges	-

01/28/2020 01:19:21 PM
LogName=Security
SourceName=Microsoft Windows security auditing.
EventCode=4718
EventType=0
Type=Information
ComputerName=PROD-POS-004
TaskCategory=Authentication Policy Change
OpCode=Info
RecordNumber=229108500
Keywords=Audit Success
Message=System security access was removed from an account.

Subject:
	Security ID:		Domain_C\SYSTEM
	Account Name:		PROD-POS-004
	Account Domain:		Domain_C
	Logon ID:		0xA19C

Account Modified:
	Account Name:		Domain_C\user_h

Access Removed:
	Access Right:		SeNetworkLogonRight

