01/28/2020 01:19:47 PM
LogName=Security
SourceName=Microsoft Windows security auditing.
EventCode=4672
EventType=0
Type=Information
ComputerName=COREDEV-003
TaskCategory=Special Logon
OpCode=Info
RecordNumber=995158442
Keywords=Audit Success
Message=Special privileges assigned to new logon.
Subject:
	Security ID:		Domain_D\user_c
	Account Name:		user_c
	Account Domain:		Domain_D
	Logon ID:		0x5FC9
Privileges:	SeSecurityPrivilege
			SeTakeOwnershipPrivilege
			SeLoadDriverPrivilege
			SeBackupPrivilege
			SeRestorePrivilege
			SeDebugPrivilege
			SeSystemEnvironmentPrivilege
			SeImpersonatePrivilege

01/28/2020 01:19:47 PM
LogName=Security
SourceName=Microsoft Windows security auditing.
EventCode=4673
EventType=0
Type=Information
ComputerName=ops-sys-005
TaskCategory=Sensitive Privilege Use
OpCode=Info
RecordNumber=322275678
Keywords=Audit Success
Message=A privileged service was called.

Subject:
	Security ID:		Domain_A\user_f
	Account Name:		user_f
	Account Domain:		Domain_A
	Logon ID:		0xA369

Service:
	Server:	NT Local Security Authority / Authentication Service
	Service Name:	LsaRegisterLogonProcess()

Process:
	Process ID:	0x2060
	Process Name:	C:\Windows\System32\example_g.exe

Service Request Information:
	Privileges:		SeDebugPrivilege

01/28/2020 01:19:47 PM
LogName=Security
SourceName=Microsoft Windows security auditing.
EventCode=4739
EventType=0
Type=Information
ComputerName=SE-003
TaskCategory=Authentication Policy Change
OpCode=Info
RecordNumber=534169687
Keywords=Audit Success
Message=Domain Policy was changed.

Change Type:		Password Policy modified

Subject:
	Security ID:  Domain_E\user_f
	Account Name:  user_f
	Account Domain:  Domain_E
	Logon ID:  0xA369

Domain:
	Domain Name:		Domain_E
	Domain ID:		Domain_E\

Changed Attributes:
	Min. Password Age:	-
	Max. Password Age:	-
	Force Logoff:		-
	Lockout Threshold:	-
	Lockout Observation Window:	-
	Lockout Duration:	-
	Password Properties:	-
	Min. Password Length:	6
	Password History Length:	23
	Machine Account Quota:	-
	Mixed Domain Mode:	-
	Domain Behavior Version:	-
	OEM Information:	-

Additional Information:
	Privileges:		-

01/28/2020 01:19:47 PM
LogName=Security
SourceName=Microsoft Windows security auditing.
EventCode=4672
EventType=0
Type=Information
ComputerName=BUSDEV-001
TaskCategory=Special Logon
OpCode=Info
RecordNumber=365457652
Keywords=Audit Success
Message=Special privileges assigned to new logon.
Subject:
	Security ID:		Domain_C\user_f
	Account Name:		user_f
	Account Domain:		Domain_C
	Logon ID:		0xA369
Privileges:	SeSecurityPrivilege
			SeTakeOwnershipPrivilege
			SeLoadDriverPrivilege
			SeBackupPrivilege
			SeRestorePrivilege
			SeDebugPrivilege
			SeSystemEnvironmentPrivilege
			SeImpersonatePrivilege

01/28/2020 01:19:47 PM
LogName=Security
SourceName=Microsoft Windows security auditing.
EventCode=4738
EventType=0
Type=Information
ComputerName=ACME-001
TaskCategory=User Account Management
OpCode=Info
RecordNumber=169058842
Keywords=Audit Success
Message=A User account was changed.

Subject:
 Security ID:  Domain_A\user_c
 Account Name:  user_c
 Account Domain:  Domain_A
 Logon ID:  0x5FC9

Target Account:
 Security ID:  Domain_A\user_g
 Account Name:  user_g
 Account Domain:  Domain_A

Changed Attributes:
 SAM Account Name: user_c
 Display Name:  ccc
 User Principal Name: eee@AAA.local
 Home Directory:  \a
 Home Drive:  B:
 Script Path:  \f
 Profile Path:  <value not set>
 User Workstations: <value not set>
 Password Last Set: 2020-01-28 13:19:47 PM
 Account Expires:  <never>
 Primary Group ID: 193
 AllowedToDelegateTo: server_1/coumputer_a
 Old UAC Value:  4BA46B5
 New UAC Value:  81BB498
 User Account Control: HOMEDIR_REQUIRED - Enabled
 User Parameters: <value changed, but not displayed>
 SID History:  Domain_b/bbb
 Logon Hours:  Tuesday 8:00 PM -Wednesday 10:00 AM

Additional Information:
 Privileges:  SeTcbPrivilege

01/28/2020 01:19:46 PM
LogName=Security
SourceName=Microsoft Windows security auditing.
EventCode=4776
EventType=0
Type=Information
ComputerName=ops-sys-001
TaskCategory=Credential Validation
OpCode=Info
RecordNumber=326702409
Keywords=Failure Audit
Message=The computer attempted to validate the credentials for an account.
Authentication Package: MICROSOFT_AUTHENTICATION_PACKAGE_V1_0
Logon Account: user_l
Source Workstation: ops-sys-001
Error Code: 0xC000006D

01/28/2020 01:19:46 PM
LogName=Security
SourceName=Microsoft Windows security auditing.
EventCode=4743
EventType=0
Type=Information
ComputerName=COREDEV-005
TaskCategory=Computer Account Management
OpCode=Info
RecordNumber=423999224
Keywords=Audit Success
Message=A computer account was deleted.

Subject:
	Security ID:		Domain_B\user_b
	Account Name:		user_b
	Account Domain:		Domain_B
	Logon ID:		0x3A81

Target Computer:
	Security ID:		Domain_B\user_l
	Account Name:		user_l
	Account Domain:		Domain_B

Additional Information:
	Privileges:	SeSystemEnvironmentPrivilege

01/28/2020 01:19:46 PM
LogName=Security
SourceName=Microsoft Windows security auditing.
EventCode=4718
EventType=0
Type=Information
ComputerName=ACME-001
TaskCategory=Authentication Policy Change
OpCode=Info
RecordNumber=943794970
Keywords=Audit Success
Message=System security access was removed from an account.

Subject:
	Security ID:		Domain_D\SYSTEM
	Account Name:		ACME-001
	Account Domain:		Domain_D
	Logon ID:		0x4D76

Account Modified:
	Account Name:		Domain_D\user_n

Access Removed:
	Access Right:		SeServiceLogonRight

01/28/2020 01:19:46 PM
LogName=Security
SourceName=Microsoft Windows security auditing.
EventCode=4688
EventType=0
Type=Information
ComputerName=$SPLUNK_HOME/etc/apps/Splunk_TA_windows/samples/hostname.sample
TaskCategory=Process Creation
OpCode=Info
RecordNumber=963989021
Keywords=Audit Success
Message=A new process has been created.
Subject:
	Security ID:		Domain_E\user_l
	Account Name:		user_l
	Account Domain:		Domain_E
	Logon ID:		0xAB37
Process Information:
	New Process ID:		0xF8C8
	New Process Name:	C:\Windows\System32\example_e.exe
	Token Elevation Type:	TokenElevationTypeDefault (1)
	Creator Process ID:	0xF5CC
Token Elevation Type indicates the type of token that was assigned to the new process in accordance with User Account Control policy.
Type 1 is a full token with no privileges removed or groups disabled.  A full token is only used if User Account Control is disabled or if the User is the built-in Administrator account or a service account.
Type 2 is an elevated token with no privileges removed or groups disabled.  An elevated token is used when User Account Control is enabled and the User chooses to start the program using Run as administrator.  An elevated token is also used when an application is configured to always require administrative privilege or to always require maximum privilege, and the User is a member of the Administrators group.
Type 3 is a limited token with administrative privileges removed and administrative groups disabled.  The limited token is used when User Account Control is enabled, the application does not require administrative privilege, and the User does not choose to start the program using Run as administrator.

01/28/2020 01:19:46 PM 
LogName=Security 
SourceName=Microsoft Windows security auditing.
EventCode=4740 
EventType=0 
Type=Information
ComputerName=PROD-MFS-002 
TaskCategory=User Account Management
OpCode=Info 
RecordNumber=469262633
Keywords=Audit Success
Message=A user account was locked out. 
Subject: 
	Security ID: Domain_C\user_f 
	Account Name: user_f
	Account Domain: Domain_C
	Logon ID: 0xA369
Account That Was Locked Out: 
	Security ID: Domain_C\user_c 
	Account Name: user_c
Additional Information: 
	Caller Computer Name: PROD-MFS-002

01/28/2020 01:19:46 PM
LogName=Security
SourceName= Microsoft Windows security auditing.
EventCode=4624
EventType=0
Type=Information
ComputerName=BUSDEV-005
TaskCategory=Logon
OpCode=Info
RecordNumber=974487317
Keywords=Audit Success
Message=An account was successfully logged on.

Subject:
 Security ID:  Domain_D\SYSTEM
 Account Name:  BUSDEV-005
 Account Domain:  Domain_D
 Logon ID:  0x70E4

Logon Information:
 Logon Type:  3
 Restricted Admin Mode: No
 Virtual Account:  No
 Elevated Token:  Yes

Impersonation Level:  Identification

New Logon:
 Security ID:  Domain_D\user_l
 Account Name:  user_l
 Account Domain:  Domain_D
 Logon ID:  0xAB37
 Linked Logon ID:  3E4A
 Network Account Name: -
 Network Account Domain: -
 Logon GUID:  {0887F1E4-39EA-D53C-804F-31D568A06274}

Process Information:
 Process ID:  0xE86D
 Process Name:  C:\Windows\System32\example_e.exe

Network Information:
 Workstation Name: BUSDEV-005
 Source Network Address: 118.173.172.76
 Source Port:  20012

Detailed Authentication Information:
 Logon Process:  logonProcess1 
 Authentication Package: Kerberos
 Transited Services: -
 Package Name (NTLM only): -
 Key Length:  0

This event is generated when a logon session is created. It is generated on the computer that was accessed.

The subject fields indicate the account on the local system which requested the logon. This is most commonly a service such as the Server service, or a local process such as 14080.exe or 14080.exe.

The logon type field indicates the kind of logon that occurred. The most common types are 2 (interactive) and 3 (network).

The New Logon fields indicate the account for whom the new logon was created, i.e. the account that was logged on.

The network fields indicate where a remote logon request originated. Workstation name is not always available and may be left blank in some cases.

The impersonation level field indicates the extent to which a process in the logon session can impersonate.

The authentication information fields provide detailed information about this specific logon request.
 - Logon GUID is a unique identifier that can be used to correlate this event with a KDC event.
 - Transited services indicate which intermediate services have participated in this logon request.
 - Package name indicates which sub-protocol was used among the NTLM protocols.
 - Key length indicates the length of the generated session key. This will be 0 if no session key was requested.


01/28/2020 01:19:46 PM
LogName=Security
SourceName=Microsoft Windows security auditing.
EventCode=4672
EventType=0
Type=Information
ComputerName=COREDEV-005
TaskCategory=Special Logon
OpCode=Info
RecordNumber=829957489
Keywords=Audit Success
Message=Special privileges assigned to new logon.
Subject:
	Security ID:		Domain_A\user_h
	Account Name:		user_h
	Account Domain:		Domain_A
	Logon ID:		0xA19C
Privileges:	SeSecurityPrivilege
			SeTakeOwnershipPrivilege
			SeLoadDriverPrivilege
			SeBackupPrivilege
			SeRestorePrivilege
			SeDebugPrivilege
			SeSystemEnvironmentPrivilege
			SeImpersonatePrivilege

01/28/2020 01:19:46 PM
LogName=Security
SourceName=Microsoft Windows security auditing.
EventCode=4717
EventType=0
Type=Information
ComputerName=ops-sys-004
TaskCategory=Authentication Policy Change
OpCode=Info
RecordNumber=369655187
Keywords=Audit Success
Message=System security access was granted to an account.

Subject:
	Security ID:		Domain_C\SYSTEM
	Account Name:		ops-sys-004
	Account Domain:		Domain_C
	Logon ID:		0x5F25

Account Modified:
	Account Name:		Domain_C\user_i

Access Granted:
	Access Right:		SeBatchLogonRight

01/28/2020 01:19:46 PM
LogName=Security
SourceName=Microsoft Windows security auditing.
EventCode=4673
EventType=0
Type=Information
ComputerName=SE-005
TaskCategory=Sensitive Privilege Use
OpCode=Info
RecordNumber=388179154
Keywords=Audit Success
Message=A privileged service was called.

Subject:
	Security ID:		Domain_D\user_k
	Account Name:		user_k
	Account Domain:		Domain_D
	Logon ID:		0xBAC3

Service:
	Server:	NT Local Security Authority / Authentication Service
	Service Name:	LsaRegisterLogonProcess()

Process:
	Process ID:	0x7DFC
	Process Name:	C:\Windows\System32\example_g.exe

Service Request Information:
	Privileges:		SeDelegateSessionUserImpersonatePrivilege

01/28/2020 01:19:46 PM
LogName=Security
SourceName=Microsoft Windows security auditing.
EventCode=4672
EventType=0
Type=Information
ComputerName=HOST-006
TaskCategory=Special Logon
OpCode=Info
RecordNumber=829226736
Keywords=Audit Success
Message=Special privileges assigned to new logon.
Subject:
	Security ID:		Domain_B\user_h
	Account Name:		user_h
	Account Domain:		Domain_B
	Logon ID:		0xA19C
Privileges:	SeSecurityPrivilege
			SeTakeOwnershipPrivilege
			SeLoadDriverPrivilege
			SeBackupPrivilege
			SeRestorePrivilege
			SeDebugPrivilege
			SeSystemEnvironmentPrivilege
			SeImpersonatePrivilege

01/28/2020 01:19:45 PM
LogName=Security
SourceName=Microsoft Windows security auditing.
EventCode=4739
EventType=0
Type=Information
ComputerName=ops-sys-001
TaskCategory=Authentication Policy Change
OpCode=Info
RecordNumber=924755005
Keywords=Audit Success
Message=Domain Policy was changed.

Change Type:		Password Policy modified

Subject:
	Security ID:  Domain_E\user_m
	Account Name:  user_m
	Account Domain:  Domain_E
	Logon ID:  0x46BA

Domain:
	Domain Name:		Domain_E
	Domain ID:		Domain_E\

Changed Attributes:
	Min. Password Age:	-
	Max. Password Age:	-
	Force Logoff:		-
	Lockout Threshold:	-
	Lockout Observation Window:	-
	Lockout Duration:	-
	Password Properties:	-
	Min. Password Length:	6
	Password History Length:	23
	Machine Account Quota:	-
	Mixed Domain Mode:	-
	Domain Behavior Version:	-
	OEM Information:	-

Additional Information:
	Privileges:		-

01/28/2020 01:19:45 PM
LogName=Security
SourceName=Microsoft Windows security auditing.
EventCode=4688
EventType=0
Type=Information
ComputerName=$SPLUNK_HOME/etc/apps/Splunk_TA_windows/samples/hostname.sample
TaskCategory=Process Creation
OpCode=Info
RecordNumber=710129187
Keywords=Audit Success
Message=A new process has been created.
Subject:
	Security ID:		Domain_E\user_d
	Account Name:		user_d
	Account Domain:		Domain_E
	Logon ID:		0x3EC3
Process Information:
	New Process ID:		0x8266
	New Process Name:	C:\Windows\System32\example_e.exe
	Token Elevation Type:	TokenElevationTypeFull (2)
	Creator Process ID:	0x4733
Token Elevation Type indicates the type of token that was assigned to the new process in accordance with User Account Control policy.
Type 1 is a full token with no privileges removed or groups disabled.  A full token is only used if User Account Control is disabled or if the User is the built-in Administrator account or a service account.
Type 2 is an elevated token with no privileges removed or groups disabled.  An elevated token is used when User Account Control is enabled and the User chooses to start the program using Run as administrator.  An elevated token is also used when an application is configured to always require administrative privilege or to always require maximum privilege, and the User is a member of the Administrators group.
Type 3 is a limited token with administrative privileges removed and administrative groups disabled.  The limited token is used when User Account Control is enabled, the application does not require administrative privilege, and the User does not choose to start the program using Run as administrator.

01/28/2020 01:19:45 PM
LogName=Security
SourceName=Microsoft Windows security auditing.
EventCode=4688
EventType=0
Type=Information
ComputerName=$SPLUNK_HOME/etc/apps/Splunk_TA_windows/samples/hostname.sample
TaskCategory=Process Creation
OpCode=Info
RecordNumber=555171573
Keywords=Audit Success
Message=A new process has been created.
Subject:
	Security ID:		Domain_A\user_g
	Account Name:		user_g
	Account Domain:		Domain_A
	Logon ID:		0xEB5F
Process Information:
	New Process ID:		0x088D
	New Process Name:	C:\Windows\System32\example_a.exe
	Token Elevation Type:	TokenElevationTypeDefault (1)
	Creator Process ID:	0x1B88
Token Elevation Type indicates the type of token that was assigned to the new process in accordance with User Account Control policy.
Type 1 is a full token with no privileges removed or groups disabled.  A full token is only used if User Account Control is disabled or if the User is the built-in Administrator account or a service account.
Type 2 is an elevated token with no privileges removed or groups disabled.  An elevated token is used when User Account Control is enabled and the User chooses to start the program using Run as administrator.  An elevated token is also used when an application is configured to always require administrative privilege or to always require maximum privilege, and the User is a member of the Administrators group.
Type 3 is a limited token with administrative privileges removed and administrative groups disabled.  The limited token is used when User Account Control is enabled, the application does not require administrative privilege, and the User does not choose to start the program using Run as administrator.

01/28/2020 01:19:45 PM
LogName=Security
SourceName=Microsoft Windows security auditing.
EventCode=4720
EventType=0
Type=Information
ComputerName=ACME-001
TaskCategory=User Account Management
OpCode=Info
RecordNumber=602737512
Keywords=Audit Success
Message=A User account was created. 
Subject: 
	Security ID: Domain_C\user_a
	Account Name: user_a
	Account Domain: Domain_C
	Logon ID: 0x6C10
New Account: 
	Security ID: Domain_C\user_l
	Account Name: user_l
	Account Domain: Domain_C
Attributes: 
	SAM Account Name: user_f
	Display Name: ccc
	User Principal Name: aaa@AAA.local
	Home Directory: \f
	Home Drive: B:
	Script Path: \a\e
	Profile Path: <value not set>
	User Workstations: DDD
	Password Last Set: 2020-01-28 13:19:45 PM
	Account Expires: <never>
	Primary Group ID: 701
	Allowed To Delegate To: -
	Old UAC Value: 6A8F146
	New UAC Value: 290B071
	User Account Control: SERVER_TRUST_ACCOUNT - Disabled
	User Parameters: <value not set>
	SID History: Domain_b/bbb
	Logon Hours: All
Additional Information:
	Privileges SeAuditPrivilege

01/28/2020 01:19:45 PM
LogName=Security
SourceName=Microsoft Windows security auditing.
EventCode=4738
EventType=0
Type=Information
ComputerName=COREDEV-005
TaskCategory=User Account Management
OpCode=Info
RecordNumber=870296924
Keywords=Audit Success
Message=A User account was changed.

Subject:
 Security ID:  Domain_A\user_f
 Account Name:  user_f
 Account Domain:  Domain_A
 Logon ID:  0xA369

Target Account:
 Security ID:  Domain_A\user_k
 Account Name:  user_k
 Account Domain:  Domain_A

Changed Attributes:
 SAM Account Name: user_b
 Display Name:  eee
 User Principal Name: eee@AAA.local
 Home Directory:  \a\g
 Home Drive:  E:
 Script Path:  \a\g
 Profile Path:  \a\b
 User Workstations: DDD
 Password Last Set: 2020-01-28 13:19:45 PM
 Account Expires:  2020-01-28 13:19:45 PM
 Primary Group ID: 764
 AllowedToDelegateTo: server_1/coumputer_a
 Old UAC Value:  5A3C8CE
 New UAC Value:  052410A
 User Account Control: SERVER_TRUST_ACCOUNT - Disabled
 User Parameters: <value not set>
 SID History:  -
 Logon Hours:  Monday 2:00 PM -Tuesday 6:00 PM

Additional Information:
 Privileges:  SeRestorePrivilege

01/28/2020 01:19:45 PM
LogName=Security
SourceName=Microsoft Windows security auditing.
EventCode=4648
EventType=0
Type=Information
ComputerName=BUSDEV-005
TaskCategory=Logon
OpCode=Info
RecordNumber=424315955
Keywords=Audit Success
Message=A logon was attempted using explicit credentials.
Subject:
	Security ID:  Domain_E\SYSTEM
	Account Name:  BUSDEV-005
	Account Domain:  Domain_E
	Logon ID:  0x70E4
	Logon GUID:		{221B21A6-1AE2-3F9A-24EF-22C392AC2A47}
Account Whose Credentials Were Used:
	Account Name:		savaburry
	Account Domain:		Domain_E
	Logon GUID:		{0887F1E4-39EA-D53C-804F-31D568A06274}
Target Server:
	Target Server Name:	dcab.acmbh.com
	Additional Information:	dcab.acmbh.com
Process Information:
	Process ID:		B383
	Process Name:		C:\Windows\System32\example_f.exe
Network Information:
	Network Address:	190.47.216.236
	Port:			-
This event is generated when a process attempts to log on an account by explicitly specifying that account's credentials. This most commonly occurs in batch-type configurations such as scheduled tasks, or when using the RUNAS command.

01/28/2020 01:19:45 PM
LogName=Security
SourceName=Microsoft Windows security auditing.
EventCode=4738
EventType=0
Type=Information
ComputerName=ops-sys-002
TaskCategory=User Account Management
OpCode=Info
RecordNumber=995542087
Keywords=Audit Success
Message=A User account was changed.

Subject:
 Security ID:  Domain_D\user_l
 Account Name:  user_l
 Account Domain:  Domain_D
 Logon ID:  0xAB37

Target Account:
 Security ID:  Domain_D\user_e
 Account Name:  user_e
 Account Domain:  Domain_D

Changed Attributes:
 SAM Account Name: user_a
 Display Name:  aaa
 User Principal Name: ccc@AAA.local
 Home Directory:  \a\b
 Home Drive:  A:
 Script Path:  \a\b
 Profile Path:  \a\g
 User Workstations: <value not set>
 Password Last Set: <never>
 Account Expires:  <never>
 Primary Group ID: 569
 AllowedToDelegateTo: server_2/computer_b
 Old UAC Value:  97A3D96
 New UAC Value:  6C70670
 User Account Control: TRUSTED_FOR_DELEGATION - Enabled
 User Parameters: <value changed, but not displayed>
 SID History:  Domain_b/bbb
 Logon Hours:  Tuesday 8:00 PM -Wednesday 10:00 AM

Additional Information:
 Privileges:  -

01/28/2020 01:19:45 PM
LogName=Security
SourceName=Microsoft Windows security auditing.
EventCode=4718
EventType=0
Type=Information
ComputerName=PROD-MFS-002
TaskCategory=Authentication Policy Change
OpCode=Info
RecordNumber=877955645
Keywords=Audit Success
Message=System security access was removed from an account.

Subject:
	Security ID:		Domain_C\SYSTEM
	Account Name:		PROD-MFS-002
	Account Domain:		Domain_C
	Logon ID:		0xBAC3

Account Modified:
	Account Name:		Domain_C\user_k

Access Removed:
	Access Right:		SeInteractiveLogonRight

01/28/2020 01:19:45 PM
LogName=Security
SourceName=Microsoft Windows security auditing.
EventCode=4672
EventType=0
Type=Information
ComputerName=HOST-001
TaskCategory=Special Logon
OpCode=Info
RecordNumber=276043946
Keywords=Audit Success
Message=Special privileges assigned to new logon.
Subject:
	Security ID:		Domain_D\user_e
	Account Name:		user_e
	Account Domain:		Domain_D
	Logon ID:		0x0452
Privileges:	SeSecurityPrivilege
			SeTakeOwnershipPrivilege
			SeLoadDriverPrivilege
			SeBackupPrivilege
			SeRestorePrivilege
			SeDebugPrivilege
			SeSystemEnvironmentPrivilege
			SeImpersonatePrivilege

01/28/2020 01:19:45 PM
LogName=Security
SourceName=Microsoft Windows security auditing.
EventCode=4726
EventType=0
Type=Information
ComputerName=PROD-MFS-004
TaskCategory=User Account Management
OpCode=Info
RecordNumber=75380238
Keywords=Audit Success
Message=A user account was deleted.

Subject:
	Security ID:		Domain_E\user_k
	Account Name:		user_k
	Account Domain:		Domain_E
	Logon ID:		0xBAC3

Target Account:
	Security ID:		Domain_E\user_n
	Account Name:		user_n
	Account Domain:		Domain_E

Additional Information:
	Privileges	SeAuditPrivilege

01/28/2020 01:19:45 PM 
LogName=Security 
SourceName=Microsoft Windows security auditing.
EventCode=4740 
EventType=0 
Type=Information
ComputerName=PROD-MFS-004 
TaskCategory=User Account Management
OpCode=Info 
RecordNumber=897321220
Keywords=Audit Success
Message=A user account was locked out. 
Subject: 
	Security ID: Domain_D\user_e 
	Account Name: user_e
	Account Domain: Domain_D
	Logon ID: 0x0452
Account That Was Locked Out: 
	Security ID: Domain_D\user_e 
	Account Name: user_e
Additional Information: 
	Caller Computer Name: PROD-MFS-004

01/28/2020 01:19:45 PM
LogName=Security
SourceName=Microsoft Windows security auditing.
EventCode=4648
EventType=0
Type=Information
ComputerName=PROD-MFS-002
TaskCategory=Logon
OpCode=Info
RecordNumber=205442340
Keywords=Audit Success
Message=A logon was attempted using explicit credentials.
Subject:
	Security ID:  Domain_C\SYSTEM
	Account Name:  PROD-MFS-002
	Account Domain:  Domain_C
	Logon ID:  0x70E4
	Logon GUID:		{0887F1E4-39EA-D53C-804F-31D568A06274}
Account Whose Credentials Were Used:
	Account Name:		Cinthiafanbx
	Account Domain:		Domain_C
	Logon GUID:		{221B21A6-1AE2-3F9A-24EF-22C392AC2A47}
Target Server:
	Target Server Name:	Server_D.com
	Additional Information:	Server_D.com
Process Information:
	Process ID:		5D58
	Process Name:		C:\Windows\System32\example_a.exe
Network Information:
	Network Address:	-
	Port:			1283
This event is generated when a process attempts to log on an account by explicitly specifying that account's credentials. This most commonly occurs in batch-type configurations such as scheduled tasks, or when using the RUNAS command.

01/28/2020 01:19:44 PM
LogName=Security
SourceName=Microsoft-Windows-Eventlog
EventCode=1102
EventType=4
Type=Information
ComputerName=SE-003
TaskCategory=Log clear
OpCode=Info
RecordNumber=936012555
Keywords=Audit Success
Message=The audit log was cleared.
Subject:
	Security ID:		Domain_D\user_b
	Account Name:		user_b
	Account Domain:		Domain_D
	Logon ID:		0x3A81

01/28/2020 01:19:44 PM
LogName=Security
SourceName= Microsoft Windows security auditing.
EventCode=4624
EventType=0
Type=Information
ComputerName=COREDEV-002
TaskCategory=Logon
OpCode=Info
RecordNumber=461441681
Keywords=Audit Success
Message=An account was successfully logged on.

Subject:
 Security ID:  Domain_E\SYSTEM
 Account Name:  COREDEV-002
 Account Domain:  Domain_E
 Logon ID:  0x70E4

Logon Information:
 Logon Type:  10
 Restricted Admin Mode: No
 Virtual Account:  Yes
 Elevated Token:  No

Impersonation Level:  Delegation

New Logon:
 Security ID:  Domain_E\user_m
 Account Name:  user_m
 Account Domain:  Domain_E
 Logon ID:  0x46BA
 Linked Logon ID:  3477
 Network Account Name: user_d
 Network Account Domain: Domain_B
 Logon GUID:  {27C4A2F2-13CA-AA25-E903-D31268740239}

Process Information:
 Process ID:  0x9E1A
 Process Name:  C:\Windows\System32\example_d.exe

Network Information:
 Workstation Name: COREDEV-002
 Source Network Address: -
 Source Port:  33398

Detailed Authentication Information:
 Logon Process:  User32 
 Authentication Package: Negotiate
 Transited Services: service_D
 Package Name (NTLM only): -
 Key Length:  0

This event is generated when a logon session is created. It is generated on the computer that was accessed.

The subject fields indicate the account on the local system which requested the logon. This is most commonly a service such as the Server service, or a local process such as 3F998.exe or 3F998.exe.

The logon type field indicates the kind of logon that occurred. The most common types are 2 (interactive) and 3 (network).

The New Logon fields indicate the account for whom the new logon was created, i.e. the account that was logged on.

The network fields indicate where a remote logon request originated. Workstation name is not always available and may be left blank in some cases.

The impersonation level field indicates the extent to which a process in the logon session can impersonate.

The authentication information fields provide detailed information about this specific logon request.
 - Logon GUID is a unique identifier that can be used to correlate this event with a KDC event.
 - Transited services indicate which intermediate services have participated in this logon request.
 - Package name indicates which sub-protocol was used among the NTLM protocols.
 - Key length indicates the length of the generated session key. This will be 0 if no session key was requested.


01/28/2020 01:19:44 PM
LogName=Security
SourceName=Microsoft Windows security auditing.
EventCode=4625
EventType=Information
Type=Information
ComputerName=BUSDEV-003
TaskCategory=Authentication Policy Change
OpCode=Info
RecordNumber=960909577
Keywords=Audit Success
Message=An account failed to log on.

Subject:
	Security ID:		NONE
	Account Name:		GUEST
	Account Domain:		WIN81$
	Logon ID:		0x8

Logon Type:		4

Account For Which Logon Failed:
	Security ID:		NONE
	Account Name:		GUEST
	Account Domain:		WIN81$

Failure Information:
	Failure Reason:		Unknown User name or bad password.
	Status:			0xE52DBE8C
	Sub Status:		0xE52DBE8C

Process Information:
	Caller Process ID:	0x8
	Caller Process Name:	-

Network Information:
	Workstation Name:	-
	Source Network Address:	5.157.113.135
	Source Port:		35543

Detailed Authentication Information:
	Logon Process:		E52DBE8C 
	Authentication Package:	MICROSOFT_AUTHENTICATION_PACKAGE_V1_0
	Transited Services:	-
	Package Name (NTLM only):	-
	Key Length:		4

This event is generated when a logon request fails. It is generated on the computer where access was attempted.

The Subject fields indicate the account on the local system which requested the logon. This is most commonly a service such as the Server service, or a local process such as E4425A8.exe or E4425A8.exe.

The Logon Type field indicates the kind of logon that was requested. The most common types are 2 (interactive) and 3 (network).

The Process Information fields indicate which account and process on the system requested the logon.

The Network Information fields indicate where a remote logon request originated. Workstation name is not always available and may be left blank in some cases.

The authentication information fields provide detailed information about this specific logon request.
	- Transited services indicate which intermediate services have participated in this logon request.
	- Package name indicates which sub-protocol was used among the NTLM protocols.
	- Key length indicates the length of the generated session key. This will be 0 if no session key was requested.


01/28/2020 01:19:44 PM
LogName=Security
SourceName=Microsoft Windows security auditing.
EventCode=4776
EventType=0
Type=Information
ComputerName=ACME-001
TaskCategory=Credential Validation
OpCode=Info
RecordNumber=2303068
Keywords=Failure Audit
Message=The computer attempted to validate the credentials for an account.
Authentication Package: MICROSOFT_AUTHENTICATION_PACKAGE_V1_0
Logon Account: user_i
Source Workstation: ACME-001
Error Code: 0xC0000064

01/28/2020 01:19:44 PM
LogName=Security
SourceName=Microsoft Windows security auditing.
EventCode=4720
EventType=0
Type=Information
ComputerName=BUSDEV-006
TaskCategory=User Account Management
OpCode=Info
RecordNumber=914379669
Keywords=Audit Success
Message=A User account was created. 
Subject: 
	Security ID: Domain_E\user_n
	Account Name: user_n
	Account Domain: Domain_E
	Logon ID: 0x4D76
New Account: 
	Security ID: Domain_E\user_l
	Account Name: user_l
	Account Domain: Domain_E
Attributes: 
	SAM Account Name: user_b
	Display Name: ddd
	User Principal Name: -
	Home Directory: \a
	Home Drive: <value not set>
	Script Path: \a\b
	Profile Path: <value not set>
	User Workstations: AAA
	Password Last Set: <never>
	Account Expires: <never>
	Primary Group ID: 865
	Allowed To Delegate To: server_1/coumputer_a
	Old UAC Value: 99E0495
	New UAC Value: 434E114
	User Account Control: PASSWD_NOTREQD - Disabled
	User Parameters: <value not set>
	SID History: -
	Logon Hours: All
Additional Information:
	Privileges -

01/28/2020 01:19:44 PM
LogName=Security
SourceName=Microsoft Windows security auditing.
EventCode=4688
EventType=0
Type=Information
ComputerName=$SPLUNK_HOME/etc/apps/Splunk_TA_windows/samples/hostname.sample
TaskCategory=Process Creation
OpCode=Info
RecordNumber=796462053
Keywords=Audit Success
Message=A new process has been created.
Subject:
	Security ID:		Domain_A\user_j
	Account Name:		user_j
	Account Domain:		Domain_A
	Logon ID:		0xB111
Process Information:
	New Process ID:		0xFF6A
	New Process Name:	C:\Windows\System32\example_c.exe
	Token Elevation Type:	TokenElevationTypeFull (2)
	Creator Process ID:	0x22B8
Token Elevation Type indicates the type of token that was assigned to the new process in accordance with User Account Control policy.
Type 1 is a full token with no privileges removed or groups disabled.  A full token is only used if User Account Control is disabled or if the User is the built-in Administrator account or a service account.
Type 2 is an elevated token with no privileges removed or groups disabled.  An elevated token is used when User Account Control is enabled and the User chooses to start the program using Run as administrator.  An elevated token is also used when an application is configured to always require administrative privilege or to always require maximum privilege, and the User is a member of the Administrators group.
Type 3 is a limited token with administrative privileges removed and administrative groups disabled.  The limited token is used when User Account Control is enabled, the application does not require administrative privilege, and the User does not choose to start the program using Run as administrator.

01/28/2020 01:19:44 PM
LogName=Security
SourceName=Microsoft Windows security auditing.
EventCode=4648
EventType=0
Type=Information
ComputerName=ACME-005
TaskCategory=Logon
OpCode=Info
RecordNumber=621401727
Keywords=Audit Success
Message=A logon was attempted using explicit credentials.
Subject:
	Security ID:  Domain_C\SYSTEM
	Account Name:  ACME-005
	Account Domain:  Domain_C
	Logon ID:  0x70E4
	Logon GUID:		{0887F1E4-39EA-D53C-804F-31D568A06274}
Account Whose Credentials Were Used:
	Account Name:		DominiqueTineo2
	Account Domain:		Domain_C
	Logon GUID:		{27C4A2F2-13CA-AA25-E903-D31268740239}
Target Server:
	Target Server Name:	Server_D.com
	Additional Information:	Server_D.com
Process Information:
	Process ID:		3B7E
	Process Name:		C:\Windows\System32\example_g.exe
Network Information:
	Network Address:	-
	Port:			-
This event is generated when a process attempts to log on an account by explicitly specifying that account's credentials. This most commonly occurs in batch-type configurations such as scheduled tasks, or when using the RUNAS command.

01/28/2020 01:19:44 PM
LogName=Security
SourceName=Microsoft Windows security auditing.
EventCode=4718
EventType=0
Type=Information
ComputerName=PROD-MFS-005
TaskCategory=Authentication Policy Change
OpCode=Info
RecordNumber=781877746
Keywords=Audit Success
Message=System security access was removed from an account.

Subject:
	Security ID:		Domain_B\SYSTEM
	Account Name:		PROD-MFS-005
	Account Domain:		Domain_B
	Logon ID:		0x46BA

Account Modified:
	Account Name:		Domain_B\user_m

Access Removed:
	Access Right:		SeNetworkLogonRight

01/28/2020 01:19:43 PM
LogName=Security
SourceName=Microsoft Windows security auditing.
EventCode=4717
EventType=0
Type=Information
ComputerName=SE-001
TaskCategory=Authentication Policy Change
OpCode=Info
RecordNumber=438444928
Keywords=Audit Success
Message=System security access was granted to an account.

Subject:
	Security ID:		Domain_B\SYSTEM
	Account Name:		SE-001
	Account Domain:		Domain_B
	Logon ID:		0xEB5F

Account Modified:
	Account Name:		Domain_B\user_g

Access Granted:
	Access Right:		SeServiceLogonRight

01/28/2020 01:19:43 PM
LogName=Security
SourceName=Microsoft Windows security auditing.
EventCode=4724
EventType=0
Type=Information
ComputerName=ACME-003
TaskCategory=User Account Management
OpCode=Info
RecordNumber=106061464
Keywords=Audit Failure
Message=An attempt was made to reset an account's password.
Subject:
	Security ID:  Domain_B\user_j
	Account Name:  user_j
	Account Domain:  Domain_B
	Logon ID:  0xB111
Target Account:
	Security ID:  Domain_B\user_m
	Account Name:  user_m
	Account Domain:  Domain_B

01/28/2020 01:19:43 PM
LogName=Security
SourceName=Microsoft Windows security auditing.
EventCode=4673
EventType=0
Type=Information
ComputerName=ops-sys-001
TaskCategory=Sensitive Privilege Use
OpCode=Info
RecordNumber=378651813
Keywords=Audit Success
Message=A privileged service was called.

Subject:
	Security ID:		Domain_A\user_i
	Account Name:		user_i
	Account Domain:		Domain_A
	Logon ID:		0x5F25

Service:
	Server:	NT Local Security Authority / Authentication Service
	Service Name:	LsaRegisterLogonProcess()

Process:
	Process ID:	0x8BFD
	Process Name:	C:\Windows\System32\example_g.exe

Service Request Information:
	Privileges:		SeRestorePrivilege

01/28/2020 01:19:43 PM
LogName=Security
SourceName=Microsoft Windows security auditing.
EventCode=4648
EventType=0
Type=Information
ComputerName=SE-006
TaskCategory=Logon
OpCode=Info
RecordNumber=753675264
Keywords=Audit Success
Message=A logon was attempted using explicit credentials.
Subject:
	Security ID:  Domain_E\SYSTEM
	Account Name:  SE-006
	Account Domain:  Domain_E
	Logon ID:  0x70E4
	Logon GUID:		{27C4A2F2-13CA-AA25-E903-D31268740239}
Account Whose Credentials Were Used:
	Account Name:		ludulcete
	Account Domain:		Domain_E
	Logon GUID:		{221B21A6-1AE2-3F9A-24EF-22C392AC2A47}
Target Server:
	Target Server Name:	localhost
	Additional Information:	localhost
Process Information:
	Process ID:		E379
	Process Name:		C:\Windows\System32\example_f.exe
Network Information:
	Network Address:	-
	Port:			43547
This event is generated when a process attempts to log on an account by explicitly specifying that account's credentials. This most commonly occurs in batch-type configurations such as scheduled tasks, or when using the RUNAS command.

01/28/2020 01:19:42 PM
LogName=Security
SourceName=Microsoft Windows security auditing.
EventCode=4739
EventType=0
Type=Information
ComputerName=ops-sys-002
TaskCategory=Authentication Policy Change
OpCode=Info
RecordNumber=548719574
Keywords=Audit Success
Message=Domain Policy was changed.

Change Type:		Password Policy modified

Subject:
	Security ID:  Domain_C\user_e
	Account Name:  user_e
	Account Domain:  Domain_C
	Logon ID:  0x0452

Domain:
	Domain Name:		Domain_C
	Domain ID:		Domain_C\

Changed Attributes:
	Min. Password Age:	-
	Max. Password Age:	-
	Force Logoff:		-
	Lockout Threshold:	-
	Lockout Observation Window:	-
	Lockout Duration:	-
	Password Properties:	-
	Min. Password Length:	6
	Password History Length:	23
	Machine Account Quota:	-
	Mixed Domain Mode:	-
	Domain Behavior Version:	-
	OEM Information:	-

Additional Information:
	Privileges:		-

01/28/2020 01:19:42 PM
LogName=Security
SourceName=Microsoft Windows security auditing.
EventCode=4720
EventType=0
Type=Information
ComputerName=BUSDEV-006
TaskCategory=User Account Management
OpCode=Info
RecordNumber=876304288
Keywords=Audit Success
Message=A User account was created. 
Subject: 
	Security ID: Domain_B\user_n
	Account Name: user_n
	Account Domain: Domain_B
	Logon ID: 0x4D76
New Account: 
	Security ID: Domain_B\user_k
	Account Name: user_k
	Account Domain: Domain_B
Attributes: 
	SAM Account Name: user_n
	Display Name: fff
	User Principal Name: ccc@AAA.local
	Home Directory: \a\e
	Home Drive: D:
	Script Path: \a\g
	Profile Path: <value not set>
	User Workstations: <value not set>
	Password Last Set: 2020-01-28 13:19:42 PM
	Account Expires: 2020-01-28 13:19:42 PM
	Primary Group ID: 38
	Allowed To Delegate To: -
	Old UAC Value: CAD3B56
	New UAC Value: 5C7D0FD
	User Account Control: SERVER_TRUST_ACCOUNT - Disabled
	User Parameters: <value changed, but not displayed>
	SID History: Domain_b/bbb
	Logon Hours: Tuesday 8:00 PM -Wednesday 10:00 AM
Additional Information:
	Privileges -

01/28/2020 01:19:42 PM
LogName=Security
SourceName=Microsoft Windows security auditing.
EventCode=4717
EventType=0
Type=Information
ComputerName=HOST-002
TaskCategory=Authentication Policy Change
OpCode=Info
RecordNumber=752754790
Keywords=Audit Success
Message=System security access was granted to an account.

Subject:
	Security ID:		Domain_D\SYSTEM
	Account Name:		HOST-002
	Account Domain:		Domain_D
	Logon ID:		0x3A81

Account Modified:
	Account Name:		Domain_D\user_b

Access Granted:
	Access Right:		SeBatchLogonRight

01/28/2020 01:19:42 PM 
LogName=Security 
SourceName=Microsoft Windows security auditing.
EventCode=4740 
EventType=0 
Type=Information
ComputerName=COREDEV-001 
TaskCategory=User Account Management
OpCode=Info 
RecordNumber=535690718
Keywords=Audit Success
Message=A user account was locked out. 
Subject: 
	Security ID: Domain_A\user_b 
	Account Name: user_b
	Account Domain: Domain_A
	Logon ID: 0x3A81
Account That Was Locked Out: 
	Security ID: Domain_A\user_i 
	Account Name: user_i
Additional Information: 
	Caller Computer Name: COREDEV-001

01/28/2020 01:19:42 PM
LogName=Security
SourceName=Microsoft Windows security auditing.
EventCode=4776
EventType=0
Type=Information
ComputerName=PROD-POS-006
TaskCategory=Credential Validation
OpCode=Info
RecordNumber=395502289
Keywords=Failure Audit
Message=The computer attempted to validate the credentials for an account.
Authentication Package: MICROSOFT_AUTHENTICATION_PACKAGE_V1_0
Logon Account: user_m
Source Workstation: PROD-POS-006
Error Code: 0xC0000234

01/28/2020 01:19:42 PM
LogName=Security
SourceName=Microsoft Windows security auditing.
EventCode=4720
EventType=0
Type=Information
ComputerName=SE-003
TaskCategory=User Account Management
OpCode=Info
RecordNumber=361975012
Keywords=Audit Success
Message=A User account was created. 
Subject: 
	Security ID: Domain_A\user_m
	Account Name: user_m
	Account Domain: Domain_A
	Logon ID: 0x46BA
New Account: 
	Security ID: Domain_A\user_h
	Account Name: user_h
	Account Domain: Domain_A
Attributes: 
	SAM Account Name: user_n
	Display Name: bbb
	User Principal Name: bbb@BBB.local
	Home Directory: \a\b
	Home Drive: D:
	Script Path: \a
	Profile Path: \f
	User Workstations: EEE
	Password Last Set: 2020-01-28 13:19:42 PM
	Account Expires: <never>
	Primary Group ID: 900
	Allowed To Delegate To: -
	Old UAC Value: 2350EA3
	New UAC Value: B56FE01
	User Account Control: PASSWD_CANT_CHANGE - Enabled
	User Parameters: <value changed, but not displayed>
	SID History: Domain_b/bbb
	Logon Hours: Tuesday 8:00 PM -Wednesday 10:00 AM
Additional Information:
	Privileges SeBackupPrivilege

01/28/2020 01:19:42 PM
LogName=Security
SourceName=Microsoft Windows security auditing.
EventCode=4720
EventType=0
Type=Information
ComputerName=SE-001
TaskCategory=User Account Management
OpCode=Info
RecordNumber=804056572
Keywords=Audit Success
Message=A User account was created. 
Subject: 
	Security ID: Domain_B\user_k
	Account Name: user_k
	Account Domain: Domain_B
	Logon ID: 0xBAC3
New Account: 
	Security ID: Domain_B\user_f
	Account Name: user_f
	Account Domain: Domain_B
Attributes: 
	SAM Account Name: user_h
	Display Name: bbb
	User Principal Name: aaa@AAA.local
	Home Directory: \a\g
	Home Drive: <value not set>
	Script Path: \a\e
	Profile Path: <value not set>
	User Workstations: AAA
	Password Last Set: <never>
	Account Expires: <never>
	Primary Group ID: 665
	Allowed To Delegate To: -
	Old UAC Value: C35DFB4
	New UAC Value: 2E1575F
	User Account Control: TRUSTED_TO_AUTH_FOR_DELEGATION - Disabled
	User Parameters: <value changed, but not displayed>
	SID History: -
	Logon Hours: Tuesday 8:00 PM -Wednesday 10:00 AM
Additional Information:
	Privileges SeDelegateSessionUserImpersonatePrivilege

01/28/2020 01:19:41 PM
LogName=Security
SourceName=Microsoft Windows security auditing.
EventCode=4776
EventType=0
Type=Information
ComputerName=ops-sys-004
TaskCategory=Credential Validation
OpCode=Info
RecordNumber=726425787
Keywords=Failure Audit
Message=The computer attempted to validate the credentials for an account.
Authentication Package: MICROSOFT_AUTHENTICATION_PACKAGE_V1_0
Logon Account: user_e
Source Workstation: ops-sys-004
Error Code: 0xC000006D

01/28/2020 01:19:41 PM
LogName=Security
SourceName=Microsoft Windows security auditing.
EventCode=4726
EventType=0
Type=Information
ComputerName=BUSDEV-008
TaskCategory=User Account Management
OpCode=Info
RecordNumber=820032727
Keywords=Audit Success
Message=A user account was deleted.

Subject:
	Security ID:		Domain_A\user_g
	Account Name:		user_g
	Account Domain:		Domain_A
	Logon ID:		0xEB5F

Target Account:
	Security ID:		Domain_A\user_k
	Account Name:		user_k
	Account Domain:		Domain_A

Additional Information:
	Privileges	SeAssignPrimaryTokenPrivilege

01/28/2020 01:19:41 PM
LogName=Security
SourceName=Microsoft Windows security auditing.
EventCode=4720
EventType=0
Type=Information
ComputerName=SE-004
TaskCategory=User Account Management
OpCode=Info
RecordNumber=264200592
Keywords=Audit Success
Message=A User account was created. 
Subject: 
	Security ID: Domain_A\user_g
	Account Name: user_g
	Account Domain: Domain_A
	Logon ID: 0xEB5F
New Account: 
	Security ID: Domain_A\user_c
	Account Name: user_c
	Account Domain: Domain_A
Attributes: 
	SAM Account Name: user_b
	Display Name: eee
	User Principal Name: bbb@BBB.local
	Home Directory: \a\b\c
	Home Drive: F:
	Script Path: \a\b
	Profile Path: \f
	User Workstations: EEE
	Password Last Set: <never>
	Account Expires: <never>
	Primary Group ID: 506
	Allowed To Delegate To: server_2/computer_b
	Old UAC Value: 5A201C0
	New UAC Value: 593311C
	User Account Control: ENCRYPTED_TEXT_PWD_ALLOWED - Disabled
	User Parameters: <value changed, but not displayed>
	SID History: Domain_b/bbb
	Logon Hours: Monday 2:00 PM -Tuesday 6:00 PM
Additional Information:
	Privileges SeLoadDriverPrivilege

01/28/2020 01:19:41 PM
LogName=Security
SourceName=Microsoft Windows security auditing.
EventCode=4743
EventType=0
Type=Information
ComputerName=COREDEV-003
TaskCategory=Computer Account Management
OpCode=Info
RecordNumber=168479472
Keywords=Audit Success
Message=A computer account was deleted.

Subject:
	Security ID:		Domain_B\user_l
	Account Name:		user_l
	Account Domain:		Domain_B
	Logon ID:		0xAB37

Target Computer:
	Security ID:		Domain_B\user_d
	Account Name:		user_d
	Account Domain:		Domain_B

Additional Information:
	Privileges:	SeTakeOwnershipPrivilege

01/28/2020 01:19:41 PM
LogName=Security
SourceName=Microsoft Windows security auditing.
EventCode=4738
EventType=0
Type=Information
ComputerName=COREDEV-006
TaskCategory=User Account Management
OpCode=Info
RecordNumber=712241468
Keywords=Audit Success
Message=A User account was changed.

Subject:
 Security ID:  Domain_E\user_i
 Account Name:  user_i
 Account Domain:  Domain_E
 Logon ID:  0x5F25

Target Account:
 Security ID:  Domain_E\user_m
 Account Name:  user_m
 Account Domain:  Domain_E

Changed Attributes:
 SAM Account Name: user_f
 Display Name:  fff
 User Principal Name: ccc@AAA.local
 Home Directory:  \a\b\c
 Home Drive:  A:
 Script Path:  \a
 Profile Path:  \f
 User Workstations: DDD
 Password Last Set: 2020-01-28 13:19:41 PM
 Account Expires:  <never>
 Primary Group ID: 315
 AllowedToDelegateTo: server_1/coumputer_a
 Old UAC Value:  D24CBE8
 New UAC Value:  52C5621
 User Account Control: DONT_EXPIRE_PASSWORD - Disabled
 User Parameters: <value not set>
 SID History:  Domain_a/aaa
 Logon Hours:  All

Additional Information:
 Privileges:  -

01/28/2020 01:19:41 PM
LogName=Security
SourceName=Microsoft Windows security auditing.
EventCode=4688
EventType=0
Type=Information
ComputerName=$SPLUNK_HOME/etc/apps/Splunk_TA_windows/samples/hostname.sample
TaskCategory=Process Creation
OpCode=Info
RecordNumber=188588353
Keywords=Audit Success
Message=A new process has been created.
Subject:
	Security ID:		Domain_C\user_k
	Account Name:		user_k
	Account Domain:		Domain_C
	Logon ID:		0xBAC3
Process Information:
	New Process ID:		0x0240
	New Process Name:	C:\Windows\System32\example_g.exe
	Token Elevation Type:	TokenElevationTypeDefault (1)
	Creator Process ID:	0x107B
Token Elevation Type indicates the type of token that was assigned to the new process in accordance with User Account Control policy.
Type 1 is a full token with no privileges removed or groups disabled.  A full token is only used if User Account Control is disabled or if the User is the built-in Administrator account or a service account.
Type 2 is an elevated token with no privileges removed or groups disabled.  An elevated token is used when User Account Control is enabled and the User chooses to start the program using Run as administrator.  An elevated token is also used when an application is configured to always require administrative privilege or to always require maximum privilege, and the User is a member of the Administrators group.
Type 3 is a limited token with administrative privileges removed and administrative groups disabled.  The limited token is used when User Account Control is enabled, the application does not require administrative privilege, and the User does not choose to start the program using Run as administrator.

01/28/2020 01:19:40 PM
LogName=Security
SourceName=Microsoft Windows security auditing.
EventCode=4718
EventType=0
Type=Information
ComputerName=PROD-MFS-003
TaskCategory=Authentication Policy Change
OpCode=Info
RecordNumber=598983939
Keywords=Audit Success
Message=System security access was removed from an account.

Subject:
	Security ID:		Domain_D\SYSTEM
	Account Name:		PROD-MFS-003
	Account Domain:		Domain_D
	Logon ID:		0xA369

Account Modified:
	Account Name:		Domain_D\user_f

Access Removed:
	Access Right:		SeInteractiveLogonRight

01/28/2020 01:19:40 PM
LogName=Security
SourceName=Microsoft Windows security auditing.
EventCode=4673
EventType=0
Type=Information
ComputerName=PROD-POS-002
TaskCategory=Sensitive Privilege Use
OpCode=Info
RecordNumber=810617173
Keywords=Audit Success
Message=A privileged service was called.

Subject:
	Security ID:		Domain_D\user_h
	Account Name:		user_h
	Account Domain:		Domain_D
	Logon ID:		0xA19C

Service:
	Server:	NT Local Security Authority / Authentication Service
	Service Name:	LsaRegisterLogonProcess()

Process:
	Process ID:	0x0016
	Process Name:	C:\Windows\System32\example_c.exe

Service Request Information:
	Privileges:		SeDebugPrivilege

01/28/2020 01:19:40 PM 
LogName=Security 
SourceName=Microsoft Windows security auditing.
EventCode=4740 
EventType=0 
Type=Information
ComputerName=COREDEV-002 
TaskCategory=User Account Management
OpCode=Info 
RecordNumber=109810104
Keywords=Audit Success
Message=A user account was locked out. 
Subject: 
	Security ID: Domain_D\user_n 
	Account Name: user_n
	Account Domain: Domain_D
	Logon ID: 0x4D76
Account That Was Locked Out: 
	Security ID: Domain_D\user_g 
	Account Name: user_g
Additional Information: 
	Caller Computer Name: COREDEV-002

